2023-12-04 12:45:35,117 [INFO] Activator:176 - 


2023-12-04 12:45:35,125 [INFO] Activator:177 - !SESSION log4j initialized
2023-12-04 12:45:41,409 [INFO] LogOutputStream:77 - [STDOUT_REDIRECT] 
2023-12-04 12:45:50,894 [INFO] ApplicationProperties:184 - Using Application install path: C:\ST\STM32CubeIDE_1.14.0\STM32CubeIDE\plugins\com.st.stm32cube.common.mx_6.10.0.202311202037
2023-12-04 12:45:50,917 [INFO] DbMcusXml:78 - Set database path to: C:\ST\STM32CubeIDE_1.14.0\STM32CubeIDE\plugins\com.st.stm32cube.common.mx_6.10.0.202311202037\\db\/mcu/
2023-12-04 12:45:50,917 [INFO] ApiDb:274 - Set plugin database path to: C:\ST\STM32CubeIDE_1.14.0\STM32CubeIDE\plugins\com.st.stm32cube.common.mx_6.10.0.202311202037\\db\/plugins/boardmanager/
2023-12-04 12:45:50,917 [WARN] ApiDb:259 - Overriding images path with different value:  => C:\ST\STM32CubeIDE_1.14.0\STM32CubeIDE\plugins\com.st.stm32cube.common.mx_6.10.0.202311202037\\db\/plugins/mcufinder/images/
2023-12-04 12:45:50,929 [INFO] ApiDb:250 - Set database path to: C:\Users\alstl\.stmcufinder\plugins\mcufinder//mcu/
2023-12-04 12:45:50,931 [INFO] DbMcusAds:125 - Set database path to: C:\Users\alstl\.stmcufinder\plugins\mcufinder//mcu/
2023-12-04 12:45:50,933 [INFO] CrossReferenceDbSqlite:203 - Set database path to: C:\Users\alstl\.stmcufinder\plugins\mcufinder//mcu/cs/
2023-12-04 12:45:51,068 [INFO] RulesReader:64 - Compatibility file has been processed (297 Rules)
2023-12-04 12:45:51,173 [INFO] DbMcusXml:78 - Set database path to: C:\ST\STM32CubeIDE_1.14.0\STM32CubeIDE\plugins\com.st.stm32cube.common.mx_6.10.0.202311202037\\db\/mcu/
2023-12-04 12:45:51,173 [INFO] ApiDb:274 - Set plugin database path to: C:\ST\STM32CubeIDE_1.14.0\STM32CubeIDE\plugins\com.st.stm32cube.common.mx_6.10.0.202311202037\\db\/plugins/boardmanager/
2023-12-04 12:45:51,173 [INFO] ApiDb:261 - Set plugin images path to: C:\ST\STM32CubeIDE_1.14.0\STM32CubeIDE\plugins\com.st.stm32cube.common.mx_6.10.0.202311202037\\db\/plugins/mcufinder/images/
2023-12-04 12:45:51,174 [WARN] DbFile:41 - Overriding database path with different value: C:\Users\alstl\.stmcufinder\plugins\mcufinder/ => C:\Users\alstl\.stmcufinder\plugins\mcufinder
2023-12-04 12:45:51,174 [INFO] ApiDb:250 - Set database path to: C:\Users\alstl\.stmcufinder\plugins\mcufinder//mcu/
2023-12-04 12:45:51,174 [WARN] DbFile:41 - Overriding database path with different value: C:\Users\alstl\.stmcufinder\plugins\mcufinder/ => C:\Users\alstl\.stmcufinder\plugins\mcufinder
2023-12-04 12:45:51,174 [INFO] DbMcusAds:125 - Set database path to: C:\Users\alstl\.stmcufinder\plugins\mcufinder//mcu/
2023-12-04 12:45:51,174 [WARN] DbFile:41 - Overriding database path with different value: C:\Users\alstl\.stmcufinder\plugins\mcufinder/ => C:\Users\alstl\.stmcufinder\plugins\mcufinder
2023-12-04 12:45:51,174 [WARN] DbFile:41 - Overriding database path with different value: C:\Users\alstl\.stmcufinder\plugins\mcufinder/ => C:\Users\alstl\.stmcufinder\plugins\mcufinder
2023-12-04 12:45:51,174 [INFO] CrossReferenceDbSqlite:203 - Set database path to: C:\Users\alstl\.stmcufinder\plugins\mcufinder//mcu/cs/
2023-12-04 12:45:51,262 [INFO] MainPanel:264 - HeapMemory: 268435456
2023-12-04 12:45:51,371 [INFO] DbMcusXml:78 - Set database path to: C:\ST\STM32CubeIDE_1.14.0\STM32CubeIDE\plugins\com.st.stm32cube.common.mx_6.10.0.202311202037\\db\/mcu/
2023-12-04 12:45:51,372 [INFO] ApiDb:274 - Set plugin database path to: C:\ST\STM32CubeIDE_1.14.0\STM32CubeIDE\plugins\com.st.stm32cube.common.mx_6.10.0.202311202037\\db\/plugins/boardmanager/
2023-12-04 12:45:51,372 [INFO] ApiDb:261 - Set plugin images path to: C:\ST\STM32CubeIDE_1.14.0\STM32CubeIDE\plugins\com.st.stm32cube.common.mx_6.10.0.202311202037\\db\/plugins/mcufinder/images/
2023-12-04 12:45:51,372 [WARN] DbFile:41 - Overriding database path with different value: C:\Users\alstl\.stmcufinder\plugins\mcufinder/ => C:\Users\alstl\.stmcufinder\plugins\mcufinder
2023-12-04 12:45:51,373 [INFO] ApiDb:250 - Set database path to: C:\Users\alstl\.stmcufinder\plugins\mcufinder//mcu/
2023-12-04 12:45:51,373 [WARN] DbFile:41 - Overriding database path with different value: C:\Users\alstl\.stmcufinder\plugins\mcufinder/ => C:\Users\alstl\.stmcufinder\plugins\mcufinder
2023-12-04 12:45:51,373 [INFO] DbMcusAds:125 - Set database path to: C:\Users\alstl\.stmcufinder\plugins\mcufinder//mcu/
2023-12-04 12:45:51,373 [WARN] DbFile:41 - Overriding database path with different value: C:\Users\alstl\.stmcufinder\plugins\mcufinder/ => C:\Users\alstl\.stmcufinder\plugins\mcufinder
2023-12-04 12:45:51,373 [WARN] DbFile:41 - Overriding database path with different value: C:\Users\alstl\.stmcufinder\plugins\mcufinder/ => C:\Users\alstl\.stmcufinder\plugins\mcufinder
2023-12-04 12:45:51,373 [INFO] CrossReferenceDbSqlite:203 - Set database path to: C:\Users\alstl\.stmcufinder\plugins\mcufinder//mcu/cs/
2023-12-04 12:45:51,396 [INFO] ApplicationProperties:184 - Using Application install path: C:\ST\STM32CubeIDE_1.14.0\STM32CubeIDE\plugins\com.st.stm32cube.common.mx_6.10.0.202311202037
2023-12-04 12:45:51,398 [INFO] PluginManage:196 - Search for loadable plugins [exclusion list=, ]
2023-12-04 12:45:51,400 [INFO] PluginManage:310 - Check plugin analytics
2023-12-04 12:45:56,692 [INFO] AnalyticsPlugin:253 - Accepted Software Licenses: 
2023-12-04 12:45:56,692 [INFO] AnalyticsPlugin:255 - Accepted CMSIS Pack Licenses: 
2023-12-04 12:45:56,692 [INFO] AnalyticsPlugin:257 - Accepted Firmware Licenses: 
2023-12-04 12:45:56,698 [INFO] PluginManage:359 - Loaded plugin analytics (category:tool,tabindex:-1)
2023-12-04 12:45:56,698 [INFO] PluginManage:310 - Check plugin cadmodel
2023-12-04 12:45:56,723 [INFO] CADModel:105 - Init CAD model plugin
2023-12-04 12:45:56,723 [INFO] PluginManage:359 - Loaded plugin cadmodel (category:power,tabindex:5)
2023-12-04 12:45:56,723 [INFO] PluginManage:310 - Check plugin clock
2023-12-04 12:45:56,762 [INFO] PluginManage:359 - Loaded plugin clock (category:base,tabindex:2)
2023-12-04 12:45:56,762 [INFO] PluginManage:310 - Check plugin ddr
2023-12-04 12:45:56,774 [INFO] PluginManage:359 - Loaded plugin ddr (category:tool,tabindex:6)
2023-12-04 12:45:56,774 [INFO] PluginManage:310 - Check plugin filemanager
2023-12-04 12:45:57,183 [INFO] PluginManage:359 - Loaded plugin filemanager (category:base,tabindex:10)
2023-12-04 12:45:57,183 [INFO] PluginManage:310 - Check plugin ipmanager
2023-12-04 12:45:57,205 [INFO] PluginManage:359 - Loaded plugin ipmanager (category:base,tabindex:5)
2023-12-04 12:45:57,205 [INFO] PluginManage:310 - Check plugin lpbam
2023-12-04 12:45:57,248 [INFO] PluginManage:359 - Loaded plugin lpbam (category:base,tabindex:0)
2023-12-04 12:45:57,248 [INFO] PluginManage:310 - Check plugin memorymap
2023-12-04 12:45:57,293 [INFO] PluginManage:359 - Loaded plugin memorymap (category:base,tabindex:4)
2023-12-04 12:45:57,293 [INFO] PluginManage:310 - Check plugin pinoutandconfiguration
2023-12-04 12:45:57,326 [INFO] PluginManage:359 - Loaded plugin pinoutandconfiguration (category:base,tabindex:1)
2023-12-04 12:45:57,326 [INFO] PluginManage:310 - Check plugin pinoutconfig
2023-12-04 12:45:57,653 [WARN] SupportedApi:132 - Cannot load RTOS API schema: s4s-elt-must-match.1: The content of 'definitions' must match (annotation?, (simpleType | complexType)?, (unique | key | keyref)*)). A problem was found starting at: attribute.
2023-12-04 12:45:58,054 [INFO] PluginManage:359 - Loaded plugin pinoutconfig (category:base,tabindex:0)
2023-12-04 12:45:58,061 [INFO] PluginManage:310 - Check plugin power
2023-12-04 12:45:58,102 [INFO] PluginManage:359 - Loaded plugin power (category:power,tabindex:4)
2023-12-04 12:45:58,103 [INFO] PluginManage:310 - Check plugin projectmanager
2023-12-04 12:45:58,139 [INFO] PluginManage:359 - Loaded plugin projectmanager (category:projectmanager,tabindex:3)
2023-12-04 12:45:58,142 [INFO] PluginManage:310 - Check plugin thirdparty
2023-12-04 12:45:58,743 [INFO] PluginManage:359 - Loaded plugin thirdparty (category:base,tabindex:-1)
2023-12-04 12:45:58,743 [WARN] IntegrityCheckThread:84 - waiting for thirdparty lock release [integrity check]
2023-12-04 12:45:58,743 [INFO] PluginManage:310 - Check plugin tools
2023-12-04 12:45:58,743 [INFO] IntegrityCheckThread:86 - entering critical section [integrity check]
2023-12-04 12:45:58,743 [INFO] ThirdPartyUpdaterWithRetryManager:70 - Updater plugin not ready yet. [1/15]
2023-12-04 12:45:58,836 [INFO] PluginManage:359 - Loaded plugin tools (category:base,tabindex:7)
2023-12-04 12:45:58,836 [INFO] PluginManage:310 - Check plugin tutovideos
2023-12-04 12:45:59,473 [INFO] PluginManage:359 - Loaded plugin tutovideos (category:base,tabindex:-1)
2023-12-04 12:45:59,473 [INFO] PluginManage:310 - Check plugin updater
2023-12-04 12:45:59,512 [INFO] PluginManage:359 - Loaded plugin updater (category:base,tabindex:12)
2023-12-04 12:45:59,512 [INFO] PluginManage:310 - Check plugin userauth
2023-12-04 12:45:59,529 [INFO] UserAuth:114 - Init User Auth plugin
2023-12-04 12:45:59,529 [INFO] PluginManage:359 - Loaded plugin userauth (category:base,tabindex:14)
2023-12-04 12:45:59,529 [INFO] PluginManage:283 - PluginManage : Loaded plugins [17]
2023-12-04 12:46:00,181 [INFO] PinOutPanel:1499 - setPackage(No Configuration,No Configuration)
2023-12-04 12:46:00,453 [INFO] CADModel:165 - CPN selected for project level
2023-12-04 12:46:00,453 [INFO] CADModel:114 - Register for checkConnection events
2023-12-04 12:46:00,538 [INFO] IPUIPlugin:80 - create IPUIPlugin
2023-12-04 12:46:00,538 [INFO] PluginManager:220 - loadIPPluginJar : add adc
2023-12-04 12:46:00,652 [INFO] IPUIPlugin:80 - create IPUIPlugin
2023-12-04 12:46:00,653 [INFO] PluginManager:220 - loadIPPluginJar : add aes
2023-12-04 12:46:00,777 [INFO] IPUIPlugin:80 - create IPUIPlugin
2023-12-04 12:46:00,777 [INFO] PluginManager:220 - loadIPPluginJar : add can
2023-12-04 12:46:00,850 [INFO] IPUIPlugin:80 - create IPUIPlugin
2023-12-04 12:46:00,850 [INFO] PluginManager:220 - loadIPPluginJar : add comp
2023-12-04 12:46:00,943 [INFO] IPUIPlugin:80 - create IPUIPlugin
2023-12-04 12:46:00,943 [INFO] PluginManager:220 - loadIPPluginJar : add cryp
2023-12-04 12:46:01,023 [INFO] IPUIPlugin:80 - create IPUIPlugin
2023-12-04 12:46:01,023 [INFO] PluginManager:220 - loadIPPluginJar : add dfsdm
2023-12-04 12:46:01,064 [INFO] IPUIPlugin:80 - create IPUIPlugin
2023-12-04 12:46:01,064 [INFO] PluginManager:220 - loadIPPluginJar : add dma
2023-12-04 12:46:01,144 [INFO] IPUIPlugin:80 - create IPUIPlugin
2023-12-04 12:46:01,144 [INFO] PluginManager:220 - loadIPPluginJar : add dma3
2023-12-04 12:46:01,206 [INFO] IPUIPlugin:80 - create IPUIPlugin
2023-12-04 12:46:01,206 [INFO] PluginManager:220 - loadIPPluginJar : add fatfs
2023-12-04 12:46:01,343 [INFO] IPUIPlugin:80 - create IPUIPlugin
2023-12-04 12:46:01,343 [INFO] PluginManager:220 - loadIPPluginJar : add fmc
2023-12-04 12:46:01,373 [INFO] IPUIPlugin:80 - create IPUIPlugin
2023-12-04 12:46:01,373 [INFO] PluginManager:220 - loadIPPluginJar : add freertos
2023-12-04 12:46:01,422 [INFO] IPUIPlugin:80 - create IPUIPlugin
2023-12-04 12:46:01,424 [INFO] PluginManager:220 - loadIPPluginJar : add genericplugin
2023-12-04 12:46:01,665 [INFO] IPUIPlugin:80 - create IPUIPlugin
2023-12-04 12:46:01,665 [INFO] PluginManager:220 - loadIPPluginJar : add gfxmmu
2023-12-04 12:46:01,752 [INFO] ThirdPartyUpdaterWithRetryManager:70 - Updater plugin not ready yet. [2/15]
2023-12-04 12:46:02,045 [INFO] IPUIPlugin:80 - create IPUIPlugin
2023-12-04 12:46:02,045 [INFO] PluginManager:220 - loadIPPluginJar : add gic
2023-12-04 12:46:02,074 [INFO] IPUIPlugin:80 - create IPUIPlugin
2023-12-04 12:46:02,074 [INFO] PluginManager:220 - loadIPPluginJar : add gpio
2023-12-04 12:46:02,335 [INFO] IPUIPlugin:80 - create IPUIPlugin
2023-12-04 12:46:02,335 [INFO] PluginManager:220 - loadIPPluginJar : add gtzc
2023-12-04 12:46:02,425 [INFO] IPUIPlugin:80 - create IPUIPlugin
2023-12-04 12:46:02,425 [INFO] PluginManager:220 - loadIPPluginJar : add hash
2023-12-04 12:46:02,574 [INFO] IPUIPlugin:80 - create IPUIPlugin
2023-12-04 12:46:02,574 [INFO] PluginManager:220 - loadIPPluginJar : add i2c
2023-12-04 12:46:02,693 [INFO] IPUIPlugin:80 - create IPUIPlugin
2023-12-04 12:46:02,693 [INFO] PluginManager:220 - loadIPPluginJar : add i2s
2023-12-04 12:46:02,787 [INFO] IPUIPlugin:80 - create IPUIPlugin
2023-12-04 12:46:02,787 [INFO] PluginManager:220 - loadIPPluginJar : add i3c
2023-12-04 12:46:03,093 [INFO] IPUIPlugin:80 - create IPUIPlugin
2023-12-04 12:46:03,098 [INFO] PluginManager:220 - loadIPPluginJar : add ipddr
2023-12-04 12:46:03,337 [INFO] IPUIPlugin:80 - create IPUIPlugin
2023-12-04 12:46:03,337 [INFO] PluginManager:220 - loadIPPluginJar : add linkedlist
2023-12-04 12:46:03,393 [INFO] IPUIPlugin:80 - create IPUIPlugin
2023-12-04 12:46:03,393 [INFO] PluginManager:220 - loadIPPluginJar : add lorawan
2023-12-04 12:46:03,494 [INFO] IPUIPlugin:80 - create IPUIPlugin
2023-12-04 12:46:03,494 [INFO] PluginManager:220 - loadIPPluginJar : add ltdc
2023-12-04 12:46:03,524 [INFO] IPUIPlugin:80 - create IPUIPlugin
2023-12-04 12:46:03,524 [INFO] PluginManager:220 - loadIPPluginJar : add mdma
2023-12-04 12:46:03,549 [INFO] IPUIPlugin:80 - create IPUIPlugin
2023-12-04 12:46:03,549 [INFO] PluginManager:220 - loadIPPluginJar : add nvic
2023-12-04 12:46:03,633 [INFO] IPUIPlugin:80 - create IPUIPlugin
2023-12-04 12:46:03,633 [INFO] PluginManager:220 - loadIPPluginJar : add opamp
2023-12-04 12:46:03,805 [INFO] IPUIPlugin:80 - create IPUIPlugin
2023-12-04 12:46:03,805 [INFO] PluginManager:220 - loadIPPluginJar : add openamp
2023-12-04 12:46:03,942 [INFO] IPUIPlugin:80 - create IPUIPlugin
2023-12-04 12:46:03,943 [INFO] PluginManager:220 - loadIPPluginJar : add pdm2pcm
2023-12-04 12:46:03,964 [INFO] IPUIPlugin:80 - create IPUIPlugin
2023-12-04 12:46:03,968 [INFO] PluginManager:220 - loadIPPluginJar : add plateformsettings
2023-12-04 12:46:04,006 [INFO] IPUIPlugin:80 - create IPUIPlugin
2023-12-04 12:46:04,006 [INFO] PluginManager:220 - loadIPPluginJar : add quadspi
2023-12-04 12:46:04,034 [INFO] IPUIPlugin:80 - create IPUIPlugin
2023-12-04 12:46:04,034 [INFO] PluginManager:220 - loadIPPluginJar : add resmgrutility
2023-12-04 12:46:04,157 [INFO] IPUIPlugin:80 - create IPUIPlugin
2023-12-04 12:46:04,157 [INFO] PluginManager:220 - loadIPPluginJar : add sai
2023-12-04 12:46:04,263 [INFO] IPUIPlugin:80 - create IPUIPlugin
2023-12-04 12:46:04,263 [INFO] PluginManager:220 - loadIPPluginJar : add spi
2023-12-04 12:46:04,454 [INFO] IPUIPlugin:80 - create IPUIPlugin
2023-12-04 12:46:04,454 [INFO] PluginManager:220 - loadIPPluginJar : add stm32_wpan
2023-12-04 12:46:04,517 [INFO] IPUIPlugin:80 - create IPUIPlugin
2023-12-04 12:46:04,517 [INFO] PluginManager:220 - loadIPPluginJar : add tim
2023-12-04 12:46:04,666 [INFO] IPUIPlugin:80 - create IPUIPlugin
2023-12-04 12:46:04,666 [INFO] PluginManager:220 - loadIPPluginJar : add touchsensing
2023-12-04 12:46:04,734 [INFO] IPUIPlugin:80 - create IPUIPlugin
2023-12-04 12:46:04,734 [INFO] PluginManager:220 - loadIPPluginJar : add tracer_emb
2023-12-04 12:46:04,756 [INFO] ThirdPartyUpdaterWithRetryManager:70 - Updater plugin not ready yet. [3/15]
2023-12-04 12:46:04,794 [INFO] IPUIPlugin:80 - create IPUIPlugin
2023-12-04 12:46:04,794 [INFO] PluginManager:220 - loadIPPluginJar : add ts
2023-12-04 12:46:04,834 [INFO] IPUIPlugin:80 - create IPUIPlugin
2023-12-04 12:46:04,834 [INFO] PluginManager:220 - loadIPPluginJar : add tsc
2023-12-04 12:46:04,874 [INFO] IPUIPlugin:80 - create IPUIPlugin
2023-12-04 12:46:04,874 [INFO] PluginManager:220 - loadIPPluginJar : add ucpd
2023-12-04 12:46:04,994 [INFO] IPUIPlugin:80 - create IPUIPlugin
2023-12-04 12:46:04,994 [INFO] PluginManager:220 - loadIPPluginJar : add usart
2023-12-04 12:46:05,114 [INFO] IPUIPlugin:80 - create IPUIPlugin
2023-12-04 12:46:05,114 [INFO] PluginManager:220 - loadIPPluginJar : add usbx
2023-12-04 12:46:05,379 [INFO] CADModel:165 - CPN selected for project level
2023-12-04 12:46:05,379 [INFO] CADModel:114 - Register for checkConnection events
2023-12-04 12:46:05,379 [FATAL] Updater:308 - Updater called before beeing initialized
2023-12-04 12:46:05,379 [ERROR] CADModel:125 - Updater not yet initialized, retry later 
2023-12-04 12:46:05,766 [INFO] CADModel:165 - CPN selected for project level
2023-12-04 12:46:05,766 [INFO] CADModel:114 - Register for checkConnection events
2023-12-04 12:46:05,766 [FATAL] Updater:308 - Updater called before beeing initialized
2023-12-04 12:46:05,766 [ERROR] CADModel:125 - Updater not yet initialized, retry later 
2023-12-04 12:46:05,774 [FATAL] Updater:308 - Updater called before beeing initialized
2023-12-04 12:46:06,107 [FATAL] Updater:308 - Updater called before beeing initialized
2023-12-04 12:46:06,132 [INFO] DbMcusAds:53 - JSON generation date=Tue Mar 07 17:50:55 KST 2023 (1678179055114)
2023-12-04 12:46:06,132 [FATAL] Updater:308 - Updater called before beeing initialized
2023-12-04 12:46:06,344 [WARN] DetailPanel:346 - Failed to get advertising image, set to default
2023-12-04 12:46:06,660 [FATAL] Updater:308 - Updater called before beeing initialized
2023-12-04 12:46:06,663 [FATAL] Updater:308 - Updater called before beeing initialized
2023-12-04 12:46:06,663 [FATAL] Updater:308 - Updater called before beeing initialized
2023-12-04 12:46:06,663 [WARN] DetailPanel:346 - Failed to get advertising image, set to default
2023-12-04 12:46:06,663 [FATAL] Updater:308 - Updater called before beeing initialized
2023-12-04 12:46:06,818 [ERROR] Updater:1120 - MainUpdater not yet initialized. External WinMGr cannot be set.
2023-12-04 12:46:06,834 [INFO] Updater:1056 - Updater Version found : 6.10.0
2023-12-04 12:46:06,875 [INFO] ApplicationProperties:184 - Using Application install path: C:\ST\STM32CubeIDE_1.14.0\STM32CubeIDE\plugins\com.st.stm32cube.common.mx_6.10.0.202311202037
2023-12-04 12:46:07,773 [INFO] ThirdPartyUpdaterWithRetryManager:70 - Updater plugin not ready yet. [4/15]
2023-12-04 12:46:08,533 [ERROR] LogOutputStream:75 - [STDERR_REDIRECT] Dec 04, 2023 12:46:08 PM java.util.prefs.WindowsPreferences <init>
2023-12-04 12:46:08,536 [ERROR] LogOutputStream:75 - [STDERR_REDIRECT] WARNING: Could not open/create prefs root node Software\JavaSoft\Prefs at root 0xffffffff80000002. Windows RegCreateKeyEx(...) returned error code 5.
2023-12-04 12:46:08,541 [ERROR] LogOutputStream:75 - [STDERR_REDIRECT] 
2023-12-04 12:46:09,634 [INFO] MainUpdater:2873 - connection check result : 10
2023-12-04 12:46:09,634 [INFO] MainUpdater:3567 - Updater definition file requires update
2023-12-04 12:46:09,639 [INFO] MainUpdater:290 - Updater Check For Update Now.
2023-12-04 12:46:09,640 [INFO] MicroXplorer:498 - Change Database Version : DB.6.0.100
2023-12-04 12:46:09,679 [INFO] McuFinderGlobals:63 - Set McuFinder mode to 2 (CubeIDE integrated)
2023-12-04 12:46:10,033 [INFO] ServerAccessManage:473 - Download File updaters.zip
2023-12-04 12:46:10,053 [INFO] UserAuth:404 - Internet connection configuration mode: 1
2023-12-04 12:46:10,104 [INFO] JxBrowserEngine:152 - Initiate JxBrowser Engine with user profile folder
2023-12-04 12:46:10,413 [INFO] FileExtend:240 - Unzip File : updaters.zip
2023-12-04 12:46:10,413 [INFO] FileExtend:255 - Standard Zip Deflate
2023-12-04 12:46:10,777 [WARN] MainUpdater:1194 - Updater busy. Cannot search thirdparties
2023-12-04 12:46:10,778 [INFO] ThirdPartyUpdaterWithRetryManager:96 - Updater plugin is busy. [1/15]
2023-12-04 12:46:11,925 [INFO] ServerAccessManage:473 - Download File PacksControlFlags.xml
2023-12-04 12:46:12,339 [INFO] ServerAccessManage:473 - Download File cubemx.pidx
2023-12-04 12:46:13,489 [INFO] ServerAccessManage:473 - Download File STMicroelectronics.FP-SNS-MOTENVWB1.pdsc
2023-12-04 12:46:13,781 [WARN] MainUpdater:1194 - Updater busy. Cannot search thirdparties
2023-12-04 12:46:13,781 [INFO] ThirdPartyUpdaterWithRetryManager:96 - Updater plugin is busy. [2/15]
2023-12-04 12:46:16,790 [WARN] MainUpdater:1194 - Updater busy. Cannot search thirdparties
2023-12-04 12:46:16,790 [INFO] ThirdPartyUpdaterWithRetryManager:96 - Updater plugin is busy. [3/15]
2023-12-04 12:46:16,973 [INFO] WebApp:161 - Instantiating new browser for Auth
2023-12-04 12:46:17,043 [ERROR] ServerAccessManage:1096 - Problem, Http access forbiden
2023-12-04 12:46:17,049 [ERROR] ServerAccessManage:651 - Problem, Http access forbiden : RoweBots.I-CUBE-UNISONRTOS.pdsc.
2023-12-04 12:46:18,090 [ERROR] ServerAccessManage:1172 - Problem during Server Connection :  IO error PKIX path building failed: sun.security.provider.certpath.SunCertPathBuilderException: unable to find valid certification path to requested target
2023-12-04 12:46:18,090 [ERROR] ServerAccessManage:651 - Problem during Server Connection :  : SEGGER.I-CUBE-embOS.pdsc.
2023-12-04 12:46:18,283 [INFO] WebApp:780 - Register for checkConnection events
2023-12-04 12:46:18,288 [INFO] WebApp:414 - Apply proxy settings
2023-12-04 12:46:18,288 [INFO] WebApp:499 - Chromium requires no authentication
2023-12-04 12:46:18,313 [INFO] WebApp:442 - Direct internet connection detected
2023-12-04 12:46:18,506 [WARN] PackLoader:240 - Cannot read IP mode file for STMicroelectronics.FP-SNS-MOTENVWB1.1.3.1
2023-12-04 12:46:18,514 [INFO] PopulateThirdPartyThread:66 - Ending populate Thread
2023-12-04 12:46:18,514 [INFO] ThirdParty:1030 - CMSIS Pack Vendor :STMicroelectronics FP-SNS-MOTENVWB1 1.3.1
2023-12-04 12:46:18,514 [INFO] LoadServerUpdatesThread:375 - End of LoadServerUpdate Thread
2023-12-04 12:46:18,724 [INFO] CheckServerUpdateThread:120 - End of CheckServer Thread
2023-12-04 12:46:18,992 [INFO] WebApp:192 - Starting web application
2023-12-04 12:46:18,992 [INFO] WebApp:544 - Web application path used C:\ST\STM32CubeIDE_1.14.0\STM32CubeIDE\plugins\com.st.stm32cube.common.mx_6.10.0.202311202037\db\plugins\mcufinder\reactClient1\index.html
2023-12-04 12:46:20,363 [WARN] PackLoader:240 - Cannot read IP mode file for STMicroelectronics.X-CUBE-SMBUS.2.1.0
2023-12-04 12:46:20,455 [WARN] PackLoader:240 - Cannot read IP mode file for STMicroelectronics.X-CUBE-AZRTOS-F7.1.1.0
2023-12-04 12:46:20,508 [WARN] PackLoader:240 - Cannot read IP mode file for STMicroelectronics.FP-SNS-MOTENV1.4.3.2
2023-12-04 12:46:20,543 [WARN] PackLoader:240 - Cannot read IP mode file for STMicroelectronics.FP-SNS-FLIGHT1.5.0.2
2023-12-04 12:46:20,578 [WARN] PackLoader:240 - Cannot read IP mode file for STMicroelectronics.X-CUBE-DISPLAY.3.0.0
2023-12-04 12:46:20,652 [WARN] PackLoader:240 - Cannot read IP mode file for STMicroelectronics.X-CUBE-BLE1.7.0.0
2023-12-04 12:46:20,682 [WARN] PackLoader:240 - Cannot read IP mode file for emotas.I-CUBE-CANOPEN.1.3.0
2023-12-04 12:46:20,707 [WARN] PackLoader:240 - Cannot read IP mode file for STMicroelectronics.X-CUBE-TOUCHGFX.4.22.1
2023-12-04 12:46:20,727 [WARN] PackLoader:240 - Cannot read IP mode file for STMicroelectronics.FP-SNS-SMARTAG2.1.2.0
2023-12-04 12:46:20,785 [INFO] LogOutputStream:77 - [STDOUT_REDIRECT] 1 : Invalid condition id : UX_CORESTACK_Condition cause : null
2023-12-04 12:46:20,785 [INFO] LogOutputStream:77 - [STDOUT_REDIRECT] 1 : Invalid condition id : UX_CORESTACK_Condition cause : null
2023-12-04 12:46:20,789 [INFO] LogOutputStream:77 - [STDOUT_REDIRECT] 1 : Invalid condition id : UX_CORESTACK_Condition cause : null
2023-12-04 12:46:20,790 [INFO] LogOutputStream:77 - [STDOUT_REDIRECT] 1 : Invalid condition id : UX_CORESTACK_Condition cause : null
2023-12-04 12:46:20,794 [INFO] LogOutputStream:77 - [STDOUT_REDIRECT] 1 : Invalid condition id : UX_CORESTACK_Condition cause : null
2023-12-04 12:46:20,802 [WARN] PackLoader:240 - Cannot read IP mode file for STMicroelectronics.X-CUBE-AZRTOS-WL.2.0.0
2023-12-04 12:46:20,834 [WARN] PackLoader:240 - Cannot read IP mode file for WES.I-CUBE-Cesium.1.3.0
2023-12-04 12:46:20,867 [WARN] PackLoader:240 - Cannot read IP mode file for STMicroelectronics.X-CUBE-BLE2.3.3.0
2023-12-04 12:46:20,893 [WARN] PackLoader:240 - Cannot read IP mode file for STMicroelectronics.X-CUBE-ALGOBUILD.1.3.0
2023-12-04 12:46:20,952 [WARN] PackLoader:240 - Cannot read IP mode file for STMicroelectronics.X-CUBE-AZRTOS-G0.1.1.0
2023-12-04 12:46:20,996 [WARN] PackLoader:240 - Cannot read IP mode file for STMicroelectronics.X-CUBE-NFC4.3.0.0
2023-12-04 12:46:21,037 [WARN] PackLoader:240 - Cannot read IP mode file for STMicroelectronics.X-CUBE-BLEMGR.3.0.0
2023-12-04 12:46:21,054 [WARN] PackLoader:240 - Cannot read IP mode file for STMicroelectronics.FP-ATR-SIGFOX1.3.2.0
2023-12-04 12:46:21,075 [WARN] PackLoader:240 - Cannot read IP mode file for STMicroelectronics.X-CUBE-GNSS1.6.0.0
2023-12-04 12:46:21,133 [WARN] PackLoader:240 - Cannot read IP mode file for STMicroelectronics.X-CUBE-AZRTOS-F4.1.1.0
2023-12-04 12:46:21,164 [WARN] PackLoader:240 - Cannot read IP mode file for wolfSSL.I-CUBE-wolfSSL.5.6.4
2023-12-04 12:46:21,225 [WARN] PackLoader:240 - Cannot read IP mode file for STMicroelectronics.X-CUBE-AZRTOS-L5.2.0.0
2023-12-04 12:46:21,272 [WARN] PackLoader:240 - Cannot read IP mode file for STMicroelectronics.X-CUBE-EEPRMA1.4.2.0
2023-12-04 12:46:21,296 [WARN] PackLoader:240 - Cannot read IP mode file for ITTIA_DB.I-CUBE-ITTIADB.8.8.0
2023-12-04 12:46:21,357 [WARN] ConditionMgr:438 - getConditionDescription Invalid condition id : UX DEVICE CLASS RTOS Condition cause : null
2023-12-04 12:46:21,357 [WARN] ConditionMgr:438 - getConditionDescription Invalid condition id : UX DEVICE CLASS RTOS Condition cause : null
2023-12-04 12:46:21,363 [WARN] PackLoader:240 - Cannot read IP mode file for STMicroelectronics.X-CUBE-AZRTOS-H7.3.1.0
2023-12-04 12:46:21,369 [WARN] ConditionMgr:1039 - genDependencies : Invalid condition id : UX DEVICE CLASS RTOS Condition cause : null
2023-12-04 12:46:21,372 [WARN] ConditionMgr:1039 - genDependencies : Invalid condition id : UX DEVICE CLASS RTOS Condition cause : null
2023-12-04 12:46:21,374 [WARN] ConditionMgr:1039 - genDependencies : Invalid condition id : UX DEVICE CLASS RTOS Condition cause : null
2023-12-04 12:46:21,375 [WARN] ConditionMgr:1039 - genDependencies : Invalid condition id : UX DEVICE CLASS RTOS Condition cause : null
2023-12-04 12:46:21,375 [WARN] ConditionMgr:1039 - genDependencies : Invalid condition id : UX DEVICE CLASS RTOS Condition cause : null
2023-12-04 12:46:21,414 [WARN] PackLoader:240 - Cannot read IP mode file for STMicroelectronics.X-CUBE-NFC7.1.0.1
2023-12-04 12:46:21,458 [WARN] PackLoader:240 - Cannot read IP mode file for STMicroelectronics.X-CUBE-NFC6.3.0.0
2023-12-04 12:46:21,484 [WARN] PackLoader:240 - Cannot read IP mode file for STMicroelectronics.X-CUBE-AI.8.1.0
2023-12-04 12:46:21,564 [WARN] ConditionMgr:438 - getConditionDescription Invalid condition id : LAN8742 Phy interface Condition cause : null
2023-12-04 12:46:21,566 [WARN] PackLoader:240 - Cannot read IP mode file for STMicroelectronics.X-CUBE-AZRTOS-L4.2.0.0
2023-12-04 12:46:21,566 [WARN] ConditionMgr:1039 - genDependencies : Invalid condition id : LAN8742 Phy interface Condition cause : null
2023-12-04 12:46:21,572 [WARN] ConditionMgr:1039 - genDependencies : Invalid condition id : LAN8742 Phy interface Condition cause : null
2023-12-04 12:46:21,574 [WARN] ConditionMgr:1039 - genDependencies : Invalid condition id : LAN8742 Phy interface Condition cause : null
2023-12-04 12:46:21,623 [WARN] PackLoader:240 - Cannot read IP mode file for STMicroelectronics.X-CUBE-SFXS2LP1.4.0.0
2023-12-04 12:46:21,664 [WARN] PackLoader:240 - Cannot read IP mode file for STMicroelectronics.X-CUBE-ISPU.1.1.0
2023-12-04 12:46:21,742 [WARN] ConditionMgr:438 - getConditionDescription Invalid condition id : UX DEVICE CLASS RTOS Condition cause : null
2023-12-04 12:46:21,742 [WARN] ConditionMgr:438 - getConditionDescription Invalid condition id : UX DEVICE CLASS RTOS Condition cause : null
2023-12-04 12:46:21,753 [WARN] PackLoader:240 - Cannot read IP mode file for STMicroelectronics.X-CUBE-AZRTOS-WB.2.0.0
2023-12-04 12:46:21,755 [WARN] ConditionMgr:1039 - genDependencies : Invalid condition id : UX DEVICE CLASS RTOS Condition cause : null
2023-12-04 12:46:21,755 [WARN] ConditionMgr:1039 - genDependencies : Invalid condition id : UX DEVICE CLASS RTOS Condition cause : null
2023-12-04 12:46:21,757 [WARN] ConditionMgr:1039 - genDependencies : Invalid condition id : UX DEVICE CLASS RTOS Condition cause : null
2023-12-04 12:46:21,757 [WARN] ConditionMgr:1039 - genDependencies : Invalid condition id : UX DEVICE CLASS RTOS Condition cause : null
2023-12-04 12:46:21,757 [WARN] ConditionMgr:1039 - genDependencies : Invalid condition id : UX DEVICE CLASS RTOS Condition cause : null
2023-12-04 12:46:21,804 [WARN] PackLoader:240 - Cannot read IP mode file for STMicroelectronics.X-CUBE-SUBG2.5.0.0
2023-12-04 12:46:21,894 [WARN] PackLoader:240 - Cannot read IP mode file for STMicroelectronics.X-CUBE-AZRTOS-G4.2.0.0
2023-12-04 12:46:21,944 [WARN] PackLoader:240 - Cannot read IP mode file for Infineon.AIROC-Wi-Fi-Bluetooth-STM32.1.5.1
2023-12-04 12:46:21,973 [WARN] PackLoader:240 - Cannot read IP mode file for STMicroelectronics.FP-SNS-MOTENVWB1.1.3.0
2023-12-04 12:46:21,982 [WARN] PackLoader:240 - Cannot read IP mode file for STMicroelectronics.FP-SNS-MOTENVWB1.1.3.1
2023-12-04 12:46:22,133 [WARN] PackLoader:240 - Cannot read IP mode file for STMicroelectronics.X-CUBE-MEMS1.10.0.0
2023-12-04 12:46:22,565 [WARN] PackLoader:240 - Cannot read IP mode file for STMicroelectronics.X-CUBE-FREERTOS.1.1.0
2023-12-04 12:46:22,593 [WARN] PackLoader:240 - Cannot read IP mode file for portGmbH.I-Cube-SoM-uGOAL.1.1.0
2023-12-04 12:46:22,614 [WARN] PackLoader:240 - Cannot read IP mode file for STMicroelectronics.X-CUBE-ALS.1.0.1
2023-12-04 12:46:22,630 [WARN] PackLoader:240 - Cannot read IP mode file for STMicroelectronics.FP-ATR-ASTRA1.2.0.0
2023-12-04 12:46:22,674 [WARN] PackLoader:240 - Cannot read IP mode file for STMicroelectronics.X-CUBE-TOF1.3.4.0
2023-12-04 12:46:22,707 [INFO] ThirdParty:978 - Integrity check success = true
2023-12-04 12:46:22,712 [INFO] IntegrityCheckThread:100 - exiting critical section [integrity check]
2023-12-04 12:46:22,712 [INFO] IntegrityCheckThread:103 - End integrity checks thread
2023-12-04 12:46:41,417 [ERROR] LogOutputStream:75 - [STDERR_REDIRECT] SLF4J: Failed to load class "org.slf4j.impl.StaticLoggerBinder".
2023-12-04 12:46:41,417 [ERROR] LogOutputStream:75 - [STDERR_REDIRECT] SLF4J: Defaulting to no-operation (NOP) logger implementation
2023-12-04 12:46:41,422 [ERROR] LogOutputStream:75 - [STDERR_REDIRECT] SLF4J: See http://www.slf4j.org/codes.html#StaticLoggerBinder for further details.
2023-12-04 17:27:10,857 [ERROR] LogOutputStream:75 - [STDERR_REDIRECT] 
2023-12-04 17:27:10,859 [ERROR] LogOutputStream:75 - [STDERR_REDIRECT] 
