2024-04-16 00:21:59,431 [INFO] Gpio:277 - dependency for GPIO [SYS, USART1]
2024-04-16 01:08:02,423 [INFO] UtilMem:75 - End SaveConfig() Used Memory: 798323136 Bytes (1073741824)
2024-04-16 01:08:03,429 [INFO] UtilMem:75 - End SaveConfig() Used Memory: 830795120 Bytes (1073741824)
2024-04-16 01:08:06,948 [INFO] UtilMem:75 - End SaveConfig() Used Memory: 941956240 Bytes (1073741824)
2024-04-16 01:08:07,310 [INFO] BlockDiagram:2759 - set Specific Code input for plugin: NVIC
2024-04-16 01:08:07,310 [INFO] BlockDiagram:2759 - set Specific Code input for plugin: USART
2024-04-16 01:08:07,310 [INFO] BlockDiagram:2759 - set Specific Code input for plugin: SYS
2024-04-16 01:08:07,310 [INFO] BlockDiagram:2759 - set Specific Code input for plugin: GPIO
2024-04-16 01:08:07,310 [INFO] BlockDiagram:2759 - set Specific Code input for plugin: RCC
2024-04-16 01:08:07,311 [INFO] CodeGenerator:807 - code generatio: config db path: C:\ST\STM32CubeIDE_1.14.0\STM32CubeIDE\plugins\com.st.stm32cube.common.mx_6.10.0.202311202037\\db\
2024-04-16 01:08:07,477 [INFO] CodeEngine:255 - oldGeneratedFile, D:\STM32CubeIDE_Study\first\MXTmpFiles\license.tmp_save
2024-04-16 01:08:07,617 [INFO] CodeEngine:279 - Generated code: D:\STM32CubeIDE_Study\first\MXTmpFiles\license.tmp
2024-04-16 01:08:07,660 [INFO] CodeEngine:255 - oldGeneratedFile, D:\STM32CubeIDE_Study\first\MXTmpFiles\gpio.tmp_save
2024-04-16 01:08:07,820 [INFO] CodeEngine:279 - Generated code: D:\STM32CubeIDE_Study\first\MXTmpFiles\gpio.tmp
2024-04-16 01:08:07,935 [INFO] CodeEngine:255 - oldGeneratedFile, D:\STM32CubeIDE_Study\first\Core\Src\stm32f1xx_it.c_save
2024-04-16 01:08:08,185 [INFO] CodeEngine:279 - Generated code: D:\STM32CubeIDE_Study\first\Core\Src\stm32f1xx_it.c
2024-04-16 01:08:08,202 [INFO] CodeEngine:255 - oldGeneratedFile, D:\STM32CubeIDE_Study\first\Core\Inc\stm32f1xx_it.h_save
2024-04-16 01:08:08,295 [INFO] CodeEngine:279 - Generated code: D:\STM32CubeIDE_Study\first\Core\Inc\stm32f1xx_it.h
2024-04-16 01:08:08,323 [INFO] CodeEngine:255 - oldGeneratedFile, D:\STM32CubeIDE_Study\first\Core\Src\stm32f1xx_hal_msp.c_save
2024-04-16 01:08:08,451 [INFO] CodeEngine:279 - Generated code: D:\STM32CubeIDE_Study\first\Core\Src\stm32f1xx_hal_msp.c
2024-04-16 01:08:08,461 [INFO] CodeEngine:255 - oldGeneratedFile, D:\STM32CubeIDE_Study\first\MXTmpFiles\system.tmp_save
2024-04-16 01:08:08,528 [INFO] CodeEngine:279 - Generated code: D:\STM32CubeIDE_Study\first\MXTmpFiles\system.tmp
2024-04-16 01:08:08,553 [INFO] CodeEngine:311 - oldGeneratedFile, D:\STM32CubeIDE_Study\first\Core\Inc\stm32f1xx_hal_conf.h_save
2024-04-16 01:08:08,650 [INFO] CodeEngine:335 - Generated code: D:\STM32CubeIDE_Study\first\Core\Inc\stm32f1xx_hal_conf.h
2024-04-16 01:08:08,700 [INFO] CodeEngine:255 - oldGeneratedFile, D:\STM32CubeIDE_Study\first\Core\Inc\main.h_save
2024-04-16 01:08:08,801 [INFO] CodeEngine:279 - Generated code: D:\STM32CubeIDE_Study\first\Core\Inc\main.h
2024-04-16 01:08:08,826 [INFO] CodeEngine:255 - oldGeneratedFile, D:\STM32CubeIDE_Study\first\Core\Src\main.c_save
2024-04-16 01:08:08,923 [INFO] CodeEngine:279 - Generated code: D:\STM32CubeIDE_Study\first\Core\Src\main.c
2024-04-16 01:08:09,508 [INFO] ProjectBuilder:3076 - Time for Copy HAL[1] : 168mS.
2024-04-16 01:08:09,515 [INFO] ProjectBuilder:4485 - Project Generator version: 4.2.0-B44
2024-04-16 01:08:09,827 [INFO] ConfigFileManager:1495 - The Die is : DIE410
2024-04-16 01:08:11,568 [INFO] ProjectBuilder:4747 - Time for Generating toolchain IDE Files: 2052mS.
2024-04-16 01:08:11,568 [INFO] ProjectBuilder:2947 - Time for Copy CMSIS : 0mS.
2024-04-16 01:08:11,570 [INFO] ProjectBuilder:2947 - Time for Copy CMSIS : 0mS.
