2023-12-13 15:09:46,107 [INFO] Activator:176 - 


2023-12-13 15:09:46,111 [INFO] Activator:177 - !SESSION log4j initialized
2023-12-13 15:09:51,161 [INFO] LogOutputStream:77 - [STDOUT_REDIRECT] 
2023-12-13 15:09:58,746 [INFO] ApplicationProperties:184 - Using Application install path: C:\ST\STM32CubeIDE_1.14.0\STM32CubeIDE\plugins\com.st.stm32cube.common.mx_6.10.0.202311202037
2023-12-13 15:09:58,762 [INFO] DbMcusXml:78 - Set database path to: C:\ST\STM32CubeIDE_1.14.0\STM32CubeIDE\plugins\com.st.stm32cube.common.mx_6.10.0.202311202037\\db\/mcu/
2023-12-13 15:09:58,762 [INFO] ApiDb:274 - Set plugin database path to: C:\ST\STM32CubeIDE_1.14.0\STM32CubeIDE\plugins\com.st.stm32cube.common.mx_6.10.0.202311202037\\db\/plugins/boardmanager/
2023-12-13 15:09:58,762 [WARN] ApiDb:259 - Overriding images path with different value:  => C:\ST\STM32CubeIDE_1.14.0\STM32CubeIDE\plugins\com.st.stm32cube.common.mx_6.10.0.202311202037\\db\/plugins/mcufinder/images/
2023-12-13 15:09:58,777 [INFO] ApiDb:250 - Set database path to: C:\Users\alstl\.stmcufinder\plugins\mcufinder//mcu/
2023-12-13 15:09:58,777 [INFO] DbMcusAds:125 - Set database path to: C:\Users\alstl\.stmcufinder\plugins\mcufinder//mcu/
2023-12-13 15:09:58,777 [INFO] CrossReferenceDbSqlite:203 - Set database path to: C:\Users\alstl\.stmcufinder\plugins\mcufinder//mcu/cs/
2023-12-13 15:09:58,871 [INFO] RulesReader:64 - Compatibility file has been processed (297 Rules)
2023-12-13 15:09:58,935 [INFO] DbMcusXml:78 - Set database path to: C:\ST\STM32CubeIDE_1.14.0\STM32CubeIDE\plugins\com.st.stm32cube.common.mx_6.10.0.202311202037\\db\/mcu/
2023-12-13 15:09:58,935 [INFO] ApiDb:274 - Set plugin database path to: C:\ST\STM32CubeIDE_1.14.0\STM32CubeIDE\plugins\com.st.stm32cube.common.mx_6.10.0.202311202037\\db\/plugins/boardmanager/
2023-12-13 15:09:58,935 [INFO] ApiDb:261 - Set plugin images path to: C:\ST\STM32CubeIDE_1.14.0\STM32CubeIDE\plugins\com.st.stm32cube.common.mx_6.10.0.202311202037\\db\/plugins/mcufinder/images/
2023-12-13 15:09:58,935 [WARN] DbFile:41 - Overriding database path with different value: C:\Users\alstl\.stmcufinder\plugins\mcufinder/ => C:\Users\alstl\.stmcufinder\plugins\mcufinder
2023-12-13 15:09:58,935 [INFO] ApiDb:250 - Set database path to: C:\Users\alstl\.stmcufinder\plugins\mcufinder//mcu/
2023-12-13 15:09:58,935 [WARN] DbFile:41 - Overriding database path with different value: C:\Users\alstl\.stmcufinder\plugins\mcufinder/ => C:\Users\alstl\.stmcufinder\plugins\mcufinder
2023-12-13 15:09:58,935 [INFO] DbMcusAds:125 - Set database path to: C:\Users\alstl\.stmcufinder\plugins\mcufinder//mcu/
2023-12-13 15:09:58,935 [WARN] DbFile:41 - Overriding database path with different value: C:\Users\alstl\.stmcufinder\plugins\mcufinder/ => C:\Users\alstl\.stmcufinder\plugins\mcufinder
2023-12-13 15:09:58,935 [WARN] DbFile:41 - Overriding database path with different value: C:\Users\alstl\.stmcufinder\plugins\mcufinder/ => C:\Users\alstl\.stmcufinder\plugins\mcufinder
2023-12-13 15:09:58,935 [INFO] CrossReferenceDbSqlite:203 - Set database path to: C:\Users\alstl\.stmcufinder\plugins\mcufinder//mcu/cs/
2023-12-13 15:09:58,997 [INFO] MainPanel:264 - HeapMemory: 268435456
2023-12-13 15:09:59,091 [INFO] DbMcusXml:78 - Set database path to: C:\ST\STM32CubeIDE_1.14.0\STM32CubeIDE\plugins\com.st.stm32cube.common.mx_6.10.0.202311202037\\db\/mcu/
2023-12-13 15:09:59,091 [INFO] ApiDb:274 - Set plugin database path to: C:\ST\STM32CubeIDE_1.14.0\STM32CubeIDE\plugins\com.st.stm32cube.common.mx_6.10.0.202311202037\\db\/plugins/boardmanager/
2023-12-13 15:09:59,091 [INFO] ApiDb:261 - Set plugin images path to: C:\ST\STM32CubeIDE_1.14.0\STM32CubeIDE\plugins\com.st.stm32cube.common.mx_6.10.0.202311202037\\db\/plugins/mcufinder/images/
2023-12-13 15:09:59,091 [WARN] DbFile:41 - Overriding database path with different value: C:\Users\alstl\.stmcufinder\plugins\mcufinder/ => C:\Users\alstl\.stmcufinder\plugins\mcufinder
2023-12-13 15:09:59,091 [INFO] ApiDb:250 - Set database path to: C:\Users\alstl\.stmcufinder\plugins\mcufinder//mcu/
2023-12-13 15:09:59,091 [WARN] DbFile:41 - Overriding database path with different value: C:\Users\alstl\.stmcufinder\plugins\mcufinder/ => C:\Users\alstl\.stmcufinder\plugins\mcufinder
2023-12-13 15:09:59,091 [INFO] DbMcusAds:125 - Set database path to: C:\Users\alstl\.stmcufinder\plugins\mcufinder//mcu/
2023-12-13 15:09:59,091 [WARN] DbFile:41 - Overriding database path with different value: C:\Users\alstl\.stmcufinder\plugins\mcufinder/ => C:\Users\alstl\.stmcufinder\plugins\mcufinder
2023-12-13 15:09:59,091 [WARN] DbFile:41 - Overriding database path with different value: C:\Users\alstl\.stmcufinder\plugins\mcufinder/ => C:\Users\alstl\.stmcufinder\plugins\mcufinder
2023-12-13 15:09:59,091 [INFO] CrossReferenceDbSqlite:203 - Set database path to: C:\Users\alstl\.stmcufinder\plugins\mcufinder//mcu/cs/
2023-12-13 15:09:59,107 [INFO] ApplicationProperties:184 - Using Application install path: C:\ST\STM32CubeIDE_1.14.0\STM32CubeIDE\plugins\com.st.stm32cube.common.mx_6.10.0.202311202037
2023-12-13 15:09:59,107 [INFO] PluginManage:196 - Search for loadable plugins [exclusion list=, ]
2023-12-13 15:09:59,107 [INFO] PluginManage:310 - Check plugin analytics
2023-12-13 15:10:04,211 [INFO] AnalyticsPlugin:253 - Accepted Software Licenses: 
2023-12-13 15:10:04,211 [INFO] AnalyticsPlugin:255 - Accepted CMSIS Pack Licenses: 
2023-12-13 15:10:04,211 [INFO] AnalyticsPlugin:257 - Accepted Firmware Licenses: 
2023-12-13 15:10:04,211 [INFO] PluginManage:359 - Loaded plugin analytics (category:tool,tabindex:-1)
2023-12-13 15:10:04,211 [INFO] PluginManage:310 - Check plugin cadmodel
2023-12-13 15:10:04,226 [INFO] CADModel:105 - Init CAD model plugin
2023-12-13 15:10:04,226 [INFO] PluginManage:359 - Loaded plugin cadmodel (category:power,tabindex:5)
2023-12-13 15:10:04,226 [INFO] PluginManage:310 - Check plugin clock
2023-12-13 15:10:04,242 [INFO] PluginManage:359 - Loaded plugin clock (category:base,tabindex:2)
2023-12-13 15:10:04,242 [INFO] PluginManage:310 - Check plugin ddr
2023-12-13 15:10:04,242 [INFO] PluginManage:359 - Loaded plugin ddr (category:tool,tabindex:6)
2023-12-13 15:10:04,242 [INFO] PluginManage:310 - Check plugin filemanager
2023-12-13 15:10:04,367 [INFO] PluginManage:359 - Loaded plugin filemanager (category:base,tabindex:10)
2023-12-13 15:10:04,367 [INFO] PluginManage:310 - Check plugin ipmanager
2023-12-13 15:10:04,367 [INFO] PluginManage:359 - Loaded plugin ipmanager (category:base,tabindex:5)
2023-12-13 15:10:04,367 [INFO] PluginManage:310 - Check plugin lpbam
2023-12-13 15:10:04,383 [INFO] PluginManage:359 - Loaded plugin lpbam (category:base,tabindex:0)
2023-12-13 15:10:04,383 [INFO] PluginManage:310 - Check plugin memorymap
2023-12-13 15:10:04,414 [INFO] PluginManage:359 - Loaded plugin memorymap (category:base,tabindex:4)
2023-12-13 15:10:04,414 [INFO] PluginManage:310 - Check plugin pinoutandconfiguration
2023-12-13 15:10:04,414 [INFO] PluginManage:359 - Loaded plugin pinoutandconfiguration (category:base,tabindex:1)
2023-12-13 15:10:04,414 [INFO] PluginManage:310 - Check plugin pinoutconfig
2023-12-13 15:10:04,508 [WARN] SupportedApi:132 - Cannot load RTOS API schema: s4s-elt-must-match.1: The content of 'definitions' must match (annotation?, (simpleType | complexType)?, (unique | key | keyref)*)). A problem was found starting at: attribute.
2023-12-13 15:10:04,617 [INFO] PluginManage:359 - Loaded plugin pinoutconfig (category:base,tabindex:0)
2023-12-13 15:10:04,617 [INFO] PluginManage:310 - Check plugin power
2023-12-13 15:10:04,633 [INFO] PluginManage:359 - Loaded plugin power (category:power,tabindex:4)
2023-12-13 15:10:04,633 [INFO] PluginManage:310 - Check plugin projectmanager
2023-12-13 15:10:04,648 [INFO] PluginManage:359 - Loaded plugin projectmanager (category:projectmanager,tabindex:3)
2023-12-13 15:10:04,648 [INFO] PluginManage:310 - Check plugin thirdparty
2023-12-13 15:10:04,883 [INFO] PluginManage:359 - Loaded plugin thirdparty (category:base,tabindex:-1)
2023-12-13 15:10:04,883 [INFO] PluginManage:310 - Check plugin tools
2023-12-13 15:10:04,883 [WARN] IntegrityCheckThread:84 - waiting for thirdparty lock release [integrity check]
2023-12-13 15:10:04,883 [INFO] IntegrityCheckThread:86 - entering critical section [integrity check]
2023-12-13 15:10:04,883 [INFO] ThirdPartyUpdaterWithRetryManager:70 - Updater plugin not ready yet. [1/15]
2023-12-13 15:10:04,899 [INFO] PluginManage:359 - Loaded plugin tools (category:base,tabindex:7)
2023-12-13 15:10:04,899 [INFO] PluginManage:310 - Check plugin tutovideos
2023-12-13 15:10:05,071 [INFO] PluginManage:359 - Loaded plugin tutovideos (category:base,tabindex:-1)
2023-12-13 15:10:05,071 [INFO] PluginManage:310 - Check plugin updater
2023-12-13 15:10:05,087 [INFO] PluginManage:359 - Loaded plugin updater (category:base,tabindex:12)
2023-12-13 15:10:05,087 [INFO] PluginManage:310 - Check plugin userauth
2023-12-13 15:10:05,103 [INFO] UserAuth:114 - Init User Auth plugin
2023-12-13 15:10:05,103 [INFO] PluginManage:359 - Loaded plugin userauth (category:base,tabindex:14)
2023-12-13 15:10:05,103 [INFO] PluginManage:283 - PluginManage : Loaded plugins [17]
2023-12-13 15:10:05,301 [INFO] PinOutPanel:1499 - setPackage(No Configuration,No Configuration)
2023-12-13 15:10:05,363 [INFO] CADModel:165 - CPN selected for project level
2023-12-13 15:10:05,363 [INFO] CADModel:114 - Register for checkConnection events
2023-12-13 15:10:05,396 [INFO] IPUIPlugin:80 - create IPUIPlugin
2023-12-13 15:10:05,396 [INFO] PluginManager:220 - loadIPPluginJar : add adc
2023-12-13 15:10:05,411 [INFO] IPUIPlugin:80 - create IPUIPlugin
2023-12-13 15:10:05,411 [INFO] PluginManager:220 - loadIPPluginJar : add aes
2023-12-13 15:10:05,442 [INFO] IPUIPlugin:80 - create IPUIPlugin
2023-12-13 15:10:05,442 [INFO] PluginManager:220 - loadIPPluginJar : add can
2023-12-13 15:10:05,458 [INFO] IPUIPlugin:80 - create IPUIPlugin
2023-12-13 15:10:05,458 [INFO] PluginManager:220 - loadIPPluginJar : add comp
2023-12-13 15:10:05,489 [INFO] IPUIPlugin:80 - create IPUIPlugin
2023-12-13 15:10:05,489 [INFO] PluginManager:220 - loadIPPluginJar : add cryp
2023-12-13 15:10:05,536 [INFO] IPUIPlugin:80 - create IPUIPlugin
2023-12-13 15:10:05,536 [INFO] PluginManager:220 - loadIPPluginJar : add dfsdm
2023-12-13 15:10:05,553 [INFO] IPUIPlugin:80 - create IPUIPlugin
2023-12-13 15:10:05,553 [INFO] PluginManager:220 - loadIPPluginJar : add dma
2023-12-13 15:10:05,583 [INFO] IPUIPlugin:80 - create IPUIPlugin
2023-12-13 15:10:05,583 [INFO] PluginManager:220 - loadIPPluginJar : add dma3
2023-12-13 15:10:05,599 [INFO] IPUIPlugin:80 - create IPUIPlugin
2023-12-13 15:10:05,599 [INFO] PluginManager:220 - loadIPPluginJar : add fatfs
2023-12-13 15:10:05,630 [INFO] IPUIPlugin:80 - create IPUIPlugin
2023-12-13 15:10:05,630 [INFO] PluginManager:220 - loadIPPluginJar : add fmc
2023-12-13 15:10:05,646 [INFO] IPUIPlugin:80 - create IPUIPlugin
2023-12-13 15:10:05,646 [INFO] PluginManager:220 - loadIPPluginJar : add freertos
2023-12-13 15:10:05,646 [INFO] IPUIPlugin:80 - create IPUIPlugin
2023-12-13 15:10:05,646 [INFO] PluginManager:220 - loadIPPluginJar : add genericplugin
2023-12-13 15:10:05,708 [INFO] IPUIPlugin:80 - create IPUIPlugin
2023-12-13 15:10:05,708 [INFO] PluginManager:220 - loadIPPluginJar : add gfxmmu
2023-12-13 15:10:05,802 [INFO] IPUIPlugin:80 - create IPUIPlugin
2023-12-13 15:10:05,802 [INFO] PluginManager:220 - loadIPPluginJar : add gic
2023-12-13 15:10:05,802 [INFO] IPUIPlugin:80 - create IPUIPlugin
2023-12-13 15:10:05,802 [INFO] PluginManager:220 - loadIPPluginJar : add gpio
2023-12-13 15:10:05,865 [INFO] IPUIPlugin:80 - create IPUIPlugin
2023-12-13 15:10:05,865 [INFO] PluginManager:220 - loadIPPluginJar : add gtzc
2023-12-13 15:10:05,896 [INFO] IPUIPlugin:80 - create IPUIPlugin
2023-12-13 15:10:05,896 [INFO] PluginManager:220 - loadIPPluginJar : add hash
2023-12-13 15:10:05,927 [INFO] IPUIPlugin:80 - create IPUIPlugin
2023-12-13 15:10:05,927 [INFO] PluginManager:220 - loadIPPluginJar : add i2c
2023-12-13 15:10:05,958 [INFO] IPUIPlugin:80 - create IPUIPlugin
2023-12-13 15:10:05,958 [INFO] PluginManager:220 - loadIPPluginJar : add i2s
2023-12-13 15:10:05,990 [INFO] IPUIPlugin:80 - create IPUIPlugin
2023-12-13 15:10:05,990 [INFO] PluginManager:220 - loadIPPluginJar : add i3c
2023-12-13 15:10:06,068 [INFO] IPUIPlugin:80 - create IPUIPlugin
2023-12-13 15:10:06,068 [INFO] PluginManager:220 - loadIPPluginJar : add ipddr
2023-12-13 15:10:06,130 [INFO] IPUIPlugin:80 - create IPUIPlugin
2023-12-13 15:10:06,130 [INFO] PluginManager:220 - loadIPPluginJar : add linkedlist
2023-12-13 15:10:06,146 [INFO] IPUIPlugin:80 - create IPUIPlugin
2023-12-13 15:10:06,146 [INFO] PluginManager:220 - loadIPPluginJar : add lorawan
2023-12-13 15:10:06,177 [INFO] IPUIPlugin:80 - create IPUIPlugin
2023-12-13 15:10:06,177 [INFO] PluginManager:220 - loadIPPluginJar : add ltdc
2023-12-13 15:10:06,193 [INFO] IPUIPlugin:80 - create IPUIPlugin
2023-12-13 15:10:06,193 [INFO] PluginManager:220 - loadIPPluginJar : add mdma
2023-12-13 15:10:06,208 [INFO] IPUIPlugin:80 - create IPUIPlugin
2023-12-13 15:10:06,208 [INFO] PluginManager:220 - loadIPPluginJar : add nvic
2023-12-13 15:10:06,240 [INFO] IPUIPlugin:80 - create IPUIPlugin
2023-12-13 15:10:06,240 [INFO] PluginManager:220 - loadIPPluginJar : add opamp
2023-12-13 15:10:06,271 [INFO] IPUIPlugin:80 - create IPUIPlugin
2023-12-13 15:10:06,271 [INFO] PluginManager:220 - loadIPPluginJar : add openamp
2023-12-13 15:10:06,302 [INFO] IPUIPlugin:80 - create IPUIPlugin
2023-12-13 15:10:06,302 [INFO] PluginManager:220 - loadIPPluginJar : add pdm2pcm
2023-12-13 15:10:06,318 [INFO] IPUIPlugin:80 - create IPUIPlugin
2023-12-13 15:10:06,318 [INFO] PluginManager:220 - loadIPPluginJar : add plateformsettings
2023-12-13 15:10:06,333 [INFO] IPUIPlugin:80 - create IPUIPlugin
2023-12-13 15:10:06,333 [INFO] PluginManager:220 - loadIPPluginJar : add quadspi
2023-12-13 15:10:06,349 [INFO] IPUIPlugin:80 - create IPUIPlugin
2023-12-13 15:10:06,349 [INFO] PluginManager:220 - loadIPPluginJar : add resmgrutility
2023-12-13 15:10:06,382 [INFO] IPUIPlugin:80 - create IPUIPlugin
2023-12-13 15:10:06,382 [INFO] PluginManager:220 - loadIPPluginJar : add sai
2023-12-13 15:10:06,412 [INFO] IPUIPlugin:80 - create IPUIPlugin
2023-12-13 15:10:06,412 [INFO] PluginManager:220 - loadIPPluginJar : add spi
2023-12-13 15:10:06,459 [INFO] IPUIPlugin:80 - create IPUIPlugin
2023-12-13 15:10:06,459 [INFO] PluginManager:220 - loadIPPluginJar : add stm32_wpan
2023-12-13 15:10:06,475 [INFO] IPUIPlugin:80 - create IPUIPlugin
2023-12-13 15:10:06,475 [INFO] PluginManager:220 - loadIPPluginJar : add tim
2023-12-13 15:10:06,507 [INFO] IPUIPlugin:80 - create IPUIPlugin
2023-12-13 15:10:06,507 [INFO] PluginManager:220 - loadIPPluginJar : add touchsensing
2023-12-13 15:10:06,522 [INFO] IPUIPlugin:80 - create IPUIPlugin
2023-12-13 15:10:06,522 [INFO] PluginManager:220 - loadIPPluginJar : add tracer_emb
2023-12-13 15:10:06,538 [INFO] IPUIPlugin:80 - create IPUIPlugin
2023-12-13 15:10:06,538 [INFO] PluginManager:220 - loadIPPluginJar : add ts
2023-12-13 15:10:06,553 [INFO] IPUIPlugin:80 - create IPUIPlugin
2023-12-13 15:10:06,553 [INFO] PluginManager:220 - loadIPPluginJar : add tsc
2023-12-13 15:10:06,569 [INFO] IPUIPlugin:80 - create IPUIPlugin
2023-12-13 15:10:06,569 [INFO] PluginManager:220 - loadIPPluginJar : add ucpd
2023-12-13 15:10:06,600 [INFO] IPUIPlugin:80 - create IPUIPlugin
2023-12-13 15:10:06,600 [INFO] PluginManager:220 - loadIPPluginJar : add usart
2023-12-13 15:10:06,631 [INFO] IPUIPlugin:80 - create IPUIPlugin
2023-12-13 15:10:06,631 [INFO] PluginManager:220 - loadIPPluginJar : add usbx
2023-12-13 15:10:06,756 [INFO] CADModel:165 - CPN selected for project level
2023-12-13 15:10:06,756 [INFO] CADModel:114 - Register for checkConnection events
2023-12-13 15:10:06,756 [FATAL] Updater:308 - Updater called before beeing initialized
2023-12-13 15:10:06,756 [ERROR] CADModel:125 - Updater not yet initialized, retry later 
2023-12-13 15:10:06,890 [INFO] CADModel:165 - CPN selected for project level
2023-12-13 15:10:06,891 [INFO] CADModel:114 - Register for checkConnection events
2023-12-13 15:10:06,891 [FATAL] Updater:308 - Updater called before beeing initialized
2023-12-13 15:10:06,891 [ERROR] CADModel:125 - Updater not yet initialized, retry later 
2023-12-13 15:10:06,891 [FATAL] Updater:308 - Updater called before beeing initialized
2023-12-13 15:10:06,970 [FATAL] Updater:308 - Updater called before beeing initialized
2023-12-13 15:10:06,986 [INFO] DbMcusAds:53 - JSON generation date=Tue Mar 07 17:50:55 KST 2023 (1678179055114)
2023-12-13 15:10:06,986 [FATAL] Updater:308 - Updater called before beeing initialized
2023-12-13 15:10:07,034 [WARN] DetailPanel:346 - Failed to get advertising image, set to default
2023-12-13 15:10:07,112 [FATAL] Updater:308 - Updater called before beeing initialized
2023-12-13 15:10:07,112 [FATAL] Updater:308 - Updater called before beeing initialized
2023-12-13 15:10:07,112 [FATAL] Updater:308 - Updater called before beeing initialized
2023-12-13 15:10:07,112 [WARN] DetailPanel:346 - Failed to get advertising image, set to default
2023-12-13 15:10:07,112 [FATAL] Updater:308 - Updater called before beeing initialized
2023-12-13 15:10:07,166 [ERROR] Updater:1120 - MainUpdater not yet initialized. External WinMGr cannot be set.
2023-12-13 15:10:07,182 [INFO] Updater:1056 - Updater Version found : 6.10.0
2023-12-13 15:10:07,198 [INFO] ApplicationProperties:184 - Using Application install path: C:\ST\STM32CubeIDE_1.14.0\STM32CubeIDE\plugins\com.st.stm32cube.common.mx_6.10.0.202311202037
2023-12-13 15:10:07,891 [INFO] ThirdPartyUpdaterWithRetryManager:70 - Updater plugin not ready yet. [2/15]
2023-12-13 15:10:08,832 [ERROR] LogOutputStream:75 - [STDERR_REDIRECT] Dec 13, 2023 3:10:08 PM java.util.prefs.WindowsPreferences <init>
2023-12-13 15:10:08,832 [ERROR] LogOutputStream:75 - [STDERR_REDIRECT] WARNING: Could not open/create prefs root node Software\JavaSoft\Prefs at root 0xffffffff80000002. Windows RegCreateKeyEx(...) returned error code 5.
2023-12-13 15:10:08,832 [ERROR] LogOutputStream:75 - [STDERR_REDIRECT] 
2023-12-13 15:10:09,443 [INFO] MainUpdater:2873 - connection check result : 10
2023-12-13 15:10:09,443 [INFO] MainUpdater:290 - Updater Check For Update Now.
2023-12-13 15:10:09,443 [INFO] MicroXplorer:498 - Change Database Version : DB.6.0.100
2023-12-13 15:10:09,464 [INFO] McuFinderGlobals:63 - Set McuFinder mode to 2 (CubeIDE integrated)
2023-12-13 15:10:09,474 [INFO] UserAuth:404 - Internet connection configuration mode: 1
2023-12-13 15:10:09,494 [INFO] JxBrowserEngine:152 - Initiate JxBrowser Engine with user profile folder
2023-12-13 15:10:09,643 [INFO] CheckServerUpdateThread:120 - End of CheckServer Thread
2023-12-13 15:10:11,051 [WARN] PackLoader:240 - Cannot read IP mode file for STMicroelectronics.X-CUBE-SMBUS.2.1.0
2023-12-13 15:10:11,083 [WARN] PackLoader:240 - Cannot read IP mode file for STMicroelectronics.X-CUBE-AZRTOS-F7.1.1.0
2023-12-13 15:10:11,099 [WARN] PackLoader:240 - Cannot read IP mode file for STMicroelectronics.FP-SNS-MOTENV1.4.3.2
2023-12-13 15:10:11,114 [WARN] PackLoader:240 - Cannot read IP mode file for STMicroelectronics.FP-SNS-FLIGHT1.5.0.2
2023-12-13 15:10:11,133 [WARN] PackLoader:240 - Cannot read IP mode file for STMicroelectronics.X-CUBE-DISPLAY.3.0.0
2023-12-13 15:10:11,162 [WARN] PackLoader:240 - Cannot read IP mode file for STMicroelectronics.X-CUBE-BLE1.7.0.0
2023-12-13 15:10:11,162 [WARN] PackLoader:240 - Cannot read IP mode file for emotas.I-CUBE-CANOPEN.1.3.0
2023-12-13 15:10:11,184 [WARN] PackLoader:240 - Cannot read IP mode file for STMicroelectronics.X-CUBE-TOUCHGFX.4.22.1
2023-12-13 15:10:11,184 [WARN] PackLoader:240 - Cannot read IP mode file for STMicroelectronics.FP-SNS-SMARTAG2.1.2.0
2023-12-13 15:10:11,216 [INFO] LogOutputStream:77 - [STDOUT_REDIRECT] 1 : Invalid condition id : UX_CORESTACK_Condition cause : null
2023-12-13 15:10:11,216 [INFO] LogOutputStream:77 - [STDOUT_REDIRECT] 1 : Invalid condition id : UX_CORESTACK_Condition cause : null
2023-12-13 15:10:11,216 [INFO] LogOutputStream:77 - [STDOUT_REDIRECT] 1 : Invalid condition id : UX_CORESTACK_Condition cause : null
2023-12-13 15:10:11,216 [INFO] LogOutputStream:77 - [STDOUT_REDIRECT] 1 : Invalid condition id : UX_CORESTACK_Condition cause : null
2023-12-13 15:10:11,216 [INFO] LogOutputStream:77 - [STDOUT_REDIRECT] 1 : Invalid condition id : UX_CORESTACK_Condition cause : null
2023-12-13 15:10:11,216 [WARN] PackLoader:240 - Cannot read IP mode file for STMicroelectronics.X-CUBE-AZRTOS-WL.2.0.0
2023-12-13 15:10:11,232 [WARN] PackLoader:240 - Cannot read IP mode file for WES.I-CUBE-Cesium.1.3.0
2023-12-13 15:10:11,247 [WARN] PackLoader:240 - Cannot read IP mode file for STMicroelectronics.X-CUBE-BLE2.3.3.0
2023-12-13 15:10:11,263 [WARN] PackLoader:240 - Cannot read IP mode file for STMicroelectronics.X-CUBE-ALGOBUILD.1.3.0
2023-12-13 15:10:11,294 [WARN] PackLoader:240 - Cannot read IP mode file for STMicroelectronics.X-CUBE-AZRTOS-G0.1.1.0
2023-12-13 15:10:11,310 [WARN] PackLoader:240 - Cannot read IP mode file for STMicroelectronics.X-CUBE-NFC4.3.0.0
2023-12-13 15:10:11,326 [WARN] PackLoader:240 - Cannot read IP mode file for STMicroelectronics.X-CUBE-BLEMGR.3.0.0
2023-12-13 15:10:11,341 [WARN] PackLoader:240 - Cannot read IP mode file for STMicroelectronics.FP-ATR-SIGFOX1.3.2.0
2023-12-13 15:10:11,341 [WARN] PackLoader:240 - Cannot read IP mode file for STMicroelectronics.X-CUBE-GNSS1.6.0.0
2023-12-13 15:10:11,373 [WARN] PackLoader:240 - Cannot read IP mode file for STMicroelectronics.X-CUBE-AZRTOS-F4.1.1.0
2023-12-13 15:10:11,398 [WARN] PackLoader:240 - Cannot read IP mode file for wolfSSL.I-CUBE-wolfSSL.5.6.4
2023-12-13 15:10:11,428 [WARN] PackLoader:240 - Cannot read IP mode file for STMicroelectronics.X-CUBE-AZRTOS-L5.2.0.0
2023-12-13 15:10:11,436 [WARN] PackLoader:240 - Cannot read IP mode file for STMicroelectronics.X-CUBE-EEPRMA1.4.2.0
2023-12-13 15:10:11,452 [WARN] PackLoader:240 - Cannot read IP mode file for ITTIA_DB.I-CUBE-ITTIADB.8.8.0
2023-12-13 15:10:11,483 [WARN] ConditionMgr:438 - getConditionDescription Invalid condition id : UX DEVICE CLASS RTOS Condition cause : null
2023-12-13 15:10:11,483 [WARN] ConditionMgr:438 - getConditionDescription Invalid condition id : UX DEVICE CLASS RTOS Condition cause : null
2023-12-13 15:10:11,483 [WARN] PackLoader:240 - Cannot read IP mode file for STMicroelectronics.X-CUBE-AZRTOS-H7.3.1.0
2023-12-13 15:10:11,483 [WARN] ConditionMgr:1039 - genDependencies : Invalid condition id : UX DEVICE CLASS RTOS Condition cause : null
2023-12-13 15:10:11,483 [WARN] ConditionMgr:1039 - genDependencies : Invalid condition id : UX DEVICE CLASS RTOS Condition cause : null
2023-12-13 15:10:11,483 [WARN] ConditionMgr:1039 - genDependencies : Invalid condition id : UX DEVICE CLASS RTOS Condition cause : null
2023-12-13 15:10:11,483 [WARN] ConditionMgr:1039 - genDependencies : Invalid condition id : UX DEVICE CLASS RTOS Condition cause : null
2023-12-13 15:10:11,483 [WARN] ConditionMgr:1039 - genDependencies : Invalid condition id : UX DEVICE CLASS RTOS Condition cause : null
2023-12-13 15:10:11,514 [WARN] PackLoader:240 - Cannot read IP mode file for STMicroelectronics.X-CUBE-NFC7.1.0.1
2023-12-13 15:10:11,530 [WARN] PackLoader:240 - Cannot read IP mode file for STMicroelectronics.X-CUBE-NFC6.3.0.0
2023-12-13 15:10:11,546 [WARN] PackLoader:240 - Cannot read IP mode file for STMicroelectronics.X-CUBE-AI.8.1.0
2023-12-13 15:10:11,565 [WARN] ConditionMgr:438 - getConditionDescription Invalid condition id : LAN8742 Phy interface Condition cause : null
2023-12-13 15:10:11,565 [WARN] PackLoader:240 - Cannot read IP mode file for STMicroelectronics.X-CUBE-AZRTOS-L4.2.0.0
2023-12-13 15:10:11,578 [WARN] ConditionMgr:1039 - genDependencies : Invalid condition id : LAN8742 Phy interface Condition cause : null
2023-12-13 15:10:11,578 [WARN] ConditionMgr:1039 - genDependencies : Invalid condition id : LAN8742 Phy interface Condition cause : null
2023-12-13 15:10:11,578 [WARN] ConditionMgr:1039 - genDependencies : Invalid condition id : LAN8742 Phy interface Condition cause : null
2023-12-13 15:10:11,594 [WARN] PackLoader:240 - Cannot read IP mode file for STMicroelectronics.X-CUBE-SFXS2LP1.4.0.0
2023-12-13 15:10:11,615 [WARN] PackLoader:240 - Cannot read IP mode file for STMicroelectronics.X-CUBE-ISPU.1.1.0
2023-12-13 15:10:11,677 [WARN] ConditionMgr:438 - getConditionDescription Invalid condition id : UX DEVICE CLASS RTOS Condition cause : null
2023-12-13 15:10:11,677 [WARN] ConditionMgr:438 - getConditionDescription Invalid condition id : UX DEVICE CLASS RTOS Condition cause : null
2023-12-13 15:10:11,677 [WARN] PackLoader:240 - Cannot read IP mode file for STMicroelectronics.X-CUBE-AZRTOS-WB.2.0.0
2023-12-13 15:10:11,677 [WARN] ConditionMgr:1039 - genDependencies : Invalid condition id : UX DEVICE CLASS RTOS Condition cause : null
2023-12-13 15:10:11,677 [WARN] ConditionMgr:1039 - genDependencies : Invalid condition id : UX DEVICE CLASS RTOS Condition cause : null
2023-12-13 15:10:11,677 [WARN] ConditionMgr:1039 - genDependencies : Invalid condition id : UX DEVICE CLASS RTOS Condition cause : null
2023-12-13 15:10:11,677 [WARN] ConditionMgr:1039 - genDependencies : Invalid condition id : UX DEVICE CLASS RTOS Condition cause : null
2023-12-13 15:10:11,677 [WARN] ConditionMgr:1039 - genDependencies : Invalid condition id : UX DEVICE CLASS RTOS Condition cause : null
2023-12-13 15:10:11,700 [WARN] PackLoader:240 - Cannot read IP mode file for STMicroelectronics.X-CUBE-SUBG2.5.0.0
2023-12-13 15:10:11,722 [WARN] PackLoader:240 - Cannot read IP mode file for STMicroelectronics.X-CUBE-AZRTOS-G4.2.0.0
2023-12-13 15:10:11,752 [WARN] PackLoader:240 - Cannot read IP mode file for Infineon.AIROC-Wi-Fi-Bluetooth-STM32.1.5.1
2023-12-13 15:10:11,752 [WARN] PackLoader:240 - Cannot read IP mode file for STMicroelectronics.FP-SNS-MOTENVWB1.1.3.0
2023-12-13 15:10:11,768 [WARN] PackLoader:240 - Cannot read IP mode file for STMicroelectronics.FP-SNS-MOTENVWB1.1.3.1
2023-12-13 15:10:11,787 [WARN] PackLoader:240 - Cannot read IP mode file for STMicroelectronics.X-CUBE-ISPU.2.0.0
2023-12-13 15:10:11,836 [WARN] PackLoader:240 - Cannot read IP mode file for STMicroelectronics.X-CUBE-MEMS1.10.0.0
2023-12-13 15:10:11,998 [WARN] PackLoader:240 - Cannot read IP mode file for STMicroelectronics.X-CUBE-FREERTOS.1.1.0
2023-12-13 15:10:12,024 [WARN] PackLoader:240 - Cannot read IP mode file for portGmbH.I-Cube-SoM-uGOAL.1.1.0
2023-12-13 15:10:12,043 [WARN] PackLoader:240 - Cannot read IP mode file for STMicroelectronics.X-CUBE-ALS.1.0.1
2023-12-13 15:10:12,058 [WARN] PackLoader:240 - Cannot read IP mode file for STMicroelectronics.FP-ATR-ASTRA1.2.0.0
2023-12-13 15:10:12,081 [WARN] PackLoader:240 - Cannot read IP mode file for STMicroelectronics.X-CUBE-TOF1.3.4.0
2023-12-13 15:10:12,089 [INFO] WebApp:161 - Instantiating new browser for Auth
2023-12-13 15:10:12,152 [WARN] PackLoader:240 - Cannot read IP mode file for STMicroelectronics.X-CUBE-AZRTOS-H7.3.2.0
2023-12-13 15:10:12,152 [INFO] ThirdParty:978 - Integrity check success = true
2023-12-13 15:10:12,152 [INFO] IntegrityCheckThread:100 - exiting critical section [integrity check]
2023-12-13 15:10:12,152 [INFO] IntegrityCheckThread:103 - End integrity checks thread
2023-12-13 15:10:12,795 [INFO] WebApp:780 - Register for checkConnection events
2023-12-13 15:10:12,795 [INFO] WebApp:414 - Apply proxy settings
2023-12-13 15:10:12,795 [INFO] WebApp:499 - Chromium requires no authentication
2023-12-13 15:10:12,801 [INFO] WebApp:442 - Direct internet connection detected
2023-12-13 15:10:12,924 [INFO] WebApp:192 - Starting web application
2023-12-13 15:10:12,924 [INFO] WebApp:544 - Web application path used C:\ST\STM32CubeIDE_1.14.0\STM32CubeIDE\plugins\com.st.stm32cube.common.mx_6.10.0.202311202037\db\plugins\mcufinder\reactClient1\index.html
2023-12-13 15:10:33,664 [ERROR] LogOutputStream:75 - [STDERR_REDIRECT] SLF4J: Failed to load class "org.slf4j.impl.StaticLoggerBinder".
2023-12-13 15:10:33,665 [ERROR] LogOutputStream:75 - [STDERR_REDIRECT] SLF4J: Defaulting to no-operation (NOP) logger implementation
2023-12-13 15:10:33,666 [ERROR] LogOutputStream:75 - [STDERR_REDIRECT] SLF4J: See http://www.slf4j.org/codes.html#StaticLoggerBinder for further details.
2023-12-13 16:22:34,487 [INFO] McuFinderGlobals:63 - Set McuFinder mode to 2 (CubeIDE integrated)
2023-12-13 16:22:34,519 [INFO] MainUpdater:2873 - connection check result : 10
2023-12-13 16:22:34,526 [INFO] MainUpdater:2873 - connection check result : 10
2023-12-13 16:22:34,775 [INFO] MicroXplorer:468 - Change Database Path : 
2023-12-13 16:22:34,775 [INFO] MicroXplorer:498 - Change Database Version : DB.6.0.100
2023-12-13 16:22:34,781 [WARN] ThirdParty:871 - waiting for thirdparty lock release [close project]
2023-12-13 16:22:34,781 [INFO] ThirdParty:873 - entering critical section [close project]
2023-12-13 16:22:34,782 [INFO] ThirdParty:883 - exiting critical section [close project]
2023-12-13 16:22:34,784 [INFO] PinOutPanel:1499 - setPackage(No Configuration,No Configuration)
2023-12-13 16:22:34,789 [INFO] UtilMem:75 - Begin LoadConfig() Used Memory: 195432320 Bytes (434110464)
2023-12-13 16:22:34,790 [INFO] MicroXplorer:468 - Change Database Path : 
2023-12-13 16:22:34,791 [INFO] MicroXplorer:498 - Change Database Version : DB.6.0.100
2023-12-13 16:22:34,791 [INFO] OpenFileManager:312 - Change cursor
2023-12-13 16:22:34,847 [INFO] Mcu:2016 - Initializing MCU STM32F103C(8-B)Tx STM32F103C8Tx STM32F103C8T6
2023-12-13 16:22:35,973 [INFO] Context:659 - Trying to add GPIOservice into a context  which must be forbidden
2023-12-13 16:22:36,285 [INFO] RtosManager:555 - Registered RTOS mode: class=CMSIS, group=RTOS, mode=CMSIS_V1, owner=FREERTOS
2023-12-13 16:22:36,286 [INFO] RtosManager:555 - Registered RTOS mode: class=CMSIS, group=RTOS2, mode=CMSIS_V2, owner=FREERTOS
2023-12-13 16:22:36,286 [INFO] RtosManager:555 - Registered RTOS mode: class=RTOS, group=Core, mode=CMSIS_V1, owner=FREERTOS
2023-12-13 16:22:36,286 [INFO] RtosManager:555 - Registered RTOS mode: class=RTOS, group=Core, mode=CMSIS_V2, owner=FREERTOS
2023-12-13 16:22:36,286 [WARN] ModelIntegratedComponent:184 - Missing modes for component STMicroelectronics:FreeRTOS:0.0.1:STMicroelectronics:RTOS:FreeRTOS:Core:::10.2.0:
2023-12-13 16:22:36,294 [WARN] ModelIntegratedComponent:63 - No mode defined for component null
2023-12-13 16:22:36,294 [WARN] ModelIntegratedComponent:63 - No mode defined for component null
2023-12-13 16:22:36,294 [WARN] ModelIntegratedComponent:63 - No mode defined for component null
2023-12-13 16:22:36,294 [WARN] ModelIntegratedComponent:63 - No mode defined for component null
2023-12-13 16:22:36,294 [WARN] ModelIntegratedComponent:63 - No mode defined for component null
2023-12-13 16:22:36,294 [WARN] ModelIntegratedComponent:63 - No mode defined for component null
2023-12-13 16:22:36,294 [WARN] ModelIntegratedComponent:63 - No mode defined for component null
2023-12-13 16:22:36,294 [WARN] ModelIntegratedComponent:63 - No mode defined for component null
2023-12-13 16:22:36,294 [WARN] ModelIntegratedComponent:63 - No mode defined for component null
2023-12-13 16:22:36,294 [WARN] ModelIntegratedComponent:63 - No mode defined for component null
2023-12-13 16:22:36,294 [WARN] ModelIntegratedComponent:63 - No mode defined for component null
2023-12-13 16:22:36,294 [WARN] ModelIntegratedComponent:63 - No mode defined for component null
2023-12-13 16:22:36,294 [WARN] ModelIntegratedComponent:63 - No mode defined for component null
2023-12-13 16:22:36,294 [WARN] ModelIntegratedComponent:63 - No mode defined for component null
2023-12-13 16:22:36,294 [WARN] ModelIntegratedComponent:63 - No mode defined for component null
2023-12-13 16:22:36,294 [WARN] ModelIntegratedComponent:63 - No mode defined for component null
2023-12-13 16:22:36,294 [WARN] ModelIntegratedComponent:63 - No mode defined for component null
2023-12-13 16:22:36,294 [WARN] ModelIntegratedComponent:63 - No mode defined for component null
2023-12-13 16:22:36,294 [WARN] ModelIntegratedComponent:63 - No mode defined for component null
2023-12-13 16:22:36,294 [WARN] ModelIntegratedComponent:63 - No mode defined for component null
2023-12-13 16:22:36,294 [WARN] ModelIntegratedComponent:63 - No mode defined for component null
2023-12-13 16:22:36,294 [WARN] ModelIntegratedComponent:63 - No mode defined for component null
2023-12-13 16:22:36,294 [WARN] ModelIntegratedComponent:63 - No mode defined for component null
2023-12-13 16:22:36,294 [WARN] ModelIntegratedComponent:63 - No mode defined for component null
2023-12-13 16:22:36,294 [WARN] ModelIntegratedComponent:63 - No mode defined for component null
2023-12-13 16:22:36,294 [WARN] ModelIntegratedComponent:63 - No mode defined for component null
2023-12-13 16:22:36,294 [WARN] ModelIntegratedComponent:63 - No mode defined for component null
2023-12-13 16:22:36,294 [WARN] ModelIntegratedComponent:63 - No mode defined for component null
2023-12-13 16:22:36,294 [WARN] ModelIntegratedComponent:63 - No mode defined for component null
2023-12-13 16:22:36,294 [WARN] ModelIntegratedComponent:63 - No mode defined for component null
2023-12-13 16:22:36,294 [WARN] ModelIntegratedComponent:63 - No mode defined for component null
2023-12-13 16:22:36,294 [WARN] ModelIntegratedComponent:63 - No mode defined for component null
2023-12-13 16:22:36,294 [WARN] ModelIntegratedComponent:63 - No mode defined for component null
2023-12-13 16:22:36,396 [INFO] ThirdPartyModel:298 - Start build external matchings
2023-12-13 16:22:36,635 [INFO] ThirdPartyModel:316 - End build external matchings
2023-12-13 16:22:36,884 [INFO] UtilMem:75 - End LoadConfig() Used Memory: 199902600 Bytes (434110464)
2023-12-13 16:22:37,064 [INFO] ApiDb:581 - Connected to CubeFinder SQLite database (C:\Users\alstl\.stmcufinder\plugins\mcufinder\mcu\cube-finder-db.db)
2023-12-13 16:22:37,188 [INFO] ApiDb:668 - CubeFinder database Data Model version=2.1
2023-12-13 16:22:37,189 [INFO] ApiDb:669 - CubeFinder database Configuration version=3.0.39
2023-12-13 16:22:37,190 [INFO] ApiDb:670 - CubeFinder database generation date=2023-11-06 (1699269565)
2023-12-13 16:22:37,190 [INFO] ApiDb:671 - CubeFinder database FW Pack versions=[FP-ATR-ASTRA1_V2.0.0, FP-SNS-FLIGHT1_V5.0.1, FP-SNS-FLIGHT1_V5.0.2, FP-SNS-MOTENV1_V4.3.1, FP-SNS-MOTENV1_V4.3.2, FP-SNS-MOTENVWB1_V1.3.0, FP-SNS-SMARTAG2_V1.2.0, STM32Cube_FW_C0_V1.1.0, STM32Cube_FW_F4_V1.28.0, STM32Cube_FW_F7_V1.17.0, STM32Cube_FW_G0_V1.6.1, STM32Cube_FW_G4_V1.5.1, STM32Cube_FW_H5_V0.5.1, STM32Cube_FW_H5_V1.1.1, STM32Cube_FW_H5_V1.2.0RC2, STM32Cube_FW_H7_V1.11.0, STM32Cube_FW_L0_V1.12.2, STM32Cube_FW_L5_V1.5.0, STM32Cube_FW_U5_V1.3.0RC4, STM32Cube_FW_U5_V1.4.0, STM32Cube_FW_WBA_V1.0.0RC1, STM32Cube_FW_WBA_V1.1.0RC1, STM32Cube_FW_WBA_V1.2.0, STM32Cube_FW_WBA_V1.2.0RC2, STM32Cube_FW_WB_V1.15.0RC1, STM32Cube_FW_WB_V1.16.0, STM32Cube_FW_WB_V1.16.0RC2, STM32Cube_FW_WB_V1.18.0, STM32Cube_FW_WL_V1.3.0, X-CUBE-ALGOBUILD_V1.3.0, X-CUBE-ALS_V1.0.1, X-CUBE-AZRTOS-F4_V1.1.0, X-CUBE-AZRTOS-F7_V1.1.0, X-CUBE-AZRTOS-G0_V1.1.0, X-CUBE-AZRTOS-G4_V2.0.0, X-CUBE-AZRTOS-H7_V3.1.0, X-CUBE-AZRTOS-L4_V1.0.0, X-CUBE-AZRTOS-L4_V2.0.0, X-CUBE-AZRTOS-L5_V1.1.0, X-CUBE-AZRTOS-WB_V2.0.0, X-CUBE-AZRTOS-WL_V2.0.0, X-CUBE-BLE1_V7.0.0, X-CUBE-BLE2_V3.3.0, X-CUBE-BLEMGR_V2.0.0, X-CUBE-EEPRMA1_V4.1.0, X-CUBE-EEPRMA1_V4.2.0, X-CUBE-FREERTOS_V1.1.0, X-CUBE-GNSS1_V6.0.0, X-CUBE-MEMS1_V10.0.0, X-CUBE-MEMS1_V9.1.0, X-CUBE-MEMS1_V9.4.0, X-CUBE-MEMS1_V9.6.0, X-CUBE-NFC4_V3.0.0, X-CUBE-NFC7_V1.0.1, X-CUBE-SFXS2LP1_V4.0.0, X-CUBE-SUBG2_V5.0.0, X-CUBE-TOF1_V3.3.1]
2023-12-13 16:22:39,582 [INFO] ApiDb:240 - Found 371 in-development CPN: [B-G473E-ZEST1S, B-WB1M-WPAN1, B-WL5M-SUBG1, NUCLEO-C031C6, NUCLEO-H503RB, NUCLEO-H563ZI, NUCLEO-U545RE-Q, NUCLEO-U5A5ZJ-Q, NUCLEO-WBA52CG, NUCLEO-WBA55CG, STEVAL-MKBOXPRO, STEVAL-PROTEUS1, STEVAL-STWINBX1, STM320518-EVAL, STM32C0116-DK, STM32C011D6Y3TR, STM32C011D6Y6TR, STM32C011F4P3, STM32C011F4P6, STM32C011F4U3, STM32C011F4U6TR, STM32C011F6P3, STM32C011F6P6, STM32C011F6U3, STM32C011F6U6TR, STM32C011J4M3, STM32C011J4M6, STM32C011J6M3, STM32C011J6M6, STM32C0316-DK, STM32C031C4T3, STM32C031C4T6, STM32C031C4U3, STM32C031C4U6, STM32C031C6T3, STM32C031C6T6, STM32C031C6U3, STM32C031C6U6, STM32C031F4P3, STM32C031F4P6, STM32C031F6P3, STM32C031F6P6, STM32C031G4U3, STM32C031G4U6, STM32C031G6U3, STM32C031G6U6, STM32C031K4T3, STM32C031K4T6, STM32C031K4U3, STM32C031K4U6, STM32C031K6T3, STM32C031K6T6, STM32C031K6U3, STM32C031K6U6, STM32G071K8TXN, STM32G071K8UXN, STM32G081GBU6N, STM32G081KBT6N, STM32G081KBUXN, STM32G0B1CCT6N, STM32G0B1KCT6, STM32G0B1NEY6TR, STM32G0B1RCT6N, STM32G0C1CCT6, STM32G0C1CCT6N, STM32G0C1CCU6N, STM32G0C1CET6N, STM32G0C1CEU6N, STM32G0C1KCT6, STM32G0C1NEY6TR, STM32G0C1RCI6N, STM32G0C1RCT6N, STM32G0C1REI6N, STM32G0C1RET6N, STM32G0C1VCI6, STM32G0C1VEI6, STM32G471CCT6, STM32G471CCU6, STM32G471CET3, STM32G471CET6, STM32G471CEU3, STM32G471CEU6, STM32G471MCT6, STM32G471MET3, STM32G471MET6, STM32G471MEY6TR, STM32G471QCT6, STM32G471QET3, STM32G471RCT6, STM32G471RET3, STM32G471RET6, STM32G471VCH6, STM32G471VCI6, STM32G471VCT6, STM32G471VEH3, STM32G471VEH6, STM32G471VEI3, STM32G471VEI6, STM32G471VET3, STM32G471VET6, STM32G474CCT6, STM32H503CBT6, STM32H503CBU6, STM32H503EBY6TR, STM32H503KBU6, STM32H503RBT6, STM32H562AGI6, STM32H562AII6, STM32H562IGK6, STM32H562IGT6, STM32H562IIK6, STM32H562IIT6, STM32H562RGT6, STM32H562RGV6, STM32H562RIT6, STM32H562RIV6, STM32H562VGT6, STM32H562VIT6, STM32H562ZGT6, STM32H562ZIT6, STM32H563AGI6, STM32H563AII3Q, STM32H563AII6, STM32H563IGK6, STM32H563IGT6, STM32H563IIK3Q, STM32H563IIK6, STM32H563IIT3Q, STM32H563IIT6, STM32H563MIY3QTR, STM32H563RGT6, STM32H563RGV6, STM32H563RIT6, STM32H563RIV6, STM32H563VGT6, STM32H563VIT3Q, STM32H563VIT6, STM32H563ZGT6, STM32H563ZIT3Q, STM32H563ZIT6, STM32H573AII3Q, STM32H573AII6, STM32H573I-DK, STM32H573IIK3Q, STM32H573IIK6, STM32H573IIT3Q, STM32H573IIT6, STM32H573MIY3QTR, STM32H573RIT6, STM32H573RIV6, STM32H573VIT3Q, STM32H573VIT6, STM32H573ZIT3Q, STM32H573ZIT6, STM32L4R5QGI6STR, STM32MP131AAE3, STM32MP131AAF3, STM32MP131AAG3, STM32MP131CAE3, STM32MP131CAF3, STM32MP131CAG3, STM32MP131DAE7, STM32MP131DAF7, STM32MP131DAG7, STM32MP131FAE7, STM32MP131FAF7, STM32MP131FAG7, STM32MP133AAE3, STM32MP133AAF3, STM32MP133AAG3, STM32MP133CAE3, STM32MP133CAF3, STM32MP133CAG3, STM32MP133DAE7, STM32MP133DAF7, STM32MP133DAG7, STM32MP133FAE7, STM32MP133FAF7, STM32MP133FAG7, STM32MP135AAE3, STM32MP135AAF3, STM32MP135AAG3, STM32MP135CAE3, STM32MP135CAF3, STM32MP135CAG3, STM32MP135DAE7, STM32MP135DAF7, STM32MP135DAG7, STM32MP135F-DK, STM32MP135FAE7, STM32MP135FAF7, STM32MP135FAF7T, STM32MP135FAF7U, STM32MP135FAG7, STM32U535CBT6, STM32U535CBT6Q, STM32U535CBU6, STM32U535CBU6Q, STM32U535CCT6, STM32U535CCT6Q, STM32U535CCU6, STM32U535CCU6Q, STM32U535CET6, STM32U535CET6Q, STM32U535CEU6, STM32U535CEU6Q, STM32U535JEY6QTR, STM32U535NCY6QTR, STM32U535NEY6QTR, STM32U535RBI6, STM32U535RBI6Q, STM32U535RBT6, STM32U535RBT6Q, STM32U535RCI6, STM32U535RCI6Q, STM32U535RCT6, STM32U535RCT6Q, STM32U535REI6, STM32U535REI6Q, STM32U535RET6, STM32U535RET6Q, STM32U535VCI6, STM32U535VCI6Q, STM32U535VCT6, STM32U535VCT6Q, STM32U535VEI6, STM32U535VEI6Q, STM32U535VET6, STM32U535VET6Q, STM32U545CET6, STM32U545CET6Q, STM32U545CEU6, STM32U545CEU6Q, STM32U545JEY6QTR, STM32U545NEY6QTR, STM32U545REI6, STM32U545REI6Q, STM32U545RET6, STM32U545RET6Q, STM32U545VEI6, STM32U545VEI6Q, STM32U545VET6, STM32U545VET6Q, STM32U595AIH6, STM32U595AIH6Q, STM32U595AJH6, STM32U595AJH6Q, STM32U595QII6, STM32U595QII6Q, STM32U595QJI6, STM32U595QJI6Q, STM32U595RIT6, STM32U595RIT6Q, STM32U595RJT6, STM32U595RJT6Q, STM32U595VIT6, STM32U595VIT6Q, STM32U595VJT6, STM32U595VJT6Q, STM32U595ZIT6, STM32U595ZIT6Q, STM32U595ZIY6QTR, STM32U595ZJT6, STM32U595ZJT6Q, STM32U595ZJY6QTR, STM32U599BJY6QTR, STM32U599NIH6Q, STM32U599NJH6Q, STM32U599VIT6Q, STM32U599VJT6, STM32U599VJT6Q, STM32U599ZIT6Q, STM32U599ZIY6QTR, STM32U599ZJT6Q, STM32U599ZJY6QTR, STM32U5A5AJH6, STM32U5A5AJH6Q, STM32U5A5QJI6, STM32U5A5QJI6Q, STM32U5A5RJT6, STM32U5A5RJT6Q, STM32U5A5VJT6, STM32U5A5VJT6Q, STM32U5A5ZJT6, STM32U5A5ZJT6Q, STM32U5A5ZJY6QTR, STM32U5A9BJY6QTR, STM32U5A9J-DK, STM32U5A9NJH6Q, STM32U5A9VJT6Q, STM32U5A9ZJT6Q, STM32U5A9ZJY6QTR, STM32U5F7VIT6, STM32U5F7VIT6Q, STM32U5F7VJT6, STM32U5F7VJT6Q, STM32U5F9BJY6QTR, STM32U5F9NJH6Q, STM32U5F9VIT6Q, STM32U5F9VJT6Q, STM32U5F9ZIJ6QTR, STM32U5F9ZIT6Q, STM32U5F9ZJJ6QTR, STM32U5F9ZJT6Q, STM32U5G7VJT6, STM32U5G7VJT6Q, STM32U5G9BJY6QTR, STM32U5G9J-DK1, STM32U5G9J-DK2, STM32U5G9NJH6Q, STM32U5G9VJT6Q, STM32U5G9ZJJ6QTR, STM32U5G9ZJT6Q, STM32WB1MMCH6, STM32WBA50KEU6, STM32WBA50KEU6TR, STM32WBA50KGU6, STM32WBA50KGU6TR, STM32WBA52CEU6, STM32WBA52CEU6TR, STM32WBA52CEU7, STM32WBA52CEU7TR, STM32WBA52CGU6, STM32WBA52CGU6TR, STM32WBA52CGU6U, STM32WBA52CGU7, STM32WBA52CGU7TR, STM32WBA52KEU6, STM32WBA52KEU6TR, STM32WBA52KGU6, STM32WBA52KGU6TR, STM32WBA54CEU6, STM32WBA54CEU6TR, STM32WBA54CEU7, STM32WBA54CEU7TR, STM32WBA54CGU6, STM32WBA54CGU6TR, STM32WBA54CGU7, STM32WBA54CGU7TR, STM32WBA54KEU6, STM32WBA54KEU6TR, STM32WBA54KEU7, STM32WBA54KEU7TR, STM32WBA54KGU6, STM32WBA54KGU6TR, STM32WBA54KGU7, STM32WBA54KGU7TR, STM32WBA55CEU6, STM32WBA55CEU6TR, STM32WBA55CEU7, STM32WBA55CEU7TR, STM32WBA55CGU6, STM32WBA55CGU6TR, STM32WBA55CGU6U, STM32WBA55CGU7, STM32WBA55CGU7TR, STM32WBA55G-DK1, STM32WBA55HEF6, STM32WBA55HEF7, STM32WBA55HGF6, STM32WBA55HGF7, STM32WBA55UEI6, STM32WBA55UEI6TR, STM32WBA55UEI7, STM32WBA55UEI7TR, STM32WBA55UGI6, STM32WBA55UGI6TR, STM32WBA55UGI7, STM32WBA55UGI7TR, STM32WL5MOCH6, STM32WL5MOCH6TR]
2023-12-13 16:22:39,588 [INFO] DbMcus:218 - Found 3930 MCUs, 3930 are supported
2023-12-13 16:22:39,589 [INFO] ApiDb:423 - Load user favorites file C:\Users\alstl/.stm32cubeide/favorites.mcus.txt: 0 item(s)
2023-12-13 16:22:39,590 [INFO] ApiDb:427 - User favorites MCUs=[]
2023-12-13 16:22:39,590 [INFO] DbMcus:224 - Set 0 / 0 favorites MCUs
2023-12-13 16:22:40,082 [INFO] MicroXplorer:468 - Change Database Path : 
2023-12-13 16:22:40,082 [INFO] MicroXplorer:498 - Change Database Version : DB.6.0.100
2023-12-13 16:22:40,084 [WARN] ThirdParty:833 - waiting for thirdparty lock release [change project]
2023-12-13 16:22:40,084 [INFO] ThirdParty:835 - entering critical section [change project]
2023-12-13 16:22:40,084 [INFO] ThirdParty:1030 - CMSIS Pack Vendor :STMicroelectronics X-CUBE-ISPU 1.1.0
2023-12-13 16:22:40,084 [INFO] ThirdParty:1030 - CMSIS Pack Vendor :STMicroelectronics USBPD 4.1
2023-12-13 16:22:40,084 [INFO] ThirdParty:1030 - CMSIS Pack Vendor :STMicroelectronics X-CUBE-GNSS1 6.0.0
2023-12-13 16:22:40,084 [INFO] ThirdParty:1030 - CMSIS Pack Vendor :STMicroelectronics USB_HOST 2.0.0
2023-12-13 16:22:40,084 [INFO] ThirdParty:1030 - CMSIS Pack Vendor :STMicroelectronics X-CUBE-AZRTOS-F4 1.1.0
2023-12-13 16:22:40,084 [INFO] ThirdParty:1030 - CMSIS Pack Vendor :STMicroelectronics LIBJPEG 8.0.0
2023-12-13 16:22:40,084 [INFO] ThirdParty:1030 - CMSIS Pack Vendor :wolfSSL I-CUBE-wolfSSL 5.6.4
2023-12-13 16:22:40,084 [INFO] ThirdParty:1030 - CMSIS Pack Vendor :STMicroelectronics X-CUBE-SMBUS 2.1.0
2023-12-13 16:22:40,084 [INFO] ThirdParty:1030 - CMSIS Pack Vendor :STMicroelectronics USB_DEVICE 3.0.0
2023-12-13 16:22:40,084 [INFO] ThirdParty:1030 - CMSIS Pack Vendor :STMicroelectronics X-CUBE-AZRTOS-WB 2.0.0
2023-12-13 16:22:40,084 [INFO] ThirdParty:1030 - CMSIS Pack Vendor :STMicroelectronics X-CUBE-AZRTOS-F7 1.1.0
2023-12-13 16:22:40,084 [INFO] ThirdParty:1030 - CMSIS Pack Vendor :STMicroelectronics X-CUBE-AZRTOS-L5 2.0.0
2023-12-13 16:22:40,084 [INFO] ThirdParty:1030 - CMSIS Pack Vendor :STMicroelectronics USB_DEVICE 2.0.0
2023-12-13 16:22:40,084 [INFO] ThirdParty:1030 - CMSIS Pack Vendor :STMicroelectronics X-CUBE-EEPRMA1 4.2.0
2023-12-13 16:22:40,084 [INFO] ThirdParty:1030 - CMSIS Pack Vendor :ITTIA_DB I-CUBE-ITTIADB 8.8.0
2023-12-13 16:22:40,085 [INFO] ThirdParty:1030 - CMSIS Pack Vendor :STMicroelectronics FP-SNS-MOTENV1 4.3.2
2023-12-13 16:22:40,085 [INFO] ThirdParty:1030 - CMSIS Pack Vendor :STMicroelectronics X-CUBE-ALGOBUILD 1.3.0
2023-12-13 16:22:40,085 [INFO] ThirdParty:1030 - CMSIS Pack Vendor :STMicroelectronics FreeRTOS 0.0.1
2023-12-13 16:22:40,085 [INFO] ThirdParty:1030 - CMSIS Pack Vendor :STMicroelectronics X-CUBE-AZRTOS-G0 1.1.0
2023-12-13 16:22:40,085 [INFO] ThirdParty:1030 - CMSIS Pack Vendor :STMicroelectronics X-CUBE-NFC4 3.0.0
2023-12-13 16:22:40,085 [INFO] ThirdParty:1030 - CMSIS Pack Vendor :STMicroelectronics X-CUBE-SUBG2 5.0.0
2023-12-13 16:22:40,085 [INFO] ThirdParty:1030 - CMSIS Pack Vendor :STMicroelectronics STM32_WPAN 1.0.0
2023-12-13 16:22:40,085 [INFO] ThirdParty:1030 - CMSIS Pack Vendor :STMicroelectronics lwIP 2.0.3
2023-12-13 16:22:40,085 [INFO] ThirdParty:1030 - CMSIS Pack Vendor :STMicroelectronics FP-SNS-FLIGHT1 5.0.2
2023-12-13 16:22:40,085 [INFO] ThirdParty:1030 - CMSIS Pack Vendor :STMicroelectronics USB_HOST 1.0.0
2023-12-13 16:22:40,085 [INFO] ThirdParty:1030 - CMSIS Pack Vendor :STMicroelectronics X-CUBE-AZRTOS-G4 2.0.0
2023-12-13 16:22:40,085 [INFO] ThirdParty:1030 - CMSIS Pack Vendor :STMicroelectronics PDM2PCM 3.1.0
2023-12-13 16:22:40,085 [INFO] ThirdParty:1030 - CMSIS Pack Vendor :STMicroelectronics X-CUBE-AZRTOS-H7 3.1.0
2023-12-13 16:22:40,085 [INFO] ThirdParty:1030 - CMSIS Pack Vendor :Infineon AIROC-Wi-Fi-Bluetooth-STM32 1.5.1
2023-12-13 16:22:40,085 [INFO] ThirdParty:1030 - CMSIS Pack Vendor :STMicroelectronics X-CUBE-BLEMGR 3.0.0
2023-12-13 16:22:40,085 [INFO] ThirdParty:1030 - CMSIS Pack Vendor :STMicroelectronics PDM2PCM 3.3.0
2023-12-13 16:22:40,085 [INFO] ThirdParty:1030 - CMSIS Pack Vendor :STMicroelectronics X-CUBE-DISPLAY 3.0.0
2023-12-13 16:22:40,085 [INFO] ThirdParty:1030 - CMSIS Pack Vendor :STMicroelectronics FP-SNS-MOTENVWB1 1.3.0
2023-12-13 16:22:40,085 [INFO] ThirdParty:1030 - CMSIS Pack Vendor :STMicroelectronics FP-SNS-MOTENVWB1 1.3.1
2023-12-13 16:22:40,085 [INFO] ThirdParty:1030 - CMSIS Pack Vendor :STMicroelectronics X-CUBE-BLE1 7.0.0
2023-12-13 16:22:40,085 [INFO] ThirdParty:1030 - CMSIS Pack Vendor :STMicroelectronics FP-ATR-SIGFOX1 3.2.0
2023-12-13 16:22:40,085 [INFO] ThirdParty:1030 - CMSIS Pack Vendor :STMicroelectronics X-CUBE-ISPU 2.0.0
2023-12-13 16:22:40,085 [INFO] ThirdParty:1030 - CMSIS Pack Vendor :STMicroelectronics HAL Drivers 0.0.0
2023-12-13 16:22:40,085 [INFO] ThirdParty:1030 - CMSIS Pack Vendor :STMicroelectronics MBEDTLS 2.16.2
2023-12-13 16:22:40,086 [INFO] ThirdParty:1030 - CMSIS Pack Vendor :emotas I-CUBE-CANOPEN 1.3.0
2023-12-13 16:22:40,086 [INFO] ThirdParty:1030 - CMSIS Pack Vendor :STMicroelectronics X-CUBE-MEMS1 10.0.0
2023-12-13 16:22:40,086 [INFO] ThirdParty:1030 - CMSIS Pack Vendor :STMicroelectronics X-CUBE-FREERTOS 1.1.0
2023-12-13 16:22:40,086 [INFO] ThirdParty:1030 - CMSIS Pack Vendor :STMicroelectronics X-CUBE-NFC7 1.0.1
2023-12-13 16:22:40,086 [INFO] ThirdParty:1030 - CMSIS Pack Vendor :STMicroelectronics MBEDTLS 2.14.1
2023-12-13 16:22:40,086 [INFO] ThirdParty:1030 - CMSIS Pack Vendor :STMicroelectronics X-CUBE-TOUCHGFX 4.22.1
2023-12-13 16:22:40,086 [INFO] ThirdParty:1030 - CMSIS Pack Vendor :STMicroelectronics X-CUBE-NFC6 3.0.0
2023-12-13 16:22:40,086 [INFO] ThirdParty:1030 - CMSIS Pack Vendor :portGmbH I-Cube-SoM-uGOAL 1.1.0
2023-12-13 16:22:40,086 [INFO] ThirdParty:1030 - CMSIS Pack Vendor :STMicroelectronics X-CUBE-ALS 1.0.1
2023-12-13 16:22:40,086 [INFO] ThirdParty:1030 - CMSIS Pack Vendor :STMicroelectronics ThreadX 1.0.0
2023-12-13 16:22:40,086 [INFO] ThirdParty:1030 - CMSIS Pack Vendor :STMicroelectronics FP-SNS-SMARTAG2 1.2.0
2023-12-13 16:22:40,086 [INFO] ThirdParty:1030 - CMSIS Pack Vendor :STMicroelectronics X-CUBE-AZRTOS-WL 2.0.0
2023-12-13 16:22:40,087 [INFO] ThirdParty:1030 - CMSIS Pack Vendor :STMicroelectronics USB_DEVICE 1.0.0
2023-12-13 16:22:40,087 [INFO] ThirdParty:1030 - CMSIS Pack Vendor :STMicroelectronics X-CUBE-AI 8.1.0
2023-12-13 16:22:40,087 [INFO] ThirdParty:1030 - CMSIS Pack Vendor :STMicroelectronics X-CUBE-AZRTOS-L4 2.0.0
2023-12-13 16:22:40,087 [INFO] ThirdParty:1030 - CMSIS Pack Vendor :STMicroelectronics ThreadX 0.0.2
2023-12-13 16:22:40,087 [INFO] ThirdParty:1030 - CMSIS Pack Vendor :WES I-CUBE-Cesium 1.3.0
2023-12-13 16:22:40,087 [INFO] ThirdParty:1030 - CMSIS Pack Vendor :STMicroelectronics FP-ATR-ASTRA1 2.0.0
2023-12-13 16:22:40,087 [INFO] ThirdParty:1030 - CMSIS Pack Vendor :STMicroelectronics lwIP 2.1.2
2023-12-13 16:22:40,088 [INFO] ThirdParty:1030 - CMSIS Pack Vendor :STMicroelectronics X-CUBE-SFXS2LP1 4.0.0
2023-12-13 16:22:40,088 [INFO] ThirdParty:1030 - CMSIS Pack Vendor :STMicroelectronics X-CUBE-BLE2 3.3.0
2023-12-13 16:22:40,088 [INFO] ThirdParty:1030 - CMSIS Pack Vendor :STMicroelectronics X-CUBE-TOF1 3.4.0
2023-12-13 16:22:40,088 [INFO] ThirdParty:1030 - CMSIS Pack Vendor :STMicroelectronics X-CUBE-AZRTOS-H7 3.2.0
2023-12-13 16:22:40,088 [INFO] ThirdParty:1030 - CMSIS Pack Vendor :STMicroelectronics PDM2PCM 3.2.0
2023-12-13 16:22:40,088 [INFO] ThirdParty:841 - exiting critical section [change project]
2023-12-13 16:22:40,527 [INFO] PinOutPanel:1499 - setPackage(No Configuration,No Configuration)
2023-12-13 16:22:40,530 [INFO] PinOutPanel:1499 - setPackage(STM32F103C8Tx,LQFP48)
2023-12-13 16:22:41,124 [INFO] UtilMem:75 - Before build in PCC Used Memory: 194282008 Bytes (434110464)
2023-12-13 16:22:42,140 [INFO] UtilMem:75 - After build in PCC Used Memory: 277185960 Bytes (434110464)
2023-12-13 16:22:42,165 [INFO] IPUIPlugin:80 - create IPUIPlugin
2023-12-13 16:22:42,165 [INFO] IPUIPlugin:80 - create IPUIPlugin
2023-12-13 16:22:42,165 [INFO] IPUIPlugin:80 - create IPUIPlugin
2023-12-13 16:22:42,165 [INFO] IPUIPlugin:80 - create IPUIPlugin
2023-12-13 16:22:42,170 [INFO] IPUIPlugin:80 - create IPUIPlugin
2023-12-13 16:22:42,170 [INFO] IPUIPlugin:80 - create IPUIPlugin
2023-12-13 16:22:42,170 [INFO] IPUIPlugin:80 - create IPUIPlugin
2023-12-13 16:22:42,170 [INFO] IPUIPlugin:80 - create IPUIPlugin
2023-12-13 16:22:42,170 [INFO] IPUIPlugin:80 - create IPUIPlugin
2023-12-13 16:22:42,170 [INFO] IPUIPlugin:80 - create IPUIPlugin
2023-12-13 16:22:42,170 [INFO] IPUIPlugin:80 - create IPUIPlugin
2023-12-13 16:22:42,170 [INFO] IPUIPlugin:80 - create IPUIPlugin
2023-12-13 16:22:42,172 [INFO] IPUIPlugin:80 - create IPUIPlugin
2023-12-13 16:22:42,172 [INFO] IPUIPlugin:80 - create IPUIPlugin
2023-12-13 16:22:42,173 [INFO] IPUIPlugin:80 - create IPUIPlugin
2023-12-13 16:22:42,173 [INFO] IPUIPlugin:80 - create IPUIPlugin
2023-12-13 16:22:42,173 [INFO] IPUIPlugin:80 - create IPUIPlugin
2023-12-13 16:22:42,173 [INFO] IPUIPlugin:80 - create IPUIPlugin
2023-12-13 16:22:42,173 [INFO] IPUIPlugin:80 - create IPUIPlugin
2023-12-13 16:22:42,173 [INFO] IPUIPlugin:80 - create IPUIPlugin
2023-12-13 16:22:42,173 [INFO] IPUIPlugin:80 - create IPUIPlugin
2023-12-13 16:22:42,174 [INFO] IPUIPlugin:80 - create IPUIPlugin
2023-12-13 16:22:42,174 [INFO] IPUIPlugin:80 - create IPUIPlugin
2023-12-13 16:22:42,174 [INFO] IPUIPlugin:80 - create IPUIPlugin
2023-12-13 16:22:42,174 [INFO] IPUIPlugin:80 - create IPUIPlugin
2023-12-13 16:22:42,174 [INFO] IPUIPlugin:80 - create IPUIPlugin
2023-12-13 16:22:42,176 [INFO] IPUIPlugin:80 - create IPUIPlugin
2023-12-13 16:22:42,390 [INFO] CADModel:165 - CPN selected for project levelSTM32F103C8T6
2023-12-13 16:22:42,390 [INFO] CADModel:114 - Register for checkConnection events
2023-12-13 16:22:42,461 [INFO] OpenFileManager:343 - Restore cursor
2023-12-13 16:25:36,395 [INFO] Gpio:277 - dependency for GPIO [SYS]
2023-12-13 16:26:32,815 [INFO] UtilMem:75 - End SaveConfig() Used Memory: 181828016 Bytes (581959680)
2023-12-13 16:26:34,805 [INFO] UtilMem:75 - End SaveConfig() Used Memory: 197911864 Bytes (581959680)
2023-12-13 16:26:40,301 [INFO] UtilMem:75 - End SaveConfig() Used Memory: 260993456 Bytes (581959680)
2023-12-13 16:26:40,867 [INFO] BlockDiagram:2759 - set Specific Code input for plugin: NVIC
2023-12-13 16:26:40,867 [INFO] BlockDiagram:2759 - set Specific Code input for plugin: SYS
2023-12-13 16:26:40,868 [INFO] BlockDiagram:2759 - set Specific Code input for plugin: GPIO
2023-12-13 16:26:40,868 [INFO] BlockDiagram:2759 - set Specific Code input for plugin: RCC
2023-12-13 16:26:40,874 [INFO] CodeGenerator:807 - code generatio: config db path: C:\ST\STM32CubeIDE_1.14.0\STM32CubeIDE\plugins\com.st.stm32cube.common.mx_6.10.0.202311202037\\db\
2023-12-13 16:26:41,251 [INFO] CodeEngine:255 - oldGeneratedFile, D:\STM32CubeIDE_Study\first\MXTmpFiles\license.tmp_save
2023-12-13 16:26:41,646 [INFO] CodeEngine:279 - Generated code: D:\STM32CubeIDE_Study\first\MXTmpFiles\license.tmp
2023-12-13 16:26:41,755 [INFO] CodeEngine:255 - oldGeneratedFile, D:\STM32CubeIDE_Study\first\MXTmpFiles\gpio.tmp_save
2023-12-13 16:26:41,968 [INFO] CodeEngine:279 - Generated code: D:\STM32CubeIDE_Study\first\MXTmpFiles\gpio.tmp
2023-12-13 16:26:42,047 [INFO] CodeEngine:255 - oldGeneratedFile, D:\STM32CubeIDE_Study\first\Core\Src\stm32f1xx_it.c_save
2023-12-13 16:26:42,359 [INFO] CodeEngine:279 - Generated code: D:\STM32CubeIDE_Study\first\Core\Src\stm32f1xx_it.c
2023-12-13 16:26:42,388 [INFO] CodeEngine:255 - oldGeneratedFile, D:\STM32CubeIDE_Study\first\Core\Inc\stm32f1xx_it.h_save
2023-12-13 16:26:42,514 [INFO] CodeEngine:279 - Generated code: D:\STM32CubeIDE_Study\first\Core\Inc\stm32f1xx_it.h
2023-12-13 16:26:42,556 [INFO] CodeEngine:255 - oldGeneratedFile, D:\STM32CubeIDE_Study\first\Core\Src\stm32f1xx_hal_msp.c_save
2023-12-13 16:26:42,702 [INFO] CodeEngine:279 - Generated code: D:\STM32CubeIDE_Study\first\Core\Src\stm32f1xx_hal_msp.c
2023-12-13 16:26:42,716 [INFO] CodeEngine:255 - oldGeneratedFile, D:\STM32CubeIDE_Study\first\MXTmpFiles\system.tmp_save
2023-12-13 16:26:42,804 [INFO] CodeEngine:279 - Generated code: D:\STM32CubeIDE_Study\first\MXTmpFiles\system.tmp
2023-12-13 16:26:42,846 [INFO] CodeEngine:311 - oldGeneratedFile, D:\STM32CubeIDE_Study\first\Core\Inc\stm32f1xx_hal_conf.h_save
2023-12-13 16:26:43,117 [INFO] CodeEngine:335 - Generated code: D:\STM32CubeIDE_Study\first\Core\Inc\stm32f1xx_hal_conf.h
2023-12-13 16:26:43,260 [INFO] CodeEngine:255 - oldGeneratedFile, D:\STM32CubeIDE_Study\first\Core\Inc\main.h_save
2023-12-13 16:26:43,472 [INFO] CodeEngine:279 - Generated code: D:\STM32CubeIDE_Study\first\Core\Inc\main.h
2023-12-13 16:26:43,523 [INFO] CodeEngine:255 - oldGeneratedFile, D:\STM32CubeIDE_Study\first\Core\Src\main.c_save
2023-12-13 16:26:43,750 [INFO] CodeEngine:279 - Generated code: D:\STM32CubeIDE_Study\first\Core\Src\main.c
2023-12-13 16:26:44,524 [INFO] ProjectBuilder:3076 - Time for Copy HAL[1] : 245mS.
2023-12-13 16:26:44,532 [INFO] ProjectBuilder:4485 - Project Generator version: 4.2.0-B44
2023-12-13 16:26:44,830 [INFO] ConfigFileManager:1495 - The Die is : DIE410
2023-12-13 16:26:44,855 [INFO] ApiDbMcu:508 - Load IP Config File for FATFS
2023-12-13 16:26:44,900 [INFO] ApiDbMcu:508 - Load IP Config File for FREERTOS
2023-12-13 16:26:44,917 [INFO] ApiDbMcu:508 - Load IP Config File for USB_DEVICE
2023-12-13 16:26:46,262 [INFO] LogOutputStream:77 - [STDOUT_REDIRECT] 
2023-12-13 16:26:48,023 [INFO] ProjectBuilder:4747 - Time for Generating toolchain IDE Files: 3490mS.
2023-12-13 16:26:48,024 [INFO] ProjectBuilder:2947 - Time for Copy CMSIS : 1mS.
2023-12-13 16:26:48,026 [INFO] ProjectBuilder:2947 - Time for Copy CMSIS : 0mS.
