2024-04-16 02:00:54,579 [ERROR] LogOutputStream:75 - [STDERR_REDIRECT] 
2024-04-16 15:06:48,073 [INFO] Activator:176 - 


2024-04-16 15:06:48,074 [INFO] Activator:177 - !SESSION log4j initialized
2024-04-16 15:06:53,303 [INFO] LogOutputStream:77 - [STDOUT_REDIRECT] 
2024-04-16 15:07:00,385 [INFO] ApplicationProperties:184 - Using Application install path: C:\ST\STM32CubeIDE_1.14.0\STM32CubeIDE\plugins\com.st.stm32cube.common.mx_6.10.0.202311202037
2024-04-16 15:07:00,399 [INFO] DbMcusXml:78 - Set database path to: C:\ST\STM32CubeIDE_1.14.0\STM32CubeIDE\plugins\com.st.stm32cube.common.mx_6.10.0.202311202037\\db\/mcu/
2024-04-16 15:07:00,399 [INFO] ApiDb:274 - Set plugin database path to: C:\ST\STM32CubeIDE_1.14.0\STM32CubeIDE\plugins\com.st.stm32cube.common.mx_6.10.0.202311202037\\db\/plugins/boardmanager/
2024-04-16 15:07:00,399 [WARN] ApiDb:259 - Overriding images path with different value:  => C:\ST\STM32CubeIDE_1.14.0\STM32CubeIDE\plugins\com.st.stm32cube.common.mx_6.10.0.202311202037\\db\/plugins/mcufinder/images/
2024-04-16 15:07:00,408 [INFO] ApiDb:250 - Set database path to: C:\Users\alstl\.stmcufinder\plugins\mcufinder//mcu/
2024-04-16 15:07:00,409 [INFO] DbMcusAds:125 - Set database path to: C:\Users\alstl\.stmcufinder\plugins\mcufinder//mcu/
2024-04-16 15:07:00,411 [INFO] CrossReferenceDbSqlite:203 - Set database path to: C:\Users\alstl\.stmcufinder\plugins\mcufinder//mcu/cs/
2024-04-16 15:07:00,525 [INFO] RulesReader:64 - Compatibility file has been processed (297 Rules)
2024-04-16 15:07:00,603 [INFO] DbMcusXml:78 - Set database path to: C:\ST\STM32CubeIDE_1.14.0\STM32CubeIDE\plugins\com.st.stm32cube.common.mx_6.10.0.202311202037\\db\/mcu/
2024-04-16 15:07:00,603 [INFO] ApiDb:274 - Set plugin database path to: C:\ST\STM32CubeIDE_1.14.0\STM32CubeIDE\plugins\com.st.stm32cube.common.mx_6.10.0.202311202037\\db\/plugins/boardmanager/
2024-04-16 15:07:00,603 [INFO] ApiDb:261 - Set plugin images path to: C:\ST\STM32CubeIDE_1.14.0\STM32CubeIDE\plugins\com.st.stm32cube.common.mx_6.10.0.202311202037\\db\/plugins/mcufinder/images/
2024-04-16 15:07:00,603 [WARN] DbFile:41 - Overriding database path with different value: C:\Users\alstl\.stmcufinder\plugins\mcufinder/ => C:\Users\alstl\.stmcufinder\plugins\mcufinder
2024-04-16 15:07:00,604 [INFO] ApiDb:250 - Set database path to: C:\Users\alstl\.stmcufinder\plugins\mcufinder//mcu/
2024-04-16 15:07:00,604 [WARN] DbFile:41 - Overriding database path with different value: C:\Users\alstl\.stmcufinder\plugins\mcufinder/ => C:\Users\alstl\.stmcufinder\plugins\mcufinder
2024-04-16 15:07:00,604 [INFO] DbMcusAds:125 - Set database path to: C:\Users\alstl\.stmcufinder\plugins\mcufinder//mcu/
2024-04-16 15:07:00,604 [WARN] DbFile:41 - Overriding database path with different value: C:\Users\alstl\.stmcufinder\plugins\mcufinder/ => C:\Users\alstl\.stmcufinder\plugins\mcufinder
2024-04-16 15:07:00,604 [WARN] DbFile:41 - Overriding database path with different value: C:\Users\alstl\.stmcufinder\plugins\mcufinder/ => C:\Users\alstl\.stmcufinder\plugins\mcufinder
2024-04-16 15:07:00,604 [INFO] CrossReferenceDbSqlite:203 - Set database path to: C:\Users\alstl\.stmcufinder\plugins\mcufinder//mcu/cs/
2024-04-16 15:07:00,677 [INFO] MainPanel:264 - HeapMemory: 268435456
2024-04-16 15:07:00,761 [INFO] DbMcusXml:78 - Set database path to: C:\ST\STM32CubeIDE_1.14.0\STM32CubeIDE\plugins\com.st.stm32cube.common.mx_6.10.0.202311202037\\db\/mcu/
2024-04-16 15:07:00,761 [INFO] ApiDb:274 - Set plugin database path to: C:\ST\STM32CubeIDE_1.14.0\STM32CubeIDE\plugins\com.st.stm32cube.common.mx_6.10.0.202311202037\\db\/plugins/boardmanager/
2024-04-16 15:07:00,761 [INFO] ApiDb:261 - Set plugin images path to: C:\ST\STM32CubeIDE_1.14.0\STM32CubeIDE\plugins\com.st.stm32cube.common.mx_6.10.0.202311202037\\db\/plugins/mcufinder/images/
2024-04-16 15:07:00,762 [WARN] DbFile:41 - Overriding database path with different value: C:\Users\alstl\.stmcufinder\plugins\mcufinder/ => C:\Users\alstl\.stmcufinder\plugins\mcufinder
2024-04-16 15:07:00,762 [INFO] ApiDb:250 - Set database path to: C:\Users\alstl\.stmcufinder\plugins\mcufinder//mcu/
2024-04-16 15:07:00,762 [WARN] DbFile:41 - Overriding database path with different value: C:\Users\alstl\.stmcufinder\plugins\mcufinder/ => C:\Users\alstl\.stmcufinder\plugins\mcufinder
2024-04-16 15:07:00,762 [INFO] DbMcusAds:125 - Set database path to: C:\Users\alstl\.stmcufinder\plugins\mcufinder//mcu/
2024-04-16 15:07:00,762 [WARN] DbFile:41 - Overriding database path with different value: C:\Users\alstl\.stmcufinder\plugins\mcufinder/ => C:\Users\alstl\.stmcufinder\plugins\mcufinder
2024-04-16 15:07:00,762 [WARN] DbFile:41 - Overriding database path with different value: C:\Users\alstl\.stmcufinder\plugins\mcufinder/ => C:\Users\alstl\.stmcufinder\plugins\mcufinder
2024-04-16 15:07:00,762 [INFO] CrossReferenceDbSqlite:203 - Set database path to: C:\Users\alstl\.stmcufinder\plugins\mcufinder//mcu/cs/
2024-04-16 15:07:00,778 [INFO] ApplicationProperties:184 - Using Application install path: C:\ST\STM32CubeIDE_1.14.0\STM32CubeIDE\plugins\com.st.stm32cube.common.mx_6.10.0.202311202037
2024-04-16 15:07:00,779 [INFO] PluginManage:196 - Search for loadable plugins [exclusion list=, ]
2024-04-16 15:07:00,781 [INFO] PluginManage:310 - Check plugin analytics
2024-04-16 15:07:05,900 [INFO] AnalyticsPlugin:253 - Accepted Software Licenses: 
2024-04-16 15:07:05,901 [INFO] AnalyticsPlugin:255 - Accepted CMSIS Pack Licenses: 
2024-04-16 15:07:05,901 [INFO] AnalyticsPlugin:257 - Accepted Firmware Licenses: 
2024-04-16 15:07:05,903 [INFO] PluginManage:359 - Loaded plugin analytics (category:tool,tabindex:-1)
2024-04-16 15:07:05,903 [INFO] PluginManage:310 - Check plugin cadmodel
2024-04-16 15:07:05,916 [INFO] CADModel:105 - Init CAD model plugin
2024-04-16 15:07:05,916 [INFO] PluginManage:359 - Loaded plugin cadmodel (category:power,tabindex:5)
2024-04-16 15:07:05,916 [INFO] PluginManage:310 - Check plugin clock
2024-04-16 15:07:05,935 [INFO] PluginManage:359 - Loaded plugin clock (category:base,tabindex:2)
2024-04-16 15:07:05,935 [INFO] PluginManage:310 - Check plugin ddr
2024-04-16 15:07:05,938 [INFO] PluginManage:359 - Loaded plugin ddr (category:tool,tabindex:6)
2024-04-16 15:07:05,938 [INFO] PluginManage:310 - Check plugin filemanager
2024-04-16 15:07:06,066 [INFO] PluginManage:359 - Loaded plugin filemanager (category:base,tabindex:10)
2024-04-16 15:07:06,066 [INFO] PluginManage:310 - Check plugin ipmanager
2024-04-16 15:07:06,073 [INFO] PluginManage:359 - Loaded plugin ipmanager (category:base,tabindex:5)
2024-04-16 15:07:06,073 [INFO] PluginManage:310 - Check plugin lpbam
2024-04-16 15:07:06,088 [INFO] PluginManage:359 - Loaded plugin lpbam (category:base,tabindex:0)
2024-04-16 15:07:06,088 [INFO] PluginManage:310 - Check plugin memorymap
2024-04-16 15:07:06,112 [INFO] PluginManage:359 - Loaded plugin memorymap (category:base,tabindex:4)
2024-04-16 15:07:06,112 [INFO] PluginManage:310 - Check plugin pinoutandconfiguration
2024-04-16 15:07:06,126 [INFO] PluginManage:359 - Loaded plugin pinoutandconfiguration (category:base,tabindex:1)
2024-04-16 15:07:06,126 [INFO] PluginManage:310 - Check plugin pinoutconfig
2024-04-16 15:07:06,209 [WARN] SupportedApi:132 - Cannot load RTOS API schema: s4s-elt-must-match.1: The content of 'definitions' must match (annotation?, (simpleType | complexType)?, (unique | key | keyref)*)). A problem was found starting at: attribute.
2024-04-16 15:07:06,353 [INFO] PluginManage:359 - Loaded plugin pinoutconfig (category:base,tabindex:0)
2024-04-16 15:07:06,353 [INFO] PluginManage:310 - Check plugin power
2024-04-16 15:07:06,371 [INFO] PluginManage:359 - Loaded plugin power (category:power,tabindex:4)
2024-04-16 15:07:06,371 [INFO] PluginManage:310 - Check plugin projectmanager
2024-04-16 15:07:06,390 [INFO] PluginManage:359 - Loaded plugin projectmanager (category:projectmanager,tabindex:3)
2024-04-16 15:07:06,392 [INFO] PluginManage:310 - Check plugin thirdparty
2024-04-16 15:07:06,646 [INFO] PluginManage:359 - Loaded plugin thirdparty (category:base,tabindex:-1)
2024-04-16 15:07:06,646 [WARN] IntegrityCheckThread:84 - waiting for thirdparty lock release [integrity check]
2024-04-16 15:07:06,646 [INFO] PluginManage:310 - Check plugin tools
2024-04-16 15:07:06,646 [INFO] IntegrityCheckThread:86 - entering critical section [integrity check]
2024-04-16 15:07:06,647 [INFO] ThirdPartyUpdaterWithRetryManager:70 - Updater plugin not ready yet. [1/15]
2024-04-16 15:07:06,675 [INFO] PluginManage:359 - Loaded plugin tools (category:base,tabindex:7)
2024-04-16 15:07:06,676 [INFO] PluginManage:310 - Check plugin tutovideos
2024-04-16 15:07:06,848 [INFO] PluginManage:359 - Loaded plugin tutovideos (category:base,tabindex:-1)
2024-04-16 15:07:06,848 [INFO] PluginManage:310 - Check plugin updater
2024-04-16 15:07:06,859 [INFO] PluginManage:359 - Loaded plugin updater (category:base,tabindex:12)
2024-04-16 15:07:06,859 [INFO] PluginManage:310 - Check plugin userauth
2024-04-16 15:07:06,863 [INFO] UserAuth:114 - Init User Auth plugin
2024-04-16 15:07:06,863 [INFO] PluginManage:359 - Loaded plugin userauth (category:base,tabindex:14)
2024-04-16 15:07:06,865 [INFO] PluginManage:283 - PluginManage : Loaded plugins [17]
2024-04-16 15:07:07,058 [INFO] PinOutPanel:1499 - setPackage(No Configuration,No Configuration)
2024-04-16 15:07:07,127 [INFO] CADModel:165 - CPN selected for project level
2024-04-16 15:07:07,127 [INFO] CADModel:114 - Register for checkConnection events
2024-04-16 15:07:07,150 [INFO] IPUIPlugin:80 - create IPUIPlugin
2024-04-16 15:07:07,150 [INFO] PluginManager:220 - loadIPPluginJar : add adc
2024-04-16 15:07:07,177 [INFO] IPUIPlugin:80 - create IPUIPlugin
2024-04-16 15:07:07,177 [INFO] PluginManager:220 - loadIPPluginJar : add aes
2024-04-16 15:07:07,209 [INFO] IPUIPlugin:80 - create IPUIPlugin
2024-04-16 15:07:07,210 [INFO] PluginManager:220 - loadIPPluginJar : add can
2024-04-16 15:07:07,229 [INFO] IPUIPlugin:80 - create IPUIPlugin
2024-04-16 15:07:07,229 [INFO] PluginManager:220 - loadIPPluginJar : add comp
2024-04-16 15:07:07,257 [INFO] IPUIPlugin:80 - create IPUIPlugin
2024-04-16 15:07:07,257 [INFO] PluginManager:220 - loadIPPluginJar : add cryp
2024-04-16 15:07:07,281 [INFO] IPUIPlugin:80 - create IPUIPlugin
2024-04-16 15:07:07,281 [INFO] PluginManager:220 - loadIPPluginJar : add dfsdm
2024-04-16 15:07:07,293 [INFO] IPUIPlugin:80 - create IPUIPlugin
2024-04-16 15:07:07,293 [INFO] PluginManager:220 - loadIPPluginJar : add dma
2024-04-16 15:07:07,328 [INFO] IPUIPlugin:80 - create IPUIPlugin
2024-04-16 15:07:07,328 [INFO] PluginManager:220 - loadIPPluginJar : add dma3
2024-04-16 15:07:07,343 [INFO] IPUIPlugin:80 - create IPUIPlugin
2024-04-16 15:07:07,343 [INFO] PluginManager:220 - loadIPPluginJar : add fatfs
2024-04-16 15:07:07,381 [INFO] IPUIPlugin:80 - create IPUIPlugin
2024-04-16 15:07:07,381 [INFO] PluginManager:220 - loadIPPluginJar : add fmc
2024-04-16 15:07:07,394 [INFO] IPUIPlugin:80 - create IPUIPlugin
2024-04-16 15:07:07,395 [INFO] PluginManager:220 - loadIPPluginJar : add freertos
2024-04-16 15:07:07,410 [INFO] IPUIPlugin:80 - create IPUIPlugin
2024-04-16 15:07:07,410 [INFO] PluginManager:220 - loadIPPluginJar : add genericplugin
2024-04-16 15:07:07,481 [INFO] IPUIPlugin:80 - create IPUIPlugin
2024-04-16 15:07:07,481 [INFO] PluginManager:220 - loadIPPluginJar : add gfxmmu
2024-04-16 15:07:07,592 [INFO] IPUIPlugin:80 - create IPUIPlugin
2024-04-16 15:07:07,592 [INFO] PluginManager:220 - loadIPPluginJar : add gic
2024-04-16 15:07:07,602 [INFO] IPUIPlugin:80 - create IPUIPlugin
2024-04-16 15:07:07,602 [INFO] PluginManager:220 - loadIPPluginJar : add gpio
2024-04-16 15:07:07,675 [INFO] IPUIPlugin:80 - create IPUIPlugin
2024-04-16 15:07:07,675 [INFO] PluginManager:220 - loadIPPluginJar : add gtzc
2024-04-16 15:07:07,700 [INFO] IPUIPlugin:80 - create IPUIPlugin
2024-04-16 15:07:07,700 [INFO] PluginManager:220 - loadIPPluginJar : add hash
2024-04-16 15:07:07,741 [INFO] IPUIPlugin:80 - create IPUIPlugin
2024-04-16 15:07:07,741 [INFO] PluginManager:220 - loadIPPluginJar : add i2c
2024-04-16 15:07:07,770 [INFO] IPUIPlugin:80 - create IPUIPlugin
2024-04-16 15:07:07,770 [INFO] PluginManager:220 - loadIPPluginJar : add i2s
2024-04-16 15:07:07,803 [INFO] IPUIPlugin:80 - create IPUIPlugin
2024-04-16 15:07:07,803 [INFO] PluginManager:220 - loadIPPluginJar : add i3c
2024-04-16 15:07:07,889 [INFO] IPUIPlugin:80 - create IPUIPlugin
2024-04-16 15:07:07,889 [INFO] PluginManager:220 - loadIPPluginJar : add ipddr
2024-04-16 15:07:07,964 [INFO] IPUIPlugin:80 - create IPUIPlugin
2024-04-16 15:07:07,964 [INFO] PluginManager:220 - loadIPPluginJar : add linkedlist
2024-04-16 15:07:07,990 [INFO] IPUIPlugin:80 - create IPUIPlugin
2024-04-16 15:07:07,990 [INFO] PluginManager:220 - loadIPPluginJar : add lorawan
2024-04-16 15:07:08,017 [INFO] IPUIPlugin:80 - create IPUIPlugin
2024-04-16 15:07:08,017 [INFO] PluginManager:220 - loadIPPluginJar : add ltdc
2024-04-16 15:07:08,030 [INFO] IPUIPlugin:80 - create IPUIPlugin
2024-04-16 15:07:08,030 [INFO] PluginManager:220 - loadIPPluginJar : add mdma
2024-04-16 15:07:08,040 [INFO] IPUIPlugin:80 - create IPUIPlugin
2024-04-16 15:07:08,040 [INFO] PluginManager:220 - loadIPPluginJar : add nvic
2024-04-16 15:07:08,069 [INFO] IPUIPlugin:80 - create IPUIPlugin
2024-04-16 15:07:08,069 [INFO] PluginManager:220 - loadIPPluginJar : add opamp
2024-04-16 15:07:08,118 [INFO] IPUIPlugin:80 - create IPUIPlugin
2024-04-16 15:07:08,118 [INFO] PluginManager:220 - loadIPPluginJar : add openamp
2024-04-16 15:07:08,155 [INFO] IPUIPlugin:80 - create IPUIPlugin
2024-04-16 15:07:08,156 [INFO] PluginManager:220 - loadIPPluginJar : add pdm2pcm
2024-04-16 15:07:08,168 [INFO] IPUIPlugin:80 - create IPUIPlugin
2024-04-16 15:07:08,170 [INFO] PluginManager:220 - loadIPPluginJar : add plateformsettings
2024-04-16 15:07:08,188 [INFO] IPUIPlugin:80 - create IPUIPlugin
2024-04-16 15:07:08,188 [INFO] PluginManager:220 - loadIPPluginJar : add quadspi
2024-04-16 15:07:08,198 [INFO] IPUIPlugin:80 - create IPUIPlugin
2024-04-16 15:07:08,198 [INFO] PluginManager:220 - loadIPPluginJar : add resmgrutility
2024-04-16 15:07:08,236 [INFO] IPUIPlugin:80 - create IPUIPlugin
2024-04-16 15:07:08,236 [INFO] PluginManager:220 - loadIPPluginJar : add sai
2024-04-16 15:07:08,265 [INFO] IPUIPlugin:80 - create IPUIPlugin
2024-04-16 15:07:08,265 [INFO] PluginManager:220 - loadIPPluginJar : add spi
2024-04-16 15:07:08,318 [INFO] IPUIPlugin:80 - create IPUIPlugin
2024-04-16 15:07:08,318 [INFO] PluginManager:220 - loadIPPluginJar : add stm32_wpan
2024-04-16 15:07:08,337 [INFO] IPUIPlugin:80 - create IPUIPlugin
2024-04-16 15:07:08,337 [INFO] PluginManager:220 - loadIPPluginJar : add tim
2024-04-16 15:07:08,381 [INFO] IPUIPlugin:80 - create IPUIPlugin
2024-04-16 15:07:08,381 [INFO] PluginManager:220 - loadIPPluginJar : add touchsensing
2024-04-16 15:07:08,398 [INFO] IPUIPlugin:80 - create IPUIPlugin
2024-04-16 15:07:08,398 [INFO] PluginManager:220 - loadIPPluginJar : add tracer_emb
2024-04-16 15:07:08,416 [INFO] IPUIPlugin:80 - create IPUIPlugin
2024-04-16 15:07:08,417 [INFO] PluginManager:220 - loadIPPluginJar : add ts
2024-04-16 15:07:08,433 [INFO] IPUIPlugin:80 - create IPUIPlugin
2024-04-16 15:07:08,433 [INFO] PluginManager:220 - loadIPPluginJar : add tsc
2024-04-16 15:07:08,451 [INFO] IPUIPlugin:80 - create IPUIPlugin
2024-04-16 15:07:08,451 [INFO] PluginManager:220 - loadIPPluginJar : add ucpd
2024-04-16 15:07:08,485 [INFO] IPUIPlugin:80 - create IPUIPlugin
2024-04-16 15:07:08,485 [INFO] PluginManager:220 - loadIPPluginJar : add usart
2024-04-16 15:07:08,525 [INFO] IPUIPlugin:80 - create IPUIPlugin
2024-04-16 15:07:08,525 [INFO] PluginManager:220 - loadIPPluginJar : add usbx
2024-04-16 15:07:08,649 [INFO] CADModel:165 - CPN selected for project level
2024-04-16 15:07:08,650 [INFO] CADModel:114 - Register for checkConnection events
2024-04-16 15:07:08,650 [FATAL] Updater:308 - Updater called before beeing initialized
2024-04-16 15:07:08,650 [ERROR] CADModel:125 - Updater not yet initialized, retry later 
2024-04-16 15:07:08,776 [INFO] CADModel:165 - CPN selected for project level
2024-04-16 15:07:08,776 [INFO] CADModel:114 - Register for checkConnection events
2024-04-16 15:07:08,776 [FATAL] Updater:308 - Updater called before beeing initialized
2024-04-16 15:07:08,776 [ERROR] CADModel:125 - Updater not yet initialized, retry later 
2024-04-16 15:07:08,779 [FATAL] Updater:308 - Updater called before beeing initialized
2024-04-16 15:07:08,892 [FATAL] Updater:308 - Updater called before beeing initialized
2024-04-16 15:07:08,902 [INFO] DbMcusAds:53 - JSON generation date=Tue Mar 07 17:50:55 KST 2023 (1678179055114)
2024-04-16 15:07:08,903 [FATAL] Updater:308 - Updater called before beeing initialized
2024-04-16 15:07:08,971 [WARN] DetailPanel:346 - Failed to get advertising image, set to default
2024-04-16 15:07:09,050 [FATAL] Updater:308 - Updater called before beeing initialized
2024-04-16 15:07:09,053 [FATAL] Updater:308 - Updater called before beeing initialized
2024-04-16 15:07:09,053 [FATAL] Updater:308 - Updater called before beeing initialized
2024-04-16 15:07:09,053 [WARN] DetailPanel:346 - Failed to get advertising image, set to default
2024-04-16 15:07:09,054 [FATAL] Updater:308 - Updater called before beeing initialized
2024-04-16 15:07:09,113 [ERROR] Updater:1120 - MainUpdater not yet initialized. External WinMGr cannot be set.
2024-04-16 15:07:09,124 [INFO] Updater:1056 - Updater Version found : 6.10.0
2024-04-16 15:07:09,142 [INFO] ApplicationProperties:184 - Using Application install path: C:\ST\STM32CubeIDE_1.14.0\STM32CubeIDE\plugins\com.st.stm32cube.common.mx_6.10.0.202311202037
2024-04-16 15:07:09,648 [INFO] ThirdPartyUpdaterWithRetryManager:70 - Updater plugin not ready yet. [2/15]
2024-04-16 15:07:10,729 [ERROR] LogOutputStream:75 - [STDERR_REDIRECT] Apr 16, 2024 3:07:10 PM java.util.prefs.WindowsPreferences <init>
2024-04-16 15:07:10,732 [ERROR] LogOutputStream:75 - [STDERR_REDIRECT] WARNING: Could not open/create prefs root node Software\JavaSoft\Prefs at root 0xffffffff80000002. Windows RegCreateKeyEx(...) returned error code 5.
2024-04-16 15:07:10,732 [ERROR] LogOutputStream:75 - [STDERR_REDIRECT] 
2024-04-16 15:07:11,106 [INFO] MainUpdater:2873 - connection check result : 10
2024-04-16 15:07:11,106 [INFO] MainUpdater:290 - Updater Check For Update Now.
2024-04-16 15:07:11,107 [INFO] MicroXplorer:498 - Change Database Version : DB.6.0.100
2024-04-16 15:07:11,125 [INFO] McuFinderGlobals:63 - Set McuFinder mode to 2 (CubeIDE integrated)
2024-04-16 15:07:11,137 [INFO] UserAuth:404 - Internet connection configuration mode: 1
2024-04-16 15:07:11,169 [INFO] JxBrowserEngine:152 - Initiate JxBrowser Engine with user profile folder
2024-04-16 15:07:11,307 [INFO] CheckServerUpdateThread:120 - End of CheckServer Thread
2024-04-16 15:07:11,338 [INFO] MainUpdater:2873 - connection check result : 10
2024-04-16 15:07:11,344 [INFO] MainUpdater:2873 - connection check result : 10
2024-04-16 15:07:11,488 [INFO] MicroXplorer:468 - Change Database Path : 
2024-04-16 15:07:11,488 [INFO] MicroXplorer:498 - Change Database Version : DB.6.0.100
2024-04-16 15:07:11,492 [WARN] ThirdParty:871 - waiting for thirdparty lock release [close project]
2024-04-16 15:07:12,838 [WARN] PackLoader:240 - Cannot read IP mode file for STMicroelectronics.X-CUBE-SMBUS.2.1.0
2024-04-16 15:07:12,851 [WARN] PackLoader:240 - Cannot read IP mode file for STMicroelectronics.X-CUBE-TOUCHGFX.4.23.0
2024-04-16 15:07:12,862 [WARN] PackLoader:240 - Cannot read IP mode file for STMicroelectronics.X-CUBE-TOUCHGFX.4.23.2
2024-04-16 15:07:12,903 [WARN] PackLoader:240 - Cannot read IP mode file for STMicroelectronics.X-CUBE-AZRTOS-F7.1.1.0
2024-04-16 15:07:12,924 [WARN] PackLoader:240 - Cannot read IP mode file for STMicroelectronics.FP-SNS-MOTENV1.4.3.2
2024-04-16 15:07:12,939 [WARN] PackLoader:240 - Cannot read IP mode file for STMicroelectronics.FP-SNS-FLIGHT1.5.0.2
2024-04-16 15:07:12,958 [WARN] PackLoader:240 - Cannot read IP mode file for STMicroelectronics.X-CUBE-DISPLAY.3.0.0
2024-04-16 15:07:12,979 [WARN] PackLoader:240 - Cannot read IP mode file for STMicroelectronics.X-CUBE-BLE1.7.0.0
2024-04-16 15:07:12,992 [WARN] PackLoader:240 - Cannot read IP mode file for emotas.I-CUBE-CANOPEN.1.3.0
2024-04-16 15:07:13,004 [WARN] PackLoader:240 - Cannot read IP mode file for STMicroelectronics.X-CUBE-TOUCHGFX.4.22.1
2024-04-16 15:07:13,022 [WARN] PackLoader:240 - Cannot read IP mode file for STMicroelectronics.X-CUBE-BLEMGR.3.1.0
2024-04-16 15:07:13,036 [WARN] PackLoader:240 - Cannot read IP mode file for STMicroelectronics.FP-SNS-SMARTAG2.1.2.0
2024-04-16 15:07:13,053 [INFO] LogOutputStream:77 - [STDOUT_REDIRECT] 1 : Invalid condition id : UX_CORESTACK_Condition cause : null
2024-04-16 15:07:13,055 [INFO] LogOutputStream:77 - [STDOUT_REDIRECT] 1 : Invalid condition id : UX_CORESTACK_Condition cause : null
2024-04-16 15:07:13,055 [INFO] LogOutputStream:77 - [STDOUT_REDIRECT] 1 : Invalid condition id : UX_CORESTACK_Condition cause : null
2024-04-16 15:07:13,057 [INFO] LogOutputStream:77 - [STDOUT_REDIRECT] 1 : Invalid condition id : UX_CORESTACK_Condition cause : null
2024-04-16 15:07:13,058 [INFO] LogOutputStream:77 - [STDOUT_REDIRECT] 1 : Invalid condition id : UX_CORESTACK_Condition cause : null
2024-04-16 15:07:13,060 [WARN] PackLoader:240 - Cannot read IP mode file for STMicroelectronics.X-CUBE-AZRTOS-WL.2.0.0
2024-04-16 15:07:13,070 [WARN] PackLoader:240 - Cannot read IP mode file for STMicroelectronics.FP-SNS-MOTENV1.5.0.0
2024-04-16 15:07:13,084 [WARN] PackLoader:240 - Cannot read IP mode file for WES.I-CUBE-Cesium.1.3.0
2024-04-16 15:07:13,093 [WARN] PackLoader:240 - Cannot read IP mode file for STMicroelectronics.X-CUBE-BLE2.3.3.0
2024-04-16 15:07:13,103 [WARN] PackLoader:240 - Cannot read IP mode file for STMicroelectronics.X-CUBE-TCPP.4.1.0
2024-04-16 15:07:13,121 [WARN] PackLoader:240 - Cannot read IP mode file for STMicroelectronics.X-CUBE-ALGOBUILD.1.3.0
2024-04-16 15:07:13,148 [WARN] PackLoader:240 - Cannot read IP mode file for STMicroelectronics.X-CUBE-AZRTOS-G0.1.1.0
2024-04-16 15:07:13,166 [WARN] PackLoader:240 - Cannot read IP mode file for STMicroelectronics.X-CUBE-SAFEA1.1.2.2
2024-04-16 15:07:13,181 [WARN] PackLoader:240 - Cannot read IP mode file for STMicroelectronics.X-CUBE-NFC4.3.0.0
2024-04-16 15:07:13,200 [WARN] PackLoader:240 - Cannot read IP mode file for STMicroelectronics.X-CUBE-BLEMGR.3.0.0
2024-04-16 15:07:13,215 [WARN] PackLoader:240 - Cannot read IP mode file for STMicroelectronics.FP-ATR-SIGFOX1.3.2.0
2024-04-16 15:07:13,229 [WARN] PackLoader:240 - Cannot read IP mode file for STMicroelectronics.X-CUBE-EEPRMA1.5.1.0
2024-04-16 15:07:13,271 [WARN] PackLoader:240 - Cannot read IP mode file for SEGGER.I-CUBE-embOS.1.3.1
2024-04-16 15:07:13,316 [WARN] PackLoader:240 - Cannot read IP mode file for STMicroelectronics.X-CUBE-GNSS1.6.0.0
2024-04-16 15:07:13,343 [WARN] PackLoader:240 - Cannot read IP mode file for STMicroelectronics.X-CUBE-AZRTOS-F4.1.1.0
2024-04-16 15:07:13,357 [WARN] PackLoader:240 - Cannot read IP mode file for wolfSSL.I-CUBE-wolfSSL.5.6.4
2024-04-16 15:07:13,382 [WARN] PackLoader:240 - Cannot read IP mode file for STMicroelectronics.X-CUBE-AZRTOS-L5.2.0.0
2024-04-16 15:07:13,397 [WARN] PackLoader:240 - Cannot read IP mode file for STMicroelectronics.X-CUBE-EEPRMA1.4.2.0
2024-04-16 15:07:13,410 [WARN] PackLoader:240 - Cannot read IP mode file for STMicroelectronics.X-CUBE-NFC6.3.1.0
2024-04-16 15:07:13,423 [WARN] PackLoader:240 - Cannot read IP mode file for ITTIA_DB.I-CUBE-ITTIADB.8.8.0
2024-04-16 15:07:13,458 [WARN] ConditionMgr:438 - getConditionDescription Invalid condition id : UX DEVICE CLASS RTOS Condition cause : null
2024-04-16 15:07:13,459 [WARN] ConditionMgr:438 - getConditionDescription Invalid condition id : UX DEVICE CLASS RTOS Condition cause : null
2024-04-16 15:07:13,462 [WARN] PackLoader:240 - Cannot read IP mode file for STMicroelectronics.X-CUBE-AZRTOS-H7.3.1.0
2024-04-16 15:07:13,463 [WARN] ConditionMgr:1039 - genDependencies : Invalid condition id : UX DEVICE CLASS RTOS Condition cause : null
2024-04-16 15:07:13,463 [WARN] ConditionMgr:1039 - genDependencies : Invalid condition id : UX DEVICE CLASS RTOS Condition cause : null
2024-04-16 15:07:13,465 [WARN] ConditionMgr:1039 - genDependencies : Invalid condition id : UX DEVICE CLASS RTOS Condition cause : null
2024-04-16 15:07:13,465 [WARN] ConditionMgr:1039 - genDependencies : Invalid condition id : UX DEVICE CLASS RTOS Condition cause : null
2024-04-16 15:07:13,465 [WARN] ConditionMgr:1039 - genDependencies : Invalid condition id : UX DEVICE CLASS RTOS Condition cause : null
2024-04-16 15:07:13,492 [WARN] PackLoader:240 - Cannot read IP mode file for STMicroelectronics.X-CUBE-NFC7.1.0.1
2024-04-16 15:07:13,512 [WARN] PackLoader:240 - Cannot read IP mode file for STMicroelectronics.X-CUBE-NFC6.3.0.0
2024-04-16 15:07:13,528 [WARN] PackLoader:240 - Cannot read IP mode file for STMicroelectronics.X-CUBE-AI.8.1.0
2024-04-16 15:07:13,624 [WARN] ConditionMgr:438 - getConditionDescription Invalid condition id : LAN8742 Phy interface Condition cause : null
2024-04-16 15:07:13,625 [WARN] PackLoader:240 - Cannot read IP mode file for STMicroelectronics.X-CUBE-AZRTOS-L4.2.0.0
2024-04-16 15:07:13,626 [WARN] ConditionMgr:1039 - genDependencies : Invalid condition id : LAN8742 Phy interface Condition cause : null
2024-04-16 15:07:13,627 [WARN] ConditionMgr:1039 - genDependencies : Invalid condition id : LAN8742 Phy interface Condition cause : null
2024-04-16 15:07:13,627 [WARN] ConditionMgr:1039 - genDependencies : Invalid condition id : LAN8742 Phy interface Condition cause : null
2024-04-16 15:07:13,643 [WARN] PackLoader:240 - Cannot read IP mode file for STMicroelectronics.X-CUBE-SFXS2LP1.4.0.0
2024-04-16 15:07:13,656 [WARN] PackLoader:240 - Cannot read IP mode file for STMicroelectronics.X-CUBE-ISPU.1.1.0
2024-04-16 15:07:13,683 [WARN] ConditionMgr:438 - getConditionDescription Invalid condition id : UX DEVICE CLASS RTOS Condition cause : null
2024-04-16 15:07:13,683 [WARN] ConditionMgr:438 - getConditionDescription Invalid condition id : UX DEVICE CLASS RTOS Condition cause : null
2024-04-16 15:07:13,685 [WARN] PackLoader:240 - Cannot read IP mode file for STMicroelectronics.X-CUBE-AZRTOS-WB.2.0.0
2024-04-16 15:07:13,686 [WARN] ConditionMgr:1039 - genDependencies : Invalid condition id : UX DEVICE CLASS RTOS Condition cause : null
2024-04-16 15:07:13,686 [WARN] ConditionMgr:1039 - genDependencies : Invalid condition id : UX DEVICE CLASS RTOS Condition cause : null
2024-04-16 15:07:13,686 [WARN] ConditionMgr:1039 - genDependencies : Invalid condition id : UX DEVICE CLASS RTOS Condition cause : null
2024-04-16 15:07:13,687 [WARN] ConditionMgr:1039 - genDependencies : Invalid condition id : UX DEVICE CLASS RTOS Condition cause : null
2024-04-16 15:07:13,687 [WARN] ConditionMgr:1039 - genDependencies : Invalid condition id : UX DEVICE CLASS RTOS Condition cause : null
2024-04-16 15:07:13,704 [WARN] PackLoader:240 - Cannot read IP mode file for STMicroelectronics.X-CUBE-SUBG2.5.0.0
2024-04-16 15:07:13,734 [WARN] PackLoader:240 - Cannot read IP mode file for STMicroelectronics.X-CUBE-AZRTOS-G4.2.0.0
2024-04-16 15:07:13,764 [WARN] PackLoader:240 - Cannot read IP mode file for Infineon.AIROC-Wi-Fi-Bluetooth-STM32.1.5.1
2024-04-16 15:07:13,794 [WARN] PackLoader:240 - Cannot read IP mode file for STMicroelectronics.FP-SNS-MOTENVWB1.1.3.0
2024-04-16 15:07:13,809 [WARN] PackLoader:240 - Cannot read IP mode file for STMicroelectronics.FP-SNS-MOTENVWB1.1.3.1
2024-04-16 15:07:13,824 [WARN] PackLoader:240 - Cannot read IP mode file for STMicroelectronics.X-CUBE-ISPU.2.0.0
2024-04-16 15:07:13,936 [WARN] PackLoader:240 - Cannot read IP mode file for STMicroelectronics.X-CUBE-MEMS1.10.0.0
2024-04-16 15:07:14,112 [WARN] PackLoader:240 - Cannot read IP mode file for STMicroelectronics.X-CUBE-FREERTOS.1.1.0
2024-04-16 15:07:14,126 [WARN] PackLoader:240 - Cannot read IP mode file for portGmbH.I-Cube-SoM-uGOAL.1.1.0
2024-04-16 15:07:14,138 [INFO] WebApp:161 - Instantiating new browser for Auth
2024-04-16 15:07:14,138 [WARN] PackLoader:240 - Cannot read IP mode file for STMicroelectronics.X-CUBE-ALS.1.0.1
2024-04-16 15:07:14,153 [WARN] PackLoader:240 - Cannot read IP mode file for STMicroelectronics.FP-ATR-ASTRA1.2.0.0
2024-04-16 15:07:14,221 [WARN] PackLoader:240 - Cannot read IP mode file for STMicroelectronics.X-CUBE-TOF1.3.4.0
2024-04-16 15:07:14,256 [WARN] PackLoader:240 - Cannot read IP mode file for STMicroelectronics.X-CUBE-TOF1.3.4.1
2024-04-16 15:07:14,320 [WARN] PackLoader:240 - Cannot read IP mode file for STMicroelectronics.X-CUBE-AZRTOS-H7.3.2.0
2024-04-16 15:07:14,325 [INFO] ThirdParty:978 - Integrity check success = true
2024-04-16 15:07:14,325 [INFO] IntegrityCheckThread:100 - exiting critical section [integrity check]
2024-04-16 15:07:14,325 [INFO] ThirdParty:873 - entering critical section [close project]
2024-04-16 15:07:14,325 [INFO] IntegrityCheckThread:103 - End integrity checks thread
2024-04-16 15:07:14,325 [INFO] ThirdParty:883 - exiting critical section [close project]
2024-04-16 15:07:14,329 [INFO] PinOutPanel:1499 - setPackage(No Configuration,No Configuration)
2024-04-16 15:07:14,332 [INFO] UtilMem:75 - Begin LoadConfig() Used Memory: 153159840 Bytes (268435456)
2024-04-16 15:07:14,333 [INFO] MicroXplorer:468 - Change Database Path : 
2024-04-16 15:07:14,333 [INFO] MicroXplorer:498 - Change Database Version : DB.6.0.100
2024-04-16 15:07:14,333 [INFO] OpenFileManager:312 - Change cursor
2024-04-16 15:07:14,419 [INFO] Mcu:2016 - Initializing MCU STM32F103C(8-B)Tx STM32F103C8Tx STM32F103C8T6
2024-04-16 15:07:15,098 [INFO] WebApp:780 - Register for checkConnection events
2024-04-16 15:07:15,098 [INFO] WebApp:414 - Apply proxy settings
2024-04-16 15:07:15,099 [INFO] WebApp:499 - Chromium requires no authentication
2024-04-16 15:07:15,110 [INFO] WebApp:442 - Direct internet connection detected
2024-04-16 15:07:15,375 [INFO] WebApp:192 - Starting web application
2024-04-16 15:07:15,375 [INFO] WebApp:544 - Web application path used C:\ST\STM32CubeIDE_1.14.0\STM32CubeIDE\plugins\com.st.stm32cube.common.mx_6.10.0.202311202037\db\plugins\mcufinder\reactClient1\index.html
2024-04-16 15:07:15,431 [INFO] Context:659 - Trying to add GPIOservice into a context  which must be forbidden
2024-04-16 15:07:15,782 [INFO] RtosManager:555 - Registered RTOS mode: class=CMSIS, group=RTOS, mode=CMSIS_V1, owner=FREERTOS
2024-04-16 15:07:15,782 [INFO] RtosManager:555 - Registered RTOS mode: class=CMSIS, group=RTOS2, mode=CMSIS_V2, owner=FREERTOS
2024-04-16 15:07:15,782 [INFO] RtosManager:555 - Registered RTOS mode: class=RTOS, group=Core, mode=CMSIS_V1, owner=FREERTOS
2024-04-16 15:07:15,782 [INFO] RtosManager:555 - Registered RTOS mode: class=RTOS, group=Core, mode=CMSIS_V2, owner=FREERTOS
2024-04-16 15:07:15,782 [WARN] ModelIntegratedComponent:184 - Missing modes for component STMicroelectronics:FreeRTOS:0.0.1:STMicroelectronics:RTOS:FreeRTOS:Core:::10.2.0:
2024-04-16 15:07:15,797 [WARN] ModelIntegratedComponent:63 - No mode defined for component null
2024-04-16 15:07:15,798 [WARN] ModelIntegratedComponent:63 - No mode defined for component null
2024-04-16 15:07:15,798 [WARN] ModelIntegratedComponent:63 - No mode defined for component null
2024-04-16 15:07:15,798 [WARN] ModelIntegratedComponent:63 - No mode defined for component null
2024-04-16 15:07:15,798 [WARN] ModelIntegratedComponent:63 - No mode defined for component null
2024-04-16 15:07:15,798 [WARN] ModelIntegratedComponent:63 - No mode defined for component null
2024-04-16 15:07:15,798 [WARN] ModelIntegratedComponent:63 - No mode defined for component null
2024-04-16 15:07:15,798 [WARN] ModelIntegratedComponent:63 - No mode defined for component null
2024-04-16 15:07:15,798 [WARN] ModelIntegratedComponent:63 - No mode defined for component null
2024-04-16 15:07:15,798 [WARN] ModelIntegratedComponent:63 - No mode defined for component null
2024-04-16 15:07:15,798 [WARN] ModelIntegratedComponent:63 - No mode defined for component null
2024-04-16 15:07:15,798 [WARN] ModelIntegratedComponent:63 - No mode defined for component null
2024-04-16 15:07:15,798 [WARN] ModelIntegratedComponent:63 - No mode defined for component null
2024-04-16 15:07:15,798 [WARN] ModelIntegratedComponent:63 - No mode defined for component null
2024-04-16 15:07:15,798 [WARN] ModelIntegratedComponent:63 - No mode defined for component null
2024-04-16 15:07:15,798 [WARN] ModelIntegratedComponent:63 - No mode defined for component null
2024-04-16 15:07:15,798 [WARN] ModelIntegratedComponent:63 - No mode defined for component null
2024-04-16 15:07:15,798 [WARN] ModelIntegratedComponent:63 - No mode defined for component null
2024-04-16 15:07:15,798 [WARN] ModelIntegratedComponent:63 - No mode defined for component null
2024-04-16 15:07:15,800 [WARN] ModelIntegratedComponent:63 - No mode defined for component null
2024-04-16 15:07:15,800 [WARN] ModelIntegratedComponent:63 - No mode defined for component null
2024-04-16 15:07:15,800 [WARN] ModelIntegratedComponent:63 - No mode defined for component null
2024-04-16 15:07:15,800 [WARN] ModelIntegratedComponent:63 - No mode defined for component null
2024-04-16 15:07:15,800 [WARN] ModelIntegratedComponent:63 - No mode defined for component null
2024-04-16 15:07:15,800 [WARN] ModelIntegratedComponent:63 - No mode defined for component null
2024-04-16 15:07:15,800 [WARN] ModelIntegratedComponent:63 - No mode defined for component null
2024-04-16 15:07:15,800 [WARN] ModelIntegratedComponent:63 - No mode defined for component null
2024-04-16 15:07:15,800 [WARN] ModelIntegratedComponent:63 - No mode defined for component null
2024-04-16 15:07:15,800 [WARN] ModelIntegratedComponent:63 - No mode defined for component null
2024-04-16 15:07:15,800 [WARN] ModelIntegratedComponent:63 - No mode defined for component null
2024-04-16 15:07:15,800 [WARN] ModelIntegratedComponent:63 - No mode defined for component null
2024-04-16 15:07:15,800 [WARN] ModelIntegratedComponent:63 - No mode defined for component null
2024-04-16 15:07:15,800 [WARN] ModelIntegratedComponent:63 - No mode defined for component null
2024-04-16 15:07:15,899 [INFO] ThirdPartyModel:298 - Start build external matchings
2024-04-16 15:07:16,172 [INFO] ThirdPartyModel:316 - End build external matchings
2024-04-16 15:07:16,370 [INFO] UtilMem:75 - End LoadConfig() Used Memory: 198863384 Bytes (313524224)
2024-04-16 15:07:16,485 [INFO] ApiDb:581 - Connected to CubeFinder SQLite database (C:\Users\alstl\.stmcufinder\plugins\mcufinder\mcu\cube-finder-db.db)
2024-04-16 15:07:16,550 [INFO] ApiDb:668 - CubeFinder database Data Model version=2.1
2024-04-16 15:07:16,550 [INFO] ApiDb:669 - CubeFinder database Configuration version=3.0.39
2024-04-16 15:07:16,550 [INFO] ApiDb:670 - CubeFinder database generation date=2023-11-06 (1699269565)
2024-04-16 15:07:16,550 [INFO] ApiDb:671 - CubeFinder database FW Pack versions=[FP-ATR-ASTRA1_V2.0.0, FP-SNS-FLIGHT1_V5.0.1, FP-SNS-FLIGHT1_V5.0.2, FP-SNS-MOTENV1_V4.3.1, FP-SNS-MOTENV1_V4.3.2, FP-SNS-MOTENVWB1_V1.3.0, FP-SNS-SMARTAG2_V1.2.0, STM32Cube_FW_C0_V1.1.0, STM32Cube_FW_F4_V1.28.0, STM32Cube_FW_F7_V1.17.0, STM32Cube_FW_G0_V1.6.1, STM32Cube_FW_G4_V1.5.1, STM32Cube_FW_H5_V0.5.1, STM32Cube_FW_H5_V1.1.1, STM32Cube_FW_H5_V1.2.0RC2, STM32Cube_FW_H7_V1.11.0, STM32Cube_FW_L0_V1.12.2, STM32Cube_FW_L5_V1.5.0, STM32Cube_FW_U5_V1.3.0RC4, STM32Cube_FW_U5_V1.4.0, STM32Cube_FW_WBA_V1.0.0RC1, STM32Cube_FW_WBA_V1.1.0RC1, STM32Cube_FW_WBA_V1.2.0, STM32Cube_FW_WBA_V1.2.0RC2, STM32Cube_FW_WB_V1.15.0RC1, STM32Cube_FW_WB_V1.16.0, STM32Cube_FW_WB_V1.16.0RC2, STM32Cube_FW_WB_V1.18.0, STM32Cube_FW_WL_V1.3.0, X-CUBE-ALGOBUILD_V1.3.0, X-CUBE-ALS_V1.0.1, X-CUBE-AZRTOS-F4_V1.1.0, X-CUBE-AZRTOS-F7_V1.1.0, X-CUBE-AZRTOS-G0_V1.1.0, X-CUBE-AZRTOS-G4_V2.0.0, X-CUBE-AZRTOS-H7_V3.1.0, X-CUBE-AZRTOS-L4_V1.0.0, X-CUBE-AZRTOS-L4_V2.0.0, X-CUBE-AZRTOS-L5_V1.1.0, X-CUBE-AZRTOS-WB_V2.0.0, X-CUBE-AZRTOS-WL_V2.0.0, X-CUBE-BLE1_V7.0.0, X-CUBE-BLE2_V3.3.0, X-CUBE-BLEMGR_V2.0.0, X-CUBE-EEPRMA1_V4.1.0, X-CUBE-EEPRMA1_V4.2.0, X-CUBE-FREERTOS_V1.1.0, X-CUBE-GNSS1_V6.0.0, X-CUBE-MEMS1_V10.0.0, X-CUBE-MEMS1_V9.1.0, X-CUBE-MEMS1_V9.4.0, X-CUBE-MEMS1_V9.6.0, X-CUBE-NFC4_V3.0.0, X-CUBE-NFC7_V1.0.1, X-CUBE-SFXS2LP1_V4.0.0, X-CUBE-SUBG2_V5.0.0, X-CUBE-TOF1_V3.3.1]
2024-04-16 15:07:18,411 [INFO] ApiDb:240 - Found 371 in-development CPN: [B-G473E-ZEST1S, B-WB1M-WPAN1, B-WL5M-SUBG1, NUCLEO-C031C6, NUCLEO-H503RB, NUCLEO-H563ZI, NUCLEO-U545RE-Q, NUCLEO-U5A5ZJ-Q, NUCLEO-WBA52CG, NUCLEO-WBA55CG, STEVAL-MKBOXPRO, STEVAL-PROTEUS1, STEVAL-STWINBX1, STM320518-EVAL, STM32C0116-DK, STM32C011D6Y3TR, STM32C011D6Y6TR, STM32C011F4P3, STM32C011F4P6, STM32C011F4U3, STM32C011F4U6TR, STM32C011F6P3, STM32C011F6P6, STM32C011F6U3, STM32C011F6U6TR, STM32C011J4M3, STM32C011J4M6, STM32C011J6M3, STM32C011J6M6, STM32C0316-DK, STM32C031C4T3, STM32C031C4T6, STM32C031C4U3, STM32C031C4U6, STM32C031C6T3, STM32C031C6T6, STM32C031C6U3, STM32C031C6U6, STM32C031F4P3, STM32C031F4P6, STM32C031F6P3, STM32C031F6P6, STM32C031G4U3, STM32C031G4U6, STM32C031G6U3, STM32C031G6U6, STM32C031K4T3, STM32C031K4T6, STM32C031K4U3, STM32C031K4U6, STM32C031K6T3, STM32C031K6T6, STM32C031K6U3, STM32C031K6U6, STM32G071K8TXN, STM32G071K8UXN, STM32G081GBU6N, STM32G081KBT6N, STM32G081KBUXN, STM32G0B1CCT6N, STM32G0B1KCT6, STM32G0B1NEY6TR, STM32G0B1RCT6N, STM32G0C1CCT6, STM32G0C1CCT6N, STM32G0C1CCU6N, STM32G0C1CET6N, STM32G0C1CEU6N, STM32G0C1KCT6, STM32G0C1NEY6TR, STM32G0C1RCI6N, STM32G0C1RCT6N, STM32G0C1REI6N, STM32G0C1RET6N, STM32G0C1VCI6, STM32G0C1VEI6, STM32G471CCT6, STM32G471CCU6, STM32G471CET3, STM32G471CET6, STM32G471CEU3, STM32G471CEU6, STM32G471MCT6, STM32G471MET3, STM32G471MET6, STM32G471MEY6TR, STM32G471QCT6, STM32G471QET3, STM32G471RCT6, STM32G471RET3, STM32G471RET6, STM32G471VCH6, STM32G471VCI6, STM32G471VCT6, STM32G471VEH3, STM32G471VEH6, STM32G471VEI3, STM32G471VEI6, STM32G471VET3, STM32G471VET6, STM32G474CCT6, STM32H503CBT6, STM32H503CBU6, STM32H503EBY6TR, STM32H503KBU6, STM32H503RBT6, STM32H562AGI6, STM32H562AII6, STM32H562IGK6, STM32H562IGT6, STM32H562IIK6, STM32H562IIT6, STM32H562RGT6, STM32H562RGV6, STM32H562RIT6, STM32H562RIV6, STM32H562VGT6, STM32H562VIT6, STM32H562ZGT6, STM32H562ZIT6, STM32H563AGI6, STM32H563AII3Q, STM32H563AII6, STM32H563IGK6, STM32H563IGT6, STM32H563IIK3Q, STM32H563IIK6, STM32H563IIT3Q, STM32H563IIT6, STM32H563MIY3QTR, STM32H563RGT6, STM32H563RGV6, STM32H563RIT6, STM32H563RIV6, STM32H563VGT6, STM32H563VIT3Q, STM32H563VIT6, STM32H563ZGT6, STM32H563ZIT3Q, STM32H563ZIT6, STM32H573AII3Q, STM32H573AII6, STM32H573I-DK, STM32H573IIK3Q, STM32H573IIK6, STM32H573IIT3Q, STM32H573IIT6, STM32H573MIY3QTR, STM32H573RIT6, STM32H573RIV6, STM32H573VIT3Q, STM32H573VIT6, STM32H573ZIT3Q, STM32H573ZIT6, STM32L4R5QGI6STR, STM32MP131AAE3, STM32MP131AAF3, STM32MP131AAG3, STM32MP131CAE3, STM32MP131CAF3, STM32MP131CAG3, STM32MP131DAE7, STM32MP131DAF7, STM32MP131DAG7, STM32MP131FAE7, STM32MP131FAF7, STM32MP131FAG7, STM32MP133AAE3, STM32MP133AAF3, STM32MP133AAG3, STM32MP133CAE3, STM32MP133CAF3, STM32MP133CAG3, STM32MP133DAE7, STM32MP133DAF7, STM32MP133DAG7, STM32MP133FAE7, STM32MP133FAF7, STM32MP133FAG7, STM32MP135AAE3, STM32MP135AAF3, STM32MP135AAG3, STM32MP135CAE3, STM32MP135CAF3, STM32MP135CAG3, STM32MP135DAE7, STM32MP135DAF7, STM32MP135DAG7, STM32MP135F-DK, STM32MP135FAE7, STM32MP135FAF7, STM32MP135FAF7T, STM32MP135FAF7U, STM32MP135FAG7, STM32U535CBT6, STM32U535CBT6Q, STM32U535CBU6, STM32U535CBU6Q, STM32U535CCT6, STM32U535CCT6Q, STM32U535CCU6, STM32U535CCU6Q, STM32U535CET6, STM32U535CET6Q, STM32U535CEU6, STM32U535CEU6Q, STM32U535JEY6QTR, STM32U535NCY6QTR, STM32U535NEY6QTR, STM32U535RBI6, STM32U535RBI6Q, STM32U535RBT6, STM32U535RBT6Q, STM32U535RCI6, STM32U535RCI6Q, STM32U535RCT6, STM32U535RCT6Q, STM32U535REI6, STM32U535REI6Q, STM32U535RET6, STM32U535RET6Q, STM32U535VCI6, STM32U535VCI6Q, STM32U535VCT6, STM32U535VCT6Q, STM32U535VEI6, STM32U535VEI6Q, STM32U535VET6, STM32U535VET6Q, STM32U545CET6, STM32U545CET6Q, STM32U545CEU6, STM32U545CEU6Q, STM32U545JEY6QTR, STM32U545NEY6QTR, STM32U545REI6, STM32U545REI6Q, STM32U545RET6, STM32U545RET6Q, STM32U545VEI6, STM32U545VEI6Q, STM32U545VET6, STM32U545VET6Q, STM32U595AIH6, STM32U595AIH6Q, STM32U595AJH6, STM32U595AJH6Q, STM32U595QII6, STM32U595QII6Q, STM32U595QJI6, STM32U595QJI6Q, STM32U595RIT6, STM32U595RIT6Q, STM32U595RJT6, STM32U595RJT6Q, STM32U595VIT6, STM32U595VIT6Q, STM32U595VJT6, STM32U595VJT6Q, STM32U595ZIT6, STM32U595ZIT6Q, STM32U595ZIY6QTR, STM32U595ZJT6, STM32U595ZJT6Q, STM32U595ZJY6QTR, STM32U599BJY6QTR, STM32U599NIH6Q, STM32U599NJH6Q, STM32U599VIT6Q, STM32U599VJT6, STM32U599VJT6Q, STM32U599ZIT6Q, STM32U599ZIY6QTR, STM32U599ZJT6Q, STM32U599ZJY6QTR, STM32U5A5AJH6, STM32U5A5AJH6Q, STM32U5A5QJI6, STM32U5A5QJI6Q, STM32U5A5RJT6, STM32U5A5RJT6Q, STM32U5A5VJT6, STM32U5A5VJT6Q, STM32U5A5ZJT6, STM32U5A5ZJT6Q, STM32U5A5ZJY6QTR, STM32U5A9BJY6QTR, STM32U5A9J-DK, STM32U5A9NJH6Q, STM32U5A9VJT6Q, STM32U5A9ZJT6Q, STM32U5A9ZJY6QTR, STM32U5F7VIT6, STM32U5F7VIT6Q, STM32U5F7VJT6, STM32U5F7VJT6Q, STM32U5F9BJY6QTR, STM32U5F9NJH6Q, STM32U5F9VIT6Q, STM32U5F9VJT6Q, STM32U5F9ZIJ6QTR, STM32U5F9ZIT6Q, STM32U5F9ZJJ6QTR, STM32U5F9ZJT6Q, STM32U5G7VJT6, STM32U5G7VJT6Q, STM32U5G9BJY6QTR, STM32U5G9J-DK1, STM32U5G9J-DK2, STM32U5G9NJH6Q, STM32U5G9VJT6Q, STM32U5G9ZJJ6QTR, STM32U5G9ZJT6Q, STM32WB1MMCH6, STM32WBA50KEU6, STM32WBA50KEU6TR, STM32WBA50KGU6, STM32WBA50KGU6TR, STM32WBA52CEU6, STM32WBA52CEU6TR, STM32WBA52CEU7, STM32WBA52CEU7TR, STM32WBA52CGU6, STM32WBA52CGU6TR, STM32WBA52CGU6U, STM32WBA52CGU7, STM32WBA52CGU7TR, STM32WBA52KEU6, STM32WBA52KEU6TR, STM32WBA52KGU6, STM32WBA52KGU6TR, STM32WBA54CEU6, STM32WBA54CEU6TR, STM32WBA54CEU7, STM32WBA54CEU7TR, STM32WBA54CGU6, STM32WBA54CGU6TR, STM32WBA54CGU7, STM32WBA54CGU7TR, STM32WBA54KEU6, STM32WBA54KEU6TR, STM32WBA54KEU7, STM32WBA54KEU7TR, STM32WBA54KGU6, STM32WBA54KGU6TR, STM32WBA54KGU7, STM32WBA54KGU7TR, STM32WBA55CEU6, STM32WBA55CEU6TR, STM32WBA55CEU7, STM32WBA55CEU7TR, STM32WBA55CGU6, STM32WBA55CGU6TR, STM32WBA55CGU6U, STM32WBA55CGU7, STM32WBA55CGU7TR, STM32WBA55G-DK1, STM32WBA55HEF6, STM32WBA55HEF7, STM32WBA55HGF6, STM32WBA55HGF7, STM32WBA55UEI6, STM32WBA55UEI6TR, STM32WBA55UEI7, STM32WBA55UEI7TR, STM32WBA55UGI6, STM32WBA55UGI6TR, STM32WBA55UGI7, STM32WBA55UGI7TR, STM32WL5MOCH6, STM32WL5MOCH6TR]
2024-04-16 15:07:18,416 [INFO] DbMcus:218 - Found 3930 MCUs, 3930 are supported
2024-04-16 15:07:18,416 [INFO] ApiDb:423 - Load user favorites file C:\Users\alstl/.stm32cubeide/favorites.mcus.txt: 0 item(s)
2024-04-16 15:07:18,417 [INFO] ApiDb:427 - User favorites MCUs=[]
2024-04-16 15:07:18,417 [INFO] DbMcus:224 - Set 0 / 0 favorites MCUs
2024-04-16 15:07:18,703 [INFO] MicroXplorer:468 - Change Database Path : 
2024-04-16 15:07:18,703 [INFO] MicroXplorer:498 - Change Database Version : DB.6.0.100
2024-04-16 15:07:18,703 [WARN] ThirdParty:833 - waiting for thirdparty lock release [change project]
2024-04-16 15:07:18,703 [INFO] ThirdParty:835 - entering critical section [change project]
2024-04-16 15:07:18,703 [INFO] ThirdParty:1030 - CMSIS Pack Vendor :STMicroelectronics X-CUBE-ISPU 1.1.0
2024-04-16 15:07:18,703 [INFO] ThirdParty:1030 - CMSIS Pack Vendor :STMicroelectronics USBPD 4.1
2024-04-16 15:07:18,703 [INFO] ThirdParty:1030 - CMSIS Pack Vendor :STMicroelectronics X-CUBE-GNSS1 6.0.0
2024-04-16 15:07:18,703 [INFO] ThirdParty:1030 - CMSIS Pack Vendor :STMicroelectronics USB_HOST 2.0.0
2024-04-16 15:07:18,703 [INFO] ThirdParty:1030 - CMSIS Pack Vendor :STMicroelectronics X-CUBE-AZRTOS-F4 1.1.0
2024-04-16 15:07:18,703 [INFO] ThirdParty:1030 - CMSIS Pack Vendor :STMicroelectronics LIBJPEG 8.0.0
2024-04-16 15:07:18,703 [INFO] ThirdParty:1030 - CMSIS Pack Vendor :wolfSSL I-CUBE-wolfSSL 5.6.4
2024-04-16 15:07:18,703 [INFO] ThirdParty:1030 - CMSIS Pack Vendor :STMicroelectronics X-CUBE-SMBUS 2.1.0
2024-04-16 15:07:18,705 [INFO] ThirdParty:1030 - CMSIS Pack Vendor :STMicroelectronics USB_DEVICE 3.0.0
2024-04-16 15:07:18,705 [INFO] ThirdParty:1030 - CMSIS Pack Vendor :STMicroelectronics X-CUBE-TCPP 4.1.0
2024-04-16 15:07:18,705 [INFO] ThirdParty:1030 - CMSIS Pack Vendor :STMicroelectronics X-CUBE-AZRTOS-WB 2.0.0
2024-04-16 15:07:18,705 [INFO] ThirdParty:1030 - CMSIS Pack Vendor :STMicroelectronics X-CUBE-TOUCHGFX 4.23.0
2024-04-16 15:07:18,705 [INFO] ThirdParty:1030 - CMSIS Pack Vendor :STMicroelectronics X-CUBE-TOUCHGFX 4.23.2
2024-04-16 15:07:18,705 [INFO] ThirdParty:1030 - CMSIS Pack Vendor :STMicroelectronics X-CUBE-AZRTOS-F7 1.1.0
2024-04-16 15:07:18,705 [INFO] ThirdParty:1030 - CMSIS Pack Vendor :STMicroelectronics X-CUBE-AZRTOS-L5 2.0.0
2024-04-16 15:07:18,705 [INFO] ThirdParty:1030 - CMSIS Pack Vendor :STMicroelectronics USB_DEVICE 2.0.0
2024-04-16 15:07:18,705 [INFO] ThirdParty:1030 - CMSIS Pack Vendor :STMicroelectronics X-CUBE-EEPRMA1 4.2.0
2024-04-16 15:07:18,705 [INFO] ThirdParty:1030 - CMSIS Pack Vendor :STMicroelectronics X-CUBE-NFC6 3.1.0
2024-04-16 15:07:18,705 [INFO] ThirdParty:1030 - CMSIS Pack Vendor :ITTIA_DB I-CUBE-ITTIADB 8.8.0
2024-04-16 15:07:18,705 [INFO] ThirdParty:1030 - CMSIS Pack Vendor :STMicroelectronics FP-SNS-MOTENV1 4.3.2
2024-04-16 15:07:18,705 [INFO] ThirdParty:1030 - CMSIS Pack Vendor :STMicroelectronics X-CUBE-ALGOBUILD 1.3.0
2024-04-16 15:07:18,705 [INFO] ThirdParty:1030 - CMSIS Pack Vendor :STMicroelectronics FreeRTOS 0.0.1
2024-04-16 15:07:18,705 [INFO] ThirdParty:1030 - CMSIS Pack Vendor :STMicroelectronics X-CUBE-AZRTOS-G0 1.1.0
2024-04-16 15:07:18,705 [INFO] ThirdParty:1030 - CMSIS Pack Vendor :STMicroelectronics X-CUBE-SAFEA1 1.2.2
2024-04-16 15:07:18,705 [INFO] ThirdParty:1030 - CMSIS Pack Vendor :STMicroelectronics X-CUBE-NFC4 3.0.0
2024-04-16 15:07:18,705 [INFO] ThirdParty:1030 - CMSIS Pack Vendor :STMicroelectronics X-CUBE-SUBG2 5.0.0
2024-04-16 15:07:18,705 [INFO] ThirdParty:1030 - CMSIS Pack Vendor :STMicroelectronics STM32_WPAN 1.0.0
2024-04-16 15:07:18,705 [INFO] ThirdParty:1030 - CMSIS Pack Vendor :STMicroelectronics lwIP 2.0.3
2024-04-16 15:07:18,705 [INFO] ThirdParty:1030 - CMSIS Pack Vendor :STMicroelectronics FP-SNS-FLIGHT1 5.0.2
2024-04-16 15:07:18,705 [INFO] ThirdParty:1030 - CMSIS Pack Vendor :STMicroelectronics USB_HOST 1.0.0
2024-04-16 15:07:18,705 [INFO] ThirdParty:1030 - CMSIS Pack Vendor :STMicroelectronics X-CUBE-AZRTOS-G4 2.0.0
2024-04-16 15:07:18,705 [INFO] ThirdParty:1030 - CMSIS Pack Vendor :STMicroelectronics PDM2PCM 3.1.0
2024-04-16 15:07:18,705 [INFO] ThirdParty:1030 - CMSIS Pack Vendor :STMicroelectronics X-CUBE-AZRTOS-H7 3.1.0
2024-04-16 15:07:18,705 [INFO] ThirdParty:1030 - CMSIS Pack Vendor :Infineon AIROC-Wi-Fi-Bluetooth-STM32 1.5.1
2024-04-16 15:07:18,705 [INFO] ThirdParty:1030 - CMSIS Pack Vendor :STMicroelectronics X-CUBE-BLEMGR 3.0.0
2024-04-16 15:07:18,705 [INFO] ThirdParty:1030 - CMSIS Pack Vendor :STMicroelectronics PDM2PCM 3.3.0
2024-04-16 15:07:18,705 [INFO] ThirdParty:1030 - CMSIS Pack Vendor :STMicroelectronics X-CUBE-DISPLAY 3.0.0
2024-04-16 15:07:18,705 [INFO] ThirdParty:1030 - CMSIS Pack Vendor :STMicroelectronics FP-SNS-MOTENVWB1 1.3.0
2024-04-16 15:07:18,705 [INFO] ThirdParty:1030 - CMSIS Pack Vendor :STMicroelectronics FP-SNS-MOTENVWB1 1.3.1
2024-04-16 15:07:18,705 [INFO] ThirdParty:1030 - CMSIS Pack Vendor :STMicroelectronics X-CUBE-BLE1 7.0.0
2024-04-16 15:07:18,705 [INFO] ThirdParty:1030 - CMSIS Pack Vendor :STMicroelectronics FP-ATR-SIGFOX1 3.2.0
2024-04-16 15:07:18,705 [INFO] ThirdParty:1030 - CMSIS Pack Vendor :STMicroelectronics X-CUBE-ISPU 2.0.0
2024-04-16 15:07:18,705 [INFO] ThirdParty:1030 - CMSIS Pack Vendor :STMicroelectronics X-CUBE-EEPRMA1 5.1.0
2024-04-16 15:07:18,705 [INFO] ThirdParty:1030 - CMSIS Pack Vendor :STMicroelectronics HAL Drivers 0.0.0
2024-04-16 15:07:18,705 [INFO] ThirdParty:1030 - CMSIS Pack Vendor :STMicroelectronics MBEDTLS 2.16.2
2024-04-16 15:07:18,705 [INFO] ThirdParty:1030 - CMSIS Pack Vendor :emotas I-CUBE-CANOPEN 1.3.0
2024-04-16 15:07:18,705 [INFO] ThirdParty:1030 - CMSIS Pack Vendor :STMicroelectronics X-CUBE-MEMS1 10.0.0
2024-04-16 15:07:18,705 [INFO] ThirdParty:1030 - CMSIS Pack Vendor :STMicroelectronics X-CUBE-FREERTOS 1.1.0
2024-04-16 15:07:18,705 [INFO] ThirdParty:1030 - CMSIS Pack Vendor :STMicroelectronics X-CUBE-NFC7 1.0.1
2024-04-16 15:07:18,705 [INFO] ThirdParty:1030 - CMSIS Pack Vendor :STMicroelectronics MBEDTLS 2.14.1
2024-04-16 15:07:18,705 [INFO] ThirdParty:1030 - CMSIS Pack Vendor :STMicroelectronics X-CUBE-TOUCHGFX 4.22.1
2024-04-16 15:07:18,706 [INFO] ThirdParty:1030 - CMSIS Pack Vendor :STMicroelectronics X-CUBE-NFC6 3.0.0
2024-04-16 15:07:18,706 [INFO] ThirdParty:1030 - CMSIS Pack Vendor :portGmbH I-Cube-SoM-uGOAL 1.1.0
2024-04-16 15:07:18,706 [INFO] ThirdParty:1030 - CMSIS Pack Vendor :STMicroelectronics X-CUBE-ALS 1.0.1
2024-04-16 15:07:18,706 [INFO] ThirdParty:1030 - CMSIS Pack Vendor :STMicroelectronics X-CUBE-BLEMGR 3.1.0
2024-04-16 15:07:18,706 [INFO] ThirdParty:1030 - CMSIS Pack Vendor :STMicroelectronics ThreadX 1.0.0
2024-04-16 15:07:18,706 [INFO] ThirdParty:1030 - CMSIS Pack Vendor :STMicroelectronics FP-SNS-SMARTAG2 1.2.0
2024-04-16 15:07:18,706 [INFO] ThirdParty:1030 - CMSIS Pack Vendor :STMicroelectronics X-CUBE-AZRTOS-WL 2.0.0
2024-04-16 15:07:18,706 [INFO] ThirdParty:1030 - CMSIS Pack Vendor :SEGGER I-CUBE-embOS 1.3.1
2024-04-16 15:07:18,706 [INFO] ThirdParty:1030 - CMSIS Pack Vendor :STMicroelectronics FP-SNS-MOTENV1 5.0.0
2024-04-16 15:07:18,706 [INFO] ThirdParty:1030 - CMSIS Pack Vendor :STMicroelectronics USB_DEVICE 1.0.0
2024-04-16 15:07:18,706 [INFO] ThirdParty:1030 - CMSIS Pack Vendor :STMicroelectronics X-CUBE-AI 8.1.0
2024-04-16 15:07:18,706 [INFO] ThirdParty:1030 - CMSIS Pack Vendor :STMicroelectronics X-CUBE-AZRTOS-L4 2.0.0
2024-04-16 15:07:18,706 [INFO] ThirdParty:1030 - CMSIS Pack Vendor :STMicroelectronics ThreadX 0.0.2
2024-04-16 15:07:18,706 [INFO] ThirdParty:1030 - CMSIS Pack Vendor :WES I-CUBE-Cesium 1.3.0
2024-04-16 15:07:18,706 [INFO] ThirdParty:1030 - CMSIS Pack Vendor :STMicroelectronics FP-ATR-ASTRA1 2.0.0
2024-04-16 15:07:18,706 [INFO] ThirdParty:1030 - CMSIS Pack Vendor :STMicroelectronics lwIP 2.1.2
2024-04-16 15:07:18,706 [INFO] ThirdParty:1030 - CMSIS Pack Vendor :STMicroelectronics X-CUBE-SFXS2LP1 4.0.0
2024-04-16 15:07:18,706 [INFO] ThirdParty:1030 - CMSIS Pack Vendor :STMicroelectronics X-CUBE-BLE2 3.3.0
2024-04-16 15:07:18,706 [INFO] ThirdParty:1030 - CMSIS Pack Vendor :STMicroelectronics X-CUBE-TOF1 3.4.0
2024-04-16 15:07:18,706 [INFO] ThirdParty:1030 - CMSIS Pack Vendor :STMicroelectronics X-CUBE-TOF1 3.4.1
2024-04-16 15:07:18,707 [INFO] ThirdParty:1030 - CMSIS Pack Vendor :STMicroelectronics X-CUBE-AZRTOS-H7 3.2.0
2024-04-16 15:07:18,707 [INFO] ThirdParty:1030 - CMSIS Pack Vendor :STMicroelectronics PDM2PCM 3.2.0
2024-04-16 15:07:18,707 [INFO] ThirdParty:841 - exiting critical section [change project]
2024-04-16 15:07:19,038 [INFO] PinOutPanel:1499 - setPackage(No Configuration,No Configuration)
2024-04-16 15:07:19,041 [INFO] PinOutPanel:1499 - setPackage(STM32F103C8Tx,LQFP48)
2024-04-16 15:07:19,513 [INFO] UtilMem:75 - Before build in PCC Used Memory: 258925840 Bytes (335544320)
2024-04-16 15:07:20,387 [INFO] UtilMem:75 - After build in PCC Used Memory: 242042368 Bytes (335544320)
2024-04-16 15:07:20,412 [INFO] IPUIPlugin:80 - create IPUIPlugin
2024-04-16 15:07:20,412 [INFO] IPUIPlugin:80 - create IPUIPlugin
2024-04-16 15:07:20,412 [INFO] IPUIPlugin:80 - create IPUIPlugin
2024-04-16 15:07:20,412 [INFO] IPUIPlugin:80 - create IPUIPlugin
2024-04-16 15:07:20,412 [INFO] IPUIPlugin:80 - create IPUIPlugin
2024-04-16 15:07:20,412 [INFO] IPUIPlugin:80 - create IPUIPlugin
2024-04-16 15:07:20,412 [INFO] IPUIPlugin:80 - create IPUIPlugin
2024-04-16 15:07:20,413 [INFO] IPUIPlugin:80 - create IPUIPlugin
2024-04-16 15:07:20,413 [INFO] IPUIPlugin:80 - create IPUIPlugin
2024-04-16 15:07:20,413 [INFO] IPUIPlugin:80 - create IPUIPlugin
2024-04-16 15:07:20,413 [INFO] IPUIPlugin:80 - create IPUIPlugin
2024-04-16 15:07:20,413 [INFO] IPUIPlugin:80 - create IPUIPlugin
2024-04-16 15:07:20,413 [INFO] IPUIPlugin:80 - create IPUIPlugin
2024-04-16 15:07:20,413 [INFO] IPUIPlugin:80 - create IPUIPlugin
2024-04-16 15:07:20,413 [INFO] IPUIPlugin:80 - create IPUIPlugin
2024-04-16 15:07:20,413 [INFO] IPUIPlugin:80 - create IPUIPlugin
2024-04-16 15:07:20,413 [INFO] IPUIPlugin:80 - create IPUIPlugin
2024-04-16 15:07:20,413 [INFO] IPUIPlugin:80 - create IPUIPlugin
2024-04-16 15:07:20,413 [INFO] IPUIPlugin:80 - create IPUIPlugin
2024-04-16 15:07:20,414 [INFO] IPUIPlugin:80 - create IPUIPlugin
2024-04-16 15:07:20,414 [INFO] IPUIPlugin:80 - create IPUIPlugin
2024-04-16 15:07:20,414 [INFO] IPUIPlugin:80 - create IPUIPlugin
2024-04-16 15:07:20,414 [INFO] IPUIPlugin:80 - create IPUIPlugin
2024-04-16 15:07:20,415 [INFO] IPUIPlugin:80 - create IPUIPlugin
2024-04-16 15:07:20,415 [INFO] IPUIPlugin:80 - create IPUIPlugin
2024-04-16 15:07:20,415 [INFO] IPUIPlugin:80 - create IPUIPlugin
2024-04-16 15:07:20,416 [INFO] IPUIPlugin:80 - create IPUIPlugin
2024-04-16 15:07:20,630 [INFO] CADModel:165 - CPN selected for project levelSTM32F103C8T6
2024-04-16 15:07:20,630 [INFO] CADModel:114 - Register for checkConnection events
2024-04-16 15:07:20,688 [INFO] OpenFileManager:343 - Restore cursor
2024-04-16 15:07:32,703 [INFO] Gpio:277 - dependency for GPIO [SYS, USART1]
2024-04-16 15:07:36,371 [ERROR] LogOutputStream:75 - [STDERR_REDIRECT] SLF4J: Failed to load class "org.slf4j.impl.StaticLoggerBinder".
2024-04-16 15:07:36,372 [ERROR] LogOutputStream:75 - [STDERR_REDIRECT] SLF4J: Defaulting to no-operation (NOP) logger implementation
2024-04-16 15:07:36,373 [ERROR] LogOutputStream:75 - [STDERR_REDIRECT] SLF4J: See http://www.slf4j.org/codes.html#StaticLoggerBinder for further details.
2024-04-16 15:08:12,935 [INFO] MainUpdater:2873 - connection check result : 10
2024-04-16 15:08:12,936 [INFO] MainUpdater:2873 - connection check result : 10
2024-04-16 15:08:12,946 [INFO] MicroXplorer:468 - Change Database Path : 
2024-04-16 15:08:12,947 [INFO] MicroXplorer:498 - Change Database Version : DB.6.0.100
2024-04-16 15:08:12,955 [ERROR] ProjectManagerView:394 - 
java.lang.NullPointerException: Cannot invoke "javax.swing.JTextField.getText()" because the return value of "java.util.List.get(int)" is null
	at com.st.microxplorer.plugins.projectmanager.gui.ProjectChoiceTab$10.caretUpdate(ProjectChoiceTab.java:2493) ~[filemanager.jar:?]
	at javax.swing.text.JTextComponent.fireCaretUpdate(JTextComponent.java:412) ~[?:?]
	at javax.swing.text.JTextComponent$MutableCaretEvent.fire(JTextComponent.java:4491) ~[?:?]
	at javax.swing.text.JTextComponent$MutableCaretEvent.stateChanged(JTextComponent.java:4513) ~[?:?]
	at javax.swing.text.DefaultCaret.fireStateChanged(DefaultCaret.java:842) ~[?:?]
	at javax.swing.text.DefaultCaret.changeCaretPosition(DefaultCaret.java:1313) ~[?:?]
	at javax.swing.text.DefaultCaret.handleSetDot(DefaultCaret.java:1212) ~[?:?]
	at javax.swing.text.DefaultCaret.setDot(DefaultCaret.java:1193) ~[?:?]
	at javax.swing.text.DefaultCaret$Handler.insertUpdate(DefaultCaret.java:1789) ~[?:?]
	at javax.swing.text.AbstractDocument.fireInsertUpdate(AbstractDocument.java:226) ~[?:?]
	at javax.swing.text.AbstractDocument.handleInsertString(AbstractDocument.java:780) ~[?:?]
	at javax.swing.text.AbstractDocument.insertString(AbstractDocument.java:739) ~[?:?]
	at javax.swing.text.PlainDocument.insertString(PlainDocument.java:131) ~[?:?]
	at javax.swing.text.AbstractDocument.replace(AbstractDocument.java:698) ~[?:?]
	at javax.swing.text.JTextComponent.setText(JTextComponent.java:1729) ~[?:?]
	at com.st.microxplorer.plugins.projectmanager.gui.ProjectChoiceTab.createHeapStackFields(ProjectChoiceTab.java:933) ~[filemanager.jar:?]
	at com.st.microxplorer.plugins.projectmanager.gui.ProjectChoiceTab.buildLinkSettingsPanel(ProjectChoiceTab.java:3426) ~[filemanager.jar:?]
	at com.st.microxplorer.plugins.projectmanager.gui.ProjectChoiceTab.defineWindowsFields(ProjectChoiceTab.java:1813) ~[filemanager.jar:?]
	at com.st.microxplorer.plugins.projectmanager.gui.ProjectChoiceTab.updateSettings(ProjectChoiceTab.java:533) ~[filemanager.jar:?]
	at com.st.microxplorer.plugins.projectmanager.gui.ProjectSettingsPanel.UpdateDialog(ProjectSettingsPanel.java:244) ~[filemanager.jar:?]
	at com.st.microxplorer.plugins.projectmanager.ProjectManagerView.propertyChange(ProjectManagerView.java:391) ~[filemanager.jar:?]
	at java.beans.PropertyChangeSupport.fire(PropertyChangeSupport.java:343) ~[?:?]
	at java.beans.PropertyChangeSupport.firePropertyChange(PropertyChangeSupport.java:335) ~[?:?]
	at java.beans.PropertyChangeSupport.firePropertyChange(PropertyChangeSupport.java:268) ~[?:?]
	at com.st.microxplorer.util.MXPropertyChangeSupport.firePropertyChange(MXPropertyChangeSupport.java:54) ~[STM32CubeMX.jar:?]
	at com.st.microxplorer.mxsystem.MxSystem.closeConfig(MxSystem.java:900) ~[STM32CubeMX.jar:?]
	at com.st.microxplorer.maingui.MainPanel.closeConfig(MainPanel.java:776) ~[STM32CubeMX.jar:?]
	at com.st.microxplorer.plugins.filemanager.engine.OpenFileManager.loadConfigurationFile(OpenFileManager.java:245) ~[filemanager.jar:?]
	at com.st.microxplorer.plugins.filemanager.engine.MainFileManager.userLoadConfig(MainFileManager.java:290) ~[filemanager.jar:?]
	at com.st.microxplorer.plugins.filemanager.FileManagerView.getSpecificTask(FileManagerView.java:247) ~[filemanager.jar:?]
	at com.st.stm32cube.common.mx.editor.CubeMxEditor.getMxTabbedPaneInstance(CubeMxEditor.java:1184) ~[com.st.stm32cube.common.mx_6.10.0.202311202037/:?]
	at com.st.stm32cube.common.mx.editor.CubeMxEditor$12$1.createSwingComponent(CubeMxEditor.java:1065) ~[com.st.stm32cube.common.mx_6.10.0.202311202037/:?]
	at com.st.stm32cube.common.mx.oss.core.awtswtbridge.EmbeddedSwingComposite.doComponentCreation(EmbeddedSwingComposite.java:492) ~[com.st.stm32cube.common.mx.oss_6.10.0.202311202037/:?]
	at com.st.stm32cube.common.mx.oss.core.awtswtbridge.EmbeddedSwingComposite$4.run(EmbeddedSwingComposite.java:291) ~[com.st.stm32cube.common.mx.oss_6.10.0.202311202037/:?]
	at com.st.stm32cube.common.mx.oss.core.awtswtbridge.AwtEnvironment$2.run(AwtEnvironment.java:166) ~[com.st.stm32cube.common.mx.oss_6.10.0.202311202037/:?]
	at java.awt.event.InvocationEvent.dispatch(InvocationEvent.java:318) ~[?:?]
	at java.awt.EventQueue.dispatchEventImpl(EventQueue.java:773) ~[?:?]
	at java.awt.EventQueue$4.run(EventQueue.java:720) ~[?:?]
	at java.awt.EventQueue$4.run(EventQueue.java:714) ~[?:?]
	at java.security.AccessController.doPrivileged(AccessController.java:399) ~[?:?]
	at java.security.ProtectionDomain$JavaSecurityAccessImpl.doIntersectionPrivilege(ProtectionDomain.java:86) ~[?:?]
	at java.awt.EventQueue.dispatchEvent(EventQueue.java:742) ~[?:?]
	at java.awt.EventDispatchThread.pumpOneEventForFilters(EventDispatchThread.java:203) ~[?:?]
	at java.awt.EventDispatchThread.pumpEventsForFilter(EventDispatchThread.java:124) ~[?:?]
	at java.awt.EventDispatchThread.pumpEventsForHierarchy(EventDispatchThread.java:113) ~[?:?]
	at java.awt.EventDispatchThread.pumpEvents(EventDispatchThread.java:109) ~[?:?]
	at java.awt.EventDispatchThread.pumpEvents(EventDispatchThread.java:101) ~[?:?]
	at java.awt.EventDispatchThread.run(EventDispatchThread.java:90) ~[?:?]
2024-04-16 15:08:12,962 [WARN] ThirdParty:871 - waiting for thirdparty lock release [close project]
2024-04-16 15:08:12,962 [INFO] ThirdParty:873 - entering critical section [close project]
2024-04-16 15:08:12,962 [INFO] ThirdParty:883 - exiting critical section [close project]
2024-04-16 15:08:12,964 [INFO] PinOutPanel:1499 - setPackage(No Configuration,No Configuration)
2024-04-16 15:08:12,974 [INFO] UtilMem:75 - Begin LoadConfig() Used Memory: 920999464 Bytes (1073741824)
2024-04-16 15:08:12,974 [INFO] MicroXplorer:468 - Change Database Path : 
2024-04-16 15:08:12,975 [INFO] MicroXplorer:498 - Change Database Version : DB.6.0.100
2024-04-16 15:08:12,975 [INFO] OpenFileManager:312 - Change cursor
2024-04-16 15:08:12,984 [INFO] Mcu:2016 - Initializing MCU STM32F103C(8-B)Tx STM32F103C8Tx STM32F103C8T6
2024-04-16 15:08:13,539 [INFO] Context:659 - Trying to add GPIOservice into a context  which must be forbidden
2024-04-16 15:08:13,685 [INFO] RtosManager:555 - Registered RTOS mode: class=CMSIS, group=RTOS, mode=CMSIS_V1, owner=FREERTOS
2024-04-16 15:08:13,685 [INFO] RtosManager:555 - Registered RTOS mode: class=CMSIS, group=RTOS2, mode=CMSIS_V2, owner=FREERTOS
2024-04-16 15:08:13,685 [INFO] RtosManager:555 - Registered RTOS mode: class=RTOS, group=Core, mode=CMSIS_V1, owner=FREERTOS
2024-04-16 15:08:13,685 [INFO] RtosManager:555 - Registered RTOS mode: class=RTOS, group=Core, mode=CMSIS_V2, owner=FREERTOS
2024-04-16 15:08:13,685 [WARN] ModelIntegratedComponent:184 - Missing modes for component STMicroelectronics:FreeRTOS:0.0.1:STMicroelectronics:RTOS:FreeRTOS:Core:::10.2.0:
2024-04-16 15:08:13,693 [WARN] ModelIntegratedComponent:63 - No mode defined for component null
2024-04-16 15:08:13,693 [WARN] ModelIntegratedComponent:63 - No mode defined for component null
2024-04-16 15:08:13,693 [WARN] ModelIntegratedComponent:63 - No mode defined for component null
2024-04-16 15:08:13,693 [WARN] ModelIntegratedComponent:63 - No mode defined for component null
2024-04-16 15:08:13,693 [WARN] ModelIntegratedComponent:63 - No mode defined for component null
2024-04-16 15:08:13,693 [WARN] ModelIntegratedComponent:63 - No mode defined for component null
2024-04-16 15:08:13,694 [WARN] ModelIntegratedComponent:63 - No mode defined for component null
2024-04-16 15:08:13,694 [WARN] ModelIntegratedComponent:63 - No mode defined for component null
2024-04-16 15:08:13,694 [WARN] ModelIntegratedComponent:63 - No mode defined for component null
2024-04-16 15:08:13,694 [WARN] ModelIntegratedComponent:63 - No mode defined for component null
2024-04-16 15:08:13,694 [WARN] ModelIntegratedComponent:63 - No mode defined for component null
2024-04-16 15:08:13,694 [WARN] ModelIntegratedComponent:63 - No mode defined for component null
2024-04-16 15:08:13,694 [WARN] ModelIntegratedComponent:63 - No mode defined for component null
2024-04-16 15:08:13,694 [WARN] ModelIntegratedComponent:63 - No mode defined for component null
2024-04-16 15:08:13,694 [WARN] ModelIntegratedComponent:63 - No mode defined for component null
2024-04-16 15:08:13,694 [WARN] ModelIntegratedComponent:63 - No mode defined for component null
2024-04-16 15:08:13,694 [WARN] ModelIntegratedComponent:63 - No mode defined for component null
2024-04-16 15:08:13,694 [WARN] ModelIntegratedComponent:63 - No mode defined for component null
2024-04-16 15:08:13,694 [WARN] ModelIntegratedComponent:63 - No mode defined for component null
2024-04-16 15:08:13,694 [WARN] ModelIntegratedComponent:63 - No mode defined for component null
2024-04-16 15:08:13,695 [WARN] ModelIntegratedComponent:63 - No mode defined for component null
2024-04-16 15:08:13,695 [WARN] ModelIntegratedComponent:63 - No mode defined for component null
2024-04-16 15:08:13,695 [WARN] ModelIntegratedComponent:63 - No mode defined for component null
2024-04-16 15:08:13,695 [WARN] ModelIntegratedComponent:63 - No mode defined for component null
2024-04-16 15:08:13,695 [WARN] ModelIntegratedComponent:63 - No mode defined for component null
2024-04-16 15:08:13,695 [WARN] ModelIntegratedComponent:63 - No mode defined for component null
2024-04-16 15:08:13,695 [WARN] ModelIntegratedComponent:63 - No mode defined for component null
2024-04-16 15:08:13,695 [WARN] ModelIntegratedComponent:63 - No mode defined for component null
2024-04-16 15:08:13,695 [WARN] ModelIntegratedComponent:63 - No mode defined for component null
2024-04-16 15:08:13,695 [WARN] ModelIntegratedComponent:63 - No mode defined for component null
2024-04-16 15:08:13,695 [WARN] ModelIntegratedComponent:63 - No mode defined for component null
2024-04-16 15:08:13,696 [WARN] ModelIntegratedComponent:63 - No mode defined for component null
2024-04-16 15:08:13,696 [WARN] ModelIntegratedComponent:63 - No mode defined for component null
2024-04-16 15:08:13,770 [INFO] ThirdPartyModel:298 - Start build external matchings
2024-04-16 15:08:14,048 [INFO] ThirdPartyModel:316 - End build external matchings
2024-04-16 15:08:14,147 [INFO] ApiDb:668 - CubeFinder database Data Model version=2.1
2024-04-16 15:08:14,148 [INFO] ApiDb:669 - CubeFinder database Configuration version=3.0.39
2024-04-16 15:08:14,148 [INFO] ApiDb:670 - CubeFinder database generation date=2023-11-06 (1699269565)
2024-04-16 15:08:14,148 [INFO] ApiDb:671 - CubeFinder database FW Pack versions=[FP-ATR-ASTRA1_V2.0.0, FP-SNS-FLIGHT1_V5.0.1, FP-SNS-FLIGHT1_V5.0.2, FP-SNS-MOTENV1_V4.3.1, FP-SNS-MOTENV1_V4.3.2, FP-SNS-MOTENVWB1_V1.3.0, FP-SNS-SMARTAG2_V1.2.0, STM32Cube_FW_C0_V1.1.0, STM32Cube_FW_F4_V1.28.0, STM32Cube_FW_F7_V1.17.0, STM32Cube_FW_G0_V1.6.1, STM32Cube_FW_G4_V1.5.1, STM32Cube_FW_H5_V0.5.1, STM32Cube_FW_H5_V1.1.1, STM32Cube_FW_H5_V1.2.0RC2, STM32Cube_FW_H7_V1.11.0, STM32Cube_FW_L0_V1.12.2, STM32Cube_FW_L5_V1.5.0, STM32Cube_FW_U5_V1.3.0RC4, STM32Cube_FW_U5_V1.4.0, STM32Cube_FW_WBA_V1.0.0RC1, STM32Cube_FW_WBA_V1.1.0RC1, STM32Cube_FW_WBA_V1.2.0, STM32Cube_FW_WBA_V1.2.0RC2, STM32Cube_FW_WB_V1.15.0RC1, STM32Cube_FW_WB_V1.16.0, STM32Cube_FW_WB_V1.16.0RC2, STM32Cube_FW_WB_V1.18.0, STM32Cube_FW_WL_V1.3.0, X-CUBE-ALGOBUILD_V1.3.0, X-CUBE-ALS_V1.0.1, X-CUBE-AZRTOS-F4_V1.1.0, X-CUBE-AZRTOS-F7_V1.1.0, X-CUBE-AZRTOS-G0_V1.1.0, X-CUBE-AZRTOS-G4_V2.0.0, X-CUBE-AZRTOS-H7_V3.1.0, X-CUBE-AZRTOS-L4_V1.0.0, X-CUBE-AZRTOS-L4_V2.0.0, X-CUBE-AZRTOS-L5_V1.1.0, X-CUBE-AZRTOS-WB_V2.0.0, X-CUBE-AZRTOS-WL_V2.0.0, X-CUBE-BLE1_V7.0.0, X-CUBE-BLE2_V3.3.0, X-CUBE-BLEMGR_V2.0.0, X-CUBE-EEPRMA1_V4.1.0, X-CUBE-EEPRMA1_V4.2.0, X-CUBE-FREERTOS_V1.1.0, X-CUBE-GNSS1_V6.0.0, X-CUBE-MEMS1_V10.0.0, X-CUBE-MEMS1_V9.1.0, X-CUBE-MEMS1_V9.4.0, X-CUBE-MEMS1_V9.6.0, X-CUBE-NFC4_V3.0.0, X-CUBE-NFC7_V1.0.1, X-CUBE-SFXS2LP1_V4.0.0, X-CUBE-SUBG2_V5.0.0, X-CUBE-TOF1_V3.3.1]
2024-04-16 15:08:14,226 [INFO] DbBoardsSqlite:226 - include board P-NUCLEO-WB55-NUCLEO as a kit item of type 'Nucleo-64'
2024-04-16 15:08:14,227 [INFO] DbBoardsSqlite:226 - include board P-NUCLEO-WB55-USBDONGLE as a kit item of type 'Nucleo USB Dongle'
2024-04-16 15:08:14,228 [INFO] DbBoardsSqlite:226 - include board STEVAL-IDP005V1 as a kit item of type 'Evaluation Board'
2024-04-16 15:08:14,228 [INFO] DbBoardsSqlite:226 - include board STEVAL-IDP005V2 as a kit item of type 'Evaluation Board'
2024-04-16 15:08:14,300 [INFO] ApiDb:240 - Found 371 in-development CPN: [B-G473E-ZEST1S, B-WB1M-WPAN1, B-WL5M-SUBG1, NUCLEO-C031C6, NUCLEO-H503RB, NUCLEO-H563ZI, NUCLEO-U545RE-Q, NUCLEO-U5A5ZJ-Q, NUCLEO-WBA52CG, NUCLEO-WBA55CG, STEVAL-MKBOXPRO, STEVAL-PROTEUS1, STEVAL-STWINBX1, STM320518-EVAL, STM32C0116-DK, STM32C011D6Y3TR, STM32C011D6Y6TR, STM32C011F4P3, STM32C011F4P6, STM32C011F4U3, STM32C011F4U6TR, STM32C011F6P3, STM32C011F6P6, STM32C011F6U3, STM32C011F6U6TR, STM32C011J4M3, STM32C011J4M6, STM32C011J6M3, STM32C011J6M6, STM32C0316-DK, STM32C031C4T3, STM32C031C4T6, STM32C031C4U3, STM32C031C4U6, STM32C031C6T3, STM32C031C6T6, STM32C031C6U3, STM32C031C6U6, STM32C031F4P3, STM32C031F4P6, STM32C031F6P3, STM32C031F6P6, STM32C031G4U3, STM32C031G4U6, STM32C031G6U3, STM32C031G6U6, STM32C031K4T3, STM32C031K4T6, STM32C031K4U3, STM32C031K4U6, STM32C031K6T3, STM32C031K6T6, STM32C031K6U3, STM32C031K6U6, STM32G071K8TXN, STM32G071K8UXN, STM32G081GBU6N, STM32G081KBT6N, STM32G081KBUXN, STM32G0B1CCT6N, STM32G0B1KCT6, STM32G0B1NEY6TR, STM32G0B1RCT6N, STM32G0C1CCT6, STM32G0C1CCT6N, STM32G0C1CCU6N, STM32G0C1CET6N, STM32G0C1CEU6N, STM32G0C1KCT6, STM32G0C1NEY6TR, STM32G0C1RCI6N, STM32G0C1RCT6N, STM32G0C1REI6N, STM32G0C1RET6N, STM32G0C1VCI6, STM32G0C1VEI6, STM32G471CCT6, STM32G471CCU6, STM32G471CET3, STM32G471CET6, STM32G471CEU3, STM32G471CEU6, STM32G471MCT6, STM32G471MET3, STM32G471MET6, STM32G471MEY6TR, STM32G471QCT6, STM32G471QET3, STM32G471RCT6, STM32G471RET3, STM32G471RET6, STM32G471VCH6, STM32G471VCI6, STM32G471VCT6, STM32G471VEH3, STM32G471VEH6, STM32G471VEI3, STM32G471VEI6, STM32G471VET3, STM32G471VET6, STM32G474CCT6, STM32H503CBT6, STM32H503CBU6, STM32H503EBY6TR, STM32H503KBU6, STM32H503RBT6, STM32H562AGI6, STM32H562AII6, STM32H562IGK6, STM32H562IGT6, STM32H562IIK6, STM32H562IIT6, STM32H562RGT6, STM32H562RGV6, STM32H562RIT6, STM32H562RIV6, STM32H562VGT6, STM32H562VIT6, STM32H562ZGT6, STM32H562ZIT6, STM32H563AGI6, STM32H563AII3Q, STM32H563AII6, STM32H563IGK6, STM32H563IGT6, STM32H563IIK3Q, STM32H563IIK6, STM32H563IIT3Q, STM32H563IIT6, STM32H563MIY3QTR, STM32H563RGT6, STM32H563RGV6, STM32H563RIT6, STM32H563RIV6, STM32H563VGT6, STM32H563VIT3Q, STM32H563VIT6, STM32H563ZGT6, STM32H563ZIT3Q, STM32H563ZIT6, STM32H573AII3Q, STM32H573AII6, STM32H573I-DK, STM32H573IIK3Q, STM32H573IIK6, STM32H573IIT3Q, STM32H573IIT6, STM32H573MIY3QTR, STM32H573RIT6, STM32H573RIV6, STM32H573VIT3Q, STM32H573VIT6, STM32H573ZIT3Q, STM32H573ZIT6, STM32L4R5QGI6STR, STM32MP131AAE3, STM32MP131AAF3, STM32MP131AAG3, STM32MP131CAE3, STM32MP131CAF3, STM32MP131CAG3, STM32MP131DAE7, STM32MP131DAF7, STM32MP131DAG7, STM32MP131FAE7, STM32MP131FAF7, STM32MP131FAG7, STM32MP133AAE3, STM32MP133AAF3, STM32MP133AAG3, STM32MP133CAE3, STM32MP133CAF3, STM32MP133CAG3, STM32MP133DAE7, STM32MP133DAF7, STM32MP133DAG7, STM32MP133FAE7, STM32MP133FAF7, STM32MP133FAG7, STM32MP135AAE3, STM32MP135AAF3, STM32MP135AAG3, STM32MP135CAE3, STM32MP135CAF3, STM32MP135CAG3, STM32MP135DAE7, STM32MP135DAF7, STM32MP135DAG7, STM32MP135F-DK, STM32MP135FAE7, STM32MP135FAF7, STM32MP135FAF7T, STM32MP135FAF7U, STM32MP135FAG7, STM32U535CBT6, STM32U535CBT6Q, STM32U535CBU6, STM32U535CBU6Q, STM32U535CCT6, STM32U535CCT6Q, STM32U535CCU6, STM32U535CCU6Q, STM32U535CET6, STM32U535CET6Q, STM32U535CEU6, STM32U535CEU6Q, STM32U535JEY6QTR, STM32U535NCY6QTR, STM32U535NEY6QTR, STM32U535RBI6, STM32U535RBI6Q, STM32U535RBT6, STM32U535RBT6Q, STM32U535RCI6, STM32U535RCI6Q, STM32U535RCT6, STM32U535RCT6Q, STM32U535REI6, STM32U535REI6Q, STM32U535RET6, STM32U535RET6Q, STM32U535VCI6, STM32U535VCI6Q, STM32U535VCT6, STM32U535VCT6Q, STM32U535VEI6, STM32U535VEI6Q, STM32U535VET6, STM32U535VET6Q, STM32U545CET6, STM32U545CET6Q, STM32U545CEU6, STM32U545CEU6Q, STM32U545JEY6QTR, STM32U545NEY6QTR, STM32U545REI6, STM32U545REI6Q, STM32U545RET6, STM32U545RET6Q, STM32U545VEI6, STM32U545VEI6Q, STM32U545VET6, STM32U545VET6Q, STM32U595AIH6, STM32U595AIH6Q, STM32U595AJH6, STM32U595AJH6Q, STM32U595QII6, STM32U595QII6Q, STM32U595QJI6, STM32U595QJI6Q, STM32U595RIT6, STM32U595RIT6Q, STM32U595RJT6, STM32U595RJT6Q, STM32U595VIT6, STM32U595VIT6Q, STM32U595VJT6, STM32U595VJT6Q, STM32U595ZIT6, STM32U595ZIT6Q, STM32U595ZIY6QTR, STM32U595ZJT6, STM32U595ZJT6Q, STM32U595ZJY6QTR, STM32U599BJY6QTR, STM32U599NIH6Q, STM32U599NJH6Q, STM32U599VIT6Q, STM32U599VJT6, STM32U599VJT6Q, STM32U599ZIT6Q, STM32U599ZIY6QTR, STM32U599ZJT6Q, STM32U599ZJY6QTR, STM32U5A5AJH6, STM32U5A5AJH6Q, STM32U5A5QJI6, STM32U5A5QJI6Q, STM32U5A5RJT6, STM32U5A5RJT6Q, STM32U5A5VJT6, STM32U5A5VJT6Q, STM32U5A5ZJT6, STM32U5A5ZJT6Q, STM32U5A5ZJY6QTR, STM32U5A9BJY6QTR, STM32U5A9J-DK, STM32U5A9NJH6Q, STM32U5A9VJT6Q, STM32U5A9ZJT6Q, STM32U5A9ZJY6QTR, STM32U5F7VIT6, STM32U5F7VIT6Q, STM32U5F7VJT6, STM32U5F7VJT6Q, STM32U5F9BJY6QTR, STM32U5F9NJH6Q, STM32U5F9VIT6Q, STM32U5F9VJT6Q, STM32U5F9ZIJ6QTR, STM32U5F9ZIT6Q, STM32U5F9ZJJ6QTR, STM32U5F9ZJT6Q, STM32U5G7VJT6, STM32U5G7VJT6Q, STM32U5G9BJY6QTR, STM32U5G9J-DK1, STM32U5G9J-DK2, STM32U5G9NJH6Q, STM32U5G9VJT6Q, STM32U5G9ZJJ6QTR, STM32U5G9ZJT6Q, STM32WB1MMCH6, STM32WBA50KEU6, STM32WBA50KEU6TR, STM32WBA50KGU6, STM32WBA50KGU6TR, STM32WBA52CEU6, STM32WBA52CEU6TR, STM32WBA52CEU7, STM32WBA52CEU7TR, STM32WBA52CGU6, STM32WBA52CGU6TR, STM32WBA52CGU6U, STM32WBA52CGU7, STM32WBA52CGU7TR, STM32WBA52KEU6, STM32WBA52KEU6TR, STM32WBA52KGU6, STM32WBA52KGU6TR, STM32WBA54CEU6, STM32WBA54CEU6TR, STM32WBA54CEU7, STM32WBA54CEU7TR, STM32WBA54CGU6, STM32WBA54CGU6TR, STM32WBA54CGU7, STM32WBA54CGU7TR, STM32WBA54KEU6, STM32WBA54KEU6TR, STM32WBA54KEU7, STM32WBA54KEU7TR, STM32WBA54KGU6, STM32WBA54KGU6TR, STM32WBA54KGU7, STM32WBA54KGU7TR, STM32WBA55CEU6, STM32WBA55CEU6TR, STM32WBA55CEU7, STM32WBA55CEU7TR, STM32WBA55CGU6, STM32WBA55CGU6TR, STM32WBA55CGU6U, STM32WBA55CGU7, STM32WBA55CGU7TR, STM32WBA55G-DK1, STM32WBA55HEF6, STM32WBA55HEF7, STM32WBA55HGF6, STM32WBA55HGF7, STM32WBA55UEI6, STM32WBA55UEI6TR, STM32WBA55UEI7, STM32WBA55UEI7TR, STM32WBA55UGI6, STM32WBA55UGI6TR, STM32WBA55UGI7, STM32WBA55UGI7TR, STM32WL5MOCH6, STM32WL5MOCH6TR]
2024-04-16 15:08:14,459 [INFO] BoardInfo:889 - No configuration file found for board P-NUCLEO-WB55
2024-04-16 15:08:14,459 [INFO] DbBoards:161 - Kit is not supported: P-NUCLEO-WB55
2024-04-16 15:08:14,467 [INFO] BoardInfo:889 - No configuration file found for board STEVAL-BFA001V1B
2024-04-16 15:08:14,467 [INFO] DbBoards:161 - Kit is not supported: STEVAL-BFA001V1B
2024-04-16 15:08:14,469 [INFO] BoardInfo:889 - No configuration file found for board STEVAL-BFA001V2B
2024-04-16 15:08:14,470 [INFO] DbBoards:161 - Kit is not supported: STEVAL-BFA001V2B
2024-04-16 15:08:14,617 [INFO] DbBoards:168 - Found 193 boards, 190 are supported
2024-04-16 15:08:14,618 [INFO] DbBoards:169 - Found 193 boards, 3 of them is supported for  Bsp
2024-04-16 15:08:14,620 [INFO] ApiDb:423 - Load user favorites file C:\Users\alstl/.stm32cubeide/favorites.boards.txt: 0 item(s)
2024-04-16 15:08:14,621 [INFO] ApiDb:427 - User favorites Boards=[]
2024-04-16 15:08:14,621 [INFO] DbBoards:198 - Set 0 / 0 favorites Boards
2024-04-16 15:08:14,672 [INFO] UtilMem:75 - End LoadConfig() Used Memory: 558658072 Bytes (1073741824)
2024-04-16 15:08:14,754 [INFO] MicroXplorer:468 - Change Database Path : 
2024-04-16 15:08:14,754 [INFO] MicroXplorer:498 - Change Database Version : DB.6.0.100
2024-04-16 15:08:14,755 [WARN] ThirdParty:833 - waiting for thirdparty lock release [change project]
2024-04-16 15:08:14,755 [INFO] ThirdParty:835 - entering critical section [change project]
2024-04-16 15:08:14,755 [INFO] ThirdParty:1030 - CMSIS Pack Vendor :STMicroelectronics X-CUBE-ISPU 1.1.0
2024-04-16 15:08:14,755 [INFO] ThirdParty:1030 - CMSIS Pack Vendor :STMicroelectronics USBPD 4.1
2024-04-16 15:08:14,755 [INFO] ThirdParty:1030 - CMSIS Pack Vendor :STMicroelectronics X-CUBE-GNSS1 6.0.0
2024-04-16 15:08:14,755 [INFO] ThirdParty:1030 - CMSIS Pack Vendor :STMicroelectronics USB_HOST 2.0.0
2024-04-16 15:08:14,755 [INFO] ThirdParty:1030 - CMSIS Pack Vendor :STMicroelectronics X-CUBE-AZRTOS-F4 1.1.0
2024-04-16 15:08:14,755 [INFO] ThirdParty:1030 - CMSIS Pack Vendor :STMicroelectronics LIBJPEG 8.0.0
2024-04-16 15:08:14,755 [INFO] ThirdParty:1030 - CMSIS Pack Vendor :wolfSSL I-CUBE-wolfSSL 5.6.4
2024-04-16 15:08:14,755 [INFO] ThirdParty:1030 - CMSIS Pack Vendor :STMicroelectronics X-CUBE-SMBUS 2.1.0
2024-04-16 15:08:14,755 [INFO] ThirdParty:1030 - CMSIS Pack Vendor :STMicroelectronics USB_DEVICE 3.0.0
2024-04-16 15:08:14,755 [INFO] ThirdParty:1030 - CMSIS Pack Vendor :STMicroelectronics X-CUBE-TCPP 4.1.0
2024-04-16 15:08:14,755 [INFO] ThirdParty:1030 - CMSIS Pack Vendor :STMicroelectronics X-CUBE-AZRTOS-WB 2.0.0
2024-04-16 15:08:14,755 [INFO] ThirdParty:1030 - CMSIS Pack Vendor :STMicroelectronics X-CUBE-TOUCHGFX 4.23.0
2024-04-16 15:08:14,755 [INFO] ThirdParty:1030 - CMSIS Pack Vendor :STMicroelectronics X-CUBE-TOUCHGFX 4.23.2
2024-04-16 15:08:14,755 [INFO] ThirdParty:1030 - CMSIS Pack Vendor :STMicroelectronics X-CUBE-AZRTOS-F7 1.1.0
2024-04-16 15:08:14,755 [INFO] ThirdParty:1030 - CMSIS Pack Vendor :STMicroelectronics X-CUBE-AZRTOS-L5 2.0.0
2024-04-16 15:08:14,756 [INFO] ThirdParty:1030 - CMSIS Pack Vendor :STMicroelectronics USB_DEVICE 2.0.0
2024-04-16 15:08:14,756 [INFO] ThirdParty:1030 - CMSIS Pack Vendor :STMicroelectronics X-CUBE-EEPRMA1 4.2.0
2024-04-16 15:08:14,756 [INFO] ThirdParty:1030 - CMSIS Pack Vendor :STMicroelectronics X-CUBE-NFC6 3.1.0
2024-04-16 15:08:14,756 [INFO] ThirdParty:1030 - CMSIS Pack Vendor :ITTIA_DB I-CUBE-ITTIADB 8.8.0
2024-04-16 15:08:14,756 [INFO] ThirdParty:1030 - CMSIS Pack Vendor :STMicroelectronics FP-SNS-MOTENV1 4.3.2
2024-04-16 15:08:14,756 [INFO] ThirdParty:1030 - CMSIS Pack Vendor :STMicroelectronics X-CUBE-ALGOBUILD 1.3.0
2024-04-16 15:08:14,756 [INFO] ThirdParty:1030 - CMSIS Pack Vendor :STMicroelectronics FreeRTOS 0.0.1
2024-04-16 15:08:14,756 [INFO] ThirdParty:1030 - CMSIS Pack Vendor :STMicroelectronics X-CUBE-AZRTOS-G0 1.1.0
2024-04-16 15:08:14,756 [INFO] ThirdParty:1030 - CMSIS Pack Vendor :STMicroelectronics X-CUBE-SAFEA1 1.2.2
2024-04-16 15:08:14,756 [INFO] ThirdParty:1030 - CMSIS Pack Vendor :STMicroelectronics X-CUBE-NFC4 3.0.0
2024-04-16 15:08:14,756 [INFO] ThirdParty:1030 - CMSIS Pack Vendor :STMicroelectronics X-CUBE-SUBG2 5.0.0
2024-04-16 15:08:14,756 [INFO] ThirdParty:1030 - CMSIS Pack Vendor :STMicroelectronics STM32_WPAN 1.0.0
2024-04-16 15:08:14,756 [INFO] ThirdParty:1030 - CMSIS Pack Vendor :STMicroelectronics lwIP 2.0.3
2024-04-16 15:08:14,756 [INFO] ThirdParty:1030 - CMSIS Pack Vendor :STMicroelectronics FP-SNS-FLIGHT1 5.0.2
2024-04-16 15:08:14,756 [INFO] ThirdParty:1030 - CMSIS Pack Vendor :STMicroelectronics USB_HOST 1.0.0
2024-04-16 15:08:14,756 [INFO] ThirdParty:1030 - CMSIS Pack Vendor :STMicroelectronics X-CUBE-AZRTOS-G4 2.0.0
2024-04-16 15:08:14,756 [INFO] ThirdParty:1030 - CMSIS Pack Vendor :STMicroelectronics PDM2PCM 3.1.0
2024-04-16 15:08:14,756 [INFO] ThirdParty:1030 - CMSIS Pack Vendor :STMicroelectronics X-CUBE-AZRTOS-H7 3.1.0
2024-04-16 15:08:14,756 [INFO] ThirdParty:1030 - CMSIS Pack Vendor :Infineon AIROC-Wi-Fi-Bluetooth-STM32 1.5.1
2024-04-16 15:08:14,756 [INFO] ThirdParty:1030 - CMSIS Pack Vendor :STMicroelectronics X-CUBE-BLEMGR 3.0.0
2024-04-16 15:08:14,756 [INFO] ThirdParty:1030 - CMSIS Pack Vendor :STMicroelectronics PDM2PCM 3.3.0
2024-04-16 15:08:14,756 [INFO] ThirdParty:1030 - CMSIS Pack Vendor :STMicroelectronics X-CUBE-DISPLAY 3.0.0
2024-04-16 15:08:14,756 [INFO] ThirdParty:1030 - CMSIS Pack Vendor :STMicroelectronics FP-SNS-MOTENVWB1 1.3.0
2024-04-16 15:08:14,756 [INFO] ThirdParty:1030 - CMSIS Pack Vendor :STMicroelectronics FP-SNS-MOTENVWB1 1.3.1
2024-04-16 15:08:14,756 [INFO] ThirdParty:1030 - CMSIS Pack Vendor :STMicroelectronics X-CUBE-BLE1 7.0.0
2024-04-16 15:08:14,757 [INFO] ThirdParty:1030 - CMSIS Pack Vendor :STMicroelectronics FP-ATR-SIGFOX1 3.2.0
2024-04-16 15:08:14,757 [INFO] ThirdParty:1030 - CMSIS Pack Vendor :STMicroelectronics X-CUBE-ISPU 2.0.0
2024-04-16 15:08:14,757 [INFO] ThirdParty:1030 - CMSIS Pack Vendor :STMicroelectronics X-CUBE-EEPRMA1 5.1.0
2024-04-16 15:08:14,757 [INFO] ThirdParty:1030 - CMSIS Pack Vendor :STMicroelectronics HAL Drivers 0.0.0
2024-04-16 15:08:14,757 [INFO] ThirdParty:1030 - CMSIS Pack Vendor :STMicroelectronics MBEDTLS 2.16.2
2024-04-16 15:08:14,757 [INFO] ThirdParty:1030 - CMSIS Pack Vendor :emotas I-CUBE-CANOPEN 1.3.0
2024-04-16 15:08:14,757 [INFO] ThirdParty:1030 - CMSIS Pack Vendor :STMicroelectronics X-CUBE-MEMS1 10.0.0
2024-04-16 15:08:14,757 [INFO] ThirdParty:1030 - CMSIS Pack Vendor :STMicroelectronics X-CUBE-FREERTOS 1.1.0
2024-04-16 15:08:14,757 [INFO] ThirdParty:1030 - CMSIS Pack Vendor :STMicroelectronics X-CUBE-NFC7 1.0.1
2024-04-16 15:08:14,757 [INFO] ThirdParty:1030 - CMSIS Pack Vendor :STMicroelectronics MBEDTLS 2.14.1
2024-04-16 15:08:14,757 [INFO] ThirdParty:1030 - CMSIS Pack Vendor :STMicroelectronics X-CUBE-TOUCHGFX 4.22.1
2024-04-16 15:08:14,757 [INFO] ThirdParty:1030 - CMSIS Pack Vendor :STMicroelectronics X-CUBE-NFC6 3.0.0
2024-04-16 15:08:14,757 [INFO] ThirdParty:1030 - CMSIS Pack Vendor :portGmbH I-Cube-SoM-uGOAL 1.1.0
2024-04-16 15:08:14,757 [INFO] ThirdParty:1030 - CMSIS Pack Vendor :STMicroelectronics X-CUBE-ALS 1.0.1
2024-04-16 15:08:14,757 [INFO] ThirdParty:1030 - CMSIS Pack Vendor :STMicroelectronics X-CUBE-BLEMGR 3.1.0
2024-04-16 15:08:14,757 [INFO] ThirdParty:1030 - CMSIS Pack Vendor :STMicroelectronics ThreadX 1.0.0
2024-04-16 15:08:14,757 [INFO] ThirdParty:1030 - CMSIS Pack Vendor :STMicroelectronics FP-SNS-SMARTAG2 1.2.0
2024-04-16 15:08:14,757 [INFO] ThirdParty:1030 - CMSIS Pack Vendor :STMicroelectronics X-CUBE-AZRTOS-WL 2.0.0
2024-04-16 15:08:14,757 [INFO] ThirdParty:1030 - CMSIS Pack Vendor :SEGGER I-CUBE-embOS 1.3.1
2024-04-16 15:08:14,757 [INFO] ThirdParty:1030 - CMSIS Pack Vendor :STMicroelectronics FP-SNS-MOTENV1 5.0.0
2024-04-16 15:08:14,757 [INFO] ThirdParty:1030 - CMSIS Pack Vendor :STMicroelectronics USB_DEVICE 1.0.0
2024-04-16 15:08:14,757 [INFO] ThirdParty:1030 - CMSIS Pack Vendor :STMicroelectronics X-CUBE-AI 8.1.0
2024-04-16 15:08:14,757 [INFO] ThirdParty:1030 - CMSIS Pack Vendor :STMicroelectronics X-CUBE-AZRTOS-L4 2.0.0
2024-04-16 15:08:14,757 [INFO] ThirdParty:1030 - CMSIS Pack Vendor :STMicroelectronics ThreadX 0.0.2
2024-04-16 15:08:14,757 [INFO] ThirdParty:1030 - CMSIS Pack Vendor :WES I-CUBE-Cesium 1.3.0
2024-04-16 15:08:14,757 [INFO] ThirdParty:1030 - CMSIS Pack Vendor :STMicroelectronics FP-ATR-ASTRA1 2.0.0
2024-04-16 15:08:14,757 [INFO] ThirdParty:1030 - CMSIS Pack Vendor :STMicroelectronics lwIP 2.1.2
2024-04-16 15:08:14,757 [INFO] ThirdParty:1030 - CMSIS Pack Vendor :STMicroelectronics X-CUBE-SFXS2LP1 4.0.0
2024-04-16 15:08:14,758 [INFO] ThirdParty:1030 - CMSIS Pack Vendor :STMicroelectronics X-CUBE-BLE2 3.3.0
2024-04-16 15:08:14,758 [INFO] ThirdParty:1030 - CMSIS Pack Vendor :STMicroelectronics X-CUBE-TOF1 3.4.0
2024-04-16 15:08:14,758 [INFO] ThirdParty:1030 - CMSIS Pack Vendor :STMicroelectronics X-CUBE-TOF1 3.4.1
2024-04-16 15:08:14,758 [INFO] ThirdParty:1030 - CMSIS Pack Vendor :STMicroelectronics X-CUBE-AZRTOS-H7 3.2.0
2024-04-16 15:08:14,758 [INFO] ThirdParty:1030 - CMSIS Pack Vendor :STMicroelectronics PDM2PCM 3.2.0
2024-04-16 15:08:14,758 [INFO] ThirdParty:841 - exiting critical section [change project]
2024-04-16 15:08:14,840 [INFO] PinOutPanel:1499 - setPackage(No Configuration,No Configuration)
2024-04-16 15:08:14,841 [INFO] PinOutPanel:1499 - setPackage(STM32F103C8Tx,LQFP48)
2024-04-16 15:08:15,040 [INFO] UtilMem:75 - Before build in PCC Used Memory: 404004656 Bytes (1073741824)
2024-04-16 15:08:15,340 [INFO] UtilMem:75 - After build in PCC Used Memory: 441754248 Bytes (1073741824)
2024-04-16 15:08:15,362 [INFO] IPUIPlugin:80 - create IPUIPlugin
2024-04-16 15:08:15,362 [INFO] IPUIPlugin:80 - create IPUIPlugin
2024-04-16 15:08:15,362 [INFO] IPUIPlugin:80 - create IPUIPlugin
2024-04-16 15:08:15,363 [INFO] IPUIPlugin:80 - create IPUIPlugin
2024-04-16 15:08:15,363 [INFO] IPUIPlugin:80 - create IPUIPlugin
2024-04-16 15:08:15,363 [INFO] IPUIPlugin:80 - create IPUIPlugin
2024-04-16 15:08:15,363 [INFO] IPUIPlugin:80 - create IPUIPlugin
2024-04-16 15:08:15,363 [INFO] IPUIPlugin:80 - create IPUIPlugin
2024-04-16 15:08:15,364 [INFO] IPUIPlugin:80 - create IPUIPlugin
2024-04-16 15:08:15,364 [INFO] IPUIPlugin:80 - create IPUIPlugin
2024-04-16 15:08:15,364 [INFO] IPUIPlugin:80 - create IPUIPlugin
2024-04-16 15:08:15,364 [INFO] IPUIPlugin:80 - create IPUIPlugin
2024-04-16 15:08:15,364 [INFO] IPUIPlugin:80 - create IPUIPlugin
2024-04-16 15:08:15,365 [INFO] IPUIPlugin:80 - create IPUIPlugin
2024-04-16 15:08:15,365 [INFO] IPUIPlugin:80 - create IPUIPlugin
2024-04-16 15:08:15,365 [INFO] IPUIPlugin:80 - create IPUIPlugin
2024-04-16 15:08:15,365 [INFO] IPUIPlugin:80 - create IPUIPlugin
2024-04-16 15:08:15,366 [INFO] IPUIPlugin:80 - create IPUIPlugin
2024-04-16 15:08:15,366 [INFO] IPUIPlugin:80 - create IPUIPlugin
2024-04-16 15:08:15,366 [INFO] IPUIPlugin:80 - create IPUIPlugin
2024-04-16 15:08:15,366 [INFO] IPUIPlugin:80 - create IPUIPlugin
2024-04-16 15:08:15,367 [INFO] IPUIPlugin:80 - create IPUIPlugin
2024-04-16 15:08:15,367 [INFO] IPUIPlugin:80 - create IPUIPlugin
2024-04-16 15:08:15,367 [INFO] IPUIPlugin:80 - create IPUIPlugin
2024-04-16 15:08:15,368 [INFO] IPUIPlugin:80 - create IPUIPlugin
2024-04-16 15:08:15,369 [INFO] IPUIPlugin:80 - create IPUIPlugin
2024-04-16 15:08:15,369 [INFO] IPUIPlugin:80 - create IPUIPlugin
2024-04-16 15:08:15,415 [INFO] CADModel:165 - CPN selected for project levelSTM32F103C8T6
2024-04-16 15:08:15,416 [INFO] CADModel:114 - Register for checkConnection events
2024-04-16 15:08:15,476 [INFO] OpenFileManager:343 - Restore cursor
2024-04-16 15:08:19,303 [INFO] Gpio:277 - dependency for GPIO [SYS, USART1]
2024-04-16 21:40:13,839 [INFO] Gpio:277 - dependency for GPIO [SYS, USART1]
2024-04-16 21:40:13,984 [INFO] Gpio:277 - dependency for GPIO [SYS, USART1]
2024-04-16 21:40:18,491 [INFO] Gpio:277 - dependency for GPIO [SYS, USART1]
2024-04-16 21:40:18,582 [INFO] Gpio:277 - dependency for GPIO [SYS, USART1]
2024-04-16 21:40:21,066 [INFO] Gpio:277 - dependency for GPIO [SYS, USART1]
2024-04-16 21:40:21,178 [INFO] Gpio:277 - dependency for GPIO [SYS, USART1]
2024-04-16 21:44:16,044 [INFO] UtilMem:75 - End SaveConfig() Used Memory: 643009904 Bytes (1073741824)
2024-04-16 21:44:17,226 [INFO] UtilMem:75 - End SaveConfig() Used Memory: 592884664 Bytes (1073741824)
2024-04-16 21:44:19,263 [INFO] UtilMem:75 - End SaveConfig() Used Memory: 628838248 Bytes (1073741824)
2024-04-16 21:44:19,750 [INFO] BlockDiagram:2759 - set Specific Code input for plugin: NVIC
2024-04-16 21:44:19,751 [INFO] BlockDiagram:2759 - set Specific Code input for plugin: USART
2024-04-16 21:44:19,751 [INFO] BlockDiagram:2759 - set Specific Code input for plugin: SYS
2024-04-16 21:44:19,751 [INFO] BlockDiagram:2759 - set Specific Code input for plugin: GPIO
2024-04-16 21:44:19,751 [INFO] BlockDiagram:2759 - set Specific Code input for plugin: RCC
2024-04-16 21:44:19,754 [INFO] CodeGenerator:807 - code generatio: config db path: C:\ST\STM32CubeIDE_1.14.0\STM32CubeIDE\plugins\com.st.stm32cube.common.mx_6.10.0.202311202037\\db\
2024-04-16 21:44:20,036 [INFO] CodeEngine:255 - oldGeneratedFile, D:\STM32CubeIDE_Study\first\MXTmpFiles\license.tmp_save
2024-04-16 21:44:20,395 [INFO] CodeEngine:279 - Generated code: D:\STM32CubeIDE_Study\first\MXTmpFiles\license.tmp
2024-04-16 21:44:20,513 [INFO] CodeEngine:255 - oldGeneratedFile, D:\STM32CubeIDE_Study\first\MXTmpFiles\gpio.tmp_save
2024-04-16 21:44:20,683 [INFO] CodeEngine:279 - Generated code: D:\STM32CubeIDE_Study\first\MXTmpFiles\gpio.tmp
2024-04-16 21:44:20,811 [INFO] CodeEngine:255 - oldGeneratedFile, D:\STM32CubeIDE_Study\first\Core\Src\stm32f1xx_it.c_save
2024-04-16 21:44:20,967 [INFO] CodeEngine:279 - Generated code: D:\STM32CubeIDE_Study\first\Core\Src\stm32f1xx_it.c
2024-04-16 21:44:20,989 [INFO] CodeEngine:255 - oldGeneratedFile, D:\STM32CubeIDE_Study\first\Core\Inc\stm32f1xx_it.h_save
2024-04-16 21:44:21,104 [INFO] CodeEngine:279 - Generated code: D:\STM32CubeIDE_Study\first\Core\Inc\stm32f1xx_it.h
2024-04-16 21:44:21,138 [INFO] CodeEngine:255 - oldGeneratedFile, D:\STM32CubeIDE_Study\first\Core\Src\stm32f1xx_hal_msp.c_save
2024-04-16 21:44:21,283 [INFO] CodeEngine:279 - Generated code: D:\STM32CubeIDE_Study\first\Core\Src\stm32f1xx_hal_msp.c
2024-04-16 21:44:21,293 [INFO] CodeEngine:255 - oldGeneratedFile, D:\STM32CubeIDE_Study\first\MXTmpFiles\system.tmp_save
2024-04-16 21:44:21,373 [INFO] CodeEngine:279 - Generated code: D:\STM32CubeIDE_Study\first\MXTmpFiles\system.tmp
2024-04-16 21:44:21,409 [INFO] CodeEngine:311 - oldGeneratedFile, D:\STM32CubeIDE_Study\first\Core\Inc\stm32f1xx_hal_conf.h_save
2024-04-16 21:44:21,529 [INFO] CodeEngine:335 - Generated code: D:\STM32CubeIDE_Study\first\Core\Inc\stm32f1xx_hal_conf.h
2024-04-16 21:44:21,596 [INFO] CodeEngine:255 - oldGeneratedFile, D:\STM32CubeIDE_Study\first\Core\Inc\main.h_save
2024-04-16 21:44:21,713 [INFO] CodeEngine:279 - Generated code: D:\STM32CubeIDE_Study\first\Core\Inc\main.h
2024-04-16 21:44:21,743 [INFO] CodeEngine:255 - oldGeneratedFile, D:\STM32CubeIDE_Study\first\Core\Src\main.c_save
2024-04-16 21:44:21,901 [INFO] CodeEngine:279 - Generated code: D:\STM32CubeIDE_Study\first\Core\Src\main.c
2024-04-16 21:44:22,784 [INFO] ProjectBuilder:3076 - Time for Copy HAL[1] : 171mS.
2024-04-16 21:44:22,791 [INFO] ProjectBuilder:4485 - Project Generator version: 4.2.0-B44
2024-04-16 21:44:23,112 [INFO] ConfigFileManager:1495 - The Die is : DIE410
2024-04-16 21:44:23,131 [INFO] ApiDbMcu:508 - Load IP Config File for FATFS
2024-04-16 21:44:23,147 [INFO] ApiDbMcu:508 - Load IP Config File for FREERTOS
2024-04-16 21:44:23,180 [INFO] ApiDbMcu:508 - Load IP Config File for USB_DEVICE
2024-04-16 21:44:24,473 [INFO] LogOutputStream:77 - [STDOUT_REDIRECT] 
2024-04-16 21:44:26,255 [INFO] ProjectBuilder:4747 - Time for Generating toolchain IDE Files: 3464mS.
2024-04-16 21:44:26,256 [INFO] ProjectBuilder:2947 - Time for Copy CMSIS : 1mS.
2024-04-16 21:44:26,256 [INFO] ProjectBuilder:2947 - Time for Copy CMSIS : 0mS.
