2024-04-10 22:06:23,525 [ERROR] LogOutputStream:75 - [STDERR_REDIRECT] 
2024-04-10 22:06:42,506 [INFO] Activator:176 - 


2024-04-10 22:06:42,508 [INFO] Activator:177 - !SESSION log4j initialized
2024-04-10 22:06:48,876 [INFO] LogOutputStream:77 - [STDOUT_REDIRECT] 
2024-04-10 22:06:55,218 [INFO] ApplicationProperties:184 - Using Application install path: C:\ST\STM32CubeIDE_1.14.0\STM32CubeIDE\plugins\com.st.stm32cube.common.mx_6.10.0.202311202037
2024-04-10 22:06:55,235 [INFO] DbMcusXml:78 - Set database path to: C:\ST\STM32CubeIDE_1.14.0\STM32CubeIDE\plugins\com.st.stm32cube.common.mx_6.10.0.202311202037\\db\/mcu/
2024-04-10 22:06:55,235 [INFO] ApiDb:274 - Set plugin database path to: C:\ST\STM32CubeIDE_1.14.0\STM32CubeIDE\plugins\com.st.stm32cube.common.mx_6.10.0.202311202037\\db\/plugins/boardmanager/
2024-04-10 22:06:55,235 [WARN] ApiDb:259 - Overriding images path with different value:  => C:\ST\STM32CubeIDE_1.14.0\STM32CubeIDE\plugins\com.st.stm32cube.common.mx_6.10.0.202311202037\\db\/plugins/mcufinder/images/
2024-04-10 22:06:55,245 [INFO] ApiDb:250 - Set database path to: C:\Users\alstl\.stmcufinder\plugins\mcufinder//mcu/
2024-04-10 22:06:55,245 [INFO] DbMcusAds:125 - Set database path to: C:\Users\alstl\.stmcufinder\plugins\mcufinder//mcu/
2024-04-10 22:06:55,247 [INFO] CrossReferenceDbSqlite:203 - Set database path to: C:\Users\alstl\.stmcufinder\plugins\mcufinder//mcu/cs/
2024-04-10 22:06:55,353 [INFO] RulesReader:64 - Compatibility file has been processed (297 Rules)
2024-04-10 22:06:55,440 [INFO] DbMcusXml:78 - Set database path to: C:\ST\STM32CubeIDE_1.14.0\STM32CubeIDE\plugins\com.st.stm32cube.common.mx_6.10.0.202311202037\\db\/mcu/
2024-04-10 22:06:55,440 [INFO] ApiDb:274 - Set plugin database path to: C:\ST\STM32CubeIDE_1.14.0\STM32CubeIDE\plugins\com.st.stm32cube.common.mx_6.10.0.202311202037\\db\/plugins/boardmanager/
2024-04-10 22:06:55,440 [INFO] ApiDb:261 - Set plugin images path to: C:\ST\STM32CubeIDE_1.14.0\STM32CubeIDE\plugins\com.st.stm32cube.common.mx_6.10.0.202311202037\\db\/plugins/mcufinder/images/
2024-04-10 22:06:55,440 [WARN] DbFile:41 - Overriding database path with different value: C:\Users\alstl\.stmcufinder\plugins\mcufinder/ => C:\Users\alstl\.stmcufinder\plugins\mcufinder
2024-04-10 22:06:55,441 [INFO] ApiDb:250 - Set database path to: C:\Users\alstl\.stmcufinder\plugins\mcufinder//mcu/
2024-04-10 22:06:55,441 [WARN] DbFile:41 - Overriding database path with different value: C:\Users\alstl\.stmcufinder\plugins\mcufinder/ => C:\Users\alstl\.stmcufinder\plugins\mcufinder
2024-04-10 22:06:55,441 [INFO] DbMcusAds:125 - Set database path to: C:\Users\alstl\.stmcufinder\plugins\mcufinder//mcu/
2024-04-10 22:06:55,441 [WARN] DbFile:41 - Overriding database path with different value: C:\Users\alstl\.stmcufinder\plugins\mcufinder/ => C:\Users\alstl\.stmcufinder\plugins\mcufinder
2024-04-10 22:06:55,441 [WARN] DbFile:41 - Overriding database path with different value: C:\Users\alstl\.stmcufinder\plugins\mcufinder/ => C:\Users\alstl\.stmcufinder\plugins\mcufinder
2024-04-10 22:06:55,441 [INFO] CrossReferenceDbSqlite:203 - Set database path to: C:\Users\alstl\.stmcufinder\plugins\mcufinder//mcu/cs/
2024-04-10 22:06:55,507 [INFO] MainPanel:264 - HeapMemory: 268435456
2024-04-10 22:06:55,585 [INFO] DbMcusXml:78 - Set database path to: C:\ST\STM32CubeIDE_1.14.0\STM32CubeIDE\plugins\com.st.stm32cube.common.mx_6.10.0.202311202037\\db\/mcu/
2024-04-10 22:06:55,585 [INFO] ApiDb:274 - Set plugin database path to: C:\ST\STM32CubeIDE_1.14.0\STM32CubeIDE\plugins\com.st.stm32cube.common.mx_6.10.0.202311202037\\db\/plugins/boardmanager/
2024-04-10 22:06:55,585 [INFO] ApiDb:261 - Set plugin images path to: C:\ST\STM32CubeIDE_1.14.0\STM32CubeIDE\plugins\com.st.stm32cube.common.mx_6.10.0.202311202037\\db\/plugins/mcufinder/images/
2024-04-10 22:06:55,585 [WARN] DbFile:41 - Overriding database path with different value: C:\Users\alstl\.stmcufinder\plugins\mcufinder/ => C:\Users\alstl\.stmcufinder\plugins\mcufinder
2024-04-10 22:06:55,585 [INFO] ApiDb:250 - Set database path to: C:\Users\alstl\.stmcufinder\plugins\mcufinder//mcu/
2024-04-10 22:06:55,585 [WARN] DbFile:41 - Overriding database path with different value: C:\Users\alstl\.stmcufinder\plugins\mcufinder/ => C:\Users\alstl\.stmcufinder\plugins\mcufinder
2024-04-10 22:06:55,585 [INFO] DbMcusAds:125 - Set database path to: C:\Users\alstl\.stmcufinder\plugins\mcufinder//mcu/
2024-04-10 22:06:55,585 [WARN] DbFile:41 - Overriding database path with different value: C:\Users\alstl\.stmcufinder\plugins\mcufinder/ => C:\Users\alstl\.stmcufinder\plugins\mcufinder
2024-04-10 22:06:55,585 [WARN] DbFile:41 - Overriding database path with different value: C:\Users\alstl\.stmcufinder\plugins\mcufinder/ => C:\Users\alstl\.stmcufinder\plugins\mcufinder
2024-04-10 22:06:55,586 [INFO] CrossReferenceDbSqlite:203 - Set database path to: C:\Users\alstl\.stmcufinder\plugins\mcufinder//mcu/cs/
2024-04-10 22:06:55,603 [INFO] ApplicationProperties:184 - Using Application install path: C:\ST\STM32CubeIDE_1.14.0\STM32CubeIDE\plugins\com.st.stm32cube.common.mx_6.10.0.202311202037
2024-04-10 22:06:55,606 [INFO] PluginManage:196 - Search for loadable plugins [exclusion list=, ]
2024-04-10 22:06:55,606 [INFO] PluginManage:310 - Check plugin analytics
2024-04-10 22:07:00,722 [INFO] AnalyticsPlugin:253 - Accepted Software Licenses: 
2024-04-10 22:07:00,724 [INFO] AnalyticsPlugin:255 - Accepted CMSIS Pack Licenses: 
2024-04-10 22:07:00,724 [INFO] AnalyticsPlugin:257 - Accepted Firmware Licenses: 
2024-04-10 22:07:00,727 [INFO] PluginManage:359 - Loaded plugin analytics (category:tool,tabindex:-1)
2024-04-10 22:07:00,727 [INFO] PluginManage:310 - Check plugin cadmodel
2024-04-10 22:07:00,741 [INFO] CADModel:105 - Init CAD model plugin
2024-04-10 22:07:00,741 [INFO] PluginManage:359 - Loaded plugin cadmodel (category:power,tabindex:5)
2024-04-10 22:07:00,741 [INFO] PluginManage:310 - Check plugin clock
2024-04-10 22:07:00,765 [INFO] PluginManage:359 - Loaded plugin clock (category:base,tabindex:2)
2024-04-10 22:07:00,765 [INFO] PluginManage:310 - Check plugin ddr
2024-04-10 22:07:00,767 [INFO] PluginManage:359 - Loaded plugin ddr (category:tool,tabindex:6)
2024-04-10 22:07:00,767 [INFO] PluginManage:310 - Check plugin filemanager
2024-04-10 22:07:00,903 [INFO] PluginManage:359 - Loaded plugin filemanager (category:base,tabindex:10)
2024-04-10 22:07:00,903 [INFO] PluginManage:310 - Check plugin ipmanager
2024-04-10 22:07:00,909 [INFO] PluginManage:359 - Loaded plugin ipmanager (category:base,tabindex:5)
2024-04-10 22:07:00,909 [INFO] PluginManage:310 - Check plugin lpbam
2024-04-10 22:07:00,929 [INFO] PluginManage:359 - Loaded plugin lpbam (category:base,tabindex:0)
2024-04-10 22:07:00,929 [INFO] PluginManage:310 - Check plugin memorymap
2024-04-10 22:07:00,948 [INFO] PluginManage:359 - Loaded plugin memorymap (category:base,tabindex:4)
2024-04-10 22:07:00,948 [INFO] PluginManage:310 - Check plugin pinoutandconfiguration
2024-04-10 22:07:00,960 [INFO] PluginManage:359 - Loaded plugin pinoutandconfiguration (category:base,tabindex:1)
2024-04-10 22:07:00,961 [INFO] PluginManage:310 - Check plugin pinoutconfig
2024-04-10 22:07:01,050 [WARN] SupportedApi:132 - Cannot load RTOS API schema: s4s-elt-must-match.1: The content of 'definitions' must match (annotation?, (simpleType | complexType)?, (unique | key | keyref)*)). A problem was found starting at: attribute.
2024-04-10 22:07:01,179 [INFO] PluginManage:359 - Loaded plugin pinoutconfig (category:base,tabindex:0)
2024-04-10 22:07:01,180 [INFO] PluginManage:310 - Check plugin power
2024-04-10 22:07:01,195 [INFO] PluginManage:359 - Loaded plugin power (category:power,tabindex:4)
2024-04-10 22:07:01,196 [INFO] PluginManage:310 - Check plugin projectmanager
2024-04-10 22:07:01,208 [INFO] PluginManage:359 - Loaded plugin projectmanager (category:projectmanager,tabindex:3)
2024-04-10 22:07:01,208 [INFO] PluginManage:310 - Check plugin thirdparty
2024-04-10 22:07:01,447 [INFO] PluginManage:359 - Loaded plugin thirdparty (category:base,tabindex:-1)
2024-04-10 22:07:01,447 [INFO] PluginManage:310 - Check plugin tools
2024-04-10 22:07:01,447 [WARN] IntegrityCheckThread:84 - waiting for thirdparty lock release [integrity check]
2024-04-10 22:07:01,447 [INFO] IntegrityCheckThread:86 - entering critical section [integrity check]
2024-04-10 22:07:01,447 [INFO] ThirdPartyUpdaterWithRetryManager:70 - Updater plugin not ready yet. [1/15]
2024-04-10 22:07:01,472 [INFO] PluginManage:359 - Loaded plugin tools (category:base,tabindex:7)
2024-04-10 22:07:01,473 [INFO] PluginManage:310 - Check plugin tutovideos
2024-04-10 22:07:01,636 [INFO] PluginManage:359 - Loaded plugin tutovideos (category:base,tabindex:-1)
2024-04-10 22:07:01,637 [INFO] PluginManage:310 - Check plugin updater
2024-04-10 22:07:01,648 [INFO] PluginManage:359 - Loaded plugin updater (category:base,tabindex:12)
2024-04-10 22:07:01,649 [INFO] PluginManage:310 - Check plugin userauth
2024-04-10 22:07:01,653 [INFO] UserAuth:114 - Init User Auth plugin
2024-04-10 22:07:01,654 [INFO] PluginManage:359 - Loaded plugin userauth (category:base,tabindex:14)
2024-04-10 22:07:01,654 [INFO] PluginManage:283 - PluginManage : Loaded plugins [17]
2024-04-10 22:07:01,854 [INFO] PinOutPanel:1499 - setPackage(No Configuration,No Configuration)
2024-04-10 22:07:01,931 [INFO] CADModel:165 - CPN selected for project level
2024-04-10 22:07:01,931 [INFO] CADModel:114 - Register for checkConnection events
2024-04-10 22:07:01,957 [INFO] IPUIPlugin:80 - create IPUIPlugin
2024-04-10 22:07:01,957 [INFO] PluginManager:220 - loadIPPluginJar : add adc
2024-04-10 22:07:01,988 [INFO] IPUIPlugin:80 - create IPUIPlugin
2024-04-10 22:07:01,988 [INFO] PluginManager:220 - loadIPPluginJar : add aes
2024-04-10 22:07:02,026 [INFO] IPUIPlugin:80 - create IPUIPlugin
2024-04-10 22:07:02,026 [INFO] PluginManager:220 - loadIPPluginJar : add can
2024-04-10 22:07:02,044 [INFO] IPUIPlugin:80 - create IPUIPlugin
2024-04-10 22:07:02,045 [INFO] PluginManager:220 - loadIPPluginJar : add comp
2024-04-10 22:07:02,073 [INFO] IPUIPlugin:80 - create IPUIPlugin
2024-04-10 22:07:02,073 [INFO] PluginManager:220 - loadIPPluginJar : add cryp
2024-04-10 22:07:02,098 [INFO] IPUIPlugin:80 - create IPUIPlugin
2024-04-10 22:07:02,098 [INFO] PluginManager:220 - loadIPPluginJar : add dfsdm
2024-04-10 22:07:02,111 [INFO] IPUIPlugin:80 - create IPUIPlugin
2024-04-10 22:07:02,112 [INFO] PluginManager:220 - loadIPPluginJar : add dma
2024-04-10 22:07:02,147 [INFO] IPUIPlugin:80 - create IPUIPlugin
2024-04-10 22:07:02,147 [INFO] PluginManager:220 - loadIPPluginJar : add dma3
2024-04-10 22:07:02,164 [INFO] IPUIPlugin:80 - create IPUIPlugin
2024-04-10 22:07:02,164 [INFO] PluginManager:220 - loadIPPluginJar : add fatfs
2024-04-10 22:07:02,201 [INFO] IPUIPlugin:80 - create IPUIPlugin
2024-04-10 22:07:02,201 [INFO] PluginManager:220 - loadIPPluginJar : add fmc
2024-04-10 22:07:02,214 [INFO] IPUIPlugin:80 - create IPUIPlugin
2024-04-10 22:07:02,214 [INFO] PluginManager:220 - loadIPPluginJar : add freertos
2024-04-10 22:07:02,230 [INFO] IPUIPlugin:80 - create IPUIPlugin
2024-04-10 22:07:02,230 [INFO] PluginManager:220 - loadIPPluginJar : add genericplugin
2024-04-10 22:07:02,305 [INFO] IPUIPlugin:80 - create IPUIPlugin
2024-04-10 22:07:02,305 [INFO] PluginManager:220 - loadIPPluginJar : add gfxmmu
2024-04-10 22:07:02,424 [INFO] IPUIPlugin:80 - create IPUIPlugin
2024-04-10 22:07:02,424 [INFO] PluginManager:220 - loadIPPluginJar : add gic
2024-04-10 22:07:02,436 [INFO] IPUIPlugin:80 - create IPUIPlugin
2024-04-10 22:07:02,436 [INFO] PluginManager:220 - loadIPPluginJar : add gpio
2024-04-10 22:07:02,513 [INFO] IPUIPlugin:80 - create IPUIPlugin
2024-04-10 22:07:02,513 [INFO] PluginManager:220 - loadIPPluginJar : add gtzc
2024-04-10 22:07:02,535 [INFO] IPUIPlugin:80 - create IPUIPlugin
2024-04-10 22:07:02,536 [INFO] PluginManager:220 - loadIPPluginJar : add hash
2024-04-10 22:07:02,598 [INFO] IPUIPlugin:80 - create IPUIPlugin
2024-04-10 22:07:02,598 [INFO] PluginManager:220 - loadIPPluginJar : add i2c
2024-04-10 22:07:02,625 [INFO] IPUIPlugin:80 - create IPUIPlugin
2024-04-10 22:07:02,625 [INFO] PluginManager:220 - loadIPPluginJar : add i2s
2024-04-10 22:07:02,655 [INFO] IPUIPlugin:80 - create IPUIPlugin
2024-04-10 22:07:02,656 [INFO] PluginManager:220 - loadIPPluginJar : add i3c
2024-04-10 22:07:02,732 [INFO] IPUIPlugin:80 - create IPUIPlugin
2024-04-10 22:07:02,732 [INFO] PluginManager:220 - loadIPPluginJar : add ipddr
2024-04-10 22:07:02,802 [INFO] IPUIPlugin:80 - create IPUIPlugin
2024-04-10 22:07:02,802 [INFO] PluginManager:220 - loadIPPluginJar : add linkedlist
2024-04-10 22:07:02,827 [INFO] IPUIPlugin:80 - create IPUIPlugin
2024-04-10 22:07:02,827 [INFO] PluginManager:220 - loadIPPluginJar : add lorawan
2024-04-10 22:07:02,856 [INFO] IPUIPlugin:80 - create IPUIPlugin
2024-04-10 22:07:02,856 [INFO] PluginManager:220 - loadIPPluginJar : add ltdc
2024-04-10 22:07:02,868 [INFO] IPUIPlugin:80 - create IPUIPlugin
2024-04-10 22:07:02,868 [INFO] PluginManager:220 - loadIPPluginJar : add mdma
2024-04-10 22:07:02,878 [INFO] IPUIPlugin:80 - create IPUIPlugin
2024-04-10 22:07:02,878 [INFO] PluginManager:220 - loadIPPluginJar : add nvic
2024-04-10 22:07:02,905 [INFO] IPUIPlugin:80 - create IPUIPlugin
2024-04-10 22:07:02,905 [INFO] PluginManager:220 - loadIPPluginJar : add opamp
2024-04-10 22:07:02,950 [INFO] IPUIPlugin:80 - create IPUIPlugin
2024-04-10 22:07:02,950 [INFO] PluginManager:220 - loadIPPluginJar : add openamp
2024-04-10 22:07:02,982 [INFO] IPUIPlugin:80 - create IPUIPlugin
2024-04-10 22:07:02,982 [INFO] PluginManager:220 - loadIPPluginJar : add pdm2pcm
2024-04-10 22:07:02,998 [INFO] IPUIPlugin:80 - create IPUIPlugin
2024-04-10 22:07:02,999 [INFO] PluginManager:220 - loadIPPluginJar : add plateformsettings
2024-04-10 22:07:03,015 [INFO] IPUIPlugin:80 - create IPUIPlugin
2024-04-10 22:07:03,015 [INFO] PluginManager:220 - loadIPPluginJar : add quadspi
2024-04-10 22:07:03,025 [INFO] IPUIPlugin:80 - create IPUIPlugin
2024-04-10 22:07:03,026 [INFO] PluginManager:220 - loadIPPluginJar : add resmgrutility
2024-04-10 22:07:03,061 [INFO] IPUIPlugin:80 - create IPUIPlugin
2024-04-10 22:07:03,061 [INFO] PluginManager:220 - loadIPPluginJar : add sai
2024-04-10 22:07:03,088 [INFO] IPUIPlugin:80 - create IPUIPlugin
2024-04-10 22:07:03,088 [INFO] PluginManager:220 - loadIPPluginJar : add spi
2024-04-10 22:07:03,140 [INFO] IPUIPlugin:80 - create IPUIPlugin
2024-04-10 22:07:03,140 [INFO] PluginManager:220 - loadIPPluginJar : add stm32_wpan
2024-04-10 22:07:03,158 [INFO] IPUIPlugin:80 - create IPUIPlugin
2024-04-10 22:07:03,158 [INFO] PluginManager:220 - loadIPPluginJar : add tim
2024-04-10 22:07:03,201 [INFO] IPUIPlugin:80 - create IPUIPlugin
2024-04-10 22:07:03,201 [INFO] PluginManager:220 - loadIPPluginJar : add touchsensing
2024-04-10 22:07:03,217 [INFO] IPUIPlugin:80 - create IPUIPlugin
2024-04-10 22:07:03,217 [INFO] PluginManager:220 - loadIPPluginJar : add tracer_emb
2024-04-10 22:07:03,234 [INFO] IPUIPlugin:80 - create IPUIPlugin
2024-04-10 22:07:03,234 [INFO] PluginManager:220 - loadIPPluginJar : add ts
2024-04-10 22:07:03,250 [INFO] IPUIPlugin:80 - create IPUIPlugin
2024-04-10 22:07:03,250 [INFO] PluginManager:220 - loadIPPluginJar : add tsc
2024-04-10 22:07:03,267 [INFO] IPUIPlugin:80 - create IPUIPlugin
2024-04-10 22:07:03,267 [INFO] PluginManager:220 - loadIPPluginJar : add ucpd
2024-04-10 22:07:03,299 [INFO] IPUIPlugin:80 - create IPUIPlugin
2024-04-10 22:07:03,300 [INFO] PluginManager:220 - loadIPPluginJar : add usart
2024-04-10 22:07:03,337 [INFO] IPUIPlugin:80 - create IPUIPlugin
2024-04-10 22:07:03,337 [INFO] PluginManager:220 - loadIPPluginJar : add usbx
2024-04-10 22:07:03,457 [INFO] CADModel:165 - CPN selected for project level
2024-04-10 22:07:03,457 [INFO] CADModel:114 - Register for checkConnection events
2024-04-10 22:07:03,457 [FATAL] Updater:308 - Updater called before beeing initialized
2024-04-10 22:07:03,458 [ERROR] CADModel:125 - Updater not yet initialized, retry later 
2024-04-10 22:07:03,582 [INFO] CADModel:165 - CPN selected for project level
2024-04-10 22:07:03,582 [INFO] CADModel:114 - Register for checkConnection events
2024-04-10 22:07:03,582 [FATAL] Updater:308 - Updater called before beeing initialized
2024-04-10 22:07:03,582 [ERROR] CADModel:125 - Updater not yet initialized, retry later 
2024-04-10 22:07:03,585 [FATAL] Updater:308 - Updater called before beeing initialized
2024-04-10 22:07:03,686 [FATAL] Updater:308 - Updater called before beeing initialized
2024-04-10 22:07:03,694 [INFO] DbMcusAds:53 - JSON generation date=Tue Mar 07 17:50:55 KST 2023 (1678179055114)
2024-04-10 22:07:03,694 [FATAL] Updater:308 - Updater called before beeing initialized
2024-04-10 22:07:03,759 [WARN] DetailPanel:346 - Failed to get advertising image, set to default
2024-04-10 22:07:03,845 [FATAL] Updater:308 - Updater called before beeing initialized
2024-04-10 22:07:03,847 [FATAL] Updater:308 - Updater called before beeing initialized
2024-04-10 22:07:03,847 [FATAL] Updater:308 - Updater called before beeing initialized
2024-04-10 22:07:03,847 [WARN] DetailPanel:346 - Failed to get advertising image, set to default
2024-04-10 22:07:03,848 [FATAL] Updater:308 - Updater called before beeing initialized
2024-04-10 22:07:03,925 [ERROR] Updater:1120 - MainUpdater not yet initialized. External WinMGr cannot be set.
2024-04-10 22:07:03,940 [INFO] Updater:1056 - Updater Version found : 6.10.0
2024-04-10 22:07:03,957 [INFO] ApplicationProperties:184 - Using Application install path: C:\ST\STM32CubeIDE_1.14.0\STM32CubeIDE\plugins\com.st.stm32cube.common.mx_6.10.0.202311202037
2024-04-10 22:07:04,449 [INFO] ThirdPartyUpdaterWithRetryManager:70 - Updater plugin not ready yet. [2/15]
2024-04-10 22:07:05,536 [ERROR] LogOutputStream:75 - [STDERR_REDIRECT] Apr 10, 2024 10:07:05 PM java.util.prefs.WindowsPreferences <init>
2024-04-10 22:07:05,537 [ERROR] LogOutputStream:75 - [STDERR_REDIRECT] WARNING: Could not open/create prefs root node Software\JavaSoft\Prefs at root 0xffffffff80000002. Windows RegCreateKeyEx(...) returned error code 5.
2024-04-10 22:07:05,537 [ERROR] LogOutputStream:75 - [STDERR_REDIRECT] 
2024-04-10 22:07:06,564 [INFO] MainUpdater:2873 - connection check result : 10
2024-04-10 22:07:06,565 [INFO] MainUpdater:290 - Updater Check For Update Now.
2024-04-10 22:07:06,565 [INFO] MicroXplorer:498 - Change Database Version : DB.6.0.100
2024-04-10 22:07:06,582 [INFO] McuFinderGlobals:63 - Set McuFinder mode to 2 (CubeIDE integrated)
2024-04-10 22:07:06,596 [INFO] UserAuth:404 - Internet connection configuration mode: 1
2024-04-10 22:07:06,627 [INFO] JxBrowserEngine:152 - Initiate JxBrowser Engine with user profile folder
2024-04-10 22:07:06,771 [INFO] CheckServerUpdateThread:120 - End of CheckServer Thread
2024-04-10 22:07:07,658 [WARN] PackLoader:240 - Cannot read IP mode file for STMicroelectronics.X-CUBE-SMBUS.2.1.0
2024-04-10 22:07:07,672 [WARN] PackLoader:240 - Cannot read IP mode file for STMicroelectronics.X-CUBE-TOUCHGFX.4.23.0
2024-04-10 22:07:07,683 [WARN] PackLoader:240 - Cannot read IP mode file for STMicroelectronics.X-CUBE-TOUCHGFX.4.23.2
2024-04-10 22:07:07,733 [WARN] PackLoader:240 - Cannot read IP mode file for STMicroelectronics.X-CUBE-AZRTOS-F7.1.1.0
2024-04-10 22:07:07,757 [WARN] PackLoader:240 - Cannot read IP mode file for STMicroelectronics.FP-SNS-MOTENV1.4.3.2
2024-04-10 22:07:07,778 [WARN] PackLoader:240 - Cannot read IP mode file for STMicroelectronics.FP-SNS-FLIGHT1.5.0.2
2024-04-10 22:07:07,799 [WARN] PackLoader:240 - Cannot read IP mode file for STMicroelectronics.X-CUBE-DISPLAY.3.0.0
2024-04-10 22:07:07,825 [WARN] PackLoader:240 - Cannot read IP mode file for STMicroelectronics.X-CUBE-BLE1.7.0.0
2024-04-10 22:07:07,841 [WARN] PackLoader:240 - Cannot read IP mode file for emotas.I-CUBE-CANOPEN.1.3.0
2024-04-10 22:07:07,856 [WARN] PackLoader:240 - Cannot read IP mode file for STMicroelectronics.X-CUBE-TOUCHGFX.4.22.1
2024-04-10 22:07:07,876 [WARN] PackLoader:240 - Cannot read IP mode file for STMicroelectronics.X-CUBE-BLEMGR.3.1.0
2024-04-10 22:07:07,891 [WARN] PackLoader:240 - Cannot read IP mode file for STMicroelectronics.FP-SNS-SMARTAG2.1.2.0
2024-04-10 22:07:07,917 [INFO] LogOutputStream:77 - [STDOUT_REDIRECT] 1 : Invalid condition id : UX_CORESTACK_Condition cause : null
2024-04-10 22:07:07,918 [INFO] LogOutputStream:77 - [STDOUT_REDIRECT] 1 : Invalid condition id : UX_CORESTACK_Condition cause : null
2024-04-10 22:07:07,919 [INFO] LogOutputStream:77 - [STDOUT_REDIRECT] 1 : Invalid condition id : UX_CORESTACK_Condition cause : null
2024-04-10 22:07:07,920 [INFO] LogOutputStream:77 - [STDOUT_REDIRECT] 1 : Invalid condition id : UX_CORESTACK_Condition cause : null
2024-04-10 22:07:07,921 [INFO] LogOutputStream:77 - [STDOUT_REDIRECT] 1 : Invalid condition id : UX_CORESTACK_Condition cause : null
2024-04-10 22:07:07,925 [WARN] PackLoader:240 - Cannot read IP mode file for STMicroelectronics.X-CUBE-AZRTOS-WL.2.0.0
2024-04-10 22:07:07,941 [WARN] PackLoader:240 - Cannot read IP mode file for STMicroelectronics.FP-SNS-MOTENV1.5.0.0
2024-04-10 22:07:07,963 [WARN] PackLoader:240 - Cannot read IP mode file for WES.I-CUBE-Cesium.1.3.0
2024-04-10 22:07:07,977 [WARN] PackLoader:240 - Cannot read IP mode file for STMicroelectronics.X-CUBE-BLE2.3.3.0
2024-04-10 22:07:07,989 [WARN] PackLoader:240 - Cannot read IP mode file for STMicroelectronics.X-CUBE-TCPP.4.1.0
2024-04-10 22:07:08,002 [WARN] PackLoader:240 - Cannot read IP mode file for STMicroelectronics.X-CUBE-ALGOBUILD.1.3.0
2024-04-10 22:07:08,036 [WARN] PackLoader:240 - Cannot read IP mode file for STMicroelectronics.X-CUBE-AZRTOS-G0.1.1.0
2024-04-10 22:07:08,057 [WARN] PackLoader:240 - Cannot read IP mode file for STMicroelectronics.X-CUBE-SAFEA1.1.2.2
2024-04-10 22:07:08,073 [WARN] PackLoader:240 - Cannot read IP mode file for STMicroelectronics.X-CUBE-NFC4.3.0.0
2024-04-10 22:07:08,098 [WARN] PackLoader:240 - Cannot read IP mode file for STMicroelectronics.X-CUBE-BLEMGR.3.0.0
2024-04-10 22:07:08,115 [WARN] PackLoader:240 - Cannot read IP mode file for STMicroelectronics.FP-ATR-SIGFOX1.3.2.0
2024-04-10 22:07:08,132 [WARN] PackLoader:240 - Cannot read IP mode file for STMicroelectronics.X-CUBE-EEPRMA1.5.1.0
2024-04-10 22:07:08,172 [WARN] PackLoader:240 - Cannot read IP mode file for SEGGER.I-CUBE-embOS.1.3.1
2024-04-10 22:07:08,227 [WARN] PackLoader:240 - Cannot read IP mode file for STMicroelectronics.X-CUBE-GNSS1.6.0.0
2024-04-10 22:07:08,261 [WARN] PackLoader:240 - Cannot read IP mode file for STMicroelectronics.X-CUBE-AZRTOS-F4.1.1.0
2024-04-10 22:07:08,274 [WARN] PackLoader:240 - Cannot read IP mode file for wolfSSL.I-CUBE-wolfSSL.5.6.4
2024-04-10 22:07:08,302 [WARN] PackLoader:240 - Cannot read IP mode file for STMicroelectronics.X-CUBE-AZRTOS-L5.2.0.0
2024-04-10 22:07:08,316 [WARN] PackLoader:240 - Cannot read IP mode file for STMicroelectronics.X-CUBE-EEPRMA1.4.2.0
2024-04-10 22:07:08,335 [WARN] PackLoader:240 - Cannot read IP mode file for STMicroelectronics.X-CUBE-NFC6.3.1.0
2024-04-10 22:07:08,352 [WARN] PackLoader:240 - Cannot read IP mode file for ITTIA_DB.I-CUBE-ITTIADB.8.8.0
2024-04-10 22:07:08,385 [WARN] ConditionMgr:438 - getConditionDescription Invalid condition id : UX DEVICE CLASS RTOS Condition cause : null
2024-04-10 22:07:08,386 [WARN] ConditionMgr:438 - getConditionDescription Invalid condition id : UX DEVICE CLASS RTOS Condition cause : null
2024-04-10 22:07:08,389 [WARN] PackLoader:240 - Cannot read IP mode file for STMicroelectronics.X-CUBE-AZRTOS-H7.3.1.0
2024-04-10 22:07:08,391 [WARN] ConditionMgr:1039 - genDependencies : Invalid condition id : UX DEVICE CLASS RTOS Condition cause : null
2024-04-10 22:07:08,392 [WARN] ConditionMgr:1039 - genDependencies : Invalid condition id : UX DEVICE CLASS RTOS Condition cause : null
2024-04-10 22:07:08,393 [WARN] ConditionMgr:1039 - genDependencies : Invalid condition id : UX DEVICE CLASS RTOS Condition cause : null
2024-04-10 22:07:08,393 [WARN] ConditionMgr:1039 - genDependencies : Invalid condition id : UX DEVICE CLASS RTOS Condition cause : null
2024-04-10 22:07:08,393 [WARN] ConditionMgr:1039 - genDependencies : Invalid condition id : UX DEVICE CLASS RTOS Condition cause : null
2024-04-10 22:07:08,409 [WARN] PackLoader:240 - Cannot read IP mode file for STMicroelectronics.X-CUBE-NFC7.1.0.1
2024-04-10 22:07:08,424 [WARN] PackLoader:240 - Cannot read IP mode file for STMicroelectronics.X-CUBE-NFC6.3.0.0
2024-04-10 22:07:08,440 [WARN] PackLoader:240 - Cannot read IP mode file for STMicroelectronics.X-CUBE-AI.8.1.0
2024-04-10 22:07:08,535 [WARN] ConditionMgr:438 - getConditionDescription Invalid condition id : LAN8742 Phy interface Condition cause : null
2024-04-10 22:07:08,536 [WARN] PackLoader:240 - Cannot read IP mode file for STMicroelectronics.X-CUBE-AZRTOS-L4.2.0.0
2024-04-10 22:07:08,538 [WARN] ConditionMgr:1039 - genDependencies : Invalid condition id : LAN8742 Phy interface Condition cause : null
2024-04-10 22:07:08,538 [WARN] ConditionMgr:1039 - genDependencies : Invalid condition id : LAN8742 Phy interface Condition cause : null
2024-04-10 22:07:08,539 [WARN] ConditionMgr:1039 - genDependencies : Invalid condition id : LAN8742 Phy interface Condition cause : null
2024-04-10 22:07:08,562 [WARN] PackLoader:240 - Cannot read IP mode file for STMicroelectronics.X-CUBE-SFXS2LP1.4.0.0
2024-04-10 22:07:08,617 [WARN] PackLoader:240 - Cannot read IP mode file for STMicroelectronics.X-CUBE-ISPU.1.1.0
2024-04-10 22:07:08,646 [WARN] ConditionMgr:438 - getConditionDescription Invalid condition id : UX DEVICE CLASS RTOS Condition cause : null
2024-04-10 22:07:08,647 [WARN] ConditionMgr:438 - getConditionDescription Invalid condition id : UX DEVICE CLASS RTOS Condition cause : null
2024-04-10 22:07:08,649 [WARN] PackLoader:240 - Cannot read IP mode file for STMicroelectronics.X-CUBE-AZRTOS-WB.2.0.0
2024-04-10 22:07:08,649 [WARN] ConditionMgr:1039 - genDependencies : Invalid condition id : UX DEVICE CLASS RTOS Condition cause : null
2024-04-10 22:07:08,649 [WARN] ConditionMgr:1039 - genDependencies : Invalid condition id : UX DEVICE CLASS RTOS Condition cause : null
2024-04-10 22:07:08,649 [WARN] ConditionMgr:1039 - genDependencies : Invalid condition id : UX DEVICE CLASS RTOS Condition cause : null
2024-04-10 22:07:08,650 [WARN] ConditionMgr:1039 - genDependencies : Invalid condition id : UX DEVICE CLASS RTOS Condition cause : null
2024-04-10 22:07:08,650 [WARN] ConditionMgr:1039 - genDependencies : Invalid condition id : UX DEVICE CLASS RTOS Condition cause : null
2024-04-10 22:07:08,671 [WARN] PackLoader:240 - Cannot read IP mode file for STMicroelectronics.X-CUBE-SUBG2.5.0.0
2024-04-10 22:07:08,695 [WARN] PackLoader:240 - Cannot read IP mode file for STMicroelectronics.X-CUBE-AZRTOS-G4.2.0.0
2024-04-10 22:07:08,722 [WARN] PackLoader:240 - Cannot read IP mode file for Infineon.AIROC-Wi-Fi-Bluetooth-STM32.1.5.1
2024-04-10 22:07:08,739 [WARN] PackLoader:240 - Cannot read IP mode file for STMicroelectronics.FP-SNS-MOTENVWB1.1.3.0
2024-04-10 22:07:08,754 [WARN] PackLoader:240 - Cannot read IP mode file for STMicroelectronics.FP-SNS-MOTENVWB1.1.3.1
2024-04-10 22:07:08,772 [WARN] PackLoader:240 - Cannot read IP mode file for STMicroelectronics.X-CUBE-ISPU.2.0.0
2024-04-10 22:07:08,825 [WARN] PackLoader:240 - Cannot read IP mode file for STMicroelectronics.X-CUBE-MEMS1.10.0.0
2024-04-10 22:07:08,982 [WARN] PackLoader:240 - Cannot read IP mode file for STMicroelectronics.X-CUBE-FREERTOS.1.1.0
2024-04-10 22:07:09,000 [WARN] PackLoader:240 - Cannot read IP mode file for portGmbH.I-Cube-SoM-uGOAL.1.1.0
2024-04-10 22:07:09,014 [WARN] PackLoader:240 - Cannot read IP mode file for STMicroelectronics.X-CUBE-ALS.1.0.1
2024-04-10 22:07:09,028 [WARN] PackLoader:240 - Cannot read IP mode file for STMicroelectronics.FP-ATR-ASTRA1.2.0.0
2024-04-10 22:07:09,046 [WARN] PackLoader:240 - Cannot read IP mode file for STMicroelectronics.X-CUBE-TOF1.3.4.0
2024-04-10 22:07:09,078 [WARN] PackLoader:240 - Cannot read IP mode file for STMicroelectronics.X-CUBE-TOF1.3.4.1
2024-04-10 22:07:09,117 [WARN] PackLoader:240 - Cannot read IP mode file for STMicroelectronics.X-CUBE-AZRTOS-H7.3.2.0
2024-04-10 22:07:09,120 [INFO] ThirdParty:978 - Integrity check success = true
2024-04-10 22:07:09,120 [INFO] IntegrityCheckThread:100 - exiting critical section [integrity check]
2024-04-10 22:07:09,120 [INFO] IntegrityCheckThread:103 - End integrity checks thread
2024-04-10 22:07:09,767 [INFO] WebApp:161 - Instantiating new browser for Auth
2024-04-10 22:07:10,529 [INFO] WebApp:780 - Register for checkConnection events
2024-04-10 22:07:10,529 [INFO] WebApp:414 - Apply proxy settings
2024-04-10 22:07:10,529 [INFO] WebApp:499 - Chromium requires no authentication
2024-04-10 22:07:10,539 [INFO] WebApp:442 - Direct internet connection detected
2024-04-10 22:07:10,714 [INFO] WebApp:192 - Starting web application
2024-04-10 22:07:10,714 [INFO] WebApp:544 - Web application path used C:\ST\STM32CubeIDE_1.14.0\STM32CubeIDE\plugins\com.st.stm32cube.common.mx_6.10.0.202311202037\db\plugins\mcufinder\reactClient1\index.html
2024-04-10 22:07:31,669 [ERROR] LogOutputStream:75 - [STDERR_REDIRECT] SLF4J: Failed to load class "org.slf4j.impl.StaticLoggerBinder".
2024-04-10 22:07:31,671 [ERROR] LogOutputStream:75 - [STDERR_REDIRECT] SLF4J: Defaulting to no-operation (NOP) logger implementation
2024-04-10 22:07:31,673 [ERROR] LogOutputStream:75 - [STDERR_REDIRECT] SLF4J: See http://www.slf4j.org/codes.html#StaticLoggerBinder for further details.
