2023-12-05 09:52:51,666 [INFO] Activator:176 - 


2023-12-05 09:52:51,672 [INFO] Activator:177 - !SESSION log4j initialized
2023-12-05 09:52:57,849 [INFO] LogOutputStream:77 - [STDOUT_REDIRECT] 
2023-12-05 09:53:06,037 [INFO] ApplicationProperties:184 - Using Application install path: C:\ST\STM32CubeIDE_1.14.0\STM32CubeIDE\plugins\com.st.stm32cube.common.mx_6.10.0.202311202037
2023-12-05 09:53:06,068 [INFO] DbMcusXml:78 - Set database path to: C:\ST\STM32CubeIDE_1.14.0\STM32CubeIDE\plugins\com.st.stm32cube.common.mx_6.10.0.202311202037\\db\/mcu/
2023-12-05 09:53:06,069 [INFO] ApiDb:274 - Set plugin database path to: C:\ST\STM32CubeIDE_1.14.0\STM32CubeIDE\plugins\com.st.stm32cube.common.mx_6.10.0.202311202037\\db\/plugins/boardmanager/
2023-12-05 09:53:06,069 [WARN] ApiDb:259 - Overriding images path with different value:  => C:\ST\STM32CubeIDE_1.14.0\STM32CubeIDE\plugins\com.st.stm32cube.common.mx_6.10.0.202311202037\\db\/plugins/mcufinder/images/
2023-12-05 09:53:06,080 [INFO] ApiDb:250 - Set database path to: C:\Users\alstl\.stmcufinder\plugins\mcufinder//mcu/
2023-12-05 09:53:06,081 [INFO] DbMcusAds:125 - Set database path to: C:\Users\alstl\.stmcufinder\plugins\mcufinder//mcu/
2023-12-05 09:53:06,083 [INFO] CrossReferenceDbSqlite:203 - Set database path to: C:\Users\alstl\.stmcufinder\plugins\mcufinder//mcu/cs/
2023-12-05 09:53:06,233 [INFO] RulesReader:64 - Compatibility file has been processed (297 Rules)
2023-12-05 09:53:06,319 [INFO] DbMcusXml:78 - Set database path to: C:\ST\STM32CubeIDE_1.14.0\STM32CubeIDE\plugins\com.st.stm32cube.common.mx_6.10.0.202311202037\\db\/mcu/
2023-12-05 09:53:06,319 [INFO] ApiDb:274 - Set plugin database path to: C:\ST\STM32CubeIDE_1.14.0\STM32CubeIDE\plugins\com.st.stm32cube.common.mx_6.10.0.202311202037\\db\/plugins/boardmanager/
2023-12-05 09:53:06,319 [INFO] ApiDb:261 - Set plugin images path to: C:\ST\STM32CubeIDE_1.14.0\STM32CubeIDE\plugins\com.st.stm32cube.common.mx_6.10.0.202311202037\\db\/plugins/mcufinder/images/
2023-12-05 09:53:06,320 [WARN] DbFile:41 - Overriding database path with different value: C:\Users\alstl\.stmcufinder\plugins\mcufinder/ => C:\Users\alstl\.stmcufinder\plugins\mcufinder
2023-12-05 09:53:06,320 [INFO] ApiDb:250 - Set database path to: C:\Users\alstl\.stmcufinder\plugins\mcufinder//mcu/
2023-12-05 09:53:06,320 [WARN] DbFile:41 - Overriding database path with different value: C:\Users\alstl\.stmcufinder\plugins\mcufinder/ => C:\Users\alstl\.stmcufinder\plugins\mcufinder
2023-12-05 09:53:06,320 [INFO] DbMcusAds:125 - Set database path to: C:\Users\alstl\.stmcufinder\plugins\mcufinder//mcu/
2023-12-05 09:53:06,320 [WARN] DbFile:41 - Overriding database path with different value: C:\Users\alstl\.stmcufinder\plugins\mcufinder/ => C:\Users\alstl\.stmcufinder\plugins\mcufinder
2023-12-05 09:53:06,320 [WARN] DbFile:41 - Overriding database path with different value: C:\Users\alstl\.stmcufinder\plugins\mcufinder/ => C:\Users\alstl\.stmcufinder\plugins\mcufinder
2023-12-05 09:53:06,320 [INFO] CrossReferenceDbSqlite:203 - Set database path to: C:\Users\alstl\.stmcufinder\plugins\mcufinder//mcu/cs/
2023-12-05 09:53:06,403 [INFO] MainPanel:264 - HeapMemory: 268435456
2023-12-05 09:53:06,484 [INFO] DbMcusXml:78 - Set database path to: C:\ST\STM32CubeIDE_1.14.0\STM32CubeIDE\plugins\com.st.stm32cube.common.mx_6.10.0.202311202037\\db\/mcu/
2023-12-05 09:53:06,484 [INFO] ApiDb:274 - Set plugin database path to: C:\ST\STM32CubeIDE_1.14.0\STM32CubeIDE\plugins\com.st.stm32cube.common.mx_6.10.0.202311202037\\db\/plugins/boardmanager/
2023-12-05 09:53:06,484 [INFO] ApiDb:261 - Set plugin images path to: C:\ST\STM32CubeIDE_1.14.0\STM32CubeIDE\plugins\com.st.stm32cube.common.mx_6.10.0.202311202037\\db\/plugins/mcufinder/images/
2023-12-05 09:53:06,484 [WARN] DbFile:41 - Overriding database path with different value: C:\Users\alstl\.stmcufinder\plugins\mcufinder/ => C:\Users\alstl\.stmcufinder\plugins\mcufinder
2023-12-05 09:53:06,484 [INFO] ApiDb:250 - Set database path to: C:\Users\alstl\.stmcufinder\plugins\mcufinder//mcu/
2023-12-05 09:53:06,484 [WARN] DbFile:41 - Overriding database path with different value: C:\Users\alstl\.stmcufinder\plugins\mcufinder/ => C:\Users\alstl\.stmcufinder\plugins\mcufinder
2023-12-05 09:53:06,484 [INFO] DbMcusAds:125 - Set database path to: C:\Users\alstl\.stmcufinder\plugins\mcufinder//mcu/
2023-12-05 09:53:06,484 [WARN] DbFile:41 - Overriding database path with different value: C:\Users\alstl\.stmcufinder\plugins\mcufinder/ => C:\Users\alstl\.stmcufinder\plugins\mcufinder
2023-12-05 09:53:06,485 [WARN] DbFile:41 - Overriding database path with different value: C:\Users\alstl\.stmcufinder\plugins\mcufinder/ => C:\Users\alstl\.stmcufinder\plugins\mcufinder
2023-12-05 09:53:06,485 [INFO] CrossReferenceDbSqlite:203 - Set database path to: C:\Users\alstl\.stmcufinder\plugins\mcufinder//mcu/cs/
2023-12-05 09:53:06,503 [INFO] ApplicationProperties:184 - Using Application install path: C:\ST\STM32CubeIDE_1.14.0\STM32CubeIDE\plugins\com.st.stm32cube.common.mx_6.10.0.202311202037
2023-12-05 09:53:06,505 [INFO] PluginManage:196 - Search for loadable plugins [exclusion list=, ]
2023-12-05 09:53:06,506 [INFO] PluginManage:310 - Check plugin analytics
2023-12-05 09:53:11,647 [INFO] AnalyticsPlugin:253 - Accepted Software Licenses: 
2023-12-05 09:53:11,647 [INFO] AnalyticsPlugin:255 - Accepted CMSIS Pack Licenses: 
2023-12-05 09:53:11,647 [INFO] AnalyticsPlugin:257 - Accepted Firmware Licenses: 
2023-12-05 09:53:11,650 [INFO] PluginManage:359 - Loaded plugin analytics (category:tool,tabindex:-1)
2023-12-05 09:53:11,650 [INFO] PluginManage:310 - Check plugin cadmodel
2023-12-05 09:53:11,665 [INFO] CADModel:105 - Init CAD model plugin
2023-12-05 09:53:11,665 [INFO] PluginManage:359 - Loaded plugin cadmodel (category:power,tabindex:5)
2023-12-05 09:53:11,665 [INFO] PluginManage:310 - Check plugin clock
2023-12-05 09:53:11,683 [INFO] PluginManage:359 - Loaded plugin clock (category:base,tabindex:2)
2023-12-05 09:53:11,684 [INFO] PluginManage:310 - Check plugin ddr
2023-12-05 09:53:11,685 [INFO] PluginManage:359 - Loaded plugin ddr (category:tool,tabindex:6)
2023-12-05 09:53:11,686 [INFO] PluginManage:310 - Check plugin filemanager
2023-12-05 09:53:11,813 [INFO] PluginManage:359 - Loaded plugin filemanager (category:base,tabindex:10)
2023-12-05 09:53:11,813 [INFO] PluginManage:310 - Check plugin ipmanager
2023-12-05 09:53:11,821 [INFO] PluginManage:359 - Loaded plugin ipmanager (category:base,tabindex:5)
2023-12-05 09:53:11,822 [INFO] PluginManage:310 - Check plugin lpbam
2023-12-05 09:53:11,838 [INFO] PluginManage:359 - Loaded plugin lpbam (category:base,tabindex:0)
2023-12-05 09:53:11,838 [INFO] PluginManage:310 - Check plugin memorymap
2023-12-05 09:53:11,860 [INFO] PluginManage:359 - Loaded plugin memorymap (category:base,tabindex:4)
2023-12-05 09:53:11,860 [INFO] PluginManage:310 - Check plugin pinoutandconfiguration
2023-12-05 09:53:11,877 [INFO] PluginManage:359 - Loaded plugin pinoutandconfiguration (category:base,tabindex:1)
2023-12-05 09:53:11,877 [INFO] PluginManage:310 - Check plugin pinoutconfig
2023-12-05 09:53:11,986 [WARN] SupportedApi:132 - Cannot load RTOS API schema: s4s-elt-must-match.1: The content of 'definitions' must match (annotation?, (simpleType | complexType)?, (unique | key | keyref)*)). A problem was found starting at: attribute.
2023-12-05 09:53:12,107 [INFO] PluginManage:359 - Loaded plugin pinoutconfig (category:base,tabindex:0)
2023-12-05 09:53:12,108 [INFO] PluginManage:310 - Check plugin power
2023-12-05 09:53:12,129 [INFO] PluginManage:359 - Loaded plugin power (category:power,tabindex:4)
2023-12-05 09:53:12,129 [INFO] PluginManage:310 - Check plugin projectmanager
2023-12-05 09:53:12,147 [INFO] PluginManage:359 - Loaded plugin projectmanager (category:projectmanager,tabindex:3)
2023-12-05 09:53:12,147 [INFO] PluginManage:310 - Check plugin thirdparty
2023-12-05 09:53:12,401 [INFO] PluginManage:359 - Loaded plugin thirdparty (category:base,tabindex:-1)
2023-12-05 09:53:12,401 [WARN] IntegrityCheckThread:84 - waiting for thirdparty lock release [integrity check]
2023-12-05 09:53:12,402 [INFO] IntegrityCheckThread:86 - entering critical section [integrity check]
2023-12-05 09:53:12,402 [INFO] PluginManage:310 - Check plugin tools
2023-12-05 09:53:12,402 [INFO] ThirdPartyUpdaterWithRetryManager:70 - Updater plugin not ready yet. [1/15]
2023-12-05 09:53:12,432 [INFO] PluginManage:359 - Loaded plugin tools (category:base,tabindex:7)
2023-12-05 09:53:12,432 [INFO] PluginManage:310 - Check plugin tutovideos
2023-12-05 09:53:12,625 [INFO] PluginManage:359 - Loaded plugin tutovideos (category:base,tabindex:-1)
2023-12-05 09:53:12,625 [INFO] PluginManage:310 - Check plugin updater
2023-12-05 09:53:12,636 [INFO] PluginManage:359 - Loaded plugin updater (category:base,tabindex:12)
2023-12-05 09:53:12,636 [INFO] PluginManage:310 - Check plugin userauth
2023-12-05 09:53:12,641 [INFO] UserAuth:114 - Init User Auth plugin
2023-12-05 09:53:12,641 [INFO] PluginManage:359 - Loaded plugin userauth (category:base,tabindex:14)
2023-12-05 09:53:12,641 [INFO] PluginManage:283 - PluginManage : Loaded plugins [17]
2023-12-05 09:53:12,857 [INFO] PinOutPanel:1499 - setPackage(No Configuration,No Configuration)
2023-12-05 09:53:12,939 [INFO] CADModel:165 - CPN selected for project level
2023-12-05 09:53:12,939 [INFO] CADModel:114 - Register for checkConnection events
2023-12-05 09:53:12,965 [INFO] IPUIPlugin:80 - create IPUIPlugin
2023-12-05 09:53:12,965 [INFO] PluginManager:220 - loadIPPluginJar : add adc
2023-12-05 09:53:13,000 [INFO] IPUIPlugin:80 - create IPUIPlugin
2023-12-05 09:53:13,000 [INFO] PluginManager:220 - loadIPPluginJar : add aes
2023-12-05 09:53:13,068 [INFO] IPUIPlugin:80 - create IPUIPlugin
2023-12-05 09:53:13,068 [INFO] PluginManager:220 - loadIPPluginJar : add can
2023-12-05 09:53:13,089 [INFO] IPUIPlugin:80 - create IPUIPlugin
2023-12-05 09:53:13,089 [INFO] PluginManager:220 - loadIPPluginJar : add comp
2023-12-05 09:53:13,120 [INFO] IPUIPlugin:80 - create IPUIPlugin
2023-12-05 09:53:13,120 [INFO] PluginManager:220 - loadIPPluginJar : add cryp
2023-12-05 09:53:13,150 [INFO] IPUIPlugin:80 - create IPUIPlugin
2023-12-05 09:53:13,150 [INFO] PluginManager:220 - loadIPPluginJar : add dfsdm
2023-12-05 09:53:13,164 [INFO] IPUIPlugin:80 - create IPUIPlugin
2023-12-05 09:53:13,164 [INFO] PluginManager:220 - loadIPPluginJar : add dma
2023-12-05 09:53:13,202 [INFO] IPUIPlugin:80 - create IPUIPlugin
2023-12-05 09:53:13,202 [INFO] PluginManager:220 - loadIPPluginJar : add dma3
2023-12-05 09:53:13,223 [INFO] IPUIPlugin:80 - create IPUIPlugin
2023-12-05 09:53:13,223 [INFO] PluginManager:220 - loadIPPluginJar : add fatfs
2023-12-05 09:53:13,267 [INFO] IPUIPlugin:80 - create IPUIPlugin
2023-12-05 09:53:13,267 [INFO] PluginManager:220 - loadIPPluginJar : add fmc
2023-12-05 09:53:13,288 [INFO] IPUIPlugin:80 - create IPUIPlugin
2023-12-05 09:53:13,288 [INFO] PluginManager:220 - loadIPPluginJar : add freertos
2023-12-05 09:53:13,307 [INFO] IPUIPlugin:80 - create IPUIPlugin
2023-12-05 09:53:13,307 [INFO] PluginManager:220 - loadIPPluginJar : add genericplugin
2023-12-05 09:53:13,382 [INFO] IPUIPlugin:80 - create IPUIPlugin
2023-12-05 09:53:13,383 [INFO] PluginManager:220 - loadIPPluginJar : add gfxmmu
2023-12-05 09:53:13,497 [INFO] IPUIPlugin:80 - create IPUIPlugin
2023-12-05 09:53:13,497 [INFO] PluginManager:220 - loadIPPluginJar : add gic
2023-12-05 09:53:13,510 [INFO] IPUIPlugin:80 - create IPUIPlugin
2023-12-05 09:53:13,510 [INFO] PluginManager:220 - loadIPPluginJar : add gpio
2023-12-05 09:53:13,588 [INFO] IPUIPlugin:80 - create IPUIPlugin
2023-12-05 09:53:13,589 [INFO] PluginManager:220 - loadIPPluginJar : add gtzc
2023-12-05 09:53:13,618 [INFO] IPUIPlugin:80 - create IPUIPlugin
2023-12-05 09:53:13,618 [INFO] PluginManager:220 - loadIPPluginJar : add hash
2023-12-05 09:53:13,668 [INFO] IPUIPlugin:80 - create IPUIPlugin
2023-12-05 09:53:13,668 [INFO] PluginManager:220 - loadIPPluginJar : add i2c
2023-12-05 09:53:13,714 [INFO] IPUIPlugin:80 - create IPUIPlugin
2023-12-05 09:53:13,714 [INFO] PluginManager:220 - loadIPPluginJar : add i2s
2023-12-05 09:53:13,753 [INFO] IPUIPlugin:80 - create IPUIPlugin
2023-12-05 09:53:13,753 [INFO] PluginManager:220 - loadIPPluginJar : add i3c
2023-12-05 09:53:13,845 [INFO] IPUIPlugin:80 - create IPUIPlugin
2023-12-05 09:53:13,846 [INFO] PluginManager:220 - loadIPPluginJar : add ipddr
2023-12-05 09:53:13,925 [INFO] IPUIPlugin:80 - create IPUIPlugin
2023-12-05 09:53:13,925 [INFO] PluginManager:220 - loadIPPluginJar : add linkedlist
2023-12-05 09:53:13,955 [INFO] IPUIPlugin:80 - create IPUIPlugin
2023-12-05 09:53:13,956 [INFO] PluginManager:220 - loadIPPluginJar : add lorawan
2023-12-05 09:53:13,989 [INFO] IPUIPlugin:80 - create IPUIPlugin
2023-12-05 09:53:13,989 [INFO] PluginManager:220 - loadIPPluginJar : add ltdc
2023-12-05 09:53:14,003 [INFO] IPUIPlugin:80 - create IPUIPlugin
2023-12-05 09:53:14,004 [INFO] PluginManager:220 - loadIPPluginJar : add mdma
2023-12-05 09:53:14,017 [INFO] IPUIPlugin:80 - create IPUIPlugin
2023-12-05 09:53:14,017 [INFO] PluginManager:220 - loadIPPluginJar : add nvic
2023-12-05 09:53:14,051 [INFO] IPUIPlugin:80 - create IPUIPlugin
2023-12-05 09:53:14,051 [INFO] PluginManager:220 - loadIPPluginJar : add opamp
2023-12-05 09:53:14,103 [INFO] IPUIPlugin:80 - create IPUIPlugin
2023-12-05 09:53:14,104 [INFO] PluginManager:220 - loadIPPluginJar : add openamp
2023-12-05 09:53:14,161 [INFO] IPUIPlugin:80 - create IPUIPlugin
2023-12-05 09:53:14,161 [INFO] PluginManager:220 - loadIPPluginJar : add pdm2pcm
2023-12-05 09:53:14,178 [INFO] IPUIPlugin:80 - create IPUIPlugin
2023-12-05 09:53:14,180 [INFO] PluginManager:220 - loadIPPluginJar : add plateformsettings
2023-12-05 09:53:14,201 [INFO] IPUIPlugin:80 - create IPUIPlugin
2023-12-05 09:53:14,201 [INFO] PluginManager:220 - loadIPPluginJar : add quadspi
2023-12-05 09:53:14,215 [INFO] IPUIPlugin:80 - create IPUIPlugin
2023-12-05 09:53:14,215 [INFO] PluginManager:220 - loadIPPluginJar : add resmgrutility
2023-12-05 09:53:14,258 [INFO] IPUIPlugin:80 - create IPUIPlugin
2023-12-05 09:53:14,259 [INFO] PluginManager:220 - loadIPPluginJar : add sai
2023-12-05 09:53:14,290 [INFO] IPUIPlugin:80 - create IPUIPlugin
2023-12-05 09:53:14,290 [INFO] PluginManager:220 - loadIPPluginJar : add spi
2023-12-05 09:53:14,350 [INFO] IPUIPlugin:80 - create IPUIPlugin
2023-12-05 09:53:14,351 [INFO] PluginManager:220 - loadIPPluginJar : add stm32_wpan
2023-12-05 09:53:14,377 [INFO] IPUIPlugin:80 - create IPUIPlugin
2023-12-05 09:53:14,377 [INFO] PluginManager:220 - loadIPPluginJar : add tim
2023-12-05 09:53:14,425 [INFO] IPUIPlugin:80 - create IPUIPlugin
2023-12-05 09:53:14,425 [INFO] PluginManager:220 - loadIPPluginJar : add touchsensing
2023-12-05 09:53:14,447 [INFO] IPUIPlugin:80 - create IPUIPlugin
2023-12-05 09:53:14,447 [INFO] PluginManager:220 - loadIPPluginJar : add tracer_emb
2023-12-05 09:53:14,480 [INFO] IPUIPlugin:80 - create IPUIPlugin
2023-12-05 09:53:14,480 [INFO] PluginManager:220 - loadIPPluginJar : add ts
2023-12-05 09:53:14,500 [INFO] IPUIPlugin:80 - create IPUIPlugin
2023-12-05 09:53:14,500 [INFO] PluginManager:220 - loadIPPluginJar : add tsc
2023-12-05 09:53:14,520 [INFO] IPUIPlugin:80 - create IPUIPlugin
2023-12-05 09:53:14,521 [INFO] PluginManager:220 - loadIPPluginJar : add ucpd
2023-12-05 09:53:14,562 [INFO] IPUIPlugin:80 - create IPUIPlugin
2023-12-05 09:53:14,562 [INFO] PluginManager:220 - loadIPPluginJar : add usart
2023-12-05 09:53:14,600 [INFO] IPUIPlugin:80 - create IPUIPlugin
2023-12-05 09:53:14,600 [INFO] PluginManager:220 - loadIPPluginJar : add usbx
2023-12-05 09:53:14,744 [INFO] CADModel:165 - CPN selected for project level
2023-12-05 09:53:14,744 [INFO] CADModel:114 - Register for checkConnection events
2023-12-05 09:53:14,745 [FATAL] Updater:308 - Updater called before beeing initialized
2023-12-05 09:53:14,745 [ERROR] CADModel:125 - Updater not yet initialized, retry later 
2023-12-05 09:53:14,899 [INFO] CADModel:165 - CPN selected for project level
2023-12-05 09:53:14,899 [INFO] CADModel:114 - Register for checkConnection events
2023-12-05 09:53:14,899 [FATAL] Updater:308 - Updater called before beeing initialized
2023-12-05 09:53:14,899 [ERROR] CADModel:125 - Updater not yet initialized, retry later 
2023-12-05 09:53:14,902 [FATAL] Updater:308 - Updater called before beeing initialized
2023-12-05 09:53:15,019 [FATAL] Updater:308 - Updater called before beeing initialized
2023-12-05 09:53:15,028 [INFO] DbMcusAds:53 - JSON generation date=Tue Mar 07 17:50:55 KST 2023 (1678179055114)
2023-12-05 09:53:15,028 [FATAL] Updater:308 - Updater called before beeing initialized
2023-12-05 09:53:15,107 [WARN] DetailPanel:346 - Failed to get advertising image, set to default
2023-12-05 09:53:15,206 [FATAL] Updater:308 - Updater called before beeing initialized
2023-12-05 09:53:15,208 [FATAL] Updater:308 - Updater called before beeing initialized
2023-12-05 09:53:15,208 [FATAL] Updater:308 - Updater called before beeing initialized
2023-12-05 09:53:15,208 [WARN] DetailPanel:346 - Failed to get advertising image, set to default
2023-12-05 09:53:15,209 [FATAL] Updater:308 - Updater called before beeing initialized
2023-12-05 09:53:15,278 [ERROR] Updater:1120 - MainUpdater not yet initialized. External WinMGr cannot be set.
2023-12-05 09:53:15,289 [INFO] Updater:1056 - Updater Version found : 6.10.0
2023-12-05 09:53:15,305 [INFO] ApplicationProperties:184 - Using Application install path: C:\ST\STM32CubeIDE_1.14.0\STM32CubeIDE\plugins\com.st.stm32cube.common.mx_6.10.0.202311202037
2023-12-05 09:53:15,403 [INFO] ThirdPartyUpdaterWithRetryManager:70 - Updater plugin not ready yet. [2/15]
2023-12-05 09:53:16,898 [ERROR] LogOutputStream:75 - [STDERR_REDIRECT] Dec 05, 2023 9:53:16 AM java.util.prefs.WindowsPreferences <init>
2023-12-05 09:53:16,900 [ERROR] LogOutputStream:75 - [STDERR_REDIRECT] WARNING: Could not open/create prefs root node Software\JavaSoft\Prefs at root 0xffffffff80000002. Windows RegCreateKeyEx(...) returned error code 5.
2023-12-05 09:53:16,901 [ERROR] LogOutputStream:75 - [STDERR_REDIRECT] 
2023-12-05 09:53:18,120 [INFO] MainUpdater:2873 - connection check result : 10
2023-12-05 09:53:18,121 [INFO] MainUpdater:290 - Updater Check For Update Now.
2023-12-05 09:53:18,121 [INFO] MicroXplorer:498 - Change Database Version : DB.6.0.100
2023-12-05 09:53:18,149 [INFO] McuFinderGlobals:63 - Set McuFinder mode to 2 (CubeIDE integrated)
2023-12-05 09:53:18,163 [INFO] UserAuth:404 - Internet connection configuration mode: 1
2023-12-05 09:53:18,193 [INFO] JxBrowserEngine:152 - Initiate JxBrowser Engine with user profile folder
2023-12-05 09:53:18,338 [INFO] CheckServerUpdateThread:120 - End of CheckServer Thread
2023-12-05 09:53:18,634 [WARN] PackLoader:240 - Cannot read IP mode file for STMicroelectronics.X-CUBE-SMBUS.2.1.0
2023-12-05 09:53:18,689 [WARN] PackLoader:240 - Cannot read IP mode file for STMicroelectronics.X-CUBE-AZRTOS-F7.1.1.0
2023-12-05 09:53:18,710 [WARN] PackLoader:240 - Cannot read IP mode file for STMicroelectronics.FP-SNS-MOTENV1.4.3.2
2023-12-05 09:53:18,728 [WARN] PackLoader:240 - Cannot read IP mode file for STMicroelectronics.FP-SNS-FLIGHT1.5.0.2
2023-12-05 09:53:18,747 [WARN] PackLoader:240 - Cannot read IP mode file for STMicroelectronics.X-CUBE-DISPLAY.3.0.0
2023-12-05 09:53:18,770 [WARN] PackLoader:240 - Cannot read IP mode file for STMicroelectronics.X-CUBE-BLE1.7.0.0
2023-12-05 09:53:18,787 [WARN] PackLoader:240 - Cannot read IP mode file for emotas.I-CUBE-CANOPEN.1.3.0
2023-12-05 09:53:18,799 [WARN] PackLoader:240 - Cannot read IP mode file for STMicroelectronics.X-CUBE-TOUCHGFX.4.22.1
2023-12-05 09:53:18,815 [WARN] PackLoader:240 - Cannot read IP mode file for STMicroelectronics.FP-SNS-SMARTAG2.1.2.0
2023-12-05 09:53:18,838 [INFO] LogOutputStream:77 - [STDOUT_REDIRECT] 1 : Invalid condition id : UX_CORESTACK_Condition cause : null
2023-12-05 09:53:18,838 [INFO] LogOutputStream:77 - [STDOUT_REDIRECT] 1 : Invalid condition id : UX_CORESTACK_Condition cause : null
2023-12-05 09:53:18,839 [INFO] LogOutputStream:77 - [STDOUT_REDIRECT] 1 : Invalid condition id : UX_CORESTACK_Condition cause : null
2023-12-05 09:53:18,841 [INFO] LogOutputStream:77 - [STDOUT_REDIRECT] 1 : Invalid condition id : UX_CORESTACK_Condition cause : null
2023-12-05 09:53:18,842 [INFO] LogOutputStream:77 - [STDOUT_REDIRECT] 1 : Invalid condition id : UX_CORESTACK_Condition cause : null
2023-12-05 09:53:18,848 [WARN] PackLoader:240 - Cannot read IP mode file for STMicroelectronics.X-CUBE-AZRTOS-WL.2.0.0
2023-12-05 09:53:18,869 [WARN] PackLoader:240 - Cannot read IP mode file for WES.I-CUBE-Cesium.1.3.0
2023-12-05 09:53:18,886 [WARN] PackLoader:240 - Cannot read IP mode file for STMicroelectronics.X-CUBE-BLE2.3.3.0
2023-12-05 09:53:18,904 [WARN] PackLoader:240 - Cannot read IP mode file for STMicroelectronics.X-CUBE-ALGOBUILD.1.3.0
2023-12-05 09:53:18,940 [WARN] PackLoader:240 - Cannot read IP mode file for STMicroelectronics.X-CUBE-AZRTOS-G0.1.1.0
2023-12-05 09:53:18,960 [WARN] PackLoader:240 - Cannot read IP mode file for STMicroelectronics.X-CUBE-NFC4.3.0.0
2023-12-05 09:53:18,978 [WARN] PackLoader:240 - Cannot read IP mode file for STMicroelectronics.X-CUBE-BLEMGR.3.0.0
2023-12-05 09:53:18,991 [WARN] PackLoader:240 - Cannot read IP mode file for STMicroelectronics.FP-ATR-SIGFOX1.3.2.0
2023-12-05 09:53:19,005 [WARN] PackLoader:240 - Cannot read IP mode file for STMicroelectronics.X-CUBE-GNSS1.6.0.0
2023-12-05 09:53:19,035 [WARN] PackLoader:240 - Cannot read IP mode file for STMicroelectronics.X-CUBE-AZRTOS-F4.1.1.0
2023-12-05 09:53:19,050 [WARN] PackLoader:240 - Cannot read IP mode file for wolfSSL.I-CUBE-wolfSSL.5.6.4
2023-12-05 09:53:19,077 [WARN] PackLoader:240 - Cannot read IP mode file for STMicroelectronics.X-CUBE-AZRTOS-L5.2.0.0
2023-12-05 09:53:19,090 [WARN] PackLoader:240 - Cannot read IP mode file for STMicroelectronics.X-CUBE-EEPRMA1.4.2.0
2023-12-05 09:53:19,104 [WARN] PackLoader:240 - Cannot read IP mode file for ITTIA_DB.I-CUBE-ITTIADB.8.8.0
2023-12-05 09:53:19,134 [WARN] ConditionMgr:438 - getConditionDescription Invalid condition id : UX DEVICE CLASS RTOS Condition cause : null
2023-12-05 09:53:19,134 [WARN] ConditionMgr:438 - getConditionDescription Invalid condition id : UX DEVICE CLASS RTOS Condition cause : null
2023-12-05 09:53:19,138 [WARN] PackLoader:240 - Cannot read IP mode file for STMicroelectronics.X-CUBE-AZRTOS-H7.3.1.0
2023-12-05 09:53:19,139 [WARN] ConditionMgr:1039 - genDependencies : Invalid condition id : UX DEVICE CLASS RTOS Condition cause : null
2023-12-05 09:53:19,139 [WARN] ConditionMgr:1039 - genDependencies : Invalid condition id : UX DEVICE CLASS RTOS Condition cause : null
2023-12-05 09:53:19,140 [WARN] ConditionMgr:1039 - genDependencies : Invalid condition id : UX DEVICE CLASS RTOS Condition cause : null
2023-12-05 09:53:19,141 [WARN] ConditionMgr:1039 - genDependencies : Invalid condition id : UX DEVICE CLASS RTOS Condition cause : null
2023-12-05 09:53:19,141 [WARN] ConditionMgr:1039 - genDependencies : Invalid condition id : UX DEVICE CLASS RTOS Condition cause : null
2023-12-05 09:53:19,160 [WARN] PackLoader:240 - Cannot read IP mode file for STMicroelectronics.X-CUBE-NFC7.1.0.1
2023-12-05 09:53:19,178 [WARN] PackLoader:240 - Cannot read IP mode file for STMicroelectronics.X-CUBE-NFC6.3.0.0
2023-12-05 09:53:19,192 [WARN] PackLoader:240 - Cannot read IP mode file for STMicroelectronics.X-CUBE-AI.8.1.0
2023-12-05 09:53:19,223 [WARN] ConditionMgr:438 - getConditionDescription Invalid condition id : LAN8742 Phy interface Condition cause : null
2023-12-05 09:53:19,224 [WARN] PackLoader:240 - Cannot read IP mode file for STMicroelectronics.X-CUBE-AZRTOS-L4.2.0.0
2023-12-05 09:53:19,225 [WARN] ConditionMgr:1039 - genDependencies : Invalid condition id : LAN8742 Phy interface Condition cause : null
2023-12-05 09:53:19,226 [WARN] ConditionMgr:1039 - genDependencies : Invalid condition id : LAN8742 Phy interface Condition cause : null
2023-12-05 09:53:19,226 [WARN] ConditionMgr:1039 - genDependencies : Invalid condition id : LAN8742 Phy interface Condition cause : null
2023-12-05 09:53:19,244 [WARN] PackLoader:240 - Cannot read IP mode file for STMicroelectronics.X-CUBE-SFXS2LP1.4.0.0
2023-12-05 09:53:19,260 [WARN] PackLoader:240 - Cannot read IP mode file for STMicroelectronics.X-CUBE-ISPU.1.1.0
2023-12-05 09:53:19,290 [WARN] ConditionMgr:438 - getConditionDescription Invalid condition id : UX DEVICE CLASS RTOS Condition cause : null
2023-12-05 09:53:19,290 [WARN] ConditionMgr:438 - getConditionDescription Invalid condition id : UX DEVICE CLASS RTOS Condition cause : null
2023-12-05 09:53:19,292 [WARN] PackLoader:240 - Cannot read IP mode file for STMicroelectronics.X-CUBE-AZRTOS-WB.2.0.0
2023-12-05 09:53:19,293 [WARN] ConditionMgr:1039 - genDependencies : Invalid condition id : UX DEVICE CLASS RTOS Condition cause : null
2023-12-05 09:53:19,293 [WARN] ConditionMgr:1039 - genDependencies : Invalid condition id : UX DEVICE CLASS RTOS Condition cause : null
2023-12-05 09:53:19,294 [WARN] ConditionMgr:1039 - genDependencies : Invalid condition id : UX DEVICE CLASS RTOS Condition cause : null
2023-12-05 09:53:19,294 [WARN] ConditionMgr:1039 - genDependencies : Invalid condition id : UX DEVICE CLASS RTOS Condition cause : null
2023-12-05 09:53:19,294 [WARN] ConditionMgr:1039 - genDependencies : Invalid condition id : UX DEVICE CLASS RTOS Condition cause : null
2023-12-05 09:53:19,321 [WARN] PackLoader:240 - Cannot read IP mode file for STMicroelectronics.X-CUBE-SUBG2.5.0.0
2023-12-05 09:53:19,357 [WARN] PackLoader:240 - Cannot read IP mode file for STMicroelectronics.X-CUBE-AZRTOS-G4.2.0.0
2023-12-05 09:53:19,384 [WARN] PackLoader:240 - Cannot read IP mode file for Infineon.AIROC-Wi-Fi-Bluetooth-STM32.1.5.1
2023-12-05 09:53:19,418 [WARN] PackLoader:240 - Cannot read IP mode file for STMicroelectronics.FP-SNS-MOTENVWB1.1.3.0
2023-12-05 09:53:19,432 [WARN] PackLoader:240 - Cannot read IP mode file for STMicroelectronics.FP-SNS-MOTENVWB1.1.3.1
2023-12-05 09:53:19,483 [WARN] PackLoader:240 - Cannot read IP mode file for STMicroelectronics.X-CUBE-MEMS1.10.0.0
2023-12-05 09:53:19,595 [WARN] PackLoader:240 - Cannot read IP mode file for STMicroelectronics.X-CUBE-FREERTOS.1.1.0
2023-12-05 09:53:19,610 [WARN] PackLoader:240 - Cannot read IP mode file for portGmbH.I-Cube-SoM-uGOAL.1.1.0
2023-12-05 09:53:19,621 [WARN] PackLoader:240 - Cannot read IP mode file for STMicroelectronics.X-CUBE-ALS.1.0.1
2023-12-05 09:53:19,635 [WARN] PackLoader:240 - Cannot read IP mode file for STMicroelectronics.FP-ATR-ASTRA1.2.0.0
2023-12-05 09:53:19,655 [WARN] PackLoader:240 - Cannot read IP mode file for STMicroelectronics.X-CUBE-TOF1.3.4.0
2023-12-05 09:53:19,663 [INFO] ThirdParty:978 - Integrity check success = true
2023-12-05 09:53:19,664 [INFO] IntegrityCheckThread:100 - exiting critical section [integrity check]
2023-12-05 09:53:19,664 [INFO] IntegrityCheckThread:103 - End integrity checks thread
2023-12-05 09:53:21,409 [INFO] WebApp:161 - Instantiating new browser for Auth
2023-12-05 09:53:22,010 [INFO] WebApp:780 - Register for checkConnection events
2023-12-05 09:53:22,010 [INFO] WebApp:414 - Apply proxy settings
2023-12-05 09:53:22,010 [INFO] WebApp:499 - Chromium requires no authentication
2023-12-05 09:53:22,019 [INFO] WebApp:442 - Direct internet connection detected
2023-12-05 09:53:22,173 [INFO] WebApp:192 - Starting web application
2023-12-05 09:53:22,174 [INFO] WebApp:544 - Web application path used C:\ST\STM32CubeIDE_1.14.0\STM32CubeIDE\plugins\com.st.stm32cube.common.mx_6.10.0.202311202037\db\plugins\mcufinder\reactClient1\index.html
2023-12-05 09:53:43,241 [ERROR] LogOutputStream:75 - [STDERR_REDIRECT] SLF4J: Failed to load class "org.slf4j.impl.StaticLoggerBinder".
2023-12-05 09:53:43,242 [ERROR] LogOutputStream:75 - [STDERR_REDIRECT] SLF4J: Defaulting to no-operation (NOP) logger implementation
2023-12-05 09:53:43,243 [ERROR] LogOutputStream:75 - [STDERR_REDIRECT] SLF4J: See http://www.slf4j.org/codes.html#StaticLoggerBinder for further details.
