2024-04-09 00:10:13,309 [INFO] Activator:176 - 


2024-04-09 00:10:13,313 [INFO] Activator:177 - !SESSION log4j initialized
2024-04-09 00:10:18,817 [INFO] LogOutputStream:77 - [STDOUT_REDIRECT] 
2024-04-09 00:10:26,489 [INFO] ApplicationProperties:184 - Using Application install path: C:\ST\STM32CubeIDE_1.14.0\STM32CubeIDE\plugins\com.st.stm32cube.common.mx_6.10.0.202311202037
2024-04-09 00:10:26,509 [INFO] DbMcusXml:78 - Set database path to: C:\ST\STM32CubeIDE_1.14.0\STM32CubeIDE\plugins\com.st.stm32cube.common.mx_6.10.0.202311202037\\db\/mcu/
2024-04-09 00:10:26,509 [INFO] ApiDb:274 - Set plugin database path to: C:\ST\STM32CubeIDE_1.14.0\STM32CubeIDE\plugins\com.st.stm32cube.common.mx_6.10.0.202311202037\\db\/plugins/boardmanager/
2024-04-09 00:10:26,510 [WARN] ApiDb:259 - Overriding images path with different value:  => C:\ST\STM32CubeIDE_1.14.0\STM32CubeIDE\plugins\com.st.stm32cube.common.mx_6.10.0.202311202037\\db\/plugins/mcufinder/images/
2024-04-09 00:10:26,520 [INFO] ApiDb:250 - Set database path to: C:\Users\alstl\.stmcufinder\plugins\mcufinder//mcu/
2024-04-09 00:10:26,522 [INFO] DbMcusAds:125 - Set database path to: C:\Users\alstl\.stmcufinder\plugins\mcufinder//mcu/
2024-04-09 00:10:26,523 [INFO] CrossReferenceDbSqlite:203 - Set database path to: C:\Users\alstl\.stmcufinder\plugins\mcufinder//mcu/cs/
2024-04-09 00:10:26,638 [INFO] RulesReader:64 - Compatibility file has been processed (297 Rules)
2024-04-09 00:10:26,710 [INFO] DbMcusXml:78 - Set database path to: C:\ST\STM32CubeIDE_1.14.0\STM32CubeIDE\plugins\com.st.stm32cube.common.mx_6.10.0.202311202037\\db\/mcu/
2024-04-09 00:10:26,710 [INFO] ApiDb:274 - Set plugin database path to: C:\ST\STM32CubeIDE_1.14.0\STM32CubeIDE\plugins\com.st.stm32cube.common.mx_6.10.0.202311202037\\db\/plugins/boardmanager/
2024-04-09 00:10:26,710 [INFO] ApiDb:261 - Set plugin images path to: C:\ST\STM32CubeIDE_1.14.0\STM32CubeIDE\plugins\com.st.stm32cube.common.mx_6.10.0.202311202037\\db\/plugins/mcufinder/images/
2024-04-09 00:10:26,711 [WARN] DbFile:41 - Overriding database path with different value: C:\Users\alstl\.stmcufinder\plugins\mcufinder/ => C:\Users\alstl\.stmcufinder\plugins\mcufinder
2024-04-09 00:10:26,711 [INFO] ApiDb:250 - Set database path to: C:\Users\alstl\.stmcufinder\plugins\mcufinder//mcu/
2024-04-09 00:10:26,711 [WARN] DbFile:41 - Overriding database path with different value: C:\Users\alstl\.stmcufinder\plugins\mcufinder/ => C:\Users\alstl\.stmcufinder\plugins\mcufinder
2024-04-09 00:10:26,711 [INFO] DbMcusAds:125 - Set database path to: C:\Users\alstl\.stmcufinder\plugins\mcufinder//mcu/
2024-04-09 00:10:26,711 [WARN] DbFile:41 - Overriding database path with different value: C:\Users\alstl\.stmcufinder\plugins\mcufinder/ => C:\Users\alstl\.stmcufinder\plugins\mcufinder
2024-04-09 00:10:26,711 [WARN] DbFile:41 - Overriding database path with different value: C:\Users\alstl\.stmcufinder\plugins\mcufinder/ => C:\Users\alstl\.stmcufinder\plugins\mcufinder
2024-04-09 00:10:26,711 [INFO] CrossReferenceDbSqlite:203 - Set database path to: C:\Users\alstl\.stmcufinder\plugins\mcufinder//mcu/cs/
2024-04-09 00:10:26,803 [INFO] MainPanel:264 - HeapMemory: 268435456
2024-04-09 00:10:26,885 [INFO] DbMcusXml:78 - Set database path to: C:\ST\STM32CubeIDE_1.14.0\STM32CubeIDE\plugins\com.st.stm32cube.common.mx_6.10.0.202311202037\\db\/mcu/
2024-04-09 00:10:26,885 [INFO] ApiDb:274 - Set plugin database path to: C:\ST\STM32CubeIDE_1.14.0\STM32CubeIDE\plugins\com.st.stm32cube.common.mx_6.10.0.202311202037\\db\/plugins/boardmanager/
2024-04-09 00:10:26,885 [INFO] ApiDb:261 - Set plugin images path to: C:\ST\STM32CubeIDE_1.14.0\STM32CubeIDE\plugins\com.st.stm32cube.common.mx_6.10.0.202311202037\\db\/plugins/mcufinder/images/
2024-04-09 00:10:26,885 [WARN] DbFile:41 - Overriding database path with different value: C:\Users\alstl\.stmcufinder\plugins\mcufinder/ => C:\Users\alstl\.stmcufinder\plugins\mcufinder
2024-04-09 00:10:26,885 [INFO] ApiDb:250 - Set database path to: C:\Users\alstl\.stmcufinder\plugins\mcufinder//mcu/
2024-04-09 00:10:26,885 [WARN] DbFile:41 - Overriding database path with different value: C:\Users\alstl\.stmcufinder\plugins\mcufinder/ => C:\Users\alstl\.stmcufinder\plugins\mcufinder
2024-04-09 00:10:26,886 [INFO] DbMcusAds:125 - Set database path to: C:\Users\alstl\.stmcufinder\plugins\mcufinder//mcu/
2024-04-09 00:10:26,886 [WARN] DbFile:41 - Overriding database path with different value: C:\Users\alstl\.stmcufinder\plugins\mcufinder/ => C:\Users\alstl\.stmcufinder\plugins\mcufinder
2024-04-09 00:10:26,886 [WARN] DbFile:41 - Overriding database path with different value: C:\Users\alstl\.stmcufinder\plugins\mcufinder/ => C:\Users\alstl\.stmcufinder\plugins\mcufinder
2024-04-09 00:10:26,886 [INFO] CrossReferenceDbSqlite:203 - Set database path to: C:\Users\alstl\.stmcufinder\plugins\mcufinder//mcu/cs/
2024-04-09 00:10:26,901 [INFO] ApplicationProperties:184 - Using Application install path: C:\ST\STM32CubeIDE_1.14.0\STM32CubeIDE\plugins\com.st.stm32cube.common.mx_6.10.0.202311202037
2024-04-09 00:10:26,904 [INFO] PluginManage:196 - Search for loadable plugins [exclusion list=, ]
2024-04-09 00:10:26,905 [INFO] PluginManage:310 - Check plugin analytics
2024-04-09 00:10:32,015 [INFO] AnalyticsPlugin:253 - Accepted Software Licenses: 
2024-04-09 00:10:32,016 [INFO] AnalyticsPlugin:255 - Accepted CMSIS Pack Licenses: 
2024-04-09 00:10:32,016 [INFO] AnalyticsPlugin:257 - Accepted Firmware Licenses: 
2024-04-09 00:10:32,018 [INFO] PluginManage:359 - Loaded plugin analytics (category:tool,tabindex:-1)
2024-04-09 00:10:32,018 [INFO] PluginManage:310 - Check plugin cadmodel
2024-04-09 00:10:32,032 [INFO] CADModel:105 - Init CAD model plugin
2024-04-09 00:10:32,032 [INFO] PluginManage:359 - Loaded plugin cadmodel (category:power,tabindex:5)
2024-04-09 00:10:32,033 [INFO] PluginManage:310 - Check plugin clock
2024-04-09 00:10:32,056 [INFO] PluginManage:359 - Loaded plugin clock (category:base,tabindex:2)
2024-04-09 00:10:32,056 [INFO] PluginManage:310 - Check plugin ddr
2024-04-09 00:10:32,059 [INFO] PluginManage:359 - Loaded plugin ddr (category:tool,tabindex:6)
2024-04-09 00:10:32,059 [INFO] PluginManage:310 - Check plugin filemanager
2024-04-09 00:10:32,175 [INFO] PluginManage:359 - Loaded plugin filemanager (category:base,tabindex:10)
2024-04-09 00:10:32,175 [INFO] PluginManage:310 - Check plugin ipmanager
2024-04-09 00:10:32,183 [INFO] PluginManage:359 - Loaded plugin ipmanager (category:base,tabindex:5)
2024-04-09 00:10:32,183 [INFO] PluginManage:310 - Check plugin lpbam
2024-04-09 00:10:32,200 [INFO] PluginManage:359 - Loaded plugin lpbam (category:base,tabindex:0)
2024-04-09 00:10:32,200 [INFO] PluginManage:310 - Check plugin memorymap
2024-04-09 00:10:32,222 [INFO] PluginManage:359 - Loaded plugin memorymap (category:base,tabindex:4)
2024-04-09 00:10:32,222 [INFO] PluginManage:310 - Check plugin pinoutandconfiguration
2024-04-09 00:10:32,239 [INFO] PluginManage:359 - Loaded plugin pinoutandconfiguration (category:base,tabindex:1)
2024-04-09 00:10:32,239 [INFO] PluginManage:310 - Check plugin pinoutconfig
2024-04-09 00:10:32,331 [WARN] SupportedApi:132 - Cannot load RTOS API schema: s4s-elt-must-match.1: The content of 'definitions' must match (annotation?, (simpleType | complexType)?, (unique | key | keyref)*)). A problem was found starting at: attribute.
2024-04-09 00:10:32,459 [INFO] PluginManage:359 - Loaded plugin pinoutconfig (category:base,tabindex:0)
2024-04-09 00:10:32,460 [INFO] PluginManage:310 - Check plugin power
2024-04-09 00:10:32,480 [INFO] PluginManage:359 - Loaded plugin power (category:power,tabindex:4)
2024-04-09 00:10:32,480 [INFO] PluginManage:310 - Check plugin projectmanager
2024-04-09 00:10:32,495 [INFO] PluginManage:359 - Loaded plugin projectmanager (category:projectmanager,tabindex:3)
2024-04-09 00:10:32,495 [INFO] PluginManage:310 - Check plugin thirdparty
2024-04-09 00:10:32,733 [INFO] PluginManage:359 - Loaded plugin thirdparty (category:base,tabindex:-1)
2024-04-09 00:10:32,733 [INFO] PluginManage:310 - Check plugin tools
2024-04-09 00:10:32,733 [WARN] IntegrityCheckThread:84 - waiting for thirdparty lock release [integrity check]
2024-04-09 00:10:32,734 [INFO] IntegrityCheckThread:86 - entering critical section [integrity check]
2024-04-09 00:10:32,734 [INFO] ThirdPartyUpdaterWithRetryManager:70 - Updater plugin not ready yet. [1/15]
2024-04-09 00:10:32,763 [INFO] PluginManage:359 - Loaded plugin tools (category:base,tabindex:7)
2024-04-09 00:10:32,763 [INFO] PluginManage:310 - Check plugin tutovideos
2024-04-09 00:10:32,940 [INFO] PluginManage:359 - Loaded plugin tutovideos (category:base,tabindex:-1)
2024-04-09 00:10:32,940 [INFO] PluginManage:310 - Check plugin updater
2024-04-09 00:10:32,952 [INFO] PluginManage:359 - Loaded plugin updater (category:base,tabindex:12)
2024-04-09 00:10:32,952 [INFO] PluginManage:310 - Check plugin userauth
2024-04-09 00:10:32,957 [INFO] UserAuth:114 - Init User Auth plugin
2024-04-09 00:10:32,957 [INFO] PluginManage:359 - Loaded plugin userauth (category:base,tabindex:14)
2024-04-09 00:10:32,957 [INFO] PluginManage:283 - PluginManage : Loaded plugins [17]
2024-04-09 00:10:33,157 [INFO] PinOutPanel:1499 - setPackage(No Configuration,No Configuration)
2024-04-09 00:10:33,226 [INFO] CADModel:165 - CPN selected for project level
2024-04-09 00:10:33,227 [INFO] CADModel:114 - Register for checkConnection events
2024-04-09 00:10:33,255 [INFO] IPUIPlugin:80 - create IPUIPlugin
2024-04-09 00:10:33,256 [INFO] PluginManager:220 - loadIPPluginJar : add adc
2024-04-09 00:10:33,288 [INFO] IPUIPlugin:80 - create IPUIPlugin
2024-04-09 00:10:33,288 [INFO] PluginManager:220 - loadIPPluginJar : add aes
2024-04-09 00:10:33,325 [INFO] IPUIPlugin:80 - create IPUIPlugin
2024-04-09 00:10:33,325 [INFO] PluginManager:220 - loadIPPluginJar : add can
2024-04-09 00:10:33,347 [INFO] IPUIPlugin:80 - create IPUIPlugin
2024-04-09 00:10:33,347 [INFO] PluginManager:220 - loadIPPluginJar : add comp
2024-04-09 00:10:33,377 [INFO] IPUIPlugin:80 - create IPUIPlugin
2024-04-09 00:10:33,377 [INFO] PluginManager:220 - loadIPPluginJar : add cryp
2024-04-09 00:10:33,407 [INFO] IPUIPlugin:80 - create IPUIPlugin
2024-04-09 00:10:33,407 [INFO] PluginManager:220 - loadIPPluginJar : add dfsdm
2024-04-09 00:10:33,420 [INFO] IPUIPlugin:80 - create IPUIPlugin
2024-04-09 00:10:33,421 [INFO] PluginManager:220 - loadIPPluginJar : add dma
2024-04-09 00:10:33,457 [INFO] IPUIPlugin:80 - create IPUIPlugin
2024-04-09 00:10:33,458 [INFO] PluginManager:220 - loadIPPluginJar : add dma3
2024-04-09 00:10:33,475 [INFO] IPUIPlugin:80 - create IPUIPlugin
2024-04-09 00:10:33,476 [INFO] PluginManager:220 - loadIPPluginJar : add fatfs
2024-04-09 00:10:33,513 [INFO] IPUIPlugin:80 - create IPUIPlugin
2024-04-09 00:10:33,513 [INFO] PluginManager:220 - loadIPPluginJar : add fmc
2024-04-09 00:10:33,527 [INFO] IPUIPlugin:80 - create IPUIPlugin
2024-04-09 00:10:33,527 [INFO] PluginManager:220 - loadIPPluginJar : add freertos
2024-04-09 00:10:33,545 [INFO] IPUIPlugin:80 - create IPUIPlugin
2024-04-09 00:10:33,545 [INFO] PluginManager:220 - loadIPPluginJar : add genericplugin
2024-04-09 00:10:33,626 [INFO] IPUIPlugin:80 - create IPUIPlugin
2024-04-09 00:10:33,627 [INFO] PluginManager:220 - loadIPPluginJar : add gfxmmu
2024-04-09 00:10:33,728 [INFO] IPUIPlugin:80 - create IPUIPlugin
2024-04-09 00:10:33,728 [INFO] PluginManager:220 - loadIPPluginJar : add gic
2024-04-09 00:10:33,740 [INFO] IPUIPlugin:80 - create IPUIPlugin
2024-04-09 00:10:33,740 [INFO] PluginManager:220 - loadIPPluginJar : add gpio
2024-04-09 00:10:33,813 [INFO] IPUIPlugin:80 - create IPUIPlugin
2024-04-09 00:10:33,813 [INFO] PluginManager:220 - loadIPPluginJar : add gtzc
2024-04-09 00:10:33,839 [INFO] IPUIPlugin:80 - create IPUIPlugin
2024-04-09 00:10:33,839 [INFO] PluginManager:220 - loadIPPluginJar : add hash
2024-04-09 00:10:33,880 [INFO] IPUIPlugin:80 - create IPUIPlugin
2024-04-09 00:10:33,881 [INFO] PluginManager:220 - loadIPPluginJar : add i2c
2024-04-09 00:10:33,912 [INFO] IPUIPlugin:80 - create IPUIPlugin
2024-04-09 00:10:33,912 [INFO] PluginManager:220 - loadIPPluginJar : add i2s
2024-04-09 00:10:33,944 [INFO] IPUIPlugin:80 - create IPUIPlugin
2024-04-09 00:10:33,944 [INFO] PluginManager:220 - loadIPPluginJar : add i3c
2024-04-09 00:10:34,026 [INFO] IPUIPlugin:80 - create IPUIPlugin
2024-04-09 00:10:34,028 [INFO] PluginManager:220 - loadIPPluginJar : add ipddr
2024-04-09 00:10:34,099 [INFO] IPUIPlugin:80 - create IPUIPlugin
2024-04-09 00:10:34,099 [INFO] PluginManager:220 - loadIPPluginJar : add linkedlist
2024-04-09 00:10:34,128 [INFO] IPUIPlugin:80 - create IPUIPlugin
2024-04-09 00:10:34,128 [INFO] PluginManager:220 - loadIPPluginJar : add lorawan
2024-04-09 00:10:34,163 [INFO] IPUIPlugin:80 - create IPUIPlugin
2024-04-09 00:10:34,163 [INFO] PluginManager:220 - loadIPPluginJar : add ltdc
2024-04-09 00:10:34,175 [INFO] IPUIPlugin:80 - create IPUIPlugin
2024-04-09 00:10:34,175 [INFO] PluginManager:220 - loadIPPluginJar : add mdma
2024-04-09 00:10:34,186 [INFO] IPUIPlugin:80 - create IPUIPlugin
2024-04-09 00:10:34,186 [INFO] PluginManager:220 - loadIPPluginJar : add nvic
2024-04-09 00:10:34,214 [INFO] IPUIPlugin:80 - create IPUIPlugin
2024-04-09 00:10:34,214 [INFO] PluginManager:220 - loadIPPluginJar : add opamp
2024-04-09 00:10:34,273 [INFO] IPUIPlugin:80 - create IPUIPlugin
2024-04-09 00:10:34,273 [INFO] PluginManager:220 - loadIPPluginJar : add openamp
2024-04-09 00:10:34,308 [INFO] IPUIPlugin:80 - create IPUIPlugin
2024-04-09 00:10:34,308 [INFO] PluginManager:220 - loadIPPluginJar : add pdm2pcm
2024-04-09 00:10:34,320 [INFO] IPUIPlugin:80 - create IPUIPlugin
2024-04-09 00:10:34,322 [INFO] PluginManager:220 - loadIPPluginJar : add plateformsettings
2024-04-09 00:10:34,340 [INFO] IPUIPlugin:80 - create IPUIPlugin
2024-04-09 00:10:34,340 [INFO] PluginManager:220 - loadIPPluginJar : add quadspi
2024-04-09 00:10:34,351 [INFO] IPUIPlugin:80 - create IPUIPlugin
2024-04-09 00:10:34,351 [INFO] PluginManager:220 - loadIPPluginJar : add resmgrutility
2024-04-09 00:10:34,389 [INFO] IPUIPlugin:80 - create IPUIPlugin
2024-04-09 00:10:34,389 [INFO] PluginManager:220 - loadIPPluginJar : add sai
2024-04-09 00:10:34,418 [INFO] IPUIPlugin:80 - create IPUIPlugin
2024-04-09 00:10:34,419 [INFO] PluginManager:220 - loadIPPluginJar : add spi
2024-04-09 00:10:34,474 [INFO] IPUIPlugin:80 - create IPUIPlugin
2024-04-09 00:10:34,474 [INFO] PluginManager:220 - loadIPPluginJar : add stm32_wpan
2024-04-09 00:10:34,493 [INFO] IPUIPlugin:80 - create IPUIPlugin
2024-04-09 00:10:34,493 [INFO] PluginManager:220 - loadIPPluginJar : add tim
2024-04-09 00:10:34,537 [INFO] IPUIPlugin:80 - create IPUIPlugin
2024-04-09 00:10:34,537 [INFO] PluginManager:220 - loadIPPluginJar : add touchsensing
2024-04-09 00:10:34,556 [INFO] IPUIPlugin:80 - create IPUIPlugin
2024-04-09 00:10:34,556 [INFO] PluginManager:220 - loadIPPluginJar : add tracer_emb
2024-04-09 00:10:34,575 [INFO] IPUIPlugin:80 - create IPUIPlugin
2024-04-09 00:10:34,575 [INFO] PluginManager:220 - loadIPPluginJar : add ts
2024-04-09 00:10:34,594 [INFO] IPUIPlugin:80 - create IPUIPlugin
2024-04-09 00:10:34,594 [INFO] PluginManager:220 - loadIPPluginJar : add tsc
2024-04-09 00:10:34,611 [INFO] IPUIPlugin:80 - create IPUIPlugin
2024-04-09 00:10:34,611 [INFO] PluginManager:220 - loadIPPluginJar : add ucpd
2024-04-09 00:10:34,646 [INFO] IPUIPlugin:80 - create IPUIPlugin
2024-04-09 00:10:34,646 [INFO] PluginManager:220 - loadIPPluginJar : add usart
2024-04-09 00:10:34,680 [INFO] IPUIPlugin:80 - create IPUIPlugin
2024-04-09 00:10:34,681 [INFO] PluginManager:220 - loadIPPluginJar : add usbx
2024-04-09 00:10:34,799 [INFO] CADModel:165 - CPN selected for project level
2024-04-09 00:10:34,799 [INFO] CADModel:114 - Register for checkConnection events
2024-04-09 00:10:34,799 [FATAL] Updater:308 - Updater called before beeing initialized
2024-04-09 00:10:34,799 [ERROR] CADModel:125 - Updater not yet initialized, retry later 
2024-04-09 00:10:34,917 [INFO] CADModel:165 - CPN selected for project level
2024-04-09 00:10:34,917 [INFO] CADModel:114 - Register for checkConnection events
2024-04-09 00:10:34,917 [FATAL] Updater:308 - Updater called before beeing initialized
2024-04-09 00:10:34,917 [ERROR] CADModel:125 - Updater not yet initialized, retry later 
2024-04-09 00:10:34,920 [FATAL] Updater:308 - Updater called before beeing initialized
2024-04-09 00:10:35,016 [FATAL] Updater:308 - Updater called before beeing initialized
2024-04-09 00:10:35,024 [INFO] DbMcusAds:53 - JSON generation date=Tue Mar 07 17:50:55 KST 2023 (1678179055114)
2024-04-09 00:10:35,025 [FATAL] Updater:308 - Updater called before beeing initialized
2024-04-09 00:10:35,098 [WARN] DetailPanel:346 - Failed to get advertising image, set to default
2024-04-09 00:10:35,180 [FATAL] Updater:308 - Updater called before beeing initialized
2024-04-09 00:10:35,182 [FATAL] Updater:308 - Updater called before beeing initialized
2024-04-09 00:10:35,182 [FATAL] Updater:308 - Updater called before beeing initialized
2024-04-09 00:10:35,182 [WARN] DetailPanel:346 - Failed to get advertising image, set to default
2024-04-09 00:10:35,183 [FATAL] Updater:308 - Updater called before beeing initialized
2024-04-09 00:10:35,252 [ERROR] Updater:1120 - MainUpdater not yet initialized. External WinMGr cannot be set.
2024-04-09 00:10:35,262 [INFO] Updater:1056 - Updater Version found : 6.10.0
2024-04-09 00:10:35,299 [INFO] ApplicationProperties:184 - Using Application install path: C:\ST\STM32CubeIDE_1.14.0\STM32CubeIDE\plugins\com.st.stm32cube.common.mx_6.10.0.202311202037
2024-04-09 00:10:35,735 [INFO] ThirdPartyUpdaterWithRetryManager:70 - Updater plugin not ready yet. [2/15]
2024-04-09 00:10:36,892 [ERROR] LogOutputStream:75 - [STDERR_REDIRECT] Apr 09, 2024 12:10:36 AM java.util.prefs.WindowsPreferences <init>
2024-04-09 00:10:36,895 [ERROR] LogOutputStream:75 - [STDERR_REDIRECT] WARNING: Could not open/create prefs root node Software\JavaSoft\Prefs at root 0xffffffff80000002. Windows RegCreateKeyEx(...) returned error code 5.
2024-04-09 00:10:36,895 [ERROR] LogOutputStream:75 - [STDERR_REDIRECT] 
2024-04-09 00:10:37,468 [INFO] MainUpdater:2873 - connection check result : 10
2024-04-09 00:10:37,468 [INFO] MainUpdater:3567 - Updater definition file requires update
2024-04-09 00:10:37,470 [INFO] MainUpdater:290 - Updater Check For Update Now.
2024-04-09 00:10:37,470 [INFO] MicroXplorer:498 - Change Database Version : DB.6.0.100
2024-04-09 00:10:37,483 [INFO] McuFinderGlobals:63 - Set McuFinder mode to 2 (CubeIDE integrated)
2024-04-09 00:10:37,492 [INFO] UserAuth:404 - Internet connection configuration mode: 1
2024-04-09 00:10:37,512 [INFO] JxBrowserEngine:152 - Initiate JxBrowser Engine with user profile folder
2024-04-09 00:10:38,012 [INFO] ServerAccessManage:473 - Download File updaters.zip
2024-04-09 00:10:38,430 [INFO] FileExtend:240 - Unzip File : updaters.zip
2024-04-09 00:10:38,430 [INFO] FileExtend:255 - Standard Zip Deflate
2024-04-09 00:10:38,736 [WARN] MainUpdater:1194 - Updater busy. Cannot search thirdparties
2024-04-09 00:10:38,736 [INFO] ThirdPartyUpdaterWithRetryManager:96 - Updater plugin is busy. [1/15]
2024-04-09 00:10:38,931 [INFO] ServerAccessManage:473 - Download File PacksControlFlags.xml
2024-04-09 00:10:39,129 [INFO] ServerAccessManage:473 - Download File cubemx.pidx
2024-04-09 00:10:39,782 [INFO] ServerAccessManage:473 - Download File STMicroelectronics.FP-SNS-MOTENV1.pdsc
2024-04-09 00:10:40,794 [INFO] WebApp:161 - Instantiating new browser for Auth
2024-04-09 00:10:41,287 [INFO] ServerAccessManage:473 - Download File STMicroelectronics.X-CUBE-BLEMGR.pdsc
2024-04-09 00:10:41,427 [INFO] WebApp:780 - Register for checkConnection events
2024-04-09 00:10:41,427 [INFO] WebApp:414 - Apply proxy settings
2024-04-09 00:10:41,428 [INFO] WebApp:499 - Chromium requires no authentication
2024-04-09 00:10:41,437 [INFO] WebApp:442 - Direct internet connection detected
2024-04-09 00:10:41,618 [INFO] WebApp:192 - Starting web application
2024-04-09 00:10:41,619 [INFO] WebApp:544 - Web application path used C:\ST\STM32CubeIDE_1.14.0\STM32CubeIDE\plugins\com.st.stm32cube.common.mx_6.10.0.202311202037\db\plugins\mcufinder\reactClient1\index.html
2024-04-09 00:10:41,738 [WARN] MainUpdater:1194 - Updater busy. Cannot search thirdparties
2024-04-09 00:10:41,738 [INFO] ThirdPartyUpdaterWithRetryManager:96 - Updater plugin is busy. [2/15]
2024-04-09 00:10:44,664 [INFO] ServerAccessManage:473 - Download File STMicroelectronics.X-CUBE-NFC6.pdsc
2024-04-09 00:10:44,739 [WARN] MainUpdater:1194 - Updater busy. Cannot search thirdparties
2024-04-09 00:10:44,739 [INFO] ThirdPartyUpdaterWithRetryManager:96 - Updater plugin is busy. [3/15]
2024-04-09 00:10:45,447 [INFO] ServerAccessManage:473 - Download File STMicroelectronics.X-CUBE-SAFEA1.pdsc
2024-04-09 00:10:45,997 [INFO] ServerAccessManage:473 - Download File STMicroelectronics.X-CUBE-TCPP.pdsc
2024-04-09 00:10:46,551 [INFO] ServerAccessManage:473 - Download File STMicroelectronics.X-CUBE-TOF1.pdsc
2024-04-09 00:10:47,740 [WARN] MainUpdater:1194 - Updater busy. Cannot search thirdparties
2024-04-09 00:10:47,740 [INFO] ThirdPartyUpdaterWithRetryManager:96 - Updater plugin is busy. [4/15]
2024-04-09 00:10:50,743 [WARN] MainUpdater:1194 - Updater busy. Cannot search thirdparties
2024-04-09 00:10:50,743 [INFO] ThirdPartyUpdaterWithRetryManager:96 - Updater plugin is busy. [5/15]
2024-04-09 00:10:52,795 [ERROR] ServerAccessManage:1089 - Problem, file not found on Server
2024-04-09 00:10:53,744 [WARN] MainUpdater:1194 - Updater busy. Cannot search thirdparties
2024-04-09 00:10:53,744 [INFO] ThirdPartyUpdaterWithRetryManager:96 - Updater plugin is busy. [6/15]
2024-04-09 00:10:54,558 [INFO] ServerAccessManage:473 - Download File STMicroelectronics.X-CUBE-TOUCHGFX.pdsc
2024-04-09 00:10:56,747 [WARN] MainUpdater:1194 - Updater busy. Cannot search thirdparties
2024-04-09 00:10:56,747 [INFO] ThirdPartyUpdaterWithRetryManager:96 - Updater plugin is busy. [7/15]
2024-04-09 00:10:59,750 [WARN] MainUpdater:1194 - Updater busy. Cannot search thirdparties
2024-04-09 00:10:59,750 [INFO] ThirdPartyUpdaterWithRetryManager:96 - Updater plugin is busy. [8/15]
2024-04-09 00:11:02,018 [WARN] PackLoader:240 - Cannot read IP mode file for STMicroelectronics.FP-SNS-MOTENV1.5.0.0
2024-04-09 00:11:02,038 [WARN] PackLoader:240 - Cannot read IP mode file for STMicroelectronics.X-CUBE-BLEMGR.3.1.0
2024-04-09 00:11:02,053 [WARN] PackLoader:240 - Cannot read IP mode file for STMicroelectronics.X-CUBE-NFC6.3.1.0
2024-04-09 00:11:02,066 [WARN] PackLoader:240 - Cannot read IP mode file for STMicroelectronics.X-CUBE-SAFEA1.1.2.2
2024-04-09 00:11:02,077 [WARN] PackLoader:240 - Cannot read IP mode file for STMicroelectronics.X-CUBE-TCPP.4.1.0
2024-04-09 00:11:02,094 [WARN] PackLoader:240 - Cannot read IP mode file for STMicroelectronics.X-CUBE-TOF1.3.4.1
2024-04-09 00:11:02,113 [WARN] PackLoader:240 - Cannot read IP mode file for STMicroelectronics.X-CUBE-TOUCHGFX.4.23.2
2024-04-09 00:11:02,113 [INFO] PopulateThirdPartyThread:66 - Ending populate Thread
2024-04-09 00:11:02,115 [INFO] ThirdParty:1030 - CMSIS Pack Vendor :STMicroelectronics X-CUBE-BLEMGR 3.1.0
2024-04-09 00:11:02,115 [INFO] ThirdParty:1030 - CMSIS Pack Vendor :STMicroelectronics X-CUBE-TOF1 3.4.1
2024-04-09 00:11:02,116 [INFO] ThirdParty:1030 - CMSIS Pack Vendor :STMicroelectronics X-CUBE-TOUCHGFX 4.23.2
2024-04-09 00:11:02,116 [INFO] ThirdParty:1030 - CMSIS Pack Vendor :STMicroelectronics FP-SNS-MOTENV1 5.0.0
2024-04-09 00:11:02,116 [INFO] ThirdParty:1030 - CMSIS Pack Vendor :STMicroelectronics X-CUBE-SAFEA1 1.2.2
2024-04-09 00:11:02,116 [INFO] ThirdParty:1030 - CMSIS Pack Vendor :STMicroelectronics X-CUBE-NFC6 3.1.0
2024-04-09 00:11:02,116 [INFO] ThirdParty:1030 - CMSIS Pack Vendor :STMicroelectronics X-CUBE-TCPP 4.1.0
2024-04-09 00:11:02,116 [INFO] LoadServerUpdatesThread:375 - End of LoadServerUpdate Thread
2024-04-09 00:11:02,151 [INFO] CheckServerUpdateThread:120 - End of CheckServer Thread
2024-04-09 00:11:02,535 [ERROR] LogOutputStream:75 - [STDERR_REDIRECT] SLF4J: Failed to load class "org.slf4j.impl.StaticLoggerBinder".
2024-04-09 00:11:02,538 [ERROR] LogOutputStream:75 - [STDERR_REDIRECT] SLF4J: Defaulting to no-operation (NOP) logger implementation
2024-04-09 00:11:02,539 [ERROR] LogOutputStream:75 - [STDERR_REDIRECT] SLF4J: See http://www.slf4j.org/codes.html#StaticLoggerBinder for further details.
2024-04-09 00:11:02,980 [WARN] PackLoader:240 - Cannot read IP mode file for STMicroelectronics.X-CUBE-SMBUS.2.1.0
2024-04-09 00:11:02,991 [WARN] PackLoader:240 - Cannot read IP mode file for STMicroelectronics.X-CUBE-TOUCHGFX.4.23.0
2024-04-09 00:11:02,993 [WARN] PackLoader:240 - Cannot read IP mode file for STMicroelectronics.X-CUBE-TOUCHGFX.4.23.2
2024-04-09 00:11:03,022 [WARN] PackLoader:240 - Cannot read IP mode file for STMicroelectronics.X-CUBE-AZRTOS-F7.1.1.0
2024-04-09 00:11:03,042 [WARN] PackLoader:240 - Cannot read IP mode file for STMicroelectronics.FP-SNS-MOTENV1.4.3.2
2024-04-09 00:11:03,062 [WARN] PackLoader:240 - Cannot read IP mode file for STMicroelectronics.FP-SNS-FLIGHT1.5.0.2
2024-04-09 00:11:03,081 [WARN] PackLoader:240 - Cannot read IP mode file for STMicroelectronics.X-CUBE-DISPLAY.3.0.0
2024-04-09 00:11:03,101 [WARN] PackLoader:240 - Cannot read IP mode file for STMicroelectronics.X-CUBE-BLE1.7.0.0
2024-04-09 00:11:03,118 [WARN] PackLoader:240 - Cannot read IP mode file for emotas.I-CUBE-CANOPEN.1.3.0
2024-04-09 00:11:03,135 [WARN] PackLoader:240 - Cannot read IP mode file for STMicroelectronics.X-CUBE-TOUCHGFX.4.22.1
2024-04-09 00:11:03,143 [WARN] PackLoader:240 - Cannot read IP mode file for STMicroelectronics.X-CUBE-BLEMGR.3.1.0
2024-04-09 00:11:03,156 [WARN] PackLoader:240 - Cannot read IP mode file for STMicroelectronics.FP-SNS-SMARTAG2.1.2.0
2024-04-09 00:11:03,176 [INFO] LogOutputStream:77 - [STDOUT_REDIRECT] 1 : Invalid condition id : UX_CORESTACK_Condition cause : null
2024-04-09 00:11:03,177 [INFO] LogOutputStream:77 - [STDOUT_REDIRECT] 1 : Invalid condition id : UX_CORESTACK_Condition cause : null
2024-04-09 00:11:03,178 [INFO] LogOutputStream:77 - [STDOUT_REDIRECT] 1 : Invalid condition id : UX_CORESTACK_Condition cause : null
2024-04-09 00:11:03,179 [INFO] LogOutputStream:77 - [STDOUT_REDIRECT] 1 : Invalid condition id : UX_CORESTACK_Condition cause : null
2024-04-09 00:11:03,180 [INFO] LogOutputStream:77 - [STDOUT_REDIRECT] 1 : Invalid condition id : UX_CORESTACK_Condition cause : null
2024-04-09 00:11:03,184 [WARN] PackLoader:240 - Cannot read IP mode file for STMicroelectronics.X-CUBE-AZRTOS-WL.2.0.0
2024-04-09 00:11:03,188 [WARN] PackLoader:240 - Cannot read IP mode file for STMicroelectronics.FP-SNS-MOTENV1.5.0.0
2024-04-09 00:11:03,203 [WARN] PackLoader:240 - Cannot read IP mode file for WES.I-CUBE-Cesium.1.3.0
2024-04-09 00:11:03,215 [WARN] PackLoader:240 - Cannot read IP mode file for STMicroelectronics.X-CUBE-BLE2.3.3.0
2024-04-09 00:11:03,221 [WARN] PackLoader:240 - Cannot read IP mode file for STMicroelectronics.X-CUBE-TCPP.4.1.0
2024-04-09 00:11:03,236 [WARN] PackLoader:240 - Cannot read IP mode file for STMicroelectronics.X-CUBE-ALGOBUILD.1.3.0
2024-04-09 00:11:03,271 [WARN] PackLoader:240 - Cannot read IP mode file for STMicroelectronics.X-CUBE-AZRTOS-G0.1.1.0
2024-04-09 00:11:03,279 [WARN] PackLoader:240 - Cannot read IP mode file for STMicroelectronics.X-CUBE-SAFEA1.1.2.2
2024-04-09 00:11:03,292 [WARN] PackLoader:240 - Cannot read IP mode file for STMicroelectronics.X-CUBE-NFC4.3.0.0
2024-04-09 00:11:03,310 [WARN] PackLoader:240 - Cannot read IP mode file for STMicroelectronics.X-CUBE-BLEMGR.3.0.0
2024-04-09 00:11:03,323 [WARN] PackLoader:240 - Cannot read IP mode file for STMicroelectronics.FP-ATR-SIGFOX1.3.2.0
2024-04-09 00:11:03,340 [WARN] PackLoader:240 - Cannot read IP mode file for STMicroelectronics.X-CUBE-EEPRMA1.5.1.0
2024-04-09 00:11:03,375 [WARN] PackLoader:240 - Cannot read IP mode file for SEGGER.I-CUBE-embOS.1.3.1
2024-04-09 00:11:03,425 [WARN] PackLoader:240 - Cannot read IP mode file for STMicroelectronics.X-CUBE-GNSS1.6.0.0
2024-04-09 00:11:03,457 [WARN] PackLoader:240 - Cannot read IP mode file for STMicroelectronics.X-CUBE-AZRTOS-F4.1.1.0
2024-04-09 00:11:03,472 [WARN] PackLoader:240 - Cannot read IP mode file for wolfSSL.I-CUBE-wolfSSL.5.6.4
2024-04-09 00:11:03,498 [WARN] PackLoader:240 - Cannot read IP mode file for STMicroelectronics.X-CUBE-AZRTOS-L5.2.0.0
2024-04-09 00:11:03,511 [WARN] PackLoader:240 - Cannot read IP mode file for STMicroelectronics.X-CUBE-EEPRMA1.4.2.0
2024-04-09 00:11:03,519 [WARN] PackLoader:240 - Cannot read IP mode file for STMicroelectronics.X-CUBE-NFC6.3.1.0
2024-04-09 00:11:03,533 [WARN] PackLoader:240 - Cannot read IP mode file for ITTIA_DB.I-CUBE-ITTIADB.8.8.0
2024-04-09 00:11:03,560 [WARN] ConditionMgr:438 - getConditionDescription Invalid condition id : UX DEVICE CLASS RTOS Condition cause : null
2024-04-09 00:11:03,560 [WARN] ConditionMgr:438 - getConditionDescription Invalid condition id : UX DEVICE CLASS RTOS Condition cause : null
2024-04-09 00:11:03,563 [WARN] PackLoader:240 - Cannot read IP mode file for STMicroelectronics.X-CUBE-AZRTOS-H7.3.1.0
2024-04-09 00:11:03,564 [WARN] ConditionMgr:1039 - genDependencies : Invalid condition id : UX DEVICE CLASS RTOS Condition cause : null
2024-04-09 00:11:03,564 [WARN] ConditionMgr:1039 - genDependencies : Invalid condition id : UX DEVICE CLASS RTOS Condition cause : null
2024-04-09 00:11:03,564 [WARN] ConditionMgr:1039 - genDependencies : Invalid condition id : UX DEVICE CLASS RTOS Condition cause : null
2024-04-09 00:11:03,565 [WARN] ConditionMgr:1039 - genDependencies : Invalid condition id : UX DEVICE CLASS RTOS Condition cause : null
2024-04-09 00:11:03,565 [WARN] ConditionMgr:1039 - genDependencies : Invalid condition id : UX DEVICE CLASS RTOS Condition cause : null
2024-04-09 00:11:03,579 [WARN] PackLoader:240 - Cannot read IP mode file for STMicroelectronics.X-CUBE-NFC7.1.0.1
2024-04-09 00:11:03,595 [WARN] PackLoader:240 - Cannot read IP mode file for STMicroelectronics.X-CUBE-NFC6.3.0.0
2024-04-09 00:11:03,612 [WARN] PackLoader:240 - Cannot read IP mode file for STMicroelectronics.X-CUBE-AI.8.1.0
2024-04-09 00:11:03,640 [WARN] ConditionMgr:438 - getConditionDescription Invalid condition id : LAN8742 Phy interface Condition cause : null
2024-04-09 00:11:03,640 [WARN] PackLoader:240 - Cannot read IP mode file for STMicroelectronics.X-CUBE-AZRTOS-L4.2.0.0
2024-04-09 00:11:03,641 [WARN] ConditionMgr:1039 - genDependencies : Invalid condition id : LAN8742 Phy interface Condition cause : null
2024-04-09 00:11:03,642 [WARN] ConditionMgr:1039 - genDependencies : Invalid condition id : LAN8742 Phy interface Condition cause : null
2024-04-09 00:11:03,642 [WARN] ConditionMgr:1039 - genDependencies : Invalid condition id : LAN8742 Phy interface Condition cause : null
2024-04-09 00:11:03,657 [WARN] PackLoader:240 - Cannot read IP mode file for STMicroelectronics.X-CUBE-SFXS2LP1.4.0.0
2024-04-09 00:11:03,671 [WARN] PackLoader:240 - Cannot read IP mode file for STMicroelectronics.X-CUBE-ISPU.1.1.0
2024-04-09 00:11:03,691 [WARN] ConditionMgr:438 - getConditionDescription Invalid condition id : UX DEVICE CLASS RTOS Condition cause : null
2024-04-09 00:11:03,691 [WARN] ConditionMgr:438 - getConditionDescription Invalid condition id : UX DEVICE CLASS RTOS Condition cause : null
2024-04-09 00:11:03,692 [WARN] PackLoader:240 - Cannot read IP mode file for STMicroelectronics.X-CUBE-AZRTOS-WB.2.0.0
2024-04-09 00:11:03,693 [WARN] ConditionMgr:1039 - genDependencies : Invalid condition id : UX DEVICE CLASS RTOS Condition cause : null
2024-04-09 00:11:03,693 [WARN] ConditionMgr:1039 - genDependencies : Invalid condition id : UX DEVICE CLASS RTOS Condition cause : null
2024-04-09 00:11:03,694 [WARN] ConditionMgr:1039 - genDependencies : Invalid condition id : UX DEVICE CLASS RTOS Condition cause : null
2024-04-09 00:11:03,694 [WARN] ConditionMgr:1039 - genDependencies : Invalid condition id : UX DEVICE CLASS RTOS Condition cause : null
2024-04-09 00:11:03,694 [WARN] ConditionMgr:1039 - genDependencies : Invalid condition id : UX DEVICE CLASS RTOS Condition cause : null
2024-04-09 00:11:03,713 [WARN] PackLoader:240 - Cannot read IP mode file for STMicroelectronics.X-CUBE-SUBG2.5.0.0
2024-04-09 00:11:03,743 [WARN] PackLoader:240 - Cannot read IP mode file for STMicroelectronics.X-CUBE-AZRTOS-G4.2.0.0
2024-04-09 00:11:03,779 [WARN] PackLoader:240 - Cannot read IP mode file for Infineon.AIROC-Wi-Fi-Bluetooth-STM32.1.5.1
2024-04-09 00:11:03,802 [WARN] PackLoader:240 - Cannot read IP mode file for STMicroelectronics.FP-SNS-MOTENVWB1.1.3.0
2024-04-09 00:11:03,809 [WARN] PackLoader:240 - Cannot read IP mode file for STMicroelectronics.FP-SNS-MOTENVWB1.1.3.1
2024-04-09 00:11:03,824 [WARN] PackLoader:240 - Cannot read IP mode file for STMicroelectronics.X-CUBE-ISPU.2.0.0
2024-04-09 00:11:03,897 [WARN] PackLoader:240 - Cannot read IP mode file for STMicroelectronics.X-CUBE-MEMS1.10.0.0
2024-04-09 00:11:03,995 [WARN] PackLoader:240 - Cannot read IP mode file for STMicroelectronics.X-CUBE-FREERTOS.1.1.0
2024-04-09 00:11:04,008 [WARN] PackLoader:240 - Cannot read IP mode file for portGmbH.I-Cube-SoM-uGOAL.1.1.0
2024-04-09 00:11:04,020 [WARN] PackLoader:240 - Cannot read IP mode file for STMicroelectronics.X-CUBE-ALS.1.0.1
2024-04-09 00:11:04,024 [WARN] PackLoader:240 - Cannot read IP mode file for STMicroelectronics.FP-ATR-ASTRA1.2.0.0
2024-04-09 00:11:04,042 [WARN] PackLoader:240 - Cannot read IP mode file for STMicroelectronics.X-CUBE-TOF1.3.4.0
2024-04-09 00:11:04,057 [WARN] PackLoader:240 - Cannot read IP mode file for STMicroelectronics.X-CUBE-TOF1.3.4.1
2024-04-09 00:11:04,088 [WARN] PackLoader:240 - Cannot read IP mode file for STMicroelectronics.X-CUBE-AZRTOS-H7.3.2.0
2024-04-09 00:11:04,091 [INFO] ThirdParty:978 - Integrity check success = true
2024-04-09 00:11:04,091 [INFO] IntegrityCheckThread:100 - exiting critical section [integrity check]
2024-04-09 00:11:04,091 [INFO] IntegrityCheckThread:103 - End integrity checks thread
2024-04-09 00:28:58,241 [ERROR] LogOutputStream:75 - [STDERR_REDIRECT] 
2024-04-09 00:28:58,243 [ERROR] LogOutputStream:75 - [STDERR_REDIRECT] 
2024-04-09 00:29:12,889 [INFO] Activator:176 - 


2024-04-09 00:29:12,891 [INFO] Activator:177 - !SESSION log4j initialized
2024-04-09 00:29:17,505 [INFO] LogOutputStream:77 - [STDOUT_REDIRECT] 
2024-04-09 00:29:24,283 [INFO] ApplicationProperties:184 - Using Application install path: C:\ST\STM32CubeIDE_1.14.0\STM32CubeIDE\plugins\com.st.stm32cube.common.mx_6.10.0.202311202037
2024-04-09 00:29:24,299 [INFO] DbMcusXml:78 - Set database path to: C:\ST\STM32CubeIDE_1.14.0\STM32CubeIDE\plugins\com.st.stm32cube.common.mx_6.10.0.202311202037\\db\/mcu/
2024-04-09 00:29:24,300 [INFO] ApiDb:274 - Set plugin database path to: C:\ST\STM32CubeIDE_1.14.0\STM32CubeIDE\plugins\com.st.stm32cube.common.mx_6.10.0.202311202037\\db\/plugins/boardmanager/
2024-04-09 00:29:24,300 [WARN] ApiDb:259 - Overriding images path with different value:  => C:\ST\STM32CubeIDE_1.14.0\STM32CubeIDE\plugins\com.st.stm32cube.common.mx_6.10.0.202311202037\\db\/plugins/mcufinder/images/
2024-04-09 00:29:24,305 [INFO] ApiDb:250 - Set database path to: C:\Users\alstl\.stmcufinder\plugins\mcufinder//mcu/
2024-04-09 00:29:24,306 [INFO] DbMcusAds:125 - Set database path to: C:\Users\alstl\.stmcufinder\plugins\mcufinder//mcu/
2024-04-09 00:29:24,308 [INFO] CrossReferenceDbSqlite:203 - Set database path to: C:\Users\alstl\.stmcufinder\plugins\mcufinder//mcu/cs/
2024-04-09 00:29:24,400 [INFO] RulesReader:64 - Compatibility file has been processed (297 Rules)
2024-04-09 00:29:24,478 [INFO] DbMcusXml:78 - Set database path to: C:\ST\STM32CubeIDE_1.14.0\STM32CubeIDE\plugins\com.st.stm32cube.common.mx_6.10.0.202311202037\\db\/mcu/
2024-04-09 00:29:24,478 [INFO] ApiDb:274 - Set plugin database path to: C:\ST\STM32CubeIDE_1.14.0\STM32CubeIDE\plugins\com.st.stm32cube.common.mx_6.10.0.202311202037\\db\/plugins/boardmanager/
2024-04-09 00:29:24,478 [INFO] ApiDb:261 - Set plugin images path to: C:\ST\STM32CubeIDE_1.14.0\STM32CubeIDE\plugins\com.st.stm32cube.common.mx_6.10.0.202311202037\\db\/plugins/mcufinder/images/
2024-04-09 00:29:24,478 [WARN] DbFile:41 - Overriding database path with different value: C:\Users\alstl\.stmcufinder\plugins\mcufinder/ => C:\Users\alstl\.stmcufinder\plugins\mcufinder
2024-04-09 00:29:24,479 [INFO] ApiDb:250 - Set database path to: C:\Users\alstl\.stmcufinder\plugins\mcufinder//mcu/
2024-04-09 00:29:24,479 [WARN] DbFile:41 - Overriding database path with different value: C:\Users\alstl\.stmcufinder\plugins\mcufinder/ => C:\Users\alstl\.stmcufinder\plugins\mcufinder
2024-04-09 00:29:24,479 [INFO] DbMcusAds:125 - Set database path to: C:\Users\alstl\.stmcufinder\plugins\mcufinder//mcu/
2024-04-09 00:29:24,479 [WARN] DbFile:41 - Overriding database path with different value: C:\Users\alstl\.stmcufinder\plugins\mcufinder/ => C:\Users\alstl\.stmcufinder\plugins\mcufinder
2024-04-09 00:29:24,479 [WARN] DbFile:41 - Overriding database path with different value: C:\Users\alstl\.stmcufinder\plugins\mcufinder/ => C:\Users\alstl\.stmcufinder\plugins\mcufinder
2024-04-09 00:29:24,479 [INFO] CrossReferenceDbSqlite:203 - Set database path to: C:\Users\alstl\.stmcufinder\plugins\mcufinder//mcu/cs/
2024-04-09 00:29:24,552 [INFO] MainPanel:264 - HeapMemory: 268435456
2024-04-09 00:29:24,637 [INFO] DbMcusXml:78 - Set database path to: C:\ST\STM32CubeIDE_1.14.0\STM32CubeIDE\plugins\com.st.stm32cube.common.mx_6.10.0.202311202037\\db\/mcu/
2024-04-09 00:29:24,637 [INFO] ApiDb:274 - Set plugin database path to: C:\ST\STM32CubeIDE_1.14.0\STM32CubeIDE\plugins\com.st.stm32cube.common.mx_6.10.0.202311202037\\db\/plugins/boardmanager/
2024-04-09 00:29:24,637 [INFO] ApiDb:261 - Set plugin images path to: C:\ST\STM32CubeIDE_1.14.0\STM32CubeIDE\plugins\com.st.stm32cube.common.mx_6.10.0.202311202037\\db\/plugins/mcufinder/images/
2024-04-09 00:29:24,638 [WARN] DbFile:41 - Overriding database path with different value: C:\Users\alstl\.stmcufinder\plugins\mcufinder/ => C:\Users\alstl\.stmcufinder\plugins\mcufinder
2024-04-09 00:29:24,638 [INFO] ApiDb:250 - Set database path to: C:\Users\alstl\.stmcufinder\plugins\mcufinder//mcu/
2024-04-09 00:29:24,638 [WARN] DbFile:41 - Overriding database path with different value: C:\Users\alstl\.stmcufinder\plugins\mcufinder/ => C:\Users\alstl\.stmcufinder\plugins\mcufinder
2024-04-09 00:29:24,638 [INFO] DbMcusAds:125 - Set database path to: C:\Users\alstl\.stmcufinder\plugins\mcufinder//mcu/
2024-04-09 00:29:24,638 [WARN] DbFile:41 - Overriding database path with different value: C:\Users\alstl\.stmcufinder\plugins\mcufinder/ => C:\Users\alstl\.stmcufinder\plugins\mcufinder
2024-04-09 00:29:24,638 [WARN] DbFile:41 - Overriding database path with different value: C:\Users\alstl\.stmcufinder\plugins\mcufinder/ => C:\Users\alstl\.stmcufinder\plugins\mcufinder
2024-04-09 00:29:24,638 [INFO] CrossReferenceDbSqlite:203 - Set database path to: C:\Users\alstl\.stmcufinder\plugins\mcufinder//mcu/cs/
2024-04-09 00:29:24,654 [INFO] ApplicationProperties:184 - Using Application install path: C:\ST\STM32CubeIDE_1.14.0\STM32CubeIDE\plugins\com.st.stm32cube.common.mx_6.10.0.202311202037
2024-04-09 00:29:24,656 [INFO] PluginManage:196 - Search for loadable plugins [exclusion list=, ]
2024-04-09 00:29:24,657 [INFO] PluginManage:310 - Check plugin analytics
2024-04-09 00:29:29,749 [INFO] AnalyticsPlugin:253 - Accepted Software Licenses: 
2024-04-09 00:29:29,749 [INFO] AnalyticsPlugin:255 - Accepted CMSIS Pack Licenses: 
2024-04-09 00:29:29,749 [INFO] AnalyticsPlugin:257 - Accepted Firmware Licenses: 
2024-04-09 00:29:29,751 [INFO] PluginManage:359 - Loaded plugin analytics (category:tool,tabindex:-1)
2024-04-09 00:29:29,751 [INFO] PluginManage:310 - Check plugin cadmodel
2024-04-09 00:29:29,755 [INFO] CADModel:105 - Init CAD model plugin
2024-04-09 00:29:29,756 [INFO] PluginManage:359 - Loaded plugin cadmodel (category:power,tabindex:5)
2024-04-09 00:29:29,756 [INFO] PluginManage:310 - Check plugin clock
2024-04-09 00:29:29,763 [INFO] PluginManage:359 - Loaded plugin clock (category:base,tabindex:2)
2024-04-09 00:29:29,763 [INFO] PluginManage:310 - Check plugin ddr
2024-04-09 00:29:29,767 [INFO] PluginManage:359 - Loaded plugin ddr (category:tool,tabindex:6)
2024-04-09 00:29:29,767 [INFO] PluginManage:310 - Check plugin filemanager
2024-04-09 00:29:29,883 [INFO] PluginManage:359 - Loaded plugin filemanager (category:base,tabindex:10)
2024-04-09 00:29:29,883 [INFO] PluginManage:310 - Check plugin ipmanager
2024-04-09 00:29:29,889 [INFO] PluginManage:359 - Loaded plugin ipmanager (category:base,tabindex:5)
2024-04-09 00:29:29,889 [INFO] PluginManage:310 - Check plugin lpbam
2024-04-09 00:29:29,896 [INFO] PluginManage:359 - Loaded plugin lpbam (category:base,tabindex:0)
2024-04-09 00:29:29,896 [INFO] PluginManage:310 - Check plugin memorymap
2024-04-09 00:29:29,909 [INFO] PluginManage:359 - Loaded plugin memorymap (category:base,tabindex:4)
2024-04-09 00:29:29,909 [INFO] PluginManage:310 - Check plugin pinoutandconfiguration
2024-04-09 00:29:29,915 [INFO] PluginManage:359 - Loaded plugin pinoutandconfiguration (category:base,tabindex:1)
2024-04-09 00:29:29,915 [INFO] PluginManage:310 - Check plugin pinoutconfig
2024-04-09 00:29:29,990 [WARN] SupportedApi:132 - Cannot load RTOS API schema: s4s-elt-must-match.1: The content of 'definitions' must match (annotation?, (simpleType | complexType)?, (unique | key | keyref)*)). A problem was found starting at: attribute.
2024-04-09 00:29:30,102 [INFO] PluginManage:359 - Loaded plugin pinoutconfig (category:base,tabindex:0)
2024-04-09 00:29:30,102 [INFO] PluginManage:310 - Check plugin power
2024-04-09 00:29:30,110 [INFO] PluginManage:359 - Loaded plugin power (category:power,tabindex:4)
2024-04-09 00:29:30,111 [INFO] PluginManage:310 - Check plugin projectmanager
2024-04-09 00:29:30,123 [INFO] PluginManage:359 - Loaded plugin projectmanager (category:projectmanager,tabindex:3)
2024-04-09 00:29:30,123 [INFO] PluginManage:310 - Check plugin thirdparty
2024-04-09 00:29:30,221 [INFO] PluginManage:359 - Loaded plugin thirdparty (category:base,tabindex:-1)
2024-04-09 00:29:30,222 [INFO] PluginManage:310 - Check plugin tools
2024-04-09 00:29:30,222 [WARN] IntegrityCheckThread:84 - waiting for thirdparty lock release [integrity check]
2024-04-09 00:29:30,222 [INFO] IntegrityCheckThread:86 - entering critical section [integrity check]
2024-04-09 00:29:30,222 [INFO] ThirdPartyUpdaterWithRetryManager:70 - Updater plugin not ready yet. [1/15]
2024-04-09 00:29:30,226 [INFO] PluginManage:359 - Loaded plugin tools (category:base,tabindex:7)
2024-04-09 00:29:30,226 [INFO] PluginManage:310 - Check plugin tutovideos
2024-04-09 00:29:30,399 [INFO] PluginManage:359 - Loaded plugin tutovideos (category:base,tabindex:-1)
2024-04-09 00:29:30,399 [INFO] PluginManage:310 - Check plugin updater
2024-04-09 00:29:30,409 [INFO] PluginManage:359 - Loaded plugin updater (category:base,tabindex:12)
2024-04-09 00:29:30,409 [INFO] PluginManage:310 - Check plugin userauth
2024-04-09 00:29:30,413 [INFO] UserAuth:114 - Init User Auth plugin
2024-04-09 00:29:30,413 [INFO] PluginManage:359 - Loaded plugin userauth (category:base,tabindex:14)
2024-04-09 00:29:30,414 [INFO] PluginManage:283 - PluginManage : Loaded plugins [17]
2024-04-09 00:29:30,598 [INFO] PinOutPanel:1499 - setPackage(No Configuration,No Configuration)
2024-04-09 00:29:30,667 [INFO] CADModel:165 - CPN selected for project level
2024-04-09 00:29:30,667 [INFO] CADModel:114 - Register for checkConnection events
2024-04-09 00:29:30,680 [INFO] IPUIPlugin:80 - create IPUIPlugin
2024-04-09 00:29:30,680 [INFO] PluginManager:220 - loadIPPluginJar : add adc
2024-04-09 00:29:30,683 [INFO] IPUIPlugin:80 - create IPUIPlugin
2024-04-09 00:29:30,683 [INFO] PluginManager:220 - loadIPPluginJar : add aes
2024-04-09 00:29:30,684 [INFO] IPUIPlugin:80 - create IPUIPlugin
2024-04-09 00:29:30,685 [INFO] PluginManager:220 - loadIPPluginJar : add can
2024-04-09 00:29:30,686 [INFO] IPUIPlugin:80 - create IPUIPlugin
2024-04-09 00:29:30,686 [INFO] PluginManager:220 - loadIPPluginJar : add comp
2024-04-09 00:29:30,688 [INFO] IPUIPlugin:80 - create IPUIPlugin
2024-04-09 00:29:30,688 [INFO] PluginManager:220 - loadIPPluginJar : add cryp
2024-04-09 00:29:30,690 [INFO] IPUIPlugin:80 - create IPUIPlugin
2024-04-09 00:29:30,690 [INFO] PluginManager:220 - loadIPPluginJar : add dfsdm
2024-04-09 00:29:30,695 [INFO] IPUIPlugin:80 - create IPUIPlugin
2024-04-09 00:29:30,696 [INFO] PluginManager:220 - loadIPPluginJar : add dma
2024-04-09 00:29:30,697 [INFO] IPUIPlugin:80 - create IPUIPlugin
2024-04-09 00:29:30,698 [INFO] PluginManager:220 - loadIPPluginJar : add dma3
2024-04-09 00:29:30,698 [INFO] IPUIPlugin:80 - create IPUIPlugin
2024-04-09 00:29:30,698 [INFO] PluginManager:220 - loadIPPluginJar : add fatfs
2024-04-09 00:29:30,701 [INFO] IPUIPlugin:80 - create IPUIPlugin
2024-04-09 00:29:30,701 [INFO] PluginManager:220 - loadIPPluginJar : add fmc
2024-04-09 00:29:30,705 [INFO] IPUIPlugin:80 - create IPUIPlugin
2024-04-09 00:29:30,705 [INFO] PluginManager:220 - loadIPPluginJar : add freertos
2024-04-09 00:29:30,706 [INFO] IPUIPlugin:80 - create IPUIPlugin
2024-04-09 00:29:30,706 [INFO] PluginManager:220 - loadIPPluginJar : add genericplugin
2024-04-09 00:29:30,708 [INFO] IPUIPlugin:80 - create IPUIPlugin
2024-04-09 00:29:30,708 [INFO] PluginManager:220 - loadIPPluginJar : add gfxmmu
2024-04-09 00:29:30,712 [INFO] IPUIPlugin:80 - create IPUIPlugin
2024-04-09 00:29:30,712 [INFO] PluginManager:220 - loadIPPluginJar : add gic
2024-04-09 00:29:30,715 [INFO] IPUIPlugin:80 - create IPUIPlugin
2024-04-09 00:29:30,715 [INFO] PluginManager:220 - loadIPPluginJar : add gpio
2024-04-09 00:29:30,717 [INFO] IPUIPlugin:80 - create IPUIPlugin
2024-04-09 00:29:30,717 [INFO] PluginManager:220 - loadIPPluginJar : add gtzc
2024-04-09 00:29:30,718 [INFO] IPUIPlugin:80 - create IPUIPlugin
2024-04-09 00:29:30,718 [INFO] PluginManager:220 - loadIPPluginJar : add hash
2024-04-09 00:29:30,720 [INFO] IPUIPlugin:80 - create IPUIPlugin
2024-04-09 00:29:30,720 [INFO] PluginManager:220 - loadIPPluginJar : add i2c
2024-04-09 00:29:30,723 [INFO] IPUIPlugin:80 - create IPUIPlugin
2024-04-09 00:29:30,723 [INFO] PluginManager:220 - loadIPPluginJar : add i2s
2024-04-09 00:29:30,725 [INFO] IPUIPlugin:80 - create IPUIPlugin
2024-04-09 00:29:30,725 [INFO] PluginManager:220 - loadIPPluginJar : add i3c
2024-04-09 00:29:30,728 [INFO] IPUIPlugin:80 - create IPUIPlugin
2024-04-09 00:29:30,729 [INFO] PluginManager:220 - loadIPPluginJar : add ipddr
2024-04-09 00:29:30,734 [INFO] IPUIPlugin:80 - create IPUIPlugin
2024-04-09 00:29:30,734 [INFO] PluginManager:220 - loadIPPluginJar : add linkedlist
2024-04-09 00:29:30,737 [INFO] IPUIPlugin:80 - create IPUIPlugin
2024-04-09 00:29:30,737 [INFO] PluginManager:220 - loadIPPluginJar : add lorawan
2024-04-09 00:29:30,738 [INFO] IPUIPlugin:80 - create IPUIPlugin
2024-04-09 00:29:30,738 [INFO] PluginManager:220 - loadIPPluginJar : add ltdc
2024-04-09 00:29:30,742 [INFO] IPUIPlugin:80 - create IPUIPlugin
2024-04-09 00:29:30,743 [INFO] PluginManager:220 - loadIPPluginJar : add mdma
2024-04-09 00:29:30,745 [INFO] IPUIPlugin:80 - create IPUIPlugin
2024-04-09 00:29:30,745 [INFO] PluginManager:220 - loadIPPluginJar : add nvic
2024-04-09 00:29:30,747 [INFO] IPUIPlugin:80 - create IPUIPlugin
2024-04-09 00:29:30,747 [INFO] PluginManager:220 - loadIPPluginJar : add opamp
2024-04-09 00:29:30,749 [INFO] IPUIPlugin:80 - create IPUIPlugin
2024-04-09 00:29:30,749 [INFO] PluginManager:220 - loadIPPluginJar : add openamp
2024-04-09 00:29:30,751 [INFO] IPUIPlugin:80 - create IPUIPlugin
2024-04-09 00:29:30,751 [INFO] PluginManager:220 - loadIPPluginJar : add pdm2pcm
2024-04-09 00:29:30,756 [INFO] IPUIPlugin:80 - create IPUIPlugin
2024-04-09 00:29:30,758 [INFO] PluginManager:220 - loadIPPluginJar : add plateformsettings
2024-04-09 00:29:30,759 [INFO] IPUIPlugin:80 - create IPUIPlugin
2024-04-09 00:29:30,760 [INFO] PluginManager:220 - loadIPPluginJar : add quadspi
2024-04-09 00:29:30,762 [INFO] IPUIPlugin:80 - create IPUIPlugin
2024-04-09 00:29:30,762 [INFO] PluginManager:220 - loadIPPluginJar : add resmgrutility
2024-04-09 00:29:30,764 [INFO] IPUIPlugin:80 - create IPUIPlugin
2024-04-09 00:29:30,764 [INFO] PluginManager:220 - loadIPPluginJar : add sai
2024-04-09 00:29:30,765 [INFO] IPUIPlugin:80 - create IPUIPlugin
2024-04-09 00:29:30,765 [INFO] PluginManager:220 - loadIPPluginJar : add spi
2024-04-09 00:29:30,769 [INFO] IPUIPlugin:80 - create IPUIPlugin
2024-04-09 00:29:30,769 [INFO] PluginManager:220 - loadIPPluginJar : add stm32_wpan
2024-04-09 00:29:30,771 [INFO] IPUIPlugin:80 - create IPUIPlugin
2024-04-09 00:29:30,771 [INFO] PluginManager:220 - loadIPPluginJar : add tim
2024-04-09 00:29:30,774 [INFO] IPUIPlugin:80 - create IPUIPlugin
2024-04-09 00:29:30,774 [INFO] PluginManager:220 - loadIPPluginJar : add touchsensing
2024-04-09 00:29:30,778 [INFO] IPUIPlugin:80 - create IPUIPlugin
2024-04-09 00:29:30,778 [INFO] PluginManager:220 - loadIPPluginJar : add tracer_emb
2024-04-09 00:29:30,779 [INFO] IPUIPlugin:80 - create IPUIPlugin
2024-04-09 00:29:30,779 [INFO] PluginManager:220 - loadIPPluginJar : add ts
2024-04-09 00:29:30,780 [INFO] IPUIPlugin:80 - create IPUIPlugin
2024-04-09 00:29:30,780 [INFO] PluginManager:220 - loadIPPluginJar : add tsc
2024-04-09 00:29:30,782 [INFO] IPUIPlugin:80 - create IPUIPlugin
2024-04-09 00:29:30,782 [INFO] PluginManager:220 - loadIPPluginJar : add ucpd
2024-04-09 00:29:30,783 [INFO] IPUIPlugin:80 - create IPUIPlugin
2024-04-09 00:29:30,783 [INFO] PluginManager:220 - loadIPPluginJar : add usart
2024-04-09 00:29:30,786 [INFO] IPUIPlugin:80 - create IPUIPlugin
2024-04-09 00:29:30,787 [INFO] PluginManager:220 - loadIPPluginJar : add usbx
2024-04-09 00:29:30,911 [INFO] CADModel:165 - CPN selected for project level
2024-04-09 00:29:30,911 [INFO] CADModel:114 - Register for checkConnection events
2024-04-09 00:29:30,911 [FATAL] Updater:308 - Updater called before beeing initialized
2024-04-09 00:29:30,911 [ERROR] CADModel:125 - Updater not yet initialized, retry later 
2024-04-09 00:29:31,044 [INFO] CADModel:165 - CPN selected for project level
2024-04-09 00:29:31,044 [INFO] CADModel:114 - Register for checkConnection events
2024-04-09 00:29:31,044 [FATAL] Updater:308 - Updater called before beeing initialized
2024-04-09 00:29:31,044 [ERROR] CADModel:125 - Updater not yet initialized, retry later 
2024-04-09 00:29:31,046 [FATAL] Updater:308 - Updater called before beeing initialized
2024-04-09 00:29:31,141 [FATAL] Updater:308 - Updater called before beeing initialized
2024-04-09 00:29:31,144 [INFO] DbMcusAds:53 - JSON generation date=Tue Mar 07 17:50:55 KST 2023 (1678179055114)
2024-04-09 00:29:31,144 [FATAL] Updater:308 - Updater called before beeing initialized
2024-04-09 00:29:31,177 [WARN] DetailPanel:346 - Failed to get advertising image, set to default
2024-04-09 00:29:31,264 [FATAL] Updater:308 - Updater called before beeing initialized
2024-04-09 00:29:31,267 [FATAL] Updater:308 - Updater called before beeing initialized
2024-04-09 00:29:31,267 [FATAL] Updater:308 - Updater called before beeing initialized
2024-04-09 00:29:31,267 [WARN] DetailPanel:346 - Failed to get advertising image, set to default
2024-04-09 00:29:31,268 [FATAL] Updater:308 - Updater called before beeing initialized
2024-04-09 00:29:31,309 [ERROR] Updater:1120 - MainUpdater not yet initialized. External WinMGr cannot be set.
2024-04-09 00:29:31,310 [INFO] Updater:1056 - Updater Version found : 6.10.0
2024-04-09 00:29:31,328 [INFO] ApplicationProperties:184 - Using Application install path: C:\ST\STM32CubeIDE_1.14.0\STM32CubeIDE\plugins\com.st.stm32cube.common.mx_6.10.0.202311202037
2024-04-09 00:29:32,914 [ERROR] LogOutputStream:75 - [STDERR_REDIRECT] Apr 09, 2024 12:29:32 AM java.util.prefs.WindowsPreferences <init>
2024-04-09 00:29:32,916 [ERROR] LogOutputStream:75 - [STDERR_REDIRECT] WARNING: Could not open/create prefs root node Software\JavaSoft\Prefs at root 0xffffffff80000002. Windows RegCreateKeyEx(...) returned error code 5.
2024-04-09 00:29:32,916 [ERROR] LogOutputStream:75 - [STDERR_REDIRECT] 
2024-04-09 00:29:33,224 [INFO] ThirdPartyUpdaterWithRetryManager:70 - Updater plugin not ready yet. [2/15]
2024-04-09 00:29:33,489 [INFO] MainUpdater:2873 - connection check result : 10
2024-04-09 00:29:33,490 [INFO] MainUpdater:290 - Updater Check For Update Now.
2024-04-09 00:29:33,490 [INFO] MicroXplorer:498 - Change Database Version : DB.6.0.100
2024-04-09 00:29:33,496 [INFO] McuFinderGlobals:63 - Set McuFinder mode to 2 (CubeIDE integrated)
2024-04-09 00:29:33,504 [INFO] UserAuth:404 - Internet connection configuration mode: 1
2024-04-09 00:29:33,527 [INFO] JxBrowserEngine:152 - Initiate JxBrowser Engine with user profile folder
2024-04-09 00:29:33,657 [INFO] CheckServerUpdateThread:120 - End of CheckServer Thread
2024-04-09 00:29:35,196 [INFO] WebApp:161 - Instantiating new browser for Auth
2024-04-09 00:29:35,802 [INFO] WebApp:780 - Register for checkConnection events
2024-04-09 00:29:35,802 [INFO] WebApp:414 - Apply proxy settings
2024-04-09 00:29:35,802 [INFO] WebApp:499 - Chromium requires no authentication
2024-04-09 00:29:35,810 [INFO] WebApp:442 - Direct internet connection detected
2024-04-09 00:29:35,971 [INFO] WebApp:192 - Starting web application
2024-04-09 00:29:35,971 [INFO] WebApp:544 - Web application path used C:\ST\STM32CubeIDE_1.14.0\STM32CubeIDE\plugins\com.st.stm32cube.common.mx_6.10.0.202311202037\db\plugins\mcufinder\reactClient1\index.html
2024-04-09 00:29:36,446 [WARN] PackLoader:240 - Cannot read IP mode file for STMicroelectronics.X-CUBE-SMBUS.2.1.0
2024-04-09 00:29:36,462 [WARN] PackLoader:240 - Cannot read IP mode file for STMicroelectronics.X-CUBE-TOUCHGFX.4.23.0
2024-04-09 00:29:36,466 [WARN] PackLoader:240 - Cannot read IP mode file for STMicroelectronics.X-CUBE-TOUCHGFX.4.23.2
2024-04-09 00:29:36,500 [WARN] PackLoader:240 - Cannot read IP mode file for STMicroelectronics.X-CUBE-AZRTOS-F7.1.1.0
2024-04-09 00:29:36,511 [WARN] PackLoader:240 - Cannot read IP mode file for STMicroelectronics.FP-SNS-MOTENV1.4.3.2
2024-04-09 00:29:36,519 [WARN] PackLoader:240 - Cannot read IP mode file for STMicroelectronics.FP-SNS-FLIGHT1.5.0.2
2024-04-09 00:29:36,529 [WARN] PackLoader:240 - Cannot read IP mode file for STMicroelectronics.X-CUBE-DISPLAY.3.0.0
2024-04-09 00:29:36,545 [WARN] PackLoader:240 - Cannot read IP mode file for STMicroelectronics.X-CUBE-BLE1.7.0.0
2024-04-09 00:29:36,552 [WARN] PackLoader:240 - Cannot read IP mode file for emotas.I-CUBE-CANOPEN.1.3.0
2024-04-09 00:29:36,556 [WARN] PackLoader:240 - Cannot read IP mode file for STMicroelectronics.X-CUBE-TOUCHGFX.4.22.1
2024-04-09 00:29:36,570 [WARN] PackLoader:240 - Cannot read IP mode file for STMicroelectronics.X-CUBE-BLEMGR.3.1.0
2024-04-09 00:29:36,580 [WARN] PackLoader:240 - Cannot read IP mode file for STMicroelectronics.FP-SNS-SMARTAG2.1.2.0
2024-04-09 00:29:36,594 [INFO] LogOutputStream:77 - [STDOUT_REDIRECT] 1 : Invalid condition id : UX_CORESTACK_Condition cause : null
2024-04-09 00:29:36,594 [INFO] LogOutputStream:77 - [STDOUT_REDIRECT] 1 : Invalid condition id : UX_CORESTACK_Condition cause : null
2024-04-09 00:29:36,596 [INFO] LogOutputStream:77 - [STDOUT_REDIRECT] 1 : Invalid condition id : UX_CORESTACK_Condition cause : null
2024-04-09 00:29:36,597 [INFO] LogOutputStream:77 - [STDOUT_REDIRECT] 1 : Invalid condition id : UX_CORESTACK_Condition cause : null
2024-04-09 00:29:36,598 [INFO] LogOutputStream:77 - [STDOUT_REDIRECT] 1 : Invalid condition id : UX_CORESTACK_Condition cause : null
2024-04-09 00:29:36,603 [WARN] PackLoader:240 - Cannot read IP mode file for STMicroelectronics.X-CUBE-AZRTOS-WL.2.0.0
2024-04-09 00:29:36,609 [WARN] PackLoader:240 - Cannot read IP mode file for STMicroelectronics.FP-SNS-MOTENV1.5.0.0
2024-04-09 00:29:36,621 [WARN] PackLoader:240 - Cannot read IP mode file for WES.I-CUBE-Cesium.1.3.0
2024-04-09 00:29:36,629 [WARN] PackLoader:240 - Cannot read IP mode file for STMicroelectronics.X-CUBE-BLE2.3.3.0
2024-04-09 00:29:36,635 [WARN] PackLoader:240 - Cannot read IP mode file for STMicroelectronics.X-CUBE-TCPP.4.1.0
2024-04-09 00:29:36,644 [WARN] PackLoader:240 - Cannot read IP mode file for STMicroelectronics.X-CUBE-ALGOBUILD.1.3.0
2024-04-09 00:29:36,660 [WARN] PackLoader:240 - Cannot read IP mode file for STMicroelectronics.X-CUBE-AZRTOS-G0.1.1.0
2024-04-09 00:29:36,669 [WARN] PackLoader:240 - Cannot read IP mode file for STMicroelectronics.X-CUBE-SAFEA1.1.2.2
2024-04-09 00:29:36,678 [WARN] PackLoader:240 - Cannot read IP mode file for STMicroelectronics.X-CUBE-NFC4.3.0.0
2024-04-09 00:29:36,688 [WARN] PackLoader:240 - Cannot read IP mode file for STMicroelectronics.X-CUBE-BLEMGR.3.0.0
2024-04-09 00:29:36,696 [WARN] PackLoader:240 - Cannot read IP mode file for STMicroelectronics.FP-ATR-SIGFOX1.3.2.0
2024-04-09 00:29:36,702 [WARN] PackLoader:240 - Cannot read IP mode file for STMicroelectronics.X-CUBE-EEPRMA1.5.1.0
2024-04-09 00:29:36,744 [WARN] PackLoader:240 - Cannot read IP mode file for SEGGER.I-CUBE-embOS.1.3.1
2024-04-09 00:29:36,803 [WARN] PackLoader:240 - Cannot read IP mode file for STMicroelectronics.X-CUBE-GNSS1.6.0.0
2024-04-09 00:29:36,819 [WARN] PackLoader:240 - Cannot read IP mode file for STMicroelectronics.X-CUBE-AZRTOS-F4.1.1.0
2024-04-09 00:29:36,828 [WARN] PackLoader:240 - Cannot read IP mode file for wolfSSL.I-CUBE-wolfSSL.5.6.4
2024-04-09 00:29:36,849 [WARN] PackLoader:240 - Cannot read IP mode file for STMicroelectronics.X-CUBE-AZRTOS-L5.2.0.0
2024-04-09 00:29:36,859 [WARN] PackLoader:240 - Cannot read IP mode file for STMicroelectronics.X-CUBE-EEPRMA1.4.2.0
2024-04-09 00:29:36,865 [WARN] PackLoader:240 - Cannot read IP mode file for STMicroelectronics.X-CUBE-NFC6.3.1.0
2024-04-09 00:29:36,873 [WARN] PackLoader:240 - Cannot read IP mode file for ITTIA_DB.I-CUBE-ITTIADB.8.8.0
2024-04-09 00:29:36,886 [WARN] ConditionMgr:438 - getConditionDescription Invalid condition id : UX DEVICE CLASS RTOS Condition cause : null
2024-04-09 00:29:36,886 [WARN] ConditionMgr:438 - getConditionDescription Invalid condition id : UX DEVICE CLASS RTOS Condition cause : null
2024-04-09 00:29:36,890 [WARN] PackLoader:240 - Cannot read IP mode file for STMicroelectronics.X-CUBE-AZRTOS-H7.3.1.0
2024-04-09 00:29:36,891 [WARN] ConditionMgr:1039 - genDependencies : Invalid condition id : UX DEVICE CLASS RTOS Condition cause : null
2024-04-09 00:29:36,891 [WARN] ConditionMgr:1039 - genDependencies : Invalid condition id : UX DEVICE CLASS RTOS Condition cause : null
2024-04-09 00:29:36,892 [WARN] ConditionMgr:1039 - genDependencies : Invalid condition id : UX DEVICE CLASS RTOS Condition cause : null
2024-04-09 00:29:36,892 [WARN] ConditionMgr:1039 - genDependencies : Invalid condition id : UX DEVICE CLASS RTOS Condition cause : null
2024-04-09 00:29:36,892 [WARN] ConditionMgr:1039 - genDependencies : Invalid condition id : UX DEVICE CLASS RTOS Condition cause : null
2024-04-09 00:29:36,899 [WARN] PackLoader:240 - Cannot read IP mode file for STMicroelectronics.X-CUBE-NFC7.1.0.1
2024-04-09 00:29:36,905 [WARN] PackLoader:240 - Cannot read IP mode file for STMicroelectronics.X-CUBE-NFC6.3.0.0
2024-04-09 00:29:36,912 [WARN] PackLoader:240 - Cannot read IP mode file for STMicroelectronics.X-CUBE-AI.8.1.0
2024-04-09 00:29:36,930 [WARN] ConditionMgr:438 - getConditionDescription Invalid condition id : LAN8742 Phy interface Condition cause : null
2024-04-09 00:29:36,931 [WARN] PackLoader:240 - Cannot read IP mode file for STMicroelectronics.X-CUBE-AZRTOS-L4.2.0.0
2024-04-09 00:29:36,932 [WARN] ConditionMgr:1039 - genDependencies : Invalid condition id : LAN8742 Phy interface Condition cause : null
2024-04-09 00:29:36,932 [WARN] ConditionMgr:1039 - genDependencies : Invalid condition id : LAN8742 Phy interface Condition cause : null
2024-04-09 00:29:36,934 [WARN] ConditionMgr:1039 - genDependencies : Invalid condition id : LAN8742 Phy interface Condition cause : null
2024-04-09 00:29:36,943 [WARN] PackLoader:240 - Cannot read IP mode file for STMicroelectronics.X-CUBE-SFXS2LP1.4.0.0
2024-04-09 00:29:36,948 [WARN] PackLoader:240 - Cannot read IP mode file for STMicroelectronics.X-CUBE-ISPU.1.1.0
2024-04-09 00:29:36,961 [WARN] ConditionMgr:438 - getConditionDescription Invalid condition id : UX DEVICE CLASS RTOS Condition cause : null
2024-04-09 00:29:36,962 [WARN] ConditionMgr:438 - getConditionDescription Invalid condition id : UX DEVICE CLASS RTOS Condition cause : null
2024-04-09 00:29:36,964 [WARN] PackLoader:240 - Cannot read IP mode file for STMicroelectronics.X-CUBE-AZRTOS-WB.2.0.0
2024-04-09 00:29:36,964 [WARN] ConditionMgr:1039 - genDependencies : Invalid condition id : UX DEVICE CLASS RTOS Condition cause : null
2024-04-09 00:29:36,964 [WARN] ConditionMgr:1039 - genDependencies : Invalid condition id : UX DEVICE CLASS RTOS Condition cause : null
2024-04-09 00:29:36,964 [WARN] ConditionMgr:1039 - genDependencies : Invalid condition id : UX DEVICE CLASS RTOS Condition cause : null
2024-04-09 00:29:36,965 [WARN] ConditionMgr:1039 - genDependencies : Invalid condition id : UX DEVICE CLASS RTOS Condition cause : null
2024-04-09 00:29:36,965 [WARN] ConditionMgr:1039 - genDependencies : Invalid condition id : UX DEVICE CLASS RTOS Condition cause : null
2024-04-09 00:29:36,974 [WARN] PackLoader:240 - Cannot read IP mode file for STMicroelectronics.X-CUBE-SUBG2.5.0.0
2024-04-09 00:29:37,001 [WARN] PackLoader:240 - Cannot read IP mode file for STMicroelectronics.X-CUBE-AZRTOS-G4.2.0.0
2024-04-09 00:29:37,018 [WARN] PackLoader:240 - Cannot read IP mode file for Infineon.AIROC-Wi-Fi-Bluetooth-STM32.1.5.1
2024-04-09 00:29:37,027 [WARN] PackLoader:240 - Cannot read IP mode file for STMicroelectronics.FP-SNS-MOTENVWB1.1.3.0
2024-04-09 00:29:37,033 [WARN] PackLoader:240 - Cannot read IP mode file for STMicroelectronics.FP-SNS-MOTENVWB1.1.3.1
2024-04-09 00:29:37,037 [WARN] PackLoader:240 - Cannot read IP mode file for STMicroelectronics.X-CUBE-ISPU.2.0.0
2024-04-09 00:29:37,086 [WARN] PackLoader:240 - Cannot read IP mode file for STMicroelectronics.X-CUBE-MEMS1.10.0.0
2024-04-09 00:29:37,292 [WARN] PackLoader:240 - Cannot read IP mode file for STMicroelectronics.X-CUBE-FREERTOS.1.1.0
2024-04-09 00:29:37,302 [WARN] PackLoader:240 - Cannot read IP mode file for portGmbH.I-Cube-SoM-uGOAL.1.1.0
2024-04-09 00:29:37,308 [WARN] PackLoader:240 - Cannot read IP mode file for STMicroelectronics.X-CUBE-ALS.1.0.1
2024-04-09 00:29:37,313 [WARN] PackLoader:240 - Cannot read IP mode file for STMicroelectronics.FP-ATR-ASTRA1.2.0.0
2024-04-09 00:29:37,321 [WARN] PackLoader:240 - Cannot read IP mode file for STMicroelectronics.X-CUBE-TOF1.3.4.0
2024-04-09 00:29:37,340 [WARN] PackLoader:240 - Cannot read IP mode file for STMicroelectronics.X-CUBE-TOF1.3.4.1
2024-04-09 00:29:37,361 [WARN] PackLoader:240 - Cannot read IP mode file for STMicroelectronics.X-CUBE-AZRTOS-H7.3.2.0
2024-04-09 00:29:37,363 [INFO] ThirdParty:978 - Integrity check success = true
2024-04-09 00:29:37,363 [INFO] IntegrityCheckThread:100 - exiting critical section [integrity check]
2024-04-09 00:29:37,363 [INFO] IntegrityCheckThread:103 - End integrity checks thread
2024-04-09 00:29:56,594 [ERROR] LogOutputStream:75 - [STDERR_REDIRECT] SLF4J: Failed to load class "org.slf4j.impl.StaticLoggerBinder".
2024-04-09 00:29:56,595 [ERROR] LogOutputStream:75 - [STDERR_REDIRECT] SLF4J: Defaulting to no-operation (NOP) logger implementation
2024-04-09 00:29:56,596 [ERROR] LogOutputStream:75 - [STDERR_REDIRECT] SLF4J: See http://www.slf4j.org/codes.html#StaticLoggerBinder for further details.
