2024-04-19 16:59:32,911 [INFO] Activator:176 - 


2024-04-19 16:59:32,917 [INFO] Activator:177 - !SESSION log4j initialized
2024-04-19 16:59:37,712 [INFO] LogOutputStream:77 - [STDOUT_REDIRECT] 
2024-04-19 16:59:45,752 [INFO] ApplicationProperties:184 - Using Application install path: C:\ST\STM32CubeIDE_1.14.0\STM32CubeIDE\plugins\com.st.stm32cube.common.mx_6.10.0.202311202037
2024-04-19 16:59:45,768 [INFO] DbMcusXml:78 - Set database path to: C:\ST\STM32CubeIDE_1.14.0\STM32CubeIDE\plugins\com.st.stm32cube.common.mx_6.10.0.202311202037\\db\/mcu/
2024-04-19 16:59:45,768 [INFO] ApiDb:274 - Set plugin database path to: C:\ST\STM32CubeIDE_1.14.0\STM32CubeIDE\plugins\com.st.stm32cube.common.mx_6.10.0.202311202037\\db\/plugins/boardmanager/
2024-04-19 16:59:45,769 [WARN] ApiDb:259 - Overriding images path with different value:  => C:\ST\STM32CubeIDE_1.14.0\STM32CubeIDE\plugins\com.st.stm32cube.common.mx_6.10.0.202311202037\\db\/plugins/mcufinder/images/
2024-04-19 16:59:45,781 [INFO] ApiDb:250 - Set database path to: C:\Users\alstl\.stmcufinder\plugins\mcufinder//mcu/
2024-04-19 16:59:45,782 [INFO] DbMcusAds:125 - Set database path to: C:\Users\alstl\.stmcufinder\plugins\mcufinder//mcu/
2024-04-19 16:59:45,783 [INFO] CrossReferenceDbSqlite:203 - Set database path to: C:\Users\alstl\.stmcufinder\plugins\mcufinder//mcu/cs/
2024-04-19 16:59:45,912 [INFO] RulesReader:64 - Compatibility file has been processed (297 Rules)
2024-04-19 16:59:45,992 [INFO] DbMcusXml:78 - Set database path to: C:\ST\STM32CubeIDE_1.14.0\STM32CubeIDE\plugins\com.st.stm32cube.common.mx_6.10.0.202311202037\\db\/mcu/
2024-04-19 16:59:45,992 [INFO] ApiDb:274 - Set plugin database path to: C:\ST\STM32CubeIDE_1.14.0\STM32CubeIDE\plugins\com.st.stm32cube.common.mx_6.10.0.202311202037\\db\/plugins/boardmanager/
2024-04-19 16:59:45,992 [INFO] ApiDb:261 - Set plugin images path to: C:\ST\STM32CubeIDE_1.14.0\STM32CubeIDE\plugins\com.st.stm32cube.common.mx_6.10.0.202311202037\\db\/plugins/mcufinder/images/
2024-04-19 16:59:45,992 [WARN] DbFile:41 - Overriding database path with different value: C:\Users\alstl\.stmcufinder\plugins\mcufinder/ => C:\Users\alstl\.stmcufinder\plugins\mcufinder
2024-04-19 16:59:45,993 [INFO] ApiDb:250 - Set database path to: C:\Users\alstl\.stmcufinder\plugins\mcufinder//mcu/
2024-04-19 16:59:45,993 [WARN] DbFile:41 - Overriding database path with different value: C:\Users\alstl\.stmcufinder\plugins\mcufinder/ => C:\Users\alstl\.stmcufinder\plugins\mcufinder
2024-04-19 16:59:45,993 [INFO] DbMcusAds:125 - Set database path to: C:\Users\alstl\.stmcufinder\plugins\mcufinder//mcu/
2024-04-19 16:59:45,993 [WARN] DbFile:41 - Overriding database path with different value: C:\Users\alstl\.stmcufinder\plugins\mcufinder/ => C:\Users\alstl\.stmcufinder\plugins\mcufinder
2024-04-19 16:59:45,993 [WARN] DbFile:41 - Overriding database path with different value: C:\Users\alstl\.stmcufinder\plugins\mcufinder/ => C:\Users\alstl\.stmcufinder\plugins\mcufinder
2024-04-19 16:59:45,993 [INFO] CrossReferenceDbSqlite:203 - Set database path to: C:\Users\alstl\.stmcufinder\plugins\mcufinder//mcu/cs/
2024-04-19 16:59:46,084 [INFO] MainPanel:264 - HeapMemory: 268435456
2024-04-19 16:59:46,206 [INFO] DbMcusXml:78 - Set database path to: C:\ST\STM32CubeIDE_1.14.0\STM32CubeIDE\plugins\com.st.stm32cube.common.mx_6.10.0.202311202037\\db\/mcu/
2024-04-19 16:59:46,207 [INFO] ApiDb:274 - Set plugin database path to: C:\ST\STM32CubeIDE_1.14.0\STM32CubeIDE\plugins\com.st.stm32cube.common.mx_6.10.0.202311202037\\db\/plugins/boardmanager/
2024-04-19 16:59:46,207 [INFO] ApiDb:261 - Set plugin images path to: C:\ST\STM32CubeIDE_1.14.0\STM32CubeIDE\plugins\com.st.stm32cube.common.mx_6.10.0.202311202037\\db\/plugins/mcufinder/images/
2024-04-19 16:59:46,208 [WARN] DbFile:41 - Overriding database path with different value: C:\Users\alstl\.stmcufinder\plugins\mcufinder/ => C:\Users\alstl\.stmcufinder\plugins\mcufinder
2024-04-19 16:59:46,208 [INFO] ApiDb:250 - Set database path to: C:\Users\alstl\.stmcufinder\plugins\mcufinder//mcu/
2024-04-19 16:59:46,208 [WARN] DbFile:41 - Overriding database path with different value: C:\Users\alstl\.stmcufinder\plugins\mcufinder/ => C:\Users\alstl\.stmcufinder\plugins\mcufinder
2024-04-19 16:59:46,208 [INFO] DbMcusAds:125 - Set database path to: C:\Users\alstl\.stmcufinder\plugins\mcufinder//mcu/
2024-04-19 16:59:46,208 [WARN] DbFile:41 - Overriding database path with different value: C:\Users\alstl\.stmcufinder\plugins\mcufinder/ => C:\Users\alstl\.stmcufinder\plugins\mcufinder
2024-04-19 16:59:46,208 [WARN] DbFile:41 - Overriding database path with different value: C:\Users\alstl\.stmcufinder\plugins\mcufinder/ => C:\Users\alstl\.stmcufinder\plugins\mcufinder
2024-04-19 16:59:46,209 [INFO] CrossReferenceDbSqlite:203 - Set database path to: C:\Users\alstl\.stmcufinder\plugins\mcufinder//mcu/cs/
2024-04-19 16:59:46,236 [INFO] ApplicationProperties:184 - Using Application install path: C:\ST\STM32CubeIDE_1.14.0\STM32CubeIDE\plugins\com.st.stm32cube.common.mx_6.10.0.202311202037
2024-04-19 16:59:46,238 [INFO] PluginManage:196 - Search for loadable plugins [exclusion list=, ]
2024-04-19 16:59:46,240 [INFO] PluginManage:310 - Check plugin analytics
2024-04-19 16:59:51,401 [INFO] AnalyticsPlugin:253 - Accepted Software Licenses: 
2024-04-19 16:59:51,401 [INFO] AnalyticsPlugin:255 - Accepted CMSIS Pack Licenses: 
2024-04-19 16:59:51,401 [INFO] AnalyticsPlugin:257 - Accepted Firmware Licenses: 
2024-04-19 16:59:51,405 [INFO] PluginManage:359 - Loaded plugin analytics (category:tool,tabindex:-1)
2024-04-19 16:59:51,406 [INFO] PluginManage:310 - Check plugin cadmodel
2024-04-19 16:59:51,422 [INFO] CADModel:105 - Init CAD model plugin
2024-04-19 16:59:51,422 [INFO] PluginManage:359 - Loaded plugin cadmodel (category:power,tabindex:5)
2024-04-19 16:59:51,422 [INFO] PluginManage:310 - Check plugin clock
2024-04-19 16:59:51,441 [INFO] PluginManage:359 - Loaded plugin clock (category:base,tabindex:2)
2024-04-19 16:59:51,441 [INFO] PluginManage:310 - Check plugin ddr
2024-04-19 16:59:51,444 [INFO] PluginManage:359 - Loaded plugin ddr (category:tool,tabindex:6)
2024-04-19 16:59:51,444 [INFO] PluginManage:310 - Check plugin filemanager
2024-04-19 16:59:51,565 [INFO] PluginManage:359 - Loaded plugin filemanager (category:base,tabindex:10)
2024-04-19 16:59:51,566 [INFO] PluginManage:310 - Check plugin ipmanager
2024-04-19 16:59:51,573 [INFO] PluginManage:359 - Loaded plugin ipmanager (category:base,tabindex:5)
2024-04-19 16:59:51,573 [INFO] PluginManage:310 - Check plugin lpbam
2024-04-19 16:59:51,591 [INFO] PluginManage:359 - Loaded plugin lpbam (category:base,tabindex:0)
2024-04-19 16:59:51,591 [INFO] PluginManage:310 - Check plugin memorymap
2024-04-19 16:59:51,613 [INFO] PluginManage:359 - Loaded plugin memorymap (category:base,tabindex:4)
2024-04-19 16:59:51,613 [INFO] PluginManage:310 - Check plugin pinoutandconfiguration
2024-04-19 16:59:51,632 [INFO] PluginManage:359 - Loaded plugin pinoutandconfiguration (category:base,tabindex:1)
2024-04-19 16:59:51,632 [INFO] PluginManage:310 - Check plugin pinoutconfig
2024-04-19 16:59:51,725 [WARN] SupportedApi:132 - Cannot load RTOS API schema: s4s-elt-must-match.1: The content of 'definitions' must match (annotation?, (simpleType | complexType)?, (unique | key | keyref)*)). A problem was found starting at: attribute.
2024-04-19 16:59:51,857 [INFO] PluginManage:359 - Loaded plugin pinoutconfig (category:base,tabindex:0)
2024-04-19 16:59:51,857 [INFO] PluginManage:310 - Check plugin power
2024-04-19 16:59:51,882 [INFO] PluginManage:359 - Loaded plugin power (category:power,tabindex:4)
2024-04-19 16:59:51,882 [INFO] PluginManage:310 - Check plugin projectmanager
2024-04-19 16:59:51,899 [INFO] PluginManage:359 - Loaded plugin projectmanager (category:projectmanager,tabindex:3)
2024-04-19 16:59:51,899 [INFO] PluginManage:310 - Check plugin thirdparty
2024-04-19 16:59:52,146 [INFO] PluginManage:359 - Loaded plugin thirdparty (category:base,tabindex:-1)
2024-04-19 16:59:52,146 [WARN] IntegrityCheckThread:84 - waiting for thirdparty lock release [integrity check]
2024-04-19 16:59:52,146 [INFO] PluginManage:310 - Check plugin tools
2024-04-19 16:59:52,146 [INFO] IntegrityCheckThread:86 - entering critical section [integrity check]
2024-04-19 16:59:52,147 [INFO] ThirdPartyUpdaterWithRetryManager:70 - Updater plugin not ready yet. [1/15]
2024-04-19 16:59:52,179 [INFO] PluginManage:359 - Loaded plugin tools (category:base,tabindex:7)
2024-04-19 16:59:52,179 [INFO] PluginManage:310 - Check plugin tutovideos
2024-04-19 16:59:52,365 [INFO] PluginManage:359 - Loaded plugin tutovideos (category:base,tabindex:-1)
2024-04-19 16:59:52,365 [INFO] PluginManage:310 - Check plugin updater
2024-04-19 16:59:52,377 [INFO] PluginManage:359 - Loaded plugin updater (category:base,tabindex:12)
2024-04-19 16:59:52,377 [INFO] PluginManage:310 - Check plugin userauth
2024-04-19 16:59:52,382 [INFO] UserAuth:114 - Init User Auth plugin
2024-04-19 16:59:52,382 [INFO] PluginManage:359 - Loaded plugin userauth (category:base,tabindex:14)
2024-04-19 16:59:52,382 [INFO] PluginManage:283 - PluginManage : Loaded plugins [17]
2024-04-19 16:59:52,592 [INFO] PinOutPanel:1499 - setPackage(No Configuration,No Configuration)
2024-04-19 16:59:52,663 [INFO] CADModel:165 - CPN selected for project level
2024-04-19 16:59:52,663 [INFO] CADModel:114 - Register for checkConnection events
2024-04-19 16:59:52,688 [INFO] IPUIPlugin:80 - create IPUIPlugin
2024-04-19 16:59:52,690 [INFO] PluginManager:220 - loadIPPluginJar : add adc
2024-04-19 16:59:52,720 [INFO] IPUIPlugin:80 - create IPUIPlugin
2024-04-19 16:59:52,721 [INFO] PluginManager:220 - loadIPPluginJar : add aes
2024-04-19 16:59:52,757 [INFO] IPUIPlugin:80 - create IPUIPlugin
2024-04-19 16:59:52,758 [INFO] PluginManager:220 - loadIPPluginJar : add can
2024-04-19 16:59:52,779 [INFO] IPUIPlugin:80 - create IPUIPlugin
2024-04-19 16:59:52,779 [INFO] PluginManager:220 - loadIPPluginJar : add comp
2024-04-19 16:59:52,818 [INFO] IPUIPlugin:80 - create IPUIPlugin
2024-04-19 16:59:52,818 [INFO] PluginManager:220 - loadIPPluginJar : add cryp
2024-04-19 16:59:52,843 [INFO] IPUIPlugin:80 - create IPUIPlugin
2024-04-19 16:59:52,843 [INFO] PluginManager:220 - loadIPPluginJar : add dfsdm
2024-04-19 16:59:52,855 [INFO] IPUIPlugin:80 - create IPUIPlugin
2024-04-19 16:59:52,856 [INFO] PluginManager:220 - loadIPPluginJar : add dma
2024-04-19 16:59:52,890 [INFO] IPUIPlugin:80 - create IPUIPlugin
2024-04-19 16:59:52,890 [INFO] PluginManager:220 - loadIPPluginJar : add dma3
2024-04-19 16:59:52,906 [INFO] IPUIPlugin:80 - create IPUIPlugin
2024-04-19 16:59:52,906 [INFO] PluginManager:220 - loadIPPluginJar : add fatfs
2024-04-19 16:59:52,945 [INFO] IPUIPlugin:80 - create IPUIPlugin
2024-04-19 16:59:52,945 [INFO] PluginManager:220 - loadIPPluginJar : add fmc
2024-04-19 16:59:52,958 [INFO] IPUIPlugin:80 - create IPUIPlugin
2024-04-19 16:59:52,959 [INFO] PluginManager:220 - loadIPPluginJar : add freertos
2024-04-19 16:59:52,976 [INFO] IPUIPlugin:80 - create IPUIPlugin
2024-04-19 16:59:52,976 [INFO] PluginManager:220 - loadIPPluginJar : add genericplugin
2024-04-19 16:59:53,050 [INFO] IPUIPlugin:80 - create IPUIPlugin
2024-04-19 16:59:53,050 [INFO] PluginManager:220 - loadIPPluginJar : add gfxmmu
2024-04-19 16:59:53,163 [INFO] IPUIPlugin:80 - create IPUIPlugin
2024-04-19 16:59:53,163 [INFO] PluginManager:220 - loadIPPluginJar : add gic
2024-04-19 16:59:53,174 [INFO] IPUIPlugin:80 - create IPUIPlugin
2024-04-19 16:59:53,175 [INFO] PluginManager:220 - loadIPPluginJar : add gpio
2024-04-19 16:59:53,245 [INFO] IPUIPlugin:80 - create IPUIPlugin
2024-04-19 16:59:53,245 [INFO] PluginManager:220 - loadIPPluginJar : add gtzc
2024-04-19 16:59:53,270 [INFO] IPUIPlugin:80 - create IPUIPlugin
2024-04-19 16:59:53,271 [INFO] PluginManager:220 - loadIPPluginJar : add hash
2024-04-19 16:59:53,312 [INFO] IPUIPlugin:80 - create IPUIPlugin
2024-04-19 16:59:53,312 [INFO] PluginManager:220 - loadIPPluginJar : add i2c
2024-04-19 16:59:53,343 [INFO] IPUIPlugin:80 - create IPUIPlugin
2024-04-19 16:59:53,343 [INFO] PluginManager:220 - loadIPPluginJar : add i2s
2024-04-19 16:59:53,379 [INFO] IPUIPlugin:80 - create IPUIPlugin
2024-04-19 16:59:53,379 [INFO] PluginManager:220 - loadIPPluginJar : add i3c
2024-04-19 16:59:53,466 [INFO] IPUIPlugin:80 - create IPUIPlugin
2024-04-19 16:59:53,466 [INFO] PluginManager:220 - loadIPPluginJar : add ipddr
2024-04-19 16:59:53,539 [INFO] IPUIPlugin:80 - create IPUIPlugin
2024-04-19 16:59:53,539 [INFO] PluginManager:220 - loadIPPluginJar : add linkedlist
2024-04-19 16:59:53,567 [INFO] IPUIPlugin:80 - create IPUIPlugin
2024-04-19 16:59:53,567 [INFO] PluginManager:220 - loadIPPluginJar : add lorawan
2024-04-19 16:59:53,597 [INFO] IPUIPlugin:80 - create IPUIPlugin
2024-04-19 16:59:53,597 [INFO] PluginManager:220 - loadIPPluginJar : add ltdc
2024-04-19 16:59:53,610 [INFO] IPUIPlugin:80 - create IPUIPlugin
2024-04-19 16:59:53,611 [INFO] PluginManager:220 - loadIPPluginJar : add mdma
2024-04-19 16:59:53,621 [INFO] IPUIPlugin:80 - create IPUIPlugin
2024-04-19 16:59:53,621 [INFO] PluginManager:220 - loadIPPluginJar : add nvic
2024-04-19 16:59:53,651 [INFO] IPUIPlugin:80 - create IPUIPlugin
2024-04-19 16:59:53,651 [INFO] PluginManager:220 - loadIPPluginJar : add opamp
2024-04-19 16:59:53,697 [INFO] IPUIPlugin:80 - create IPUIPlugin
2024-04-19 16:59:53,697 [INFO] PluginManager:220 - loadIPPluginJar : add openamp
2024-04-19 16:59:53,732 [INFO] IPUIPlugin:80 - create IPUIPlugin
2024-04-19 16:59:53,732 [INFO] PluginManager:220 - loadIPPluginJar : add pdm2pcm
2024-04-19 16:59:53,745 [INFO] IPUIPlugin:80 - create IPUIPlugin
2024-04-19 16:59:53,747 [INFO] PluginManager:220 - loadIPPluginJar : add plateformsettings
2024-04-19 16:59:53,764 [INFO] IPUIPlugin:80 - create IPUIPlugin
2024-04-19 16:59:53,764 [INFO] PluginManager:220 - loadIPPluginJar : add quadspi
2024-04-19 16:59:53,776 [INFO] IPUIPlugin:80 - create IPUIPlugin
2024-04-19 16:59:53,776 [INFO] PluginManager:220 - loadIPPluginJar : add resmgrutility
2024-04-19 16:59:53,822 [INFO] IPUIPlugin:80 - create IPUIPlugin
2024-04-19 16:59:53,822 [INFO] PluginManager:220 - loadIPPluginJar : add sai
2024-04-19 16:59:53,856 [INFO] IPUIPlugin:80 - create IPUIPlugin
2024-04-19 16:59:53,857 [INFO] PluginManager:220 - loadIPPluginJar : add spi
2024-04-19 16:59:53,910 [INFO] IPUIPlugin:80 - create IPUIPlugin
2024-04-19 16:59:53,910 [INFO] PluginManager:220 - loadIPPluginJar : add stm32_wpan
2024-04-19 16:59:53,929 [INFO] IPUIPlugin:80 - create IPUIPlugin
2024-04-19 16:59:53,929 [INFO] PluginManager:220 - loadIPPluginJar : add tim
2024-04-19 16:59:53,974 [INFO] IPUIPlugin:80 - create IPUIPlugin
2024-04-19 16:59:53,974 [INFO] PluginManager:220 - loadIPPluginJar : add touchsensing
2024-04-19 16:59:53,996 [INFO] IPUIPlugin:80 - create IPUIPlugin
2024-04-19 16:59:53,996 [INFO] PluginManager:220 - loadIPPluginJar : add tracer_emb
2024-04-19 16:59:54,017 [INFO] IPUIPlugin:80 - create IPUIPlugin
2024-04-19 16:59:54,017 [INFO] PluginManager:220 - loadIPPluginJar : add ts
2024-04-19 16:59:54,035 [INFO] IPUIPlugin:80 - create IPUIPlugin
2024-04-19 16:59:54,035 [INFO] PluginManager:220 - loadIPPluginJar : add tsc
2024-04-19 16:59:54,054 [INFO] IPUIPlugin:80 - create IPUIPlugin
2024-04-19 16:59:54,054 [INFO] PluginManager:220 - loadIPPluginJar : add ucpd
2024-04-19 16:59:54,091 [INFO] IPUIPlugin:80 - create IPUIPlugin
2024-04-19 16:59:54,091 [INFO] PluginManager:220 - loadIPPluginJar : add usart
2024-04-19 16:59:54,127 [INFO] IPUIPlugin:80 - create IPUIPlugin
2024-04-19 16:59:54,127 [INFO] PluginManager:220 - loadIPPluginJar : add usbx
2024-04-19 16:59:54,252 [INFO] CADModel:165 - CPN selected for project level
2024-04-19 16:59:54,252 [INFO] CADModel:114 - Register for checkConnection events
2024-04-19 16:59:54,252 [FATAL] Updater:308 - Updater called before beeing initialized
2024-04-19 16:59:54,252 [ERROR] CADModel:125 - Updater not yet initialized, retry later 
2024-04-19 16:59:54,380 [INFO] CADModel:165 - CPN selected for project level
2024-04-19 16:59:54,380 [INFO] CADModel:114 - Register for checkConnection events
2024-04-19 16:59:54,380 [FATAL] Updater:308 - Updater called before beeing initialized
2024-04-19 16:59:54,380 [ERROR] CADModel:125 - Updater not yet initialized, retry later 
2024-04-19 16:59:54,382 [FATAL] Updater:308 - Updater called before beeing initialized
2024-04-19 16:59:54,483 [FATAL] Updater:308 - Updater called before beeing initialized
2024-04-19 16:59:54,491 [INFO] DbMcusAds:53 - JSON generation date=Tue Mar 07 17:50:55 KST 2023 (1678179055114)
2024-04-19 16:59:54,491 [FATAL] Updater:308 - Updater called before beeing initialized
2024-04-19 16:59:54,561 [WARN] DetailPanel:346 - Failed to get advertising image, set to default
2024-04-19 16:59:54,648 [FATAL] Updater:308 - Updater called before beeing initialized
2024-04-19 16:59:54,651 [FATAL] Updater:308 - Updater called before beeing initialized
2024-04-19 16:59:54,651 [FATAL] Updater:308 - Updater called before beeing initialized
2024-04-19 16:59:54,651 [WARN] DetailPanel:346 - Failed to get advertising image, set to default
2024-04-19 16:59:54,651 [FATAL] Updater:308 - Updater called before beeing initialized
2024-04-19 16:59:54,718 [ERROR] Updater:1120 - MainUpdater not yet initialized. External WinMGr cannot be set.
2024-04-19 16:59:54,729 [INFO] Updater:1056 - Updater Version found : 6.10.0
2024-04-19 16:59:54,745 [INFO] ApplicationProperties:184 - Using Application install path: C:\ST\STM32CubeIDE_1.14.0\STM32CubeIDE\plugins\com.st.stm32cube.common.mx_6.10.0.202311202037
2024-04-19 16:59:55,148 [INFO] ThirdPartyUpdaterWithRetryManager:70 - Updater plugin not ready yet. [2/15]
2024-04-19 16:59:56,322 [ERROR] LogOutputStream:75 - [STDERR_REDIRECT] Apr 19, 2024 4:59:56 PM java.util.prefs.WindowsPreferences <init>
2024-04-19 16:59:56,324 [ERROR] LogOutputStream:75 - [STDERR_REDIRECT] WARNING: Could not open/create prefs root node Software\JavaSoft\Prefs at root 0xffffffff80000002. Windows RegCreateKeyEx(...) returned error code 5.
2024-04-19 16:59:56,325 [ERROR] LogOutputStream:75 - [STDERR_REDIRECT] 
2024-04-19 16:59:56,731 [INFO] MainUpdater:2873 - connection check result : 10
2024-04-19 16:59:56,732 [INFO] MainUpdater:290 - Updater Check For Update Now.
2024-04-19 16:59:56,732 [INFO] MicroXplorer:498 - Change Database Version : DB.6.0.100
2024-04-19 16:59:56,747 [INFO] McuFinderGlobals:63 - Set McuFinder mode to 2 (CubeIDE integrated)
2024-04-19 16:59:56,760 [INFO] UserAuth:404 - Internet connection configuration mode: 1
2024-04-19 16:59:56,788 [INFO] JxBrowserEngine:152 - Initiate JxBrowser Engine with user profile folder
2024-04-19 16:59:56,925 [INFO] CheckServerUpdateThread:120 - End of CheckServer Thread
2024-04-19 16:59:58,318 [WARN] PackLoader:240 - Cannot read IP mode file for STMicroelectronics.X-CUBE-SMBUS.2.1.0
2024-04-19 16:59:58,330 [WARN] PackLoader:240 - Cannot read IP mode file for STMicroelectronics.X-CUBE-TOUCHGFX.4.23.0
2024-04-19 16:59:58,339 [WARN] PackLoader:240 - Cannot read IP mode file for STMicroelectronics.X-CUBE-TOUCHGFX.4.23.2
2024-04-19 16:59:58,379 [WARN] PackLoader:240 - Cannot read IP mode file for STMicroelectronics.X-CUBE-AZRTOS-F7.1.1.0
2024-04-19 16:59:58,395 [WARN] PackLoader:240 - Cannot read IP mode file for STMicroelectronics.FP-SNS-MOTENV1.4.3.2
2024-04-19 16:59:58,411 [WARN] PackLoader:240 - Cannot read IP mode file for STMicroelectronics.FP-SNS-FLIGHT1.5.0.2
2024-04-19 16:59:58,426 [WARN] PackLoader:240 - Cannot read IP mode file for STMicroelectronics.X-CUBE-DISPLAY.3.0.0
2024-04-19 16:59:58,445 [WARN] PackLoader:240 - Cannot read IP mode file for STMicroelectronics.X-CUBE-BLE1.7.0.0
2024-04-19 16:59:58,458 [WARN] PackLoader:240 - Cannot read IP mode file for emotas.I-CUBE-CANOPEN.1.3.0
2024-04-19 16:59:58,471 [WARN] PackLoader:240 - Cannot read IP mode file for STMicroelectronics.X-CUBE-TOUCHGFX.4.22.1
2024-04-19 16:59:58,487 [WARN] PackLoader:240 - Cannot read IP mode file for STMicroelectronics.X-CUBE-BLEMGR.3.1.0
2024-04-19 16:59:58,504 [WARN] PackLoader:240 - Cannot read IP mode file for STMicroelectronics.FP-SNS-SMARTAG2.1.2.0
2024-04-19 16:59:58,525 [INFO] LogOutputStream:77 - [STDOUT_REDIRECT] 1 : Invalid condition id : UX_CORESTACK_Condition cause : null
2024-04-19 16:59:58,525 [INFO] LogOutputStream:77 - [STDOUT_REDIRECT] 1 : Invalid condition id : UX_CORESTACK_Condition cause : null
2024-04-19 16:59:58,527 [INFO] LogOutputStream:77 - [STDOUT_REDIRECT] 1 : Invalid condition id : UX_CORESTACK_Condition cause : null
2024-04-19 16:59:58,528 [INFO] LogOutputStream:77 - [STDOUT_REDIRECT] 1 : Invalid condition id : UX_CORESTACK_Condition cause : null
2024-04-19 16:59:58,529 [INFO] LogOutputStream:77 - [STDOUT_REDIRECT] 1 : Invalid condition id : UX_CORESTACK_Condition cause : null
2024-04-19 16:59:58,532 [WARN] PackLoader:240 - Cannot read IP mode file for STMicroelectronics.X-CUBE-AZRTOS-WL.2.0.0
2024-04-19 16:59:58,545 [WARN] PackLoader:240 - Cannot read IP mode file for STMicroelectronics.FP-SNS-MOTENV1.5.0.0
2024-04-19 16:59:58,562 [WARN] PackLoader:240 - Cannot read IP mode file for WES.I-CUBE-Cesium.1.3.0
2024-04-19 16:59:58,575 [WARN] PackLoader:240 - Cannot read IP mode file for STMicroelectronics.X-CUBE-BLE2.3.3.0
2024-04-19 16:59:58,590 [WARN] PackLoader:240 - Cannot read IP mode file for STMicroelectronics.X-CUBE-TCPP.4.1.0
2024-04-19 16:59:58,605 [WARN] PackLoader:240 - Cannot read IP mode file for STMicroelectronics.X-CUBE-ALGOBUILD.1.3.0
2024-04-19 16:59:58,636 [WARN] PackLoader:240 - Cannot read IP mode file for STMicroelectronics.X-CUBE-AZRTOS-G0.1.1.0
2024-04-19 16:59:58,653 [WARN] PackLoader:240 - Cannot read IP mode file for STMicroelectronics.X-CUBE-SAFEA1.1.2.2
2024-04-19 16:59:58,667 [WARN] PackLoader:240 - Cannot read IP mode file for STMicroelectronics.X-CUBE-NFC4.3.0.0
2024-04-19 16:59:58,691 [WARN] PackLoader:240 - Cannot read IP mode file for STMicroelectronics.X-CUBE-BLEMGR.3.0.0
2024-04-19 16:59:58,705 [WARN] PackLoader:240 - Cannot read IP mode file for STMicroelectronics.FP-ATR-SIGFOX1.3.2.0
2024-04-19 16:59:58,718 [WARN] PackLoader:240 - Cannot read IP mode file for STMicroelectronics.X-CUBE-EEPRMA1.5.1.0
2024-04-19 16:59:58,751 [WARN] PackLoader:240 - Cannot read IP mode file for SEGGER.I-CUBE-embOS.1.3.1
2024-04-19 16:59:58,791 [WARN] PackLoader:240 - Cannot read IP mode file for STMicroelectronics.X-CUBE-GNSS1.6.0.0
2024-04-19 16:59:58,816 [WARN] PackLoader:240 - Cannot read IP mode file for STMicroelectronics.X-CUBE-AZRTOS-F4.1.1.0
2024-04-19 16:59:58,830 [WARN] PackLoader:240 - Cannot read IP mode file for wolfSSL.I-CUBE-wolfSSL.5.6.4
2024-04-19 16:59:58,855 [WARN] PackLoader:240 - Cannot read IP mode file for STMicroelectronics.X-CUBE-AZRTOS-L5.2.0.0
2024-04-19 16:59:58,869 [WARN] PackLoader:240 - Cannot read IP mode file for STMicroelectronics.X-CUBE-EEPRMA1.4.2.0
2024-04-19 16:59:58,882 [WARN] PackLoader:240 - Cannot read IP mode file for STMicroelectronics.X-CUBE-NFC6.3.1.0
2024-04-19 16:59:58,897 [WARN] PackLoader:240 - Cannot read IP mode file for ITTIA_DB.I-CUBE-ITTIADB.8.8.0
2024-04-19 16:59:58,921 [WARN] ConditionMgr:438 - getConditionDescription Invalid condition id : UX DEVICE CLASS RTOS Condition cause : null
2024-04-19 16:59:58,921 [WARN] ConditionMgr:438 - getConditionDescription Invalid condition id : UX DEVICE CLASS RTOS Condition cause : null
2024-04-19 16:59:58,922 [WARN] PackLoader:240 - Cannot read IP mode file for STMicroelectronics.X-CUBE-AZRTOS-H7.3.1.0
2024-04-19 16:59:58,923 [WARN] ConditionMgr:1039 - genDependencies : Invalid condition id : UX DEVICE CLASS RTOS Condition cause : null
2024-04-19 16:59:58,923 [WARN] ConditionMgr:1039 - genDependencies : Invalid condition id : UX DEVICE CLASS RTOS Condition cause : null
2024-04-19 16:59:58,923 [WARN] ConditionMgr:1039 - genDependencies : Invalid condition id : UX DEVICE CLASS RTOS Condition cause : null
2024-04-19 16:59:58,924 [WARN] ConditionMgr:1039 - genDependencies : Invalid condition id : UX DEVICE CLASS RTOS Condition cause : null
2024-04-19 16:59:58,924 [WARN] ConditionMgr:1039 - genDependencies : Invalid condition id : UX DEVICE CLASS RTOS Condition cause : null
2024-04-19 16:59:58,939 [WARN] PackLoader:240 - Cannot read IP mode file for STMicroelectronics.X-CUBE-NFC7.1.0.1
2024-04-19 16:59:58,956 [WARN] PackLoader:240 - Cannot read IP mode file for STMicroelectronics.X-CUBE-NFC6.3.0.0
2024-04-19 16:59:58,973 [WARN] PackLoader:240 - Cannot read IP mode file for STMicroelectronics.X-CUBE-AI.8.1.0
2024-04-19 16:59:59,006 [WARN] ConditionMgr:438 - getConditionDescription Invalid condition id : LAN8742 Phy interface Condition cause : null
2024-04-19 16:59:59,007 [WARN] PackLoader:240 - Cannot read IP mode file for STMicroelectronics.X-CUBE-AZRTOS-L4.2.0.0
2024-04-19 16:59:59,008 [WARN] ConditionMgr:1039 - genDependencies : Invalid condition id : LAN8742 Phy interface Condition cause : null
2024-04-19 16:59:59,009 [WARN] ConditionMgr:1039 - genDependencies : Invalid condition id : LAN8742 Phy interface Condition cause : null
2024-04-19 16:59:59,009 [WARN] ConditionMgr:1039 - genDependencies : Invalid condition id : LAN8742 Phy interface Condition cause : null
2024-04-19 16:59:59,027 [WARN] PackLoader:240 - Cannot read IP mode file for STMicroelectronics.X-CUBE-SFXS2LP1.4.0.0
2024-04-19 16:59:59,041 [WARN] PackLoader:240 - Cannot read IP mode file for STMicroelectronics.X-CUBE-ISPU.1.1.0
2024-04-19 16:59:59,091 [WARN] ConditionMgr:438 - getConditionDescription Invalid condition id : UX DEVICE CLASS RTOS Condition cause : null
2024-04-19 16:59:59,091 [WARN] ConditionMgr:438 - getConditionDescription Invalid condition id : UX DEVICE CLASS RTOS Condition cause : null
2024-04-19 16:59:59,093 [WARN] PackLoader:240 - Cannot read IP mode file for STMicroelectronics.X-CUBE-AZRTOS-WB.2.0.0
2024-04-19 16:59:59,095 [WARN] ConditionMgr:1039 - genDependencies : Invalid condition id : UX DEVICE CLASS RTOS Condition cause : null
2024-04-19 16:59:59,095 [WARN] ConditionMgr:1039 - genDependencies : Invalid condition id : UX DEVICE CLASS RTOS Condition cause : null
2024-04-19 16:59:59,095 [WARN] ConditionMgr:1039 - genDependencies : Invalid condition id : UX DEVICE CLASS RTOS Condition cause : null
2024-04-19 16:59:59,096 [WARN] ConditionMgr:1039 - genDependencies : Invalid condition id : UX DEVICE CLASS RTOS Condition cause : null
2024-04-19 16:59:59,096 [WARN] ConditionMgr:1039 - genDependencies : Invalid condition id : UX DEVICE CLASS RTOS Condition cause : null
2024-04-19 16:59:59,120 [WARN] PackLoader:240 - Cannot read IP mode file for STMicroelectronics.X-CUBE-SUBG2.5.0.0
2024-04-19 16:59:59,145 [WARN] PackLoader:240 - Cannot read IP mode file for STMicroelectronics.X-CUBE-AZRTOS-G4.2.0.0
2024-04-19 16:59:59,172 [WARN] PackLoader:240 - Cannot read IP mode file for Infineon.AIROC-Wi-Fi-Bluetooth-STM32.1.5.1
2024-04-19 16:59:59,188 [WARN] PackLoader:240 - Cannot read IP mode file for STMicroelectronics.FP-SNS-MOTENVWB1.1.3.0
2024-04-19 16:59:59,202 [WARN] PackLoader:240 - Cannot read IP mode file for STMicroelectronics.FP-SNS-MOTENVWB1.1.3.1
2024-04-19 16:59:59,214 [WARN] PackLoader:240 - Cannot read IP mode file for STMicroelectronics.X-CUBE-ISPU.2.0.0
2024-04-19 16:59:59,253 [WARN] PackLoader:240 - Cannot read IP mode file for STMicroelectronics.X-CUBE-MEMS1.10.0.0
2024-04-19 16:59:59,381 [WARN] PackLoader:240 - Cannot read IP mode file for STMicroelectronics.X-CUBE-FREERTOS.1.1.0
2024-04-19 16:59:59,397 [WARN] PackLoader:240 - Cannot read IP mode file for portGmbH.I-Cube-SoM-uGOAL.1.1.0
2024-04-19 16:59:59,409 [WARN] PackLoader:240 - Cannot read IP mode file for STMicroelectronics.X-CUBE-ALS.1.0.1
2024-04-19 16:59:59,422 [WARN] PackLoader:240 - Cannot read IP mode file for STMicroelectronics.FP-ATR-ASTRA1.2.0.0
2024-04-19 16:59:59,444 [WARN] PackLoader:240 - Cannot read IP mode file for STMicroelectronics.X-CUBE-TOF1.3.4.0
2024-04-19 16:59:59,525 [WARN] PackLoader:240 - Cannot read IP mode file for STMicroelectronics.X-CUBE-TOF1.3.4.1
2024-04-19 16:59:59,558 [WARN] PackLoader:240 - Cannot read IP mode file for STMicroelectronics.X-CUBE-AZRTOS-H7.3.2.0
2024-04-19 16:59:59,560 [INFO] ThirdParty:978 - Integrity check success = true
2024-04-19 16:59:59,560 [INFO] IntegrityCheckThread:100 - exiting critical section [integrity check]
2024-04-19 16:59:59,560 [INFO] IntegrityCheckThread:103 - End integrity checks thread
2024-04-19 16:59:59,943 [INFO] WebApp:161 - Instantiating new browser for Auth
2024-04-19 17:00:00,460 [INFO] WebApp:780 - Register for checkConnection events
2024-04-19 17:00:00,460 [INFO] WebApp:414 - Apply proxy settings
2024-04-19 17:00:00,461 [INFO] WebApp:499 - Chromium requires no authentication
2024-04-19 17:00:00,468 [INFO] WebApp:442 - Direct internet connection detected
2024-04-19 17:00:00,598 [INFO] WebApp:192 - Starting web application
2024-04-19 17:00:00,598 [INFO] WebApp:544 - Web application path used C:\ST\STM32CubeIDE_1.14.0\STM32CubeIDE\plugins\com.st.stm32cube.common.mx_6.10.0.202311202037\db\plugins\mcufinder\reactClient1\index.html
2024-04-19 17:00:21,564 [ERROR] LogOutputStream:75 - [STDERR_REDIRECT] SLF4J: Failed to load class "org.slf4j.impl.StaticLoggerBinder".
2024-04-19 17:00:21,566 [ERROR] LogOutputStream:75 - [STDERR_REDIRECT] SLF4J: Defaulting to no-operation (NOP) logger implementation
2024-04-19 17:00:21,569 [ERROR] LogOutputStream:75 - [STDERR_REDIRECT] SLF4J: See http://www.slf4j.org/codes.html#StaticLoggerBinder for further details.
2024-04-19 18:59:37,105 [ERROR] LogOutputStream:75 - [STDERR_REDIRECT] 
