2023-12-12 02:16:21,589 [ERROR] LogOutputStream:75 - [STDERR_REDIRECT] 
2023-12-12 12:31:27,366 [INFO] Activator:176 - 


2023-12-12 12:31:27,368 [INFO] Activator:177 - !SESSION log4j initialized
2023-12-12 12:31:34,148 [INFO] LogOutputStream:77 - [STDOUT_REDIRECT] 
2023-12-12 12:31:43,263 [INFO] ApplicationProperties:184 - Using Application install path: C:\ST\STM32CubeIDE_1.14.0\STM32CubeIDE\plugins\com.st.stm32cube.common.mx_6.10.0.202311202037
2023-12-12 12:31:43,289 [INFO] DbMcusXml:78 - Set database path to: C:\ST\STM32CubeIDE_1.14.0\STM32CubeIDE\plugins\com.st.stm32cube.common.mx_6.10.0.202311202037\\db\/mcu/
2023-12-12 12:31:43,289 [INFO] ApiDb:274 - Set plugin database path to: C:\ST\STM32CubeIDE_1.14.0\STM32CubeIDE\plugins\com.st.stm32cube.common.mx_6.10.0.202311202037\\db\/plugins/boardmanager/
2023-12-12 12:31:43,290 [WARN] ApiDb:259 - Overriding images path with different value:  => C:\ST\STM32CubeIDE_1.14.0\STM32CubeIDE\plugins\com.st.stm32cube.common.mx_6.10.0.202311202037\\db\/plugins/mcufinder/images/
2023-12-12 12:31:43,302 [INFO] ApiDb:250 - Set database path to: C:\Users\alstl\.stmcufinder\plugins\mcufinder//mcu/
2023-12-12 12:31:43,304 [INFO] DbMcusAds:125 - Set database path to: C:\Users\alstl\.stmcufinder\plugins\mcufinder//mcu/
2023-12-12 12:31:43,307 [INFO] CrossReferenceDbSqlite:203 - Set database path to: C:\Users\alstl\.stmcufinder\plugins\mcufinder//mcu/cs/
2023-12-12 12:31:43,450 [INFO] RulesReader:64 - Compatibility file has been processed (297 Rules)
2023-12-12 12:31:43,547 [INFO] DbMcusXml:78 - Set database path to: C:\ST\STM32CubeIDE_1.14.0\STM32CubeIDE\plugins\com.st.stm32cube.common.mx_6.10.0.202311202037\\db\/mcu/
2023-12-12 12:31:43,548 [INFO] ApiDb:274 - Set plugin database path to: C:\ST\STM32CubeIDE_1.14.0\STM32CubeIDE\plugins\com.st.stm32cube.common.mx_6.10.0.202311202037\\db\/plugins/boardmanager/
2023-12-12 12:31:43,548 [INFO] ApiDb:261 - Set plugin images path to: C:\ST\STM32CubeIDE_1.14.0\STM32CubeIDE\plugins\com.st.stm32cube.common.mx_6.10.0.202311202037\\db\/plugins/mcufinder/images/
2023-12-12 12:31:43,548 [WARN] DbFile:41 - Overriding database path with different value: C:\Users\alstl\.stmcufinder\plugins\mcufinder/ => C:\Users\alstl\.stmcufinder\plugins\mcufinder
2023-12-12 12:31:43,548 [INFO] ApiDb:250 - Set database path to: C:\Users\alstl\.stmcufinder\plugins\mcufinder//mcu/
2023-12-12 12:31:43,548 [WARN] DbFile:41 - Overriding database path with different value: C:\Users\alstl\.stmcufinder\plugins\mcufinder/ => C:\Users\alstl\.stmcufinder\plugins\mcufinder
2023-12-12 12:31:43,548 [INFO] DbMcusAds:125 - Set database path to: C:\Users\alstl\.stmcufinder\plugins\mcufinder//mcu/
2023-12-12 12:31:43,548 [WARN] DbFile:41 - Overriding database path with different value: C:\Users\alstl\.stmcufinder\plugins\mcufinder/ => C:\Users\alstl\.stmcufinder\plugins\mcufinder
2023-12-12 12:31:43,548 [WARN] DbFile:41 - Overriding database path with different value: C:\Users\alstl\.stmcufinder\plugins\mcufinder/ => C:\Users\alstl\.stmcufinder\plugins\mcufinder
2023-12-12 12:31:43,548 [INFO] CrossReferenceDbSqlite:203 - Set database path to: C:\Users\alstl\.stmcufinder\plugins\mcufinder//mcu/cs/
2023-12-12 12:31:43,642 [INFO] MainPanel:264 - HeapMemory: 268435456
2023-12-12 12:31:43,741 [INFO] DbMcusXml:78 - Set database path to: C:\ST\STM32CubeIDE_1.14.0\STM32CubeIDE\plugins\com.st.stm32cube.common.mx_6.10.0.202311202037\\db\/mcu/
2023-12-12 12:31:43,741 [INFO] ApiDb:274 - Set plugin database path to: C:\ST\STM32CubeIDE_1.14.0\STM32CubeIDE\plugins\com.st.stm32cube.common.mx_6.10.0.202311202037\\db\/plugins/boardmanager/
2023-12-12 12:31:43,741 [INFO] ApiDb:261 - Set plugin images path to: C:\ST\STM32CubeIDE_1.14.0\STM32CubeIDE\plugins\com.st.stm32cube.common.mx_6.10.0.202311202037\\db\/plugins/mcufinder/images/
2023-12-12 12:31:43,741 [WARN] DbFile:41 - Overriding database path with different value: C:\Users\alstl\.stmcufinder\plugins\mcufinder/ => C:\Users\alstl\.stmcufinder\plugins\mcufinder
2023-12-12 12:31:43,741 [INFO] ApiDb:250 - Set database path to: C:\Users\alstl\.stmcufinder\plugins\mcufinder//mcu/
2023-12-12 12:31:43,742 [WARN] DbFile:41 - Overriding database path with different value: C:\Users\alstl\.stmcufinder\plugins\mcufinder/ => C:\Users\alstl\.stmcufinder\plugins\mcufinder
2023-12-12 12:31:43,742 [INFO] DbMcusAds:125 - Set database path to: C:\Users\alstl\.stmcufinder\plugins\mcufinder//mcu/
2023-12-12 12:31:43,742 [WARN] DbFile:41 - Overriding database path with different value: C:\Users\alstl\.stmcufinder\plugins\mcufinder/ => C:\Users\alstl\.stmcufinder\plugins\mcufinder
2023-12-12 12:31:43,742 [WARN] DbFile:41 - Overriding database path with different value: C:\Users\alstl\.stmcufinder\plugins\mcufinder/ => C:\Users\alstl\.stmcufinder\plugins\mcufinder
2023-12-12 12:31:43,742 [INFO] CrossReferenceDbSqlite:203 - Set database path to: C:\Users\alstl\.stmcufinder\plugins\mcufinder//mcu/cs/
2023-12-12 12:31:43,763 [INFO] ApplicationProperties:184 - Using Application install path: C:\ST\STM32CubeIDE_1.14.0\STM32CubeIDE\plugins\com.st.stm32cube.common.mx_6.10.0.202311202037
2023-12-12 12:31:43,763 [INFO] PluginManage:196 - Search for loadable plugins [exclusion list=, ]
2023-12-12 12:31:43,766 [INFO] PluginManage:310 - Check plugin analytics
2023-12-12 12:31:48,942 [INFO] AnalyticsPlugin:253 - Accepted Software Licenses: 
2023-12-12 12:31:48,942 [INFO] AnalyticsPlugin:255 - Accepted CMSIS Pack Licenses: 
2023-12-12 12:31:48,943 [INFO] AnalyticsPlugin:257 - Accepted Firmware Licenses: 
2023-12-12 12:31:48,945 [INFO] PluginManage:359 - Loaded plugin analytics (category:tool,tabindex:-1)
2023-12-12 12:31:48,945 [INFO] PluginManage:310 - Check plugin cadmodel
2023-12-12 12:31:48,968 [INFO] CADModel:105 - Init CAD model plugin
2023-12-12 12:31:48,969 [INFO] PluginManage:359 - Loaded plugin cadmodel (category:power,tabindex:5)
2023-12-12 12:31:48,969 [INFO] PluginManage:310 - Check plugin clock
2023-12-12 12:31:48,989 [INFO] PluginManage:359 - Loaded plugin clock (category:base,tabindex:2)
2023-12-12 12:31:48,989 [INFO] PluginManage:310 - Check plugin ddr
2023-12-12 12:31:48,991 [INFO] PluginManage:359 - Loaded plugin ddr (category:tool,tabindex:6)
2023-12-12 12:31:48,991 [INFO] PluginManage:310 - Check plugin filemanager
2023-12-12 12:31:49,202 [INFO] PluginManage:359 - Loaded plugin filemanager (category:base,tabindex:10)
2023-12-12 12:31:49,203 [INFO] PluginManage:310 - Check plugin ipmanager
2023-12-12 12:31:49,226 [INFO] PluginManage:359 - Loaded plugin ipmanager (category:base,tabindex:5)
2023-12-12 12:31:49,227 [INFO] PluginManage:310 - Check plugin lpbam
2023-12-12 12:31:49,292 [INFO] PluginManage:359 - Loaded plugin lpbam (category:base,tabindex:0)
2023-12-12 12:31:49,293 [INFO] PluginManage:310 - Check plugin memorymap
2023-12-12 12:31:49,357 [INFO] PluginManage:359 - Loaded plugin memorymap (category:base,tabindex:4)
2023-12-12 12:31:49,358 [INFO] PluginManage:310 - Check plugin pinoutandconfiguration
2023-12-12 12:31:49,401 [INFO] PluginManage:359 - Loaded plugin pinoutandconfiguration (category:base,tabindex:1)
2023-12-12 12:31:49,402 [INFO] PluginManage:310 - Check plugin pinoutconfig
2023-12-12 12:31:49,671 [WARN] SupportedApi:132 - Cannot load RTOS API schema: s4s-elt-must-match.1: The content of 'definitions' must match (annotation?, (simpleType | complexType)?, (unique | key | keyref)*)). A problem was found starting at: attribute.
2023-12-12 12:31:50,067 [INFO] PluginManage:359 - Loaded plugin pinoutconfig (category:base,tabindex:0)
2023-12-12 12:31:50,068 [INFO] PluginManage:310 - Check plugin power
2023-12-12 12:31:50,109 [INFO] PluginManage:359 - Loaded plugin power (category:power,tabindex:4)
2023-12-12 12:31:50,110 [INFO] PluginManage:310 - Check plugin projectmanager
2023-12-12 12:31:50,160 [INFO] PluginManage:359 - Loaded plugin projectmanager (category:projectmanager,tabindex:3)
2023-12-12 12:31:50,161 [INFO] PluginManage:310 - Check plugin thirdparty
2023-12-12 12:31:50,789 [INFO] PluginManage:359 - Loaded plugin thirdparty (category:base,tabindex:-1)
2023-12-12 12:31:50,789 [WARN] IntegrityCheckThread:84 - waiting for thirdparty lock release [integrity check]
2023-12-12 12:31:50,790 [INFO] PluginManage:310 - Check plugin tools
2023-12-12 12:31:50,790 [INFO] IntegrityCheckThread:86 - entering critical section [integrity check]
2023-12-12 12:31:50,791 [INFO] ThirdPartyUpdaterWithRetryManager:70 - Updater plugin not ready yet. [1/15]
2023-12-12 12:31:50,864 [INFO] PluginManage:359 - Loaded plugin tools (category:base,tabindex:7)
2023-12-12 12:31:50,865 [INFO] PluginManage:310 - Check plugin tutovideos
2023-12-12 12:31:51,391 [INFO] PluginManage:359 - Loaded plugin tutovideos (category:base,tabindex:-1)
2023-12-12 12:31:51,392 [INFO] PluginManage:310 - Check plugin updater
2023-12-12 12:31:51,422 [INFO] PluginManage:359 - Loaded plugin updater (category:base,tabindex:12)
2023-12-12 12:31:51,423 [INFO] PluginManage:310 - Check plugin userauth
2023-12-12 12:31:51,437 [INFO] UserAuth:114 - Init User Auth plugin
2023-12-12 12:31:51,438 [INFO] PluginManage:359 - Loaded plugin userauth (category:base,tabindex:14)
2023-12-12 12:31:51,440 [INFO] PluginManage:283 - PluginManage : Loaded plugins [17]
2023-12-12 12:31:52,066 [INFO] PinOutPanel:1499 - setPackage(No Configuration,No Configuration)
2023-12-12 12:31:52,304 [INFO] CADModel:165 - CPN selected for project level
2023-12-12 12:31:52,305 [INFO] CADModel:114 - Register for checkConnection events
2023-12-12 12:31:52,368 [INFO] IPUIPlugin:80 - create IPUIPlugin
2023-12-12 12:31:52,369 [INFO] PluginManager:220 - loadIPPluginJar : add adc
2023-12-12 12:31:52,451 [INFO] IPUIPlugin:80 - create IPUIPlugin
2023-12-12 12:31:52,451 [INFO] PluginManager:220 - loadIPPluginJar : add aes
2023-12-12 12:31:52,556 [INFO] IPUIPlugin:80 - create IPUIPlugin
2023-12-12 12:31:52,557 [INFO] PluginManager:220 - loadIPPluginJar : add can
2023-12-12 12:31:52,614 [INFO] IPUIPlugin:80 - create IPUIPlugin
2023-12-12 12:31:52,614 [INFO] PluginManager:220 - loadIPPluginJar : add comp
2023-12-12 12:31:52,717 [INFO] IPUIPlugin:80 - create IPUIPlugin
2023-12-12 12:31:52,717 [INFO] PluginManager:220 - loadIPPluginJar : add cryp
2023-12-12 12:31:52,809 [INFO] IPUIPlugin:80 - create IPUIPlugin
2023-12-12 12:31:52,810 [INFO] PluginManager:220 - loadIPPluginJar : add dfsdm
2023-12-12 12:31:52,839 [INFO] IPUIPlugin:80 - create IPUIPlugin
2023-12-12 12:31:52,841 [INFO] PluginManager:220 - loadIPPluginJar : add dma
2023-12-12 12:31:52,969 [INFO] IPUIPlugin:80 - create IPUIPlugin
2023-12-12 12:31:52,969 [INFO] PluginManager:220 - loadIPPluginJar : add dma3
2023-12-12 12:31:53,035 [INFO] IPUIPlugin:80 - create IPUIPlugin
2023-12-12 12:31:53,036 [INFO] PluginManager:220 - loadIPPluginJar : add fatfs
2023-12-12 12:31:53,164 [INFO] IPUIPlugin:80 - create IPUIPlugin
2023-12-12 12:31:53,165 [INFO] PluginManager:220 - loadIPPluginJar : add fmc
2023-12-12 12:31:53,194 [INFO] IPUIPlugin:80 - create IPUIPlugin
2023-12-12 12:31:53,194 [INFO] PluginManager:220 - loadIPPluginJar : add freertos
2023-12-12 12:31:53,237 [INFO] IPUIPlugin:80 - create IPUIPlugin
2023-12-12 12:31:53,237 [INFO] PluginManager:220 - loadIPPluginJar : add genericplugin
2023-12-12 12:31:53,476 [INFO] IPUIPlugin:80 - create IPUIPlugin
2023-12-12 12:31:53,477 [INFO] PluginManager:220 - loadIPPluginJar : add gfxmmu
2023-12-12 12:31:53,792 [INFO] ThirdPartyUpdaterWithRetryManager:70 - Updater plugin not ready yet. [2/15]
2023-12-12 12:31:53,840 [INFO] IPUIPlugin:80 - create IPUIPlugin
2023-12-12 12:31:53,841 [INFO] PluginManager:220 - loadIPPluginJar : add gic
2023-12-12 12:31:53,874 [INFO] IPUIPlugin:80 - create IPUIPlugin
2023-12-12 12:31:53,875 [INFO] PluginManager:220 - loadIPPluginJar : add gpio
2023-12-12 12:31:54,130 [INFO] IPUIPlugin:80 - create IPUIPlugin
2023-12-12 12:31:54,130 [INFO] PluginManager:220 - loadIPPluginJar : add gtzc
2023-12-12 12:31:54,227 [INFO] IPUIPlugin:80 - create IPUIPlugin
2023-12-12 12:31:54,228 [INFO] PluginManager:220 - loadIPPluginJar : add hash
2023-12-12 12:31:54,392 [INFO] IPUIPlugin:80 - create IPUIPlugin
2023-12-12 12:31:54,392 [INFO] PluginManager:220 - loadIPPluginJar : add i2c
2023-12-12 12:31:54,507 [INFO] IPUIPlugin:80 - create IPUIPlugin
2023-12-12 12:31:54,507 [INFO] PluginManager:220 - loadIPPluginJar : add i2s
2023-12-12 12:31:54,590 [INFO] IPUIPlugin:80 - create IPUIPlugin
2023-12-12 12:31:54,590 [INFO] PluginManager:220 - loadIPPluginJar : add i3c
2023-12-12 12:31:54,860 [INFO] IPUIPlugin:80 - create IPUIPlugin
2023-12-12 12:31:54,861 [INFO] PluginManager:220 - loadIPPluginJar : add ipddr
2023-12-12 12:31:55,076 [INFO] IPUIPlugin:80 - create IPUIPlugin
2023-12-12 12:31:55,076 [INFO] PluginManager:220 - loadIPPluginJar : add linkedlist
2023-12-12 12:31:55,177 [INFO] IPUIPlugin:80 - create IPUIPlugin
2023-12-12 12:31:55,177 [INFO] PluginManager:220 - loadIPPluginJar : add lorawan
2023-12-12 12:31:55,265 [INFO] IPUIPlugin:80 - create IPUIPlugin
2023-12-12 12:31:55,266 [INFO] PluginManager:220 - loadIPPluginJar : add ltdc
2023-12-12 12:31:55,305 [INFO] IPUIPlugin:80 - create IPUIPlugin
2023-12-12 12:31:55,306 [INFO] PluginManager:220 - loadIPPluginJar : add mdma
2023-12-12 12:31:55,331 [INFO] IPUIPlugin:80 - create IPUIPlugin
2023-12-12 12:31:55,332 [INFO] PluginManager:220 - loadIPPluginJar : add nvic
2023-12-12 12:31:55,423 [INFO] IPUIPlugin:80 - create IPUIPlugin
2023-12-12 12:31:55,424 [INFO] PluginManager:220 - loadIPPluginJar : add opamp
2023-12-12 12:31:55,589 [INFO] IPUIPlugin:80 - create IPUIPlugin
2023-12-12 12:31:55,590 [INFO] PluginManager:220 - loadIPPluginJar : add openamp
2023-12-12 12:31:55,715 [INFO] IPUIPlugin:80 - create IPUIPlugin
2023-12-12 12:31:55,715 [INFO] PluginManager:220 - loadIPPluginJar : add pdm2pcm
2023-12-12 12:31:55,744 [INFO] IPUIPlugin:80 - create IPUIPlugin
2023-12-12 12:31:55,750 [INFO] PluginManager:220 - loadIPPluginJar : add plateformsettings
2023-12-12 12:31:55,805 [INFO] IPUIPlugin:80 - create IPUIPlugin
2023-12-12 12:31:55,805 [INFO] PluginManager:220 - loadIPPluginJar : add quadspi
2023-12-12 12:31:55,833 [INFO] IPUIPlugin:80 - create IPUIPlugin
2023-12-12 12:31:55,833 [INFO] PluginManager:220 - loadIPPluginJar : add resmgrutility
2023-12-12 12:31:55,957 [INFO] IPUIPlugin:80 - create IPUIPlugin
2023-12-12 12:31:55,958 [INFO] PluginManager:220 - loadIPPluginJar : add sai
2023-12-12 12:31:56,065 [INFO] IPUIPlugin:80 - create IPUIPlugin
2023-12-12 12:31:56,066 [INFO] PluginManager:220 - loadIPPluginJar : add spi
2023-12-12 12:31:56,250 [INFO] IPUIPlugin:80 - create IPUIPlugin
2023-12-12 12:31:56,250 [INFO] PluginManager:220 - loadIPPluginJar : add stm32_wpan
2023-12-12 12:31:56,289 [INFO] IPUIPlugin:80 - create IPUIPlugin
2023-12-12 12:31:56,290 [INFO] PluginManager:220 - loadIPPluginJar : add tim
2023-12-12 12:31:56,427 [INFO] IPUIPlugin:80 - create IPUIPlugin
2023-12-12 12:31:56,427 [INFO] PluginManager:220 - loadIPPluginJar : add touchsensing
2023-12-12 12:31:56,498 [INFO] IPUIPlugin:80 - create IPUIPlugin
2023-12-12 12:31:56,499 [INFO] PluginManager:220 - loadIPPluginJar : add tracer_emb
2023-12-12 12:31:56,558 [INFO] IPUIPlugin:80 - create IPUIPlugin
2023-12-12 12:31:56,558 [INFO] PluginManager:220 - loadIPPluginJar : add ts
2023-12-12 12:31:56,602 [INFO] IPUIPlugin:80 - create IPUIPlugin
2023-12-12 12:31:56,602 [INFO] PluginManager:220 - loadIPPluginJar : add tsc
2023-12-12 12:31:56,652 [INFO] IPUIPlugin:80 - create IPUIPlugin
2023-12-12 12:31:56,653 [INFO] PluginManager:220 - loadIPPluginJar : add ucpd
2023-12-12 12:31:56,780 [INFO] IPUIPlugin:80 - create IPUIPlugin
2023-12-12 12:31:56,780 [INFO] PluginManager:220 - loadIPPluginJar : add usart
2023-12-12 12:31:56,794 [INFO] ThirdPartyUpdaterWithRetryManager:70 - Updater plugin not ready yet. [3/15]
2023-12-12 12:31:56,892 [INFO] IPUIPlugin:80 - create IPUIPlugin
2023-12-12 12:31:56,893 [INFO] PluginManager:220 - loadIPPluginJar : add usbx
2023-12-12 12:31:57,149 [INFO] CADModel:165 - CPN selected for project level
2023-12-12 12:31:57,150 [INFO] CADModel:114 - Register for checkConnection events
2023-12-12 12:31:57,150 [FATAL] Updater:308 - Updater called before beeing initialized
2023-12-12 12:31:57,151 [ERROR] CADModel:125 - Updater not yet initialized, retry later 
2023-12-12 12:31:57,547 [INFO] CADModel:165 - CPN selected for project level
2023-12-12 12:31:57,547 [INFO] CADModel:114 - Register for checkConnection events
2023-12-12 12:31:57,547 [FATAL] Updater:308 - Updater called before beeing initialized
2023-12-12 12:31:57,548 [ERROR] CADModel:125 - Updater not yet initialized, retry later 
2023-12-12 12:31:57,558 [FATAL] Updater:308 - Updater called before beeing initialized
2023-12-12 12:31:57,877 [FATAL] Updater:308 - Updater called before beeing initialized
2023-12-12 12:31:57,894 [INFO] DbMcusAds:53 - JSON generation date=Tue Mar 07 17:50:55 KST 2023 (1678179055114)
2023-12-12 12:31:57,894 [FATAL] Updater:308 - Updater called before beeing initialized
2023-12-12 12:31:58,087 [WARN] DetailPanel:346 - Failed to get advertising image, set to default
2023-12-12 12:31:58,362 [FATAL] Updater:308 - Updater called before beeing initialized
2023-12-12 12:31:58,367 [FATAL] Updater:308 - Updater called before beeing initialized
2023-12-12 12:31:58,367 [FATAL] Updater:308 - Updater called before beeing initialized
2023-12-12 12:31:58,367 [WARN] DetailPanel:346 - Failed to get advertising image, set to default
2023-12-12 12:31:58,369 [FATAL] Updater:308 - Updater called before beeing initialized
2023-12-12 12:31:58,555 [ERROR] Updater:1120 - MainUpdater not yet initialized. External WinMGr cannot be set.
2023-12-12 12:31:58,606 [INFO] Updater:1056 - Updater Version found : 6.10.0
2023-12-12 12:31:58,647 [INFO] ApplicationProperties:184 - Using Application install path: C:\ST\STM32CubeIDE_1.14.0\STM32CubeIDE\plugins\com.st.stm32cube.common.mx_6.10.0.202311202037
2023-12-12 12:31:59,795 [INFO] ThirdPartyUpdaterWithRetryManager:70 - Updater plugin not ready yet. [4/15]
2023-12-12 12:32:00,253 [ERROR] LogOutputStream:75 - [STDERR_REDIRECT] Dec 12, 2023 12:32:00 PM java.util.prefs.WindowsPreferences <init>
2023-12-12 12:32:00,258 [ERROR] LogOutputStream:75 - [STDERR_REDIRECT] WARNING: Could not open/create prefs root node Software\JavaSoft\Prefs at root 0xffffffff80000002. Windows RegCreateKeyEx(...) returned error code 5.
2023-12-12 12:32:00,259 [ERROR] LogOutputStream:75 - [STDERR_REDIRECT] 
2023-12-12 12:32:01,395 [INFO] MainUpdater:2873 - connection check result : 10
2023-12-12 12:32:01,396 [INFO] MainUpdater:290 - Updater Check For Update Now.
2023-12-12 12:32:01,397 [INFO] MicroXplorer:498 - Change Database Version : DB.6.0.100
2023-12-12 12:32:01,420 [INFO] McuFinderGlobals:63 - Set McuFinder mode to 2 (CubeIDE integrated)
2023-12-12 12:32:01,452 [INFO] UserAuth:404 - Internet connection configuration mode: 1
2023-12-12 12:32:01,505 [INFO] JxBrowserEngine:152 - Initiate JxBrowser Engine with user profile folder
2023-12-12 12:32:01,800 [INFO] CheckServerUpdateThread:120 - End of CheckServer Thread
2023-12-12 12:32:03,384 [WARN] PackLoader:240 - Cannot read IP mode file for STMicroelectronics.X-CUBE-SMBUS.2.1.0
2023-12-12 12:32:03,506 [WARN] PackLoader:240 - Cannot read IP mode file for STMicroelectronics.X-CUBE-AZRTOS-F7.1.1.0
2023-12-12 12:32:03,558 [WARN] PackLoader:240 - Cannot read IP mode file for STMicroelectronics.FP-SNS-MOTENV1.4.3.2
2023-12-12 12:32:03,587 [WARN] PackLoader:240 - Cannot read IP mode file for STMicroelectronics.FP-SNS-FLIGHT1.5.0.2
2023-12-12 12:32:03,613 [WARN] PackLoader:240 - Cannot read IP mode file for STMicroelectronics.X-CUBE-DISPLAY.3.0.0
2023-12-12 12:32:03,658 [WARN] PackLoader:240 - Cannot read IP mode file for STMicroelectronics.X-CUBE-BLE1.7.0.0
2023-12-12 12:32:03,680 [WARN] PackLoader:240 - Cannot read IP mode file for emotas.I-CUBE-CANOPEN.1.3.0
2023-12-12 12:32:03,722 [WARN] PackLoader:240 - Cannot read IP mode file for STMicroelectronics.X-CUBE-TOUCHGFX.4.22.1
2023-12-12 12:32:03,745 [WARN] PackLoader:240 - Cannot read IP mode file for STMicroelectronics.FP-SNS-SMARTAG2.1.2.0
2023-12-12 12:32:03,791 [INFO] LogOutputStream:77 - [STDOUT_REDIRECT] 1 : Invalid condition id : UX_CORESTACK_Condition cause : null
2023-12-12 12:32:03,793 [INFO] LogOutputStream:77 - [STDOUT_REDIRECT] 1 : Invalid condition id : UX_CORESTACK_Condition cause : null
2023-12-12 12:32:03,797 [INFO] LogOutputStream:77 - [STDOUT_REDIRECT] 1 : Invalid condition id : UX_CORESTACK_Condition cause : null
2023-12-12 12:32:03,801 [INFO] LogOutputStream:77 - [STDOUT_REDIRECT] 1 : Invalid condition id : UX_CORESTACK_Condition cause : null
2023-12-12 12:32:03,805 [INFO] LogOutputStream:77 - [STDOUT_REDIRECT] 1 : Invalid condition id : UX_CORESTACK_Condition cause : null
2023-12-12 12:32:03,821 [WARN] PackLoader:240 - Cannot read IP mode file for STMicroelectronics.X-CUBE-AZRTOS-WL.2.0.0
2023-12-12 12:32:03,856 [WARN] PackLoader:240 - Cannot read IP mode file for WES.I-CUBE-Cesium.1.3.0
2023-12-12 12:32:03,892 [WARN] PackLoader:240 - Cannot read IP mode file for STMicroelectronics.X-CUBE-BLE2.3.3.0
2023-12-12 12:32:03,924 [WARN] PackLoader:240 - Cannot read IP mode file for STMicroelectronics.X-CUBE-ALGOBUILD.1.3.0
2023-12-12 12:32:04,010 [WARN] PackLoader:240 - Cannot read IP mode file for STMicroelectronics.X-CUBE-AZRTOS-G0.1.1.0
2023-12-12 12:32:04,059 [WARN] PackLoader:240 - Cannot read IP mode file for STMicroelectronics.X-CUBE-NFC4.3.0.0
2023-12-12 12:32:04,097 [WARN] PackLoader:240 - Cannot read IP mode file for STMicroelectronics.X-CUBE-BLEMGR.3.0.0
2023-12-12 12:32:04,131 [WARN] PackLoader:240 - Cannot read IP mode file for STMicroelectronics.FP-ATR-SIGFOX1.3.2.0
2023-12-12 12:32:04,172 [WARN] PackLoader:240 - Cannot read IP mode file for STMicroelectronics.X-CUBE-GNSS1.6.0.0
2023-12-12 12:32:04,251 [WARN] PackLoader:240 - Cannot read IP mode file for STMicroelectronics.X-CUBE-AZRTOS-F4.1.1.0
2023-12-12 12:32:04,292 [WARN] PackLoader:240 - Cannot read IP mode file for wolfSSL.I-CUBE-wolfSSL.5.6.4
2023-12-12 12:32:04,353 [WARN] PackLoader:240 - Cannot read IP mode file for STMicroelectronics.X-CUBE-AZRTOS-L5.2.0.0
2023-12-12 12:32:04,389 [WARN] PackLoader:240 - Cannot read IP mode file for STMicroelectronics.X-CUBE-EEPRMA1.4.2.0
2023-12-12 12:32:04,422 [WARN] PackLoader:240 - Cannot read IP mode file for ITTIA_DB.I-CUBE-ITTIADB.8.8.0
2023-12-12 12:32:04,486 [WARN] ConditionMgr:438 - getConditionDescription Invalid condition id : UX DEVICE CLASS RTOS Condition cause : null
2023-12-12 12:32:04,486 [WARN] ConditionMgr:438 - getConditionDescription Invalid condition id : UX DEVICE CLASS RTOS Condition cause : null
2023-12-12 12:32:04,492 [WARN] PackLoader:240 - Cannot read IP mode file for STMicroelectronics.X-CUBE-AZRTOS-H7.3.1.0
2023-12-12 12:32:04,493 [WARN] ConditionMgr:1039 - genDependencies : Invalid condition id : UX DEVICE CLASS RTOS Condition cause : null
2023-12-12 12:32:04,493 [WARN] ConditionMgr:1039 - genDependencies : Invalid condition id : UX DEVICE CLASS RTOS Condition cause : null
2023-12-12 12:32:04,495 [WARN] ConditionMgr:1039 - genDependencies : Invalid condition id : UX DEVICE CLASS RTOS Condition cause : null
2023-12-12 12:32:04,495 [WARN] ConditionMgr:1039 - genDependencies : Invalid condition id : UX DEVICE CLASS RTOS Condition cause : null
2023-12-12 12:32:04,495 [WARN] ConditionMgr:1039 - genDependencies : Invalid condition id : UX DEVICE CLASS RTOS Condition cause : null
2023-12-12 12:32:04,527 [WARN] PackLoader:240 - Cannot read IP mode file for STMicroelectronics.X-CUBE-NFC7.1.0.1
2023-12-12 12:32:04,559 [WARN] PackLoader:240 - Cannot read IP mode file for STMicroelectronics.X-CUBE-NFC6.3.0.0
2023-12-12 12:32:04,602 [WARN] PackLoader:240 - Cannot read IP mode file for STMicroelectronics.X-CUBE-AI.8.1.0
2023-12-12 12:32:04,680 [WARN] ConditionMgr:438 - getConditionDescription Invalid condition id : LAN8742 Phy interface Condition cause : null
2023-12-12 12:32:04,682 [WARN] PackLoader:240 - Cannot read IP mode file for STMicroelectronics.X-CUBE-AZRTOS-L4.2.0.0
2023-12-12 12:32:04,687 [WARN] ConditionMgr:1039 - genDependencies : Invalid condition id : LAN8742 Phy interface Condition cause : null
2023-12-12 12:32:04,688 [WARN] ConditionMgr:1039 - genDependencies : Invalid condition id : LAN8742 Phy interface Condition cause : null
2023-12-12 12:32:04,691 [WARN] ConditionMgr:1039 - genDependencies : Invalid condition id : LAN8742 Phy interface Condition cause : null
2023-12-12 12:32:04,720 [WARN] PackLoader:240 - Cannot read IP mode file for STMicroelectronics.X-CUBE-SFXS2LP1.4.0.0
2023-12-12 12:32:04,752 [WARN] PackLoader:240 - Cannot read IP mode file for STMicroelectronics.X-CUBE-ISPU.1.1.0
2023-12-12 12:32:04,825 [WARN] ConditionMgr:438 - getConditionDescription Invalid condition id : UX DEVICE CLASS RTOS Condition cause : null
2023-12-12 12:32:04,825 [WARN] ConditionMgr:438 - getConditionDescription Invalid condition id : UX DEVICE CLASS RTOS Condition cause : null
2023-12-12 12:32:04,832 [WARN] PackLoader:240 - Cannot read IP mode file for STMicroelectronics.X-CUBE-AZRTOS-WB.2.0.0
2023-12-12 12:32:04,834 [WARN] ConditionMgr:1039 - genDependencies : Invalid condition id : UX DEVICE CLASS RTOS Condition cause : null
2023-12-12 12:32:04,834 [WARN] ConditionMgr:1039 - genDependencies : Invalid condition id : UX DEVICE CLASS RTOS Condition cause : null
2023-12-12 12:32:04,836 [WARN] ConditionMgr:1039 - genDependencies : Invalid condition id : UX DEVICE CLASS RTOS Condition cause : null
2023-12-12 12:32:04,837 [WARN] ConditionMgr:1039 - genDependencies : Invalid condition id : UX DEVICE CLASS RTOS Condition cause : null
2023-12-12 12:32:04,837 [WARN] ConditionMgr:1039 - genDependencies : Invalid condition id : UX DEVICE CLASS RTOS Condition cause : null
2023-12-12 12:32:04,890 [WARN] PackLoader:240 - Cannot read IP mode file for STMicroelectronics.X-CUBE-SUBG2.5.0.0
2023-12-12 12:32:04,975 [WARN] PackLoader:240 - Cannot read IP mode file for STMicroelectronics.X-CUBE-AZRTOS-G4.2.0.0
2023-12-12 12:32:05,041 [WARN] PackLoader:240 - Cannot read IP mode file for Infineon.AIROC-Wi-Fi-Bluetooth-STM32.1.5.1
2023-12-12 12:32:05,083 [WARN] PackLoader:240 - Cannot read IP mode file for STMicroelectronics.FP-SNS-MOTENVWB1.1.3.0
2023-12-12 12:32:05,111 [WARN] PackLoader:240 - Cannot read IP mode file for STMicroelectronics.FP-SNS-MOTENVWB1.1.3.1
2023-12-12 12:32:05,141 [WARN] PackLoader:240 - Cannot read IP mode file for STMicroelectronics.X-CUBE-ISPU.2.0.0
2023-12-12 12:32:05,355 [WARN] PackLoader:240 - Cannot read IP mode file for STMicroelectronics.X-CUBE-MEMS1.10.0.0
2023-12-12 12:32:05,791 [WARN] PackLoader:240 - Cannot read IP mode file for STMicroelectronics.X-CUBE-FREERTOS.1.1.0
2023-12-12 12:32:05,813 [WARN] PackLoader:240 - Cannot read IP mode file for portGmbH.I-Cube-SoM-uGOAL.1.1.0
2023-12-12 12:32:05,829 [WARN] PackLoader:240 - Cannot read IP mode file for STMicroelectronics.X-CUBE-ALS.1.0.1
2023-12-12 12:32:05,845 [WARN] PackLoader:240 - Cannot read IP mode file for STMicroelectronics.FP-ATR-ASTRA1.2.0.0
2023-12-12 12:32:05,890 [WARN] PackLoader:240 - Cannot read IP mode file for STMicroelectronics.X-CUBE-TOF1.3.4.0
2023-12-12 12:32:05,965 [WARN] PackLoader:240 - Cannot read IP mode file for STMicroelectronics.X-CUBE-AZRTOS-H7.3.2.0
2023-12-12 12:32:05,976 [INFO] ThirdParty:978 - Integrity check success = true
2023-12-12 12:32:05,976 [INFO] IntegrityCheckThread:100 - exiting critical section [integrity check]
2023-12-12 12:32:05,976 [INFO] IntegrityCheckThread:103 - End integrity checks thread
2023-12-12 12:32:07,859 [INFO] WebApp:161 - Instantiating new browser for Auth
2023-12-12 12:32:09,101 [INFO] WebApp:780 - Register for checkConnection events
2023-12-12 12:32:09,101 [INFO] WebApp:414 - Apply proxy settings
2023-12-12 12:32:09,101 [INFO] WebApp:499 - Chromium requires no authentication
2023-12-12 12:32:09,122 [INFO] WebApp:442 - Direct internet connection detected
2023-12-12 12:32:09,516 [INFO] WebApp:192 - Starting web application
2023-12-12 12:32:09,517 [INFO] WebApp:544 - Web application path used C:\ST\STM32CubeIDE_1.14.0\STM32CubeIDE\plugins\com.st.stm32cube.common.mx_6.10.0.202311202037\db\plugins\mcufinder\reactClient1\index.html
2023-12-12 12:32:31,901 [ERROR] LogOutputStream:75 - [STDERR_REDIRECT] SLF4J: Failed to load class "org.slf4j.impl.StaticLoggerBinder".
2023-12-12 12:32:31,906 [ERROR] LogOutputStream:75 - [STDERR_REDIRECT] SLF4J: Defaulting to no-operation (NOP) logger implementation
2023-12-12 12:32:31,911 [ERROR] LogOutputStream:75 - [STDERR_REDIRECT] SLF4J: See http://www.slf4j.org/codes.html#StaticLoggerBinder for further details.
2023-12-12 14:03:24,256 [INFO] WebApp:354 - JxBrowser engine has been closed 
2023-12-12 14:03:28,733 [ERROR] LogOutputStream:75 - [STDERR_REDIRECT] 
2023-12-12 14:20:52,584 [INFO] Activator:176 - 


2023-12-12 14:20:52,586 [INFO] Activator:177 - !SESSION log4j initialized
2023-12-12 14:20:59,255 [INFO] LogOutputStream:77 - [STDOUT_REDIRECT] 
2023-12-12 14:21:03,457 [INFO] ApplicationProperties:184 - Using Application install path: C:\ST\STM32CubeIDE_1.14.0\STM32CubeIDE\plugins\com.st.stm32cube.common.mx_6.10.0.202311202037
2023-12-12 14:21:03,481 [INFO] DbMcusXml:78 - Set database path to: C:\ST\STM32CubeIDE_1.14.0\STM32CubeIDE\plugins\com.st.stm32cube.common.mx_6.10.0.202311202037\\db\/mcu/
2023-12-12 14:21:03,482 [INFO] ApiDb:274 - Set plugin database path to: C:\ST\STM32CubeIDE_1.14.0\STM32CubeIDE\plugins\com.st.stm32cube.common.mx_6.10.0.202311202037\\db\/plugins/boardmanager/
2023-12-12 14:21:03,482 [WARN] ApiDb:259 - Overriding images path with different value:  => C:\ST\STM32CubeIDE_1.14.0\STM32CubeIDE\plugins\com.st.stm32cube.common.mx_6.10.0.202311202037\\db\/plugins/mcufinder/images/
2023-12-12 14:21:03,500 [INFO] ApiDb:250 - Set database path to: C:\Users\alstl\.stmcufinder\plugins\mcufinder//mcu/
2023-12-12 14:21:03,501 [INFO] DbMcusAds:125 - Set database path to: C:\Users\alstl\.stmcufinder\plugins\mcufinder//mcu/
2023-12-12 14:21:03,504 [INFO] CrossReferenceDbSqlite:203 - Set database path to: C:\Users\alstl\.stmcufinder\plugins\mcufinder//mcu/cs/
2023-12-12 14:21:03,645 [INFO] RulesReader:64 - Compatibility file has been processed (297 Rules)
2023-12-12 14:21:03,737 [INFO] DbMcusXml:78 - Set database path to: C:\ST\STM32CubeIDE_1.14.0\STM32CubeIDE\plugins\com.st.stm32cube.common.mx_6.10.0.202311202037\\db\/mcu/
2023-12-12 14:21:03,737 [INFO] ApiDb:274 - Set plugin database path to: C:\ST\STM32CubeIDE_1.14.0\STM32CubeIDE\plugins\com.st.stm32cube.common.mx_6.10.0.202311202037\\db\/plugins/boardmanager/
2023-12-12 14:21:03,738 [INFO] ApiDb:261 - Set plugin images path to: C:\ST\STM32CubeIDE_1.14.0\STM32CubeIDE\plugins\com.st.stm32cube.common.mx_6.10.0.202311202037\\db\/plugins/mcufinder/images/
2023-12-12 14:21:03,739 [WARN] DbFile:41 - Overriding database path with different value: C:\Users\alstl\.stmcufinder\plugins\mcufinder/ => C:\Users\alstl\.stmcufinder\plugins\mcufinder
2023-12-12 14:21:03,739 [INFO] ApiDb:250 - Set database path to: C:\Users\alstl\.stmcufinder\plugins\mcufinder//mcu/
2023-12-12 14:21:03,739 [WARN] DbFile:41 - Overriding database path with different value: C:\Users\alstl\.stmcufinder\plugins\mcufinder/ => C:\Users\alstl\.stmcufinder\plugins\mcufinder
2023-12-12 14:21:03,739 [INFO] DbMcusAds:125 - Set database path to: C:\Users\alstl\.stmcufinder\plugins\mcufinder//mcu/
2023-12-12 14:21:03,739 [WARN] DbFile:41 - Overriding database path with different value: C:\Users\alstl\.stmcufinder\plugins\mcufinder/ => C:\Users\alstl\.stmcufinder\plugins\mcufinder
2023-12-12 14:21:03,739 [WARN] DbFile:41 - Overriding database path with different value: C:\Users\alstl\.stmcufinder\plugins\mcufinder/ => C:\Users\alstl\.stmcufinder\plugins\mcufinder
2023-12-12 14:21:03,739 [INFO] CrossReferenceDbSqlite:203 - Set database path to: C:\Users\alstl\.stmcufinder\plugins\mcufinder//mcu/cs/
2023-12-12 14:21:03,834 [INFO] MainPanel:264 - HeapMemory: 268435456
2023-12-12 14:21:03,942 [INFO] DbMcusXml:78 - Set database path to: C:\ST\STM32CubeIDE_1.14.0\STM32CubeIDE\plugins\com.st.stm32cube.common.mx_6.10.0.202311202037\\db\/mcu/
2023-12-12 14:21:03,943 [INFO] ApiDb:274 - Set plugin database path to: C:\ST\STM32CubeIDE_1.14.0\STM32CubeIDE\plugins\com.st.stm32cube.common.mx_6.10.0.202311202037\\db\/plugins/boardmanager/
2023-12-12 14:21:03,943 [INFO] ApiDb:261 - Set plugin images path to: C:\ST\STM32CubeIDE_1.14.0\STM32CubeIDE\plugins\com.st.stm32cube.common.mx_6.10.0.202311202037\\db\/plugins/mcufinder/images/
2023-12-12 14:21:03,943 [WARN] DbFile:41 - Overriding database path with different value: C:\Users\alstl\.stmcufinder\plugins\mcufinder/ => C:\Users\alstl\.stmcufinder\plugins\mcufinder
2023-12-12 14:21:03,944 [INFO] ApiDb:250 - Set database path to: C:\Users\alstl\.stmcufinder\plugins\mcufinder//mcu/
2023-12-12 14:21:03,944 [WARN] DbFile:41 - Overriding database path with different value: C:\Users\alstl\.stmcufinder\plugins\mcufinder/ => C:\Users\alstl\.stmcufinder\plugins\mcufinder
2023-12-12 14:21:03,944 [INFO] DbMcusAds:125 - Set database path to: C:\Users\alstl\.stmcufinder\plugins\mcufinder//mcu/
2023-12-12 14:21:03,944 [WARN] DbFile:41 - Overriding database path with different value: C:\Users\alstl\.stmcufinder\plugins\mcufinder/ => C:\Users\alstl\.stmcufinder\plugins\mcufinder
2023-12-12 14:21:03,944 [WARN] DbFile:41 - Overriding database path with different value: C:\Users\alstl\.stmcufinder\plugins\mcufinder/ => C:\Users\alstl\.stmcufinder\plugins\mcufinder
2023-12-12 14:21:03,944 [INFO] CrossReferenceDbSqlite:203 - Set database path to: C:\Users\alstl\.stmcufinder\plugins\mcufinder//mcu/cs/
2023-12-12 14:21:03,964 [INFO] ApplicationProperties:184 - Using Application install path: C:\ST\STM32CubeIDE_1.14.0\STM32CubeIDE\plugins\com.st.stm32cube.common.mx_6.10.0.202311202037
2023-12-12 14:21:03,965 [INFO] PluginManage:196 - Search for loadable plugins [exclusion list=, ]
2023-12-12 14:21:03,966 [INFO] PluginManage:310 - Check plugin analytics
2023-12-12 14:21:04,174 [INFO] AnalyticsPlugin:253 - Accepted Software Licenses: 
2023-12-12 14:21:04,175 [INFO] AnalyticsPlugin:255 - Accepted CMSIS Pack Licenses: 
2023-12-12 14:21:04,175 [INFO] AnalyticsPlugin:257 - Accepted Firmware Licenses: 
2023-12-12 14:21:04,178 [INFO] PluginManage:359 - Loaded plugin analytics (category:tool,tabindex:-1)
2023-12-12 14:21:04,178 [INFO] PluginManage:310 - Check plugin cadmodel
2023-12-12 14:21:04,193 [INFO] CADModel:105 - Init CAD model plugin
2023-12-12 14:21:04,194 [INFO] PluginManage:359 - Loaded plugin cadmodel (category:power,tabindex:5)
2023-12-12 14:21:04,194 [INFO] PluginManage:310 - Check plugin clock
2023-12-12 14:21:04,218 [INFO] PluginManage:359 - Loaded plugin clock (category:base,tabindex:2)
2023-12-12 14:21:04,218 [INFO] PluginManage:310 - Check plugin ddr
2023-12-12 14:21:04,221 [INFO] PluginManage:359 - Loaded plugin ddr (category:tool,tabindex:6)
2023-12-12 14:21:04,221 [INFO] PluginManage:310 - Check plugin filemanager
2023-12-12 14:21:04,378 [INFO] PluginManage:359 - Loaded plugin filemanager (category:base,tabindex:10)
2023-12-12 14:21:04,378 [INFO] PluginManage:310 - Check plugin ipmanager
2023-12-12 14:21:04,388 [INFO] PluginManage:359 - Loaded plugin ipmanager (category:base,tabindex:5)
2023-12-12 14:21:04,388 [INFO] PluginManage:310 - Check plugin lpbam
2023-12-12 14:21:04,415 [INFO] PluginManage:359 - Loaded plugin lpbam (category:base,tabindex:0)
2023-12-12 14:21:04,415 [INFO] PluginManage:310 - Check plugin memorymap
2023-12-12 14:21:04,452 [INFO] PluginManage:359 - Loaded plugin memorymap (category:base,tabindex:4)
2023-12-12 14:21:04,452 [INFO] PluginManage:310 - Check plugin pinoutandconfiguration
2023-12-12 14:21:04,475 [INFO] PluginManage:359 - Loaded plugin pinoutandconfiguration (category:base,tabindex:1)
2023-12-12 14:21:04,475 [INFO] PluginManage:310 - Check plugin pinoutconfig
2023-12-12 14:21:04,586 [WARN] SupportedApi:132 - Cannot load RTOS API schema: s4s-elt-must-match.1: The content of 'definitions' must match (annotation?, (simpleType | complexType)?, (unique | key | keyref)*)). A problem was found starting at: attribute.
2023-12-12 14:21:04,740 [INFO] PluginManage:359 - Loaded plugin pinoutconfig (category:base,tabindex:0)
2023-12-12 14:21:04,741 [INFO] PluginManage:310 - Check plugin power
2023-12-12 14:21:04,765 [INFO] PluginManage:359 - Loaded plugin power (category:power,tabindex:4)
2023-12-12 14:21:04,765 [INFO] PluginManage:310 - Check plugin projectmanager
2023-12-12 14:21:04,781 [INFO] PluginManage:359 - Loaded plugin projectmanager (category:projectmanager,tabindex:3)
2023-12-12 14:21:04,782 [INFO] PluginManage:310 - Check plugin thirdparty
2023-12-12 14:21:05,103 [INFO] PluginManage:359 - Loaded plugin thirdparty (category:base,tabindex:-1)
2023-12-12 14:21:05,103 [INFO] PluginManage:310 - Check plugin tools
2023-12-12 14:21:05,103 [WARN] IntegrityCheckThread:84 - waiting for thirdparty lock release [integrity check]
2023-12-12 14:21:05,103 [INFO] IntegrityCheckThread:86 - entering critical section [integrity check]
2023-12-12 14:21:05,104 [INFO] ThirdPartyUpdaterWithRetryManager:70 - Updater plugin not ready yet. [1/15]
2023-12-12 14:21:05,176 [INFO] PluginManage:359 - Loaded plugin tools (category:base,tabindex:7)
2023-12-12 14:21:05,176 [INFO] PluginManage:310 - Check plugin tutovideos
2023-12-12 14:21:05,414 [INFO] PluginManage:359 - Loaded plugin tutovideos (category:base,tabindex:-1)
2023-12-12 14:21:05,414 [INFO] PluginManage:310 - Check plugin updater
2023-12-12 14:21:05,428 [INFO] PluginManage:359 - Loaded plugin updater (category:base,tabindex:12)
2023-12-12 14:21:05,429 [INFO] PluginManage:310 - Check plugin userauth
2023-12-12 14:21:05,434 [INFO] UserAuth:114 - Init User Auth plugin
2023-12-12 14:21:05,436 [INFO] PluginManage:359 - Loaded plugin userauth (category:base,tabindex:14)
2023-12-12 14:21:05,436 [INFO] PluginManage:283 - PluginManage : Loaded plugins [17]
2023-12-12 14:21:05,718 [INFO] PinOutPanel:1499 - setPackage(No Configuration,No Configuration)
2023-12-12 14:21:05,819 [INFO] CADModel:165 - CPN selected for project level
2023-12-12 14:21:05,819 [INFO] CADModel:114 - Register for checkConnection events
2023-12-12 14:21:05,855 [INFO] IPUIPlugin:80 - create IPUIPlugin
2023-12-12 14:21:05,856 [INFO] PluginManager:220 - loadIPPluginJar : add adc
2023-12-12 14:21:05,952 [INFO] IPUIPlugin:80 - create IPUIPlugin
2023-12-12 14:21:05,952 [INFO] PluginManager:220 - loadIPPluginJar : add aes
2023-12-12 14:21:06,080 [INFO] IPUIPlugin:80 - create IPUIPlugin
2023-12-12 14:21:06,081 [INFO] PluginManager:220 - loadIPPluginJar : add can
2023-12-12 14:21:06,135 [INFO] IPUIPlugin:80 - create IPUIPlugin
2023-12-12 14:21:06,135 [INFO] PluginManager:220 - loadIPPluginJar : add comp
2023-12-12 14:21:06,209 [INFO] IPUIPlugin:80 - create IPUIPlugin
2023-12-12 14:21:06,209 [INFO] PluginManager:220 - loadIPPluginJar : add cryp
2023-12-12 14:21:06,270 [INFO] IPUIPlugin:80 - create IPUIPlugin
2023-12-12 14:21:06,270 [INFO] PluginManager:220 - loadIPPluginJar : add dfsdm
2023-12-12 14:21:06,314 [INFO] IPUIPlugin:80 - create IPUIPlugin
2023-12-12 14:21:06,315 [INFO] PluginManager:220 - loadIPPluginJar : add dma
2023-12-12 14:21:06,405 [INFO] IPUIPlugin:80 - create IPUIPlugin
2023-12-12 14:21:06,405 [INFO] PluginManager:220 - loadIPPluginJar : add dma3
2023-12-12 14:21:06,446 [INFO] IPUIPlugin:80 - create IPUIPlugin
2023-12-12 14:21:06,446 [INFO] PluginManager:220 - loadIPPluginJar : add fatfs
2023-12-12 14:21:06,540 [INFO] IPUIPlugin:80 - create IPUIPlugin
2023-12-12 14:21:06,540 [INFO] PluginManager:220 - loadIPPluginJar : add fmc
2023-12-12 14:21:06,564 [INFO] IPUIPlugin:80 - create IPUIPlugin
2023-12-12 14:21:06,565 [INFO] PluginManager:220 - loadIPPluginJar : add freertos
2023-12-12 14:21:06,608 [INFO] IPUIPlugin:80 - create IPUIPlugin
2023-12-12 14:21:06,608 [INFO] PluginManager:220 - loadIPPluginJar : add genericplugin
2023-12-12 14:21:06,827 [INFO] IPUIPlugin:80 - create IPUIPlugin
2023-12-12 14:21:06,828 [INFO] PluginManager:220 - loadIPPluginJar : add gfxmmu
2023-12-12 14:21:07,138 [INFO] IPUIPlugin:80 - create IPUIPlugin
2023-12-12 14:21:07,139 [INFO] PluginManager:220 - loadIPPluginJar : add gic
2023-12-12 14:21:07,170 [INFO] IPUIPlugin:80 - create IPUIPlugin
2023-12-12 14:21:07,171 [INFO] PluginManager:220 - loadIPPluginJar : add gpio
2023-12-12 14:21:07,399 [INFO] IPUIPlugin:80 - create IPUIPlugin
2023-12-12 14:21:07,399 [INFO] PluginManager:220 - loadIPPluginJar : add gtzc
2023-12-12 14:21:07,473 [INFO] IPUIPlugin:80 - create IPUIPlugin
2023-12-12 14:21:07,473 [INFO] PluginManager:220 - loadIPPluginJar : add hash
2023-12-12 14:21:07,607 [INFO] IPUIPlugin:80 - create IPUIPlugin
2023-12-12 14:21:07,608 [INFO] PluginManager:220 - loadIPPluginJar : add i2c
2023-12-12 14:21:07,704 [INFO] IPUIPlugin:80 - create IPUIPlugin
2023-12-12 14:21:07,704 [INFO] PluginManager:220 - loadIPPluginJar : add i2s
2023-12-12 14:21:07,806 [INFO] IPUIPlugin:80 - create IPUIPlugin
2023-12-12 14:21:07,807 [INFO] PluginManager:220 - loadIPPluginJar : add i3c
2023-12-12 14:21:08,056 [INFO] IPUIPlugin:80 - create IPUIPlugin
2023-12-12 14:21:08,056 [INFO] PluginManager:220 - loadIPPluginJar : add ipddr
2023-12-12 14:21:08,106 [INFO] ThirdPartyUpdaterWithRetryManager:70 - Updater plugin not ready yet. [2/15]
2023-12-12 14:21:08,294 [INFO] IPUIPlugin:80 - create IPUIPlugin
2023-12-12 14:21:08,294 [INFO] PluginManager:220 - loadIPPluginJar : add linkedlist
2023-12-12 14:21:08,368 [INFO] IPUIPlugin:80 - create IPUIPlugin
2023-12-12 14:21:08,369 [INFO] PluginManager:220 - loadIPPluginJar : add lorawan
2023-12-12 14:21:08,466 [INFO] IPUIPlugin:80 - create IPUIPlugin
2023-12-12 14:21:08,466 [INFO] PluginManager:220 - loadIPPluginJar : add ltdc
2023-12-12 14:21:08,494 [INFO] IPUIPlugin:80 - create IPUIPlugin
2023-12-12 14:21:08,495 [INFO] PluginManager:220 - loadIPPluginJar : add mdma
2023-12-12 14:21:08,512 [INFO] IPUIPlugin:80 - create IPUIPlugin
2023-12-12 14:21:08,512 [INFO] PluginManager:220 - loadIPPluginJar : add nvic
2023-12-12 14:21:08,567 [INFO] IPUIPlugin:80 - create IPUIPlugin
2023-12-12 14:21:08,567 [INFO] PluginManager:220 - loadIPPluginJar : add opamp
2023-12-12 14:21:08,712 [INFO] IPUIPlugin:80 - create IPUIPlugin
2023-12-12 14:21:08,713 [INFO] PluginManager:220 - loadIPPluginJar : add openamp
2023-12-12 14:21:08,837 [INFO] IPUIPlugin:80 - create IPUIPlugin
2023-12-12 14:21:08,838 [INFO] PluginManager:220 - loadIPPluginJar : add pdm2pcm
2023-12-12 14:21:08,874 [INFO] IPUIPlugin:80 - create IPUIPlugin
2023-12-12 14:21:08,881 [INFO] PluginManager:220 - loadIPPluginJar : add plateformsettings
2023-12-12 14:21:08,935 [INFO] IPUIPlugin:80 - create IPUIPlugin
2023-12-12 14:21:08,936 [INFO] PluginManager:220 - loadIPPluginJar : add quadspi
2023-12-12 14:21:08,958 [INFO] IPUIPlugin:80 - create IPUIPlugin
2023-12-12 14:21:08,959 [INFO] PluginManager:220 - loadIPPluginJar : add resmgrutility
2023-12-12 14:21:09,074 [INFO] IPUIPlugin:80 - create IPUIPlugin
2023-12-12 14:21:09,074 [INFO] PluginManager:220 - loadIPPluginJar : add sai
2023-12-12 14:21:09,182 [INFO] IPUIPlugin:80 - create IPUIPlugin
2023-12-12 14:21:09,182 [INFO] PluginManager:220 - loadIPPluginJar : add spi
2023-12-12 14:21:09,387 [INFO] IPUIPlugin:80 - create IPUIPlugin
2023-12-12 14:21:09,388 [INFO] PluginManager:220 - loadIPPluginJar : add stm32_wpan
2023-12-12 14:21:09,438 [INFO] IPUIPlugin:80 - create IPUIPlugin
2023-12-12 14:21:09,439 [INFO] PluginManager:220 - loadIPPluginJar : add tim
2023-12-12 14:21:09,606 [INFO] IPUIPlugin:80 - create IPUIPlugin
2023-12-12 14:21:09,606 [INFO] PluginManager:220 - loadIPPluginJar : add touchsensing
2023-12-12 14:21:09,672 [INFO] IPUIPlugin:80 - create IPUIPlugin
2023-12-12 14:21:09,672 [INFO] PluginManager:220 - loadIPPluginJar : add tracer_emb
2023-12-12 14:21:09,736 [INFO] IPUIPlugin:80 - create IPUIPlugin
2023-12-12 14:21:09,736 [INFO] PluginManager:220 - loadIPPluginJar : add ts
2023-12-12 14:21:09,785 [INFO] IPUIPlugin:80 - create IPUIPlugin
2023-12-12 14:21:09,785 [INFO] PluginManager:220 - loadIPPluginJar : add tsc
2023-12-12 14:21:09,841 [INFO] IPUIPlugin:80 - create IPUIPlugin
2023-12-12 14:21:09,842 [INFO] PluginManager:220 - loadIPPluginJar : add ucpd
2023-12-12 14:21:09,945 [INFO] IPUIPlugin:80 - create IPUIPlugin
2023-12-12 14:21:09,946 [INFO] PluginManager:220 - loadIPPluginJar : add usart
2023-12-12 14:21:10,056 [INFO] IPUIPlugin:80 - create IPUIPlugin
2023-12-12 14:21:10,057 [INFO] PluginManager:220 - loadIPPluginJar : add usbx
2023-12-12 14:21:10,297 [INFO] CADModel:165 - CPN selected for project level
2023-12-12 14:21:10,298 [INFO] CADModel:114 - Register for checkConnection events
2023-12-12 14:21:10,300 [FATAL] Updater:308 - Updater called before beeing initialized
2023-12-12 14:21:10,300 [ERROR] CADModel:125 - Updater not yet initialized, retry later 
2023-12-12 14:21:10,703 [INFO] CADModel:165 - CPN selected for project level
2023-12-12 14:21:10,703 [INFO] CADModel:114 - Register for checkConnection events
2023-12-12 14:21:10,704 [FATAL] Updater:308 - Updater called before beeing initialized
2023-12-12 14:21:10,704 [ERROR] CADModel:125 - Updater not yet initialized, retry later 
2023-12-12 14:21:10,719 [FATAL] Updater:308 - Updater called before beeing initialized
2023-12-12 14:21:11,081 [FATAL] Updater:308 - Updater called before beeing initialized
2023-12-12 14:21:11,099 [INFO] DbMcusAds:53 - JSON generation date=Tue Mar 07 17:50:55 KST 2023 (1678179055114)
2023-12-12 14:21:11,099 [FATAL] Updater:308 - Updater called before beeing initialized
2023-12-12 14:21:11,108 [INFO] ThirdPartyUpdaterWithRetryManager:70 - Updater plugin not ready yet. [3/15]
2023-12-12 14:21:11,312 [WARN] DetailPanel:346 - Failed to get advertising image, set to default
2023-12-12 14:21:11,633 [FATAL] Updater:308 - Updater called before beeing initialized
2023-12-12 14:21:11,638 [FATAL] Updater:308 - Updater called before beeing initialized
2023-12-12 14:21:11,638 [FATAL] Updater:308 - Updater called before beeing initialized
2023-12-12 14:21:11,638 [WARN] DetailPanel:346 - Failed to get advertising image, set to default
2023-12-12 14:21:11,640 [FATAL] Updater:308 - Updater called before beeing initialized
2023-12-12 14:21:11,805 [ERROR] Updater:1120 - MainUpdater not yet initialized. External WinMGr cannot be set.
2023-12-12 14:21:11,823 [INFO] Updater:1056 - Updater Version found : 6.10.0
2023-12-12 14:21:11,875 [INFO] ApplicationProperties:184 - Using Application install path: C:\ST\STM32CubeIDE_1.14.0\STM32CubeIDE\plugins\com.st.stm32cube.common.mx_6.10.0.202311202037
2023-12-12 14:21:13,489 [ERROR] LogOutputStream:75 - [STDERR_REDIRECT] Dec 12, 2023 2:21:13 PM java.util.prefs.WindowsPreferences <init>
2023-12-12 14:21:13,499 [ERROR] LogOutputStream:75 - [STDERR_REDIRECT] WARNING: Could not open/create prefs root node Software\JavaSoft\Prefs at root 0xffffffff80000002. Windows RegCreateKeyEx(...) returned error code 5.
2023-12-12 14:21:13,499 [ERROR] LogOutputStream:75 - [STDERR_REDIRECT] 
2023-12-12 14:21:14,110 [FATAL] Updater:308 - Updater called before beeing initialized
2023-12-12 14:21:14,111 [ERROR] IntegrityCheckThread:130 - Cannot retrieve database content from updater: error 21
2023-12-12 14:21:14,111 [INFO] ThirdParty:978 - Integrity check success = false
2023-12-12 14:21:14,111 [INFO] IntegrityCheckThread:100 - exiting critical section [integrity check]
2023-12-12 14:21:14,112 [INFO] IntegrityCheckThread:103 - End integrity checks thread
2023-12-12 14:21:14,504 [INFO] MainUpdater:2873 - connection check result : 10
2023-12-12 14:21:14,506 [INFO] MainUpdater:290 - Updater Check For Update Now.
2023-12-12 14:21:14,507 [INFO] MicroXplorer:498 - Change Database Version : DB.6.0.100
2023-12-12 14:21:14,535 [INFO] McuFinderGlobals:63 - Set McuFinder mode to 2 (CubeIDE integrated)
2023-12-12 14:21:14,564 [INFO] UserAuth:404 - Internet connection configuration mode: 1
2023-12-12 14:21:14,615 [INFO] JxBrowserEngine:152 - Initiate JxBrowser Engine with user profile folder
2023-12-12 14:21:14,859 [INFO] CheckServerUpdateThread:120 - End of CheckServer Thread
2023-12-12 14:21:20,284 [INFO] WebApp:161 - Instantiating new browser for Auth
2023-12-12 14:21:21,585 [INFO] WebApp:780 - Register for checkConnection events
2023-12-12 14:21:21,586 [INFO] WebApp:414 - Apply proxy settings
2023-12-12 14:21:21,586 [INFO] WebApp:499 - Chromium requires no authentication
2023-12-12 14:21:21,605 [INFO] WebApp:442 - Direct internet connection detected
2023-12-12 14:21:22,065 [INFO] WebApp:192 - Starting web application
2023-12-12 14:21:22,066 [INFO] WebApp:544 - Web application path used C:\ST\STM32CubeIDE_1.14.0\STM32CubeIDE\plugins\com.st.stm32cube.common.mx_6.10.0.202311202037\db\plugins\mcufinder\reactClient1\index.html
2023-12-12 14:21:44,617 [ERROR] LogOutputStream:75 - [STDERR_REDIRECT] SLF4J: Failed to load class "org.slf4j.impl.StaticLoggerBinder".
2023-12-12 14:21:44,621 [ERROR] LogOutputStream:75 - [STDERR_REDIRECT] SLF4J: Defaulting to no-operation (NOP) logger implementation
2023-12-12 14:21:44,624 [ERROR] LogOutputStream:75 - [STDERR_REDIRECT] SLF4J: See http://www.slf4j.org/codes.html#StaticLoggerBinder for further details.
2023-12-12 16:01:18,355 [ERROR] LogOutputStream:75 - [STDERR_REDIRECT] 
2023-12-12 16:01:18,356 [ERROR] LogOutputStream:75 - [STDERR_REDIRECT] 
