2024-02-26 01:32:25,700 [INFO] Activator:176 - 


2024-02-26 01:32:25,704 [INFO] Activator:177 - !SESSION log4j initialized
2024-02-26 01:32:31,142 [INFO] LogOutputStream:77 - [STDOUT_REDIRECT] 
2024-02-26 01:32:39,277 [INFO] ApplicationProperties:184 - Using Application install path: C:\ST\STM32CubeIDE_1.14.0\STM32CubeIDE\plugins\com.st.stm32cube.common.mx_6.10.0.202311202037
2024-02-26 01:32:39,293 [INFO] DbMcusXml:78 - Set database path to: C:\ST\STM32CubeIDE_1.14.0\STM32CubeIDE\plugins\com.st.stm32cube.common.mx_6.10.0.202311202037\\db\/mcu/
2024-02-26 01:32:39,294 [INFO] ApiDb:274 - Set plugin database path to: C:\ST\STM32CubeIDE_1.14.0\STM32CubeIDE\plugins\com.st.stm32cube.common.mx_6.10.0.202311202037\\db\/plugins/boardmanager/
2024-02-26 01:32:39,294 [WARN] ApiDb:259 - Overriding images path with different value:  => C:\ST\STM32CubeIDE_1.14.0\STM32CubeIDE\plugins\com.st.stm32cube.common.mx_6.10.0.202311202037\\db\/plugins/mcufinder/images/
2024-02-26 01:32:39,304 [INFO] ApiDb:250 - Set database path to: C:\Users\alstl\.stmcufinder\plugins\mcufinder//mcu/
2024-02-26 01:32:39,305 [INFO] DbMcusAds:125 - Set database path to: C:\Users\alstl\.stmcufinder\plugins\mcufinder//mcu/
2024-02-26 01:32:39,306 [INFO] CrossReferenceDbSqlite:203 - Set database path to: C:\Users\alstl\.stmcufinder\plugins\mcufinder//mcu/cs/
2024-02-26 01:32:39,405 [INFO] RulesReader:64 - Compatibility file has been processed (297 Rules)
2024-02-26 01:32:39,482 [INFO] DbMcusXml:78 - Set database path to: C:\ST\STM32CubeIDE_1.14.0\STM32CubeIDE\plugins\com.st.stm32cube.common.mx_6.10.0.202311202037\\db\/mcu/
2024-02-26 01:32:39,482 [INFO] ApiDb:274 - Set plugin database path to: C:\ST\STM32CubeIDE_1.14.0\STM32CubeIDE\plugins\com.st.stm32cube.common.mx_6.10.0.202311202037\\db\/plugins/boardmanager/
2024-02-26 01:32:39,482 [INFO] ApiDb:261 - Set plugin images path to: C:\ST\STM32CubeIDE_1.14.0\STM32CubeIDE\plugins\com.st.stm32cube.common.mx_6.10.0.202311202037\\db\/plugins/mcufinder/images/
2024-02-26 01:32:39,482 [WARN] DbFile:41 - Overriding database path with different value: C:\Users\alstl\.stmcufinder\plugins\mcufinder/ => C:\Users\alstl\.stmcufinder\plugins\mcufinder
2024-02-26 01:32:39,483 [INFO] ApiDb:250 - Set database path to: C:\Users\alstl\.stmcufinder\plugins\mcufinder//mcu/
2024-02-26 01:32:39,483 [WARN] DbFile:41 - Overriding database path with different value: C:\Users\alstl\.stmcufinder\plugins\mcufinder/ => C:\Users\alstl\.stmcufinder\plugins\mcufinder
2024-02-26 01:32:39,483 [INFO] DbMcusAds:125 - Set database path to: C:\Users\alstl\.stmcufinder\plugins\mcufinder//mcu/
2024-02-26 01:32:39,483 [WARN] DbFile:41 - Overriding database path with different value: C:\Users\alstl\.stmcufinder\plugins\mcufinder/ => C:\Users\alstl\.stmcufinder\plugins\mcufinder
2024-02-26 01:32:39,483 [WARN] DbFile:41 - Overriding database path with different value: C:\Users\alstl\.stmcufinder\plugins\mcufinder/ => C:\Users\alstl\.stmcufinder\plugins\mcufinder
2024-02-26 01:32:39,483 [INFO] CrossReferenceDbSqlite:203 - Set database path to: C:\Users\alstl\.stmcufinder\plugins\mcufinder//mcu/cs/
2024-02-26 01:32:39,557 [INFO] MainPanel:264 - HeapMemory: 268435456
2024-02-26 01:32:39,641 [INFO] DbMcusXml:78 - Set database path to: C:\ST\STM32CubeIDE_1.14.0\STM32CubeIDE\plugins\com.st.stm32cube.common.mx_6.10.0.202311202037\\db\/mcu/
2024-02-26 01:32:39,642 [INFO] ApiDb:274 - Set plugin database path to: C:\ST\STM32CubeIDE_1.14.0\STM32CubeIDE\plugins\com.st.stm32cube.common.mx_6.10.0.202311202037\\db\/plugins/boardmanager/
2024-02-26 01:32:39,642 [INFO] ApiDb:261 - Set plugin images path to: C:\ST\STM32CubeIDE_1.14.0\STM32CubeIDE\plugins\com.st.stm32cube.common.mx_6.10.0.202311202037\\db\/plugins/mcufinder/images/
2024-02-26 01:32:39,642 [WARN] DbFile:41 - Overriding database path with different value: C:\Users\alstl\.stmcufinder\plugins\mcufinder/ => C:\Users\alstl\.stmcufinder\plugins\mcufinder
2024-02-26 01:32:39,642 [INFO] ApiDb:250 - Set database path to: C:\Users\alstl\.stmcufinder\plugins\mcufinder//mcu/
2024-02-26 01:32:39,642 [WARN] DbFile:41 - Overriding database path with different value: C:\Users\alstl\.stmcufinder\plugins\mcufinder/ => C:\Users\alstl\.stmcufinder\plugins\mcufinder
2024-02-26 01:32:39,642 [INFO] DbMcusAds:125 - Set database path to: C:\Users\alstl\.stmcufinder\plugins\mcufinder//mcu/
2024-02-26 01:32:39,642 [WARN] DbFile:41 - Overriding database path with different value: C:\Users\alstl\.stmcufinder\plugins\mcufinder/ => C:\Users\alstl\.stmcufinder\plugins\mcufinder
2024-02-26 01:32:39,642 [WARN] DbFile:41 - Overriding database path with different value: C:\Users\alstl\.stmcufinder\plugins\mcufinder/ => C:\Users\alstl\.stmcufinder\plugins\mcufinder
2024-02-26 01:32:39,642 [INFO] CrossReferenceDbSqlite:203 - Set database path to: C:\Users\alstl\.stmcufinder\plugins\mcufinder//mcu/cs/
2024-02-26 01:32:39,661 [INFO] ApplicationProperties:184 - Using Application install path: C:\ST\STM32CubeIDE_1.14.0\STM32CubeIDE\plugins\com.st.stm32cube.common.mx_6.10.0.202311202037
2024-02-26 01:32:39,663 [INFO] PluginManage:196 - Search for loadable plugins [exclusion list=, ]
2024-02-26 01:32:39,664 [INFO] PluginManage:310 - Check plugin analytics
2024-02-26 01:32:44,761 [INFO] AnalyticsPlugin:253 - Accepted Software Licenses: 
2024-02-26 01:32:44,762 [INFO] AnalyticsPlugin:255 - Accepted CMSIS Pack Licenses: 
2024-02-26 01:32:44,762 [INFO] AnalyticsPlugin:257 - Accepted Firmware Licenses: 
2024-02-26 01:32:44,763 [INFO] PluginManage:359 - Loaded plugin analytics (category:tool,tabindex:-1)
2024-02-26 01:32:44,764 [INFO] PluginManage:310 - Check plugin cadmodel
2024-02-26 01:32:44,777 [INFO] CADModel:105 - Init CAD model plugin
2024-02-26 01:32:44,777 [INFO] PluginManage:359 - Loaded plugin cadmodel (category:power,tabindex:5)
2024-02-26 01:32:44,777 [INFO] PluginManage:310 - Check plugin clock
2024-02-26 01:32:44,794 [INFO] PluginManage:359 - Loaded plugin clock (category:base,tabindex:2)
2024-02-26 01:32:44,794 [INFO] PluginManage:310 - Check plugin ddr
2024-02-26 01:32:44,796 [INFO] PluginManage:359 - Loaded plugin ddr (category:tool,tabindex:6)
2024-02-26 01:32:44,796 [INFO] PluginManage:310 - Check plugin filemanager
2024-02-26 01:32:44,906 [INFO] PluginManage:359 - Loaded plugin filemanager (category:base,tabindex:10)
2024-02-26 01:32:44,906 [INFO] PluginManage:310 - Check plugin ipmanager
2024-02-26 01:32:44,915 [INFO] PluginManage:359 - Loaded plugin ipmanager (category:base,tabindex:5)
2024-02-26 01:32:44,915 [INFO] PluginManage:310 - Check plugin lpbam
2024-02-26 01:32:44,930 [INFO] PluginManage:359 - Loaded plugin lpbam (category:base,tabindex:0)
2024-02-26 01:32:44,930 [INFO] PluginManage:310 - Check plugin memorymap
2024-02-26 01:32:44,949 [INFO] PluginManage:359 - Loaded plugin memorymap (category:base,tabindex:4)
2024-02-26 01:32:44,949 [INFO] PluginManage:310 - Check plugin pinoutandconfiguration
2024-02-26 01:32:44,963 [INFO] PluginManage:359 - Loaded plugin pinoutandconfiguration (category:base,tabindex:1)
2024-02-26 01:32:44,963 [INFO] PluginManage:310 - Check plugin pinoutconfig
2024-02-26 01:32:45,054 [WARN] SupportedApi:132 - Cannot load RTOS API schema: s4s-elt-must-match.1: The content of 'definitions' must match (annotation?, (simpleType | complexType)?, (unique | key | keyref)*)). A problem was found starting at: attribute.
2024-02-26 01:32:45,186 [INFO] PluginManage:359 - Loaded plugin pinoutconfig (category:base,tabindex:0)
2024-02-26 01:32:45,186 [INFO] PluginManage:310 - Check plugin power
2024-02-26 01:32:45,206 [INFO] PluginManage:359 - Loaded plugin power (category:power,tabindex:4)
2024-02-26 01:32:45,206 [INFO] PluginManage:310 - Check plugin projectmanager
2024-02-26 01:32:45,229 [INFO] PluginManage:359 - Loaded plugin projectmanager (category:projectmanager,tabindex:3)
2024-02-26 01:32:45,230 [INFO] PluginManage:310 - Check plugin thirdparty
2024-02-26 01:32:45,486 [INFO] PluginManage:359 - Loaded plugin thirdparty (category:base,tabindex:-1)
2024-02-26 01:32:45,486 [INFO] PluginManage:310 - Check plugin tools
2024-02-26 01:32:45,486 [WARN] IntegrityCheckThread:84 - waiting for thirdparty lock release [integrity check]
2024-02-26 01:32:45,486 [INFO] IntegrityCheckThread:86 - entering critical section [integrity check]
2024-02-26 01:32:45,488 [INFO] ThirdPartyUpdaterWithRetryManager:70 - Updater plugin not ready yet. [1/15]
2024-02-26 01:32:45,516 [INFO] PluginManage:359 - Loaded plugin tools (category:base,tabindex:7)
2024-02-26 01:32:45,516 [INFO] PluginManage:310 - Check plugin tutovideos
2024-02-26 01:32:45,707 [INFO] PluginManage:359 - Loaded plugin tutovideos (category:base,tabindex:-1)
2024-02-26 01:32:45,707 [INFO] PluginManage:310 - Check plugin updater
2024-02-26 01:32:45,719 [INFO] PluginManage:359 - Loaded plugin updater (category:base,tabindex:12)
2024-02-26 01:32:45,719 [INFO] PluginManage:310 - Check plugin userauth
2024-02-26 01:32:45,725 [INFO] UserAuth:114 - Init User Auth plugin
2024-02-26 01:32:45,725 [INFO] PluginManage:359 - Loaded plugin userauth (category:base,tabindex:14)
2024-02-26 01:32:45,725 [INFO] PluginManage:283 - PluginManage : Loaded plugins [17]
2024-02-26 01:32:45,929 [INFO] PinOutPanel:1499 - setPackage(No Configuration,No Configuration)
2024-02-26 01:32:46,001 [INFO] CADModel:165 - CPN selected for project level
2024-02-26 01:32:46,001 [INFO] CADModel:114 - Register for checkConnection events
2024-02-26 01:32:46,028 [INFO] IPUIPlugin:80 - create IPUIPlugin
2024-02-26 01:32:46,028 [INFO] PluginManager:220 - loadIPPluginJar : add adc
2024-02-26 01:32:46,057 [INFO] IPUIPlugin:80 - create IPUIPlugin
2024-02-26 01:32:46,059 [INFO] PluginManager:220 - loadIPPluginJar : add aes
2024-02-26 01:32:46,095 [INFO] IPUIPlugin:80 - create IPUIPlugin
2024-02-26 01:32:46,095 [INFO] PluginManager:220 - loadIPPluginJar : add can
2024-02-26 01:32:46,116 [INFO] IPUIPlugin:80 - create IPUIPlugin
2024-02-26 01:32:46,116 [INFO] PluginManager:220 - loadIPPluginJar : add comp
2024-02-26 01:32:46,142 [INFO] IPUIPlugin:80 - create IPUIPlugin
2024-02-26 01:32:46,143 [INFO] PluginManager:220 - loadIPPluginJar : add cryp
2024-02-26 01:32:46,167 [INFO] IPUIPlugin:80 - create IPUIPlugin
2024-02-26 01:32:46,167 [INFO] PluginManager:220 - loadIPPluginJar : add dfsdm
2024-02-26 01:32:46,180 [INFO] IPUIPlugin:80 - create IPUIPlugin
2024-02-26 01:32:46,181 [INFO] PluginManager:220 - loadIPPluginJar : add dma
2024-02-26 01:32:46,215 [INFO] IPUIPlugin:80 - create IPUIPlugin
2024-02-26 01:32:46,216 [INFO] PluginManager:220 - loadIPPluginJar : add dma3
2024-02-26 01:32:46,232 [INFO] IPUIPlugin:80 - create IPUIPlugin
2024-02-26 01:32:46,232 [INFO] PluginManager:220 - loadIPPluginJar : add fatfs
2024-02-26 01:32:46,272 [INFO] IPUIPlugin:80 - create IPUIPlugin
2024-02-26 01:32:46,273 [INFO] PluginManager:220 - loadIPPluginJar : add fmc
2024-02-26 01:32:46,287 [INFO] IPUIPlugin:80 - create IPUIPlugin
2024-02-26 01:32:46,287 [INFO] PluginManager:220 - loadIPPluginJar : add freertos
2024-02-26 01:32:46,305 [INFO] IPUIPlugin:80 - create IPUIPlugin
2024-02-26 01:32:46,305 [INFO] PluginManager:220 - loadIPPluginJar : add genericplugin
2024-02-26 01:32:46,391 [INFO] IPUIPlugin:80 - create IPUIPlugin
2024-02-26 01:32:46,392 [INFO] PluginManager:220 - loadIPPluginJar : add gfxmmu
2024-02-26 01:32:46,500 [INFO] IPUIPlugin:80 - create IPUIPlugin
2024-02-26 01:32:46,501 [INFO] PluginManager:220 - loadIPPluginJar : add gic
2024-02-26 01:32:46,512 [INFO] IPUIPlugin:80 - create IPUIPlugin
2024-02-26 01:32:46,512 [INFO] PluginManager:220 - loadIPPluginJar : add gpio
2024-02-26 01:32:46,589 [INFO] IPUIPlugin:80 - create IPUIPlugin
2024-02-26 01:32:46,589 [INFO] PluginManager:220 - loadIPPluginJar : add gtzc
2024-02-26 01:32:46,616 [INFO] IPUIPlugin:80 - create IPUIPlugin
2024-02-26 01:32:46,617 [INFO] PluginManager:220 - loadIPPluginJar : add hash
2024-02-26 01:32:46,662 [INFO] IPUIPlugin:80 - create IPUIPlugin
2024-02-26 01:32:46,662 [INFO] PluginManager:220 - loadIPPluginJar : add i2c
2024-02-26 01:32:46,694 [INFO] IPUIPlugin:80 - create IPUIPlugin
2024-02-26 01:32:46,695 [INFO] PluginManager:220 - loadIPPluginJar : add i2s
2024-02-26 01:32:46,727 [INFO] IPUIPlugin:80 - create IPUIPlugin
2024-02-26 01:32:46,727 [INFO] PluginManager:220 - loadIPPluginJar : add i3c
2024-02-26 01:32:46,812 [INFO] IPUIPlugin:80 - create IPUIPlugin
2024-02-26 01:32:46,812 [INFO] PluginManager:220 - loadIPPluginJar : add ipddr
2024-02-26 01:32:46,884 [INFO] IPUIPlugin:80 - create IPUIPlugin
2024-02-26 01:32:46,884 [INFO] PluginManager:220 - loadIPPluginJar : add linkedlist
2024-02-26 01:32:46,915 [INFO] IPUIPlugin:80 - create IPUIPlugin
2024-02-26 01:32:46,915 [INFO] PluginManager:220 - loadIPPluginJar : add lorawan
2024-02-26 01:32:46,946 [INFO] IPUIPlugin:80 - create IPUIPlugin
2024-02-26 01:32:46,947 [INFO] PluginManager:220 - loadIPPluginJar : add ltdc
2024-02-26 01:32:46,961 [INFO] IPUIPlugin:80 - create IPUIPlugin
2024-02-26 01:32:46,961 [INFO] PluginManager:220 - loadIPPluginJar : add mdma
2024-02-26 01:32:46,973 [INFO] IPUIPlugin:80 - create IPUIPlugin
2024-02-26 01:32:46,973 [INFO] PluginManager:220 - loadIPPluginJar : add nvic
2024-02-26 01:32:47,002 [INFO] IPUIPlugin:80 - create IPUIPlugin
2024-02-26 01:32:47,002 [INFO] PluginManager:220 - loadIPPluginJar : add opamp
2024-02-26 01:32:47,052 [INFO] IPUIPlugin:80 - create IPUIPlugin
2024-02-26 01:32:47,052 [INFO] PluginManager:220 - loadIPPluginJar : add openamp
2024-02-26 01:32:47,086 [INFO] IPUIPlugin:80 - create IPUIPlugin
2024-02-26 01:32:47,086 [INFO] PluginManager:220 - loadIPPluginJar : add pdm2pcm
2024-02-26 01:32:47,100 [INFO] IPUIPlugin:80 - create IPUIPlugin
2024-02-26 01:32:47,101 [INFO] PluginManager:220 - loadIPPluginJar : add plateformsettings
2024-02-26 01:32:47,119 [INFO] IPUIPlugin:80 - create IPUIPlugin
2024-02-26 01:32:47,119 [INFO] PluginManager:220 - loadIPPluginJar : add quadspi
2024-02-26 01:32:47,132 [INFO] IPUIPlugin:80 - create IPUIPlugin
2024-02-26 01:32:47,132 [INFO] PluginManager:220 - loadIPPluginJar : add resmgrutility
2024-02-26 01:32:47,171 [INFO] IPUIPlugin:80 - create IPUIPlugin
2024-02-26 01:32:47,171 [INFO] PluginManager:220 - loadIPPluginJar : add sai
2024-02-26 01:32:47,203 [INFO] IPUIPlugin:80 - create IPUIPlugin
2024-02-26 01:32:47,203 [INFO] PluginManager:220 - loadIPPluginJar : add spi
2024-02-26 01:32:47,255 [INFO] IPUIPlugin:80 - create IPUIPlugin
2024-02-26 01:32:47,255 [INFO] PluginManager:220 - loadIPPluginJar : add stm32_wpan
2024-02-26 01:32:47,274 [INFO] IPUIPlugin:80 - create IPUIPlugin
2024-02-26 01:32:47,274 [INFO] PluginManager:220 - loadIPPluginJar : add tim
2024-02-26 01:32:47,320 [INFO] IPUIPlugin:80 - create IPUIPlugin
2024-02-26 01:32:47,320 [INFO] PluginManager:220 - loadIPPluginJar : add touchsensing
2024-02-26 01:32:47,339 [INFO] IPUIPlugin:80 - create IPUIPlugin
2024-02-26 01:32:47,339 [INFO] PluginManager:220 - loadIPPluginJar : add tracer_emb
2024-02-26 01:32:47,358 [INFO] IPUIPlugin:80 - create IPUIPlugin
2024-02-26 01:32:47,358 [INFO] PluginManager:220 - loadIPPluginJar : add ts
2024-02-26 01:32:47,376 [INFO] IPUIPlugin:80 - create IPUIPlugin
2024-02-26 01:32:47,376 [INFO] PluginManager:220 - loadIPPluginJar : add tsc
2024-02-26 01:32:47,395 [INFO] IPUIPlugin:80 - create IPUIPlugin
2024-02-26 01:32:47,395 [INFO] PluginManager:220 - loadIPPluginJar : add ucpd
2024-02-26 01:32:47,431 [INFO] IPUIPlugin:80 - create IPUIPlugin
2024-02-26 01:32:47,431 [INFO] PluginManager:220 - loadIPPluginJar : add usart
2024-02-26 01:32:47,467 [INFO] IPUIPlugin:80 - create IPUIPlugin
2024-02-26 01:32:47,467 [INFO] PluginManager:220 - loadIPPluginJar : add usbx
2024-02-26 01:32:47,590 [INFO] CADModel:165 - CPN selected for project level
2024-02-26 01:32:47,590 [INFO] CADModel:114 - Register for checkConnection events
2024-02-26 01:32:47,590 [FATAL] Updater:308 - Updater called before beeing initialized
2024-02-26 01:32:47,591 [ERROR] CADModel:125 - Updater not yet initialized, retry later 
2024-02-26 01:32:47,716 [INFO] CADModel:165 - CPN selected for project level
2024-02-26 01:32:47,716 [INFO] CADModel:114 - Register for checkConnection events
2024-02-26 01:32:47,716 [FATAL] Updater:308 - Updater called before beeing initialized
2024-02-26 01:32:47,716 [ERROR] CADModel:125 - Updater not yet initialized, retry later 
2024-02-26 01:32:47,719 [FATAL] Updater:308 - Updater called before beeing initialized
2024-02-26 01:32:47,810 [FATAL] Updater:308 - Updater called before beeing initialized
2024-02-26 01:32:47,818 [INFO] DbMcusAds:53 - JSON generation date=Tue Mar 07 17:50:55 KST 2023 (1678179055114)
2024-02-26 01:32:47,818 [FATAL] Updater:308 - Updater called before beeing initialized
2024-02-26 01:32:47,887 [WARN] DetailPanel:346 - Failed to get advertising image, set to default
2024-02-26 01:32:47,975 [FATAL] Updater:308 - Updater called before beeing initialized
2024-02-26 01:32:47,976 [FATAL] Updater:308 - Updater called before beeing initialized
2024-02-26 01:32:47,976 [FATAL] Updater:308 - Updater called before beeing initialized
2024-02-26 01:32:47,977 [WARN] DetailPanel:346 - Failed to get advertising image, set to default
2024-02-26 01:32:47,977 [FATAL] Updater:308 - Updater called before beeing initialized
2024-02-26 01:32:48,044 [ERROR] Updater:1120 - MainUpdater not yet initialized. External WinMGr cannot be set.
2024-02-26 01:32:48,056 [INFO] Updater:1056 - Updater Version found : 6.10.0
2024-02-26 01:32:48,088 [INFO] ApplicationProperties:184 - Using Application install path: C:\ST\STM32CubeIDE_1.14.0\STM32CubeIDE\plugins\com.st.stm32cube.common.mx_6.10.0.202311202037
2024-02-26 01:32:48,488 [INFO] ThirdPartyUpdaterWithRetryManager:70 - Updater plugin not ready yet. [2/15]
2024-02-26 01:32:49,668 [ERROR] LogOutputStream:75 - [STDERR_REDIRECT] Feb 26, 2024 1:32:49 AM java.util.prefs.WindowsPreferences <init>
2024-02-26 01:32:49,669 [ERROR] LogOutputStream:75 - [STDERR_REDIRECT] WARNING: Could not open/create prefs root node Software\JavaSoft\Prefs at root 0xffffffff80000002. Windows RegCreateKeyEx(...) returned error code 5.
2024-02-26 01:32:49,669 [ERROR] LogOutputStream:75 - [STDERR_REDIRECT] 
2024-02-26 01:32:50,042 [INFO] MainUpdater:2873 - connection check result : 10
2024-02-26 01:32:50,042 [INFO] MainUpdater:3567 - Updater definition file requires update
2024-02-26 01:32:50,044 [INFO] MainUpdater:290 - Updater Check For Update Now.
2024-02-26 01:32:50,044 [INFO] MicroXplorer:498 - Change Database Version : DB.6.0.100
2024-02-26 01:32:50,059 [INFO] McuFinderGlobals:63 - Set McuFinder mode to 2 (CubeIDE integrated)
2024-02-26 01:32:50,069 [INFO] UserAuth:404 - Internet connection configuration mode: 1
2024-02-26 01:32:50,093 [INFO] JxBrowserEngine:152 - Initiate JxBrowser Engine with user profile folder
2024-02-26 01:32:50,250 [INFO] ServerAccessManage:473 - Download File updaters.zip
2024-02-26 01:32:50,397 [INFO] FileExtend:240 - Unzip File : updaters.zip
2024-02-26 01:32:50,397 [INFO] FileExtend:255 - Standard Zip Deflate
2024-02-26 01:32:50,801 [INFO] ServerAccessManage:473 - Download File PacksControlFlags.xml
2024-02-26 01:32:50,915 [INFO] ServerAccessManage:473 - Download File cubemx.pidx
2024-02-26 01:32:51,490 [WARN] MainUpdater:1194 - Updater busy. Cannot search thirdparties
2024-02-26 01:32:51,490 [INFO] ThirdPartyUpdaterWithRetryManager:96 - Updater plugin is busy. [1/15]
2024-02-26 01:32:52,711 [INFO] ServerAccessManage:473 - Download File STMicroelectronics.X-CUBE-EEPRMA1.pdsc
2024-02-26 01:32:53,468 [INFO] WebApp:161 - Instantiating new browser for Auth
2024-02-26 01:32:54,084 [INFO] WebApp:780 - Register for checkConnection events
2024-02-26 01:32:54,084 [INFO] WebApp:414 - Apply proxy settings
2024-02-26 01:32:54,084 [INFO] WebApp:499 - Chromium requires no authentication
2024-02-26 01:32:54,091 [INFO] WebApp:442 - Direct internet connection detected
2024-02-26 01:32:54,231 [INFO] WebApp:192 - Starting web application
2024-02-26 01:32:54,231 [INFO] WebApp:544 - Web application path used C:\ST\STM32CubeIDE_1.14.0\STM32CubeIDE\plugins\com.st.stm32cube.common.mx_6.10.0.202311202037\db\plugins\mcufinder\reactClient1\index.html
2024-02-26 01:32:54,490 [WARN] MainUpdater:1194 - Updater busy. Cannot search thirdparties
2024-02-26 01:32:54,490 [INFO] ThirdPartyUpdaterWithRetryManager:96 - Updater plugin is busy. [2/15]
2024-02-26 01:32:54,754 [ERROR] ServerAccessManage:1089 - Problem, file not found on Server
2024-02-26 01:32:57,491 [WARN] MainUpdater:1194 - Updater busy. Cannot search thirdparties
2024-02-26 01:32:57,491 [INFO] ThirdPartyUpdaterWithRetryManager:96 - Updater plugin is busy. [3/15]
2024-02-26 01:32:58,196 [ERROR] ServerAccessManage:1089 - Problem, file not found on Server
2024-02-26 01:33:00,493 [WARN] MainUpdater:1194 - Updater busy. Cannot search thirdparties
2024-02-26 01:33:00,493 [INFO] ThirdPartyUpdaterWithRetryManager:96 - Updater plugin is busy. [4/15]
2024-02-26 01:33:02,988 [INFO] ServerAccessManage:473 - Download File STMicroelectronics.X-CUBE-TOUCHGFX.pdsc
2024-02-26 01:33:03,494 [WARN] MainUpdater:1194 - Updater busy. Cannot search thirdparties
2024-02-26 01:33:03,494 [INFO] ThirdPartyUpdaterWithRetryManager:96 - Updater plugin is busy. [5/15]
2024-02-26 01:33:06,495 [WARN] MainUpdater:1194 - Updater busy. Cannot search thirdparties
2024-02-26 01:33:06,495 [INFO] ThirdPartyUpdaterWithRetryManager:96 - Updater plugin is busy. [6/15]
2024-02-26 01:33:09,497 [WARN] MainUpdater:1194 - Updater busy. Cannot search thirdparties
2024-02-26 01:33:09,497 [INFO] ThirdPartyUpdaterWithRetryManager:96 - Updater plugin is busy. [7/15]
2024-02-26 01:33:12,499 [WARN] MainUpdater:1194 - Updater busy. Cannot search thirdparties
2024-02-26 01:33:12,500 [INFO] ThirdPartyUpdaterWithRetryManager:96 - Updater plugin is busy. [8/15]
2024-02-26 01:33:14,948 [INFO] McuFinderGlobals:63 - Set McuFinder mode to 2 (CubeIDE integrated)
2024-02-26 01:33:15,138 [ERROR] LogOutputStream:75 - [STDERR_REDIRECT] SLF4J: Failed to load class "org.slf4j.impl.StaticLoggerBinder".
2024-02-26 01:33:15,140 [ERROR] LogOutputStream:75 - [STDERR_REDIRECT] SLF4J: Defaulting to no-operation (NOP) logger implementation
2024-02-26 01:33:15,141 [ERROR] LogOutputStream:75 - [STDERR_REDIRECT] SLF4J: See http://www.slf4j.org/codes.html#StaticLoggerBinder for further details.
2024-02-26 01:33:15,501 [WARN] MainUpdater:1194 - Updater busy. Cannot search thirdparties
2024-02-26 01:33:15,501 [INFO] ThirdPartyUpdaterWithRetryManager:96 - Updater plugin is busy. [9/15]
2024-02-26 01:33:18,503 [WARN] MainUpdater:1194 - Updater busy. Cannot search thirdparties
2024-02-26 01:33:18,503 [INFO] ThirdPartyUpdaterWithRetryManager:96 - Updater plugin is busy. [10/15]
2024-02-26 01:33:21,503 [WARN] MainUpdater:1194 - Updater busy. Cannot search thirdparties
2024-02-26 01:33:21,503 [INFO] ThirdPartyUpdaterWithRetryManager:96 - Updater plugin is busy. [11/15]
2024-02-26 01:33:24,506 [WARN] MainUpdater:1194 - Updater busy. Cannot search thirdparties
2024-02-26 01:33:24,506 [INFO] ThirdPartyUpdaterWithRetryManager:96 - Updater plugin is busy. [12/15]
2024-02-26 01:33:24,875 [ERROR] ServerAccessManage:1096 - Problem, Http access forbiden
2024-02-26 01:33:24,876 [ERROR] ServerAccessManage:651 - Problem, Http access forbiden : RoweBots.I-CUBE-UNISONRTOS.pdsc.
2024-02-26 01:33:26,341 [INFO] ServerAccessManage:473 - Download File SEGGER.I-CUBE-embOS.pdsc
2024-02-26 01:33:27,507 [WARN] MainUpdater:1194 - Updater busy. Cannot search thirdparties
2024-02-26 01:33:27,507 [INFO] ThirdPartyUpdaterWithRetryManager:96 - Updater plugin is busy. [13/15]
2024-02-26 01:33:28,489 [WARN] PackLoader:240 - Cannot read IP mode file for STMicroelectronics.X-CUBE-EEPRMA1.5.1.0
2024-02-26 01:33:28,499 [WARN] PackLoader:240 - Cannot read IP mode file for STMicroelectronics.X-CUBE-TOUCHGFX.4.23.0
2024-02-26 01:33:28,543 [WARN] PackLoader:240 - Cannot read IP mode file for SEGGER.I-CUBE-embOS.1.3.1
2024-02-26 01:33:28,594 [INFO] PopulateThirdPartyThread:66 - Ending populate Thread
2024-02-26 01:33:28,596 [INFO] ThirdParty:1030 - CMSIS Pack Vendor :STMicroelectronics X-CUBE-EEPRMA1 5.1.0
2024-02-26 01:33:28,596 [INFO] ThirdParty:1030 - CMSIS Pack Vendor :SEGGER I-CUBE-embOS 1.3.1
2024-02-26 01:33:28,596 [INFO] ThirdParty:1030 - CMSIS Pack Vendor :STMicroelectronics X-CUBE-TOUCHGFX 4.23.0
2024-02-26 01:33:28,596 [INFO] LoadServerUpdatesThread:375 - End of LoadServerUpdate Thread
2024-02-26 01:33:28,615 [INFO] CheckServerUpdateThread:120 - End of CheckServer Thread
2024-02-26 01:33:28,625 [INFO] MainUpdater:2873 - connection check result : 10
2024-02-26 01:33:28,634 [INFO] MainUpdater:2873 - connection check result : 10
2024-02-26 01:33:28,873 [INFO] MicroXplorer:468 - Change Database Path : 
2024-02-26 01:33:28,874 [INFO] MicroXplorer:498 - Change Database Version : DB.6.0.100
2024-02-26 01:33:28,878 [WARN] ThirdParty:871 - waiting for thirdparty lock release [close project]
2024-02-26 01:33:30,686 [WARN] PackLoader:240 - Cannot read IP mode file for STMicroelectronics.X-CUBE-SMBUS.2.1.0
2024-02-26 01:33:30,690 [WARN] PackLoader:240 - Cannot read IP mode file for STMicroelectronics.X-CUBE-TOUCHGFX.4.23.0
2024-02-26 01:33:30,723 [WARN] PackLoader:240 - Cannot read IP mode file for STMicroelectronics.X-CUBE-AZRTOS-F7.1.1.0
2024-02-26 01:33:30,743 [WARN] PackLoader:240 - Cannot read IP mode file for STMicroelectronics.FP-SNS-MOTENV1.4.3.2
2024-02-26 01:33:30,758 [WARN] PackLoader:240 - Cannot read IP mode file for STMicroelectronics.FP-SNS-FLIGHT1.5.0.2
2024-02-26 01:33:30,776 [WARN] PackLoader:240 - Cannot read IP mode file for STMicroelectronics.X-CUBE-DISPLAY.3.0.0
2024-02-26 01:33:30,796 [WARN] PackLoader:240 - Cannot read IP mode file for STMicroelectronics.X-CUBE-BLE1.7.0.0
2024-02-26 01:33:30,812 [WARN] PackLoader:240 - Cannot read IP mode file for emotas.I-CUBE-CANOPEN.1.3.0
2024-02-26 01:33:30,827 [WARN] PackLoader:240 - Cannot read IP mode file for STMicroelectronics.X-CUBE-TOUCHGFX.4.22.1
2024-02-26 01:33:30,848 [WARN] PackLoader:240 - Cannot read IP mode file for STMicroelectronics.FP-SNS-SMARTAG2.1.2.0
2024-02-26 01:33:30,870 [INFO] LogOutputStream:77 - [STDOUT_REDIRECT] 1 : Invalid condition id : UX_CORESTACK_Condition cause : null
2024-02-26 01:33:30,870 [INFO] LogOutputStream:77 - [STDOUT_REDIRECT] 1 : Invalid condition id : UX_CORESTACK_Condition cause : null
2024-02-26 01:33:30,871 [INFO] LogOutputStream:77 - [STDOUT_REDIRECT] 1 : Invalid condition id : UX_CORESTACK_Condition cause : null
2024-02-26 01:33:30,872 [INFO] LogOutputStream:77 - [STDOUT_REDIRECT] 1 : Invalid condition id : UX_CORESTACK_Condition cause : null
2024-02-26 01:33:30,872 [INFO] LogOutputStream:77 - [STDOUT_REDIRECT] 1 : Invalid condition id : UX_CORESTACK_Condition cause : null
2024-02-26 01:33:30,875 [WARN] PackLoader:240 - Cannot read IP mode file for STMicroelectronics.X-CUBE-AZRTOS-WL.2.0.0
2024-02-26 01:33:30,895 [WARN] PackLoader:240 - Cannot read IP mode file for WES.I-CUBE-Cesium.1.3.0
2024-02-26 01:33:30,909 [WARN] PackLoader:240 - Cannot read IP mode file for STMicroelectronics.X-CUBE-BLE2.3.3.0
2024-02-26 01:33:30,925 [WARN] PackLoader:240 - Cannot read IP mode file for STMicroelectronics.X-CUBE-ALGOBUILD.1.3.0
2024-02-26 01:33:30,959 [WARN] PackLoader:240 - Cannot read IP mode file for STMicroelectronics.X-CUBE-AZRTOS-G0.1.1.0
2024-02-26 01:33:30,981 [WARN] PackLoader:240 - Cannot read IP mode file for STMicroelectronics.X-CUBE-NFC4.3.0.0
2024-02-26 01:33:31,001 [WARN] PackLoader:240 - Cannot read IP mode file for STMicroelectronics.X-CUBE-BLEMGR.3.0.0
2024-02-26 01:33:31,008 [WARN] PackLoader:240 - Cannot read IP mode file for STMicroelectronics.FP-ATR-SIGFOX1.3.2.0
2024-02-26 01:33:31,014 [WARN] PackLoader:240 - Cannot read IP mode file for STMicroelectronics.X-CUBE-EEPRMA1.5.1.0
2024-02-26 01:33:31,042 [WARN] PackLoader:240 - Cannot read IP mode file for SEGGER.I-CUBE-embOS.1.3.1
2024-02-26 01:33:31,095 [WARN] PackLoader:240 - Cannot read IP mode file for STMicroelectronics.X-CUBE-GNSS1.6.0.0
2024-02-26 01:33:31,126 [WARN] PackLoader:240 - Cannot read IP mode file for STMicroelectronics.X-CUBE-AZRTOS-F4.1.1.0
2024-02-26 01:33:31,141 [WARN] PackLoader:240 - Cannot read IP mode file for wolfSSL.I-CUBE-wolfSSL.5.6.4
2024-02-26 01:33:31,172 [WARN] PackLoader:240 - Cannot read IP mode file for STMicroelectronics.X-CUBE-AZRTOS-L5.2.0.0
2024-02-26 01:33:31,186 [WARN] PackLoader:240 - Cannot read IP mode file for STMicroelectronics.X-CUBE-EEPRMA1.4.2.0
2024-02-26 01:33:31,200 [WARN] PackLoader:240 - Cannot read IP mode file for ITTIA_DB.I-CUBE-ITTIADB.8.8.0
2024-02-26 01:33:31,238 [WARN] ConditionMgr:438 - getConditionDescription Invalid condition id : UX DEVICE CLASS RTOS Condition cause : null
2024-02-26 01:33:31,238 [WARN] ConditionMgr:438 - getConditionDescription Invalid condition id : UX DEVICE CLASS RTOS Condition cause : null
2024-02-26 01:33:31,240 [WARN] PackLoader:240 - Cannot read IP mode file for STMicroelectronics.X-CUBE-AZRTOS-H7.3.1.0
2024-02-26 01:33:31,241 [WARN] ConditionMgr:1039 - genDependencies : Invalid condition id : UX DEVICE CLASS RTOS Condition cause : null
2024-02-26 01:33:31,241 [WARN] ConditionMgr:1039 - genDependencies : Invalid condition id : UX DEVICE CLASS RTOS Condition cause : null
2024-02-26 01:33:31,241 [WARN] ConditionMgr:1039 - genDependencies : Invalid condition id : UX DEVICE CLASS RTOS Condition cause : null
2024-02-26 01:33:31,242 [WARN] ConditionMgr:1039 - genDependencies : Invalid condition id : UX DEVICE CLASS RTOS Condition cause : null
2024-02-26 01:33:31,242 [WARN] ConditionMgr:1039 - genDependencies : Invalid condition id : UX DEVICE CLASS RTOS Condition cause : null
2024-02-26 01:33:31,257 [WARN] PackLoader:240 - Cannot read IP mode file for STMicroelectronics.X-CUBE-NFC7.1.0.1
2024-02-26 01:33:31,275 [WARN] PackLoader:240 - Cannot read IP mode file for STMicroelectronics.X-CUBE-NFC6.3.0.0
2024-02-26 01:33:31,290 [WARN] PackLoader:240 - Cannot read IP mode file for STMicroelectronics.X-CUBE-AI.8.1.0
2024-02-26 01:33:31,330 [WARN] ConditionMgr:438 - getConditionDescription Invalid condition id : LAN8742 Phy interface Condition cause : null
2024-02-26 01:33:31,331 [WARN] PackLoader:240 - Cannot read IP mode file for STMicroelectronics.X-CUBE-AZRTOS-L4.2.0.0
2024-02-26 01:33:31,333 [WARN] ConditionMgr:1039 - genDependencies : Invalid condition id : LAN8742 Phy interface Condition cause : null
2024-02-26 01:33:31,333 [WARN] ConditionMgr:1039 - genDependencies : Invalid condition id : LAN8742 Phy interface Condition cause : null
2024-02-26 01:33:31,334 [WARN] ConditionMgr:1039 - genDependencies : Invalid condition id : LAN8742 Phy interface Condition cause : null
2024-02-26 01:33:31,352 [WARN] PackLoader:240 - Cannot read IP mode file for STMicroelectronics.X-CUBE-SFXS2LP1.4.0.0
2024-02-26 01:33:31,367 [WARN] PackLoader:240 - Cannot read IP mode file for STMicroelectronics.X-CUBE-ISPU.1.1.0
2024-02-26 01:33:31,395 [WARN] ConditionMgr:438 - getConditionDescription Invalid condition id : UX DEVICE CLASS RTOS Condition cause : null
2024-02-26 01:33:31,395 [WARN] ConditionMgr:438 - getConditionDescription Invalid condition id : UX DEVICE CLASS RTOS Condition cause : null
2024-02-26 01:33:31,398 [WARN] PackLoader:240 - Cannot read IP mode file for STMicroelectronics.X-CUBE-AZRTOS-WB.2.0.0
2024-02-26 01:33:31,398 [WARN] ConditionMgr:1039 - genDependencies : Invalid condition id : UX DEVICE CLASS RTOS Condition cause : null
2024-02-26 01:33:31,398 [WARN] ConditionMgr:1039 - genDependencies : Invalid condition id : UX DEVICE CLASS RTOS Condition cause : null
2024-02-26 01:33:31,398 [WARN] ConditionMgr:1039 - genDependencies : Invalid condition id : UX DEVICE CLASS RTOS Condition cause : null
2024-02-26 01:33:31,400 [WARN] ConditionMgr:1039 - genDependencies : Invalid condition id : UX DEVICE CLASS RTOS Condition cause : null
2024-02-26 01:33:31,400 [WARN] ConditionMgr:1039 - genDependencies : Invalid condition id : UX DEVICE CLASS RTOS Condition cause : null
2024-02-26 01:33:31,420 [WARN] PackLoader:240 - Cannot read IP mode file for STMicroelectronics.X-CUBE-SUBG2.5.0.0
2024-02-26 01:33:31,450 [WARN] PackLoader:240 - Cannot read IP mode file for STMicroelectronics.X-CUBE-AZRTOS-G4.2.0.0
2024-02-26 01:33:31,474 [WARN] PackLoader:240 - Cannot read IP mode file for Infineon.AIROC-Wi-Fi-Bluetooth-STM32.1.5.1
2024-02-26 01:33:31,489 [WARN] PackLoader:240 - Cannot read IP mode file for STMicroelectronics.FP-SNS-MOTENVWB1.1.3.0
2024-02-26 01:33:31,493 [WARN] PackLoader:240 - Cannot read IP mode file for STMicroelectronics.FP-SNS-MOTENVWB1.1.3.1
2024-02-26 01:33:31,506 [WARN] PackLoader:240 - Cannot read IP mode file for STMicroelectronics.X-CUBE-ISPU.2.0.0
2024-02-26 01:33:31,555 [WARN] PackLoader:240 - Cannot read IP mode file for STMicroelectronics.X-CUBE-MEMS1.10.0.0
2024-02-26 01:33:31,671 [WARN] PackLoader:240 - Cannot read IP mode file for STMicroelectronics.X-CUBE-FREERTOS.1.1.0
2024-02-26 01:33:31,685 [WARN] PackLoader:240 - Cannot read IP mode file for portGmbH.I-Cube-SoM-uGOAL.1.1.0
2024-02-26 01:33:31,697 [WARN] PackLoader:240 - Cannot read IP mode file for STMicroelectronics.X-CUBE-ALS.1.0.1
2024-02-26 01:33:31,709 [WARN] PackLoader:240 - Cannot read IP mode file for STMicroelectronics.FP-ATR-ASTRA1.2.0.0
2024-02-26 01:33:31,729 [WARN] PackLoader:240 - Cannot read IP mode file for STMicroelectronics.X-CUBE-TOF1.3.4.0
2024-02-26 01:33:31,772 [WARN] PackLoader:240 - Cannot read IP mode file for STMicroelectronics.X-CUBE-AZRTOS-H7.3.2.0
2024-02-26 01:33:31,775 [INFO] ThirdParty:978 - Integrity check success = true
2024-02-26 01:33:31,776 [INFO] IntegrityCheckThread:100 - exiting critical section [integrity check]
2024-02-26 01:33:31,776 [INFO] IntegrityCheckThread:103 - End integrity checks thread
2024-02-26 01:33:31,776 [INFO] ThirdParty:873 - entering critical section [close project]
2024-02-26 01:33:31,777 [INFO] ThirdParty:883 - exiting critical section [close project]
2024-02-26 01:33:31,778 [INFO] PinOutPanel:1499 - setPackage(No Configuration,No Configuration)
2024-02-26 01:33:31,783 [INFO] UtilMem:75 - Begin LoadConfig() Used Memory: 286015488 Bytes (411041792)
2024-02-26 01:33:31,784 [INFO] MicroXplorer:468 - Change Database Path : 
2024-02-26 01:33:31,784 [INFO] MicroXplorer:498 - Change Database Version : DB.6.0.100
2024-02-26 01:33:31,785 [INFO] OpenFileManager:312 - Change cursor
2024-02-26 01:33:31,846 [INFO] Mcu:2016 - Initializing MCU STM32F103C(8-B)Tx STM32F103C8Tx STM32F103C8T6
2024-02-26 01:33:32,834 [INFO] Context:659 - Trying to add GPIOservice into a context  which must be forbidden
2024-02-26 01:33:33,171 [INFO] RtosManager:555 - Registered RTOS mode: class=CMSIS, group=RTOS, mode=CMSIS_V1, owner=FREERTOS
2024-02-26 01:33:33,171 [INFO] RtosManager:555 - Registered RTOS mode: class=CMSIS, group=RTOS2, mode=CMSIS_V2, owner=FREERTOS
2024-02-26 01:33:33,171 [INFO] RtosManager:555 - Registered RTOS mode: class=RTOS, group=Core, mode=CMSIS_V1, owner=FREERTOS
2024-02-26 01:33:33,171 [INFO] RtosManager:555 - Registered RTOS mode: class=RTOS, group=Core, mode=CMSIS_V2, owner=FREERTOS
2024-02-26 01:33:33,171 [WARN] ModelIntegratedComponent:184 - Missing modes for component STMicroelectronics:FreeRTOS:0.0.1:STMicroelectronics:RTOS:FreeRTOS:Core:::10.2.0:
2024-02-26 01:33:33,196 [WARN] ModelIntegratedComponent:63 - No mode defined for component null
2024-02-26 01:33:33,196 [WARN] ModelIntegratedComponent:63 - No mode defined for component null
2024-02-26 01:33:33,196 [WARN] ModelIntegratedComponent:63 - No mode defined for component null
2024-02-26 01:33:33,196 [WARN] ModelIntegratedComponent:63 - No mode defined for component null
2024-02-26 01:33:33,196 [WARN] ModelIntegratedComponent:63 - No mode defined for component null
2024-02-26 01:33:33,196 [WARN] ModelIntegratedComponent:63 - No mode defined for component null
2024-02-26 01:33:33,196 [WARN] ModelIntegratedComponent:63 - No mode defined for component null
2024-02-26 01:33:33,198 [WARN] ModelIntegratedComponent:63 - No mode defined for component null
2024-02-26 01:33:33,198 [WARN] ModelIntegratedComponent:63 - No mode defined for component null
2024-02-26 01:33:33,198 [WARN] ModelIntegratedComponent:63 - No mode defined for component null
2024-02-26 01:33:33,198 [WARN] ModelIntegratedComponent:63 - No mode defined for component null
2024-02-26 01:33:33,198 [WARN] ModelIntegratedComponent:63 - No mode defined for component null
2024-02-26 01:33:33,198 [WARN] ModelIntegratedComponent:63 - No mode defined for component null
2024-02-26 01:33:33,198 [WARN] ModelIntegratedComponent:63 - No mode defined for component null
2024-02-26 01:33:33,198 [WARN] ModelIntegratedComponent:63 - No mode defined for component null
2024-02-26 01:33:33,198 [WARN] ModelIntegratedComponent:63 - No mode defined for component null
2024-02-26 01:33:33,198 [WARN] ModelIntegratedComponent:63 - No mode defined for component null
2024-02-26 01:33:33,198 [WARN] ModelIntegratedComponent:63 - No mode defined for component null
2024-02-26 01:33:33,198 [WARN] ModelIntegratedComponent:63 - No mode defined for component null
2024-02-26 01:33:33,198 [WARN] ModelIntegratedComponent:63 - No mode defined for component null
2024-02-26 01:33:33,198 [WARN] ModelIntegratedComponent:63 - No mode defined for component null
2024-02-26 01:33:33,198 [WARN] ModelIntegratedComponent:63 - No mode defined for component null
2024-02-26 01:33:33,199 [WARN] ModelIntegratedComponent:63 - No mode defined for component null
2024-02-26 01:33:33,199 [WARN] ModelIntegratedComponent:63 - No mode defined for component null
2024-02-26 01:33:33,199 [WARN] ModelIntegratedComponent:63 - No mode defined for component null
2024-02-26 01:33:33,199 [WARN] ModelIntegratedComponent:63 - No mode defined for component null
2024-02-26 01:33:33,199 [WARN] ModelIntegratedComponent:63 - No mode defined for component null
2024-02-26 01:33:33,199 [WARN] ModelIntegratedComponent:63 - No mode defined for component null
2024-02-26 01:33:33,199 [WARN] ModelIntegratedComponent:63 - No mode defined for component null
2024-02-26 01:33:33,199 [WARN] ModelIntegratedComponent:63 - No mode defined for component null
2024-02-26 01:33:33,199 [WARN] ModelIntegratedComponent:63 - No mode defined for component null
2024-02-26 01:33:33,199 [WARN] ModelIntegratedComponent:63 - No mode defined for component null
2024-02-26 01:33:33,199 [WARN] ModelIntegratedComponent:63 - No mode defined for component null
2024-02-26 01:33:33,334 [INFO] ThirdPartyModel:298 - Start build external matchings
2024-02-26 01:33:33,625 [INFO] ThirdPartyModel:316 - End build external matchings
2024-02-26 01:33:33,821 [INFO] UtilMem:75 - End LoadConfig() Used Memory: 279171440 Bytes (411041792)
2024-02-26 01:33:33,952 [INFO] ApiDb:581 - Connected to CubeFinder SQLite database (C:\Users\alstl\.stmcufinder\plugins\mcufinder\mcu\cube-finder-db.db)
2024-02-26 01:33:34,028 [INFO] ApiDb:668 - CubeFinder database Data Model version=2.1
2024-02-26 01:33:34,029 [INFO] ApiDb:669 - CubeFinder database Configuration version=3.0.39
2024-02-26 01:33:34,029 [INFO] ApiDb:670 - CubeFinder database generation date=2023-11-06 (1699269565)
2024-02-26 01:33:34,029 [INFO] ApiDb:671 - CubeFinder database FW Pack versions=[FP-ATR-ASTRA1_V2.0.0, FP-SNS-FLIGHT1_V5.0.1, FP-SNS-FLIGHT1_V5.0.2, FP-SNS-MOTENV1_V4.3.1, FP-SNS-MOTENV1_V4.3.2, FP-SNS-MOTENVWB1_V1.3.0, FP-SNS-SMARTAG2_V1.2.0, STM32Cube_FW_C0_V1.1.0, STM32Cube_FW_F4_V1.28.0, STM32Cube_FW_F7_V1.17.0, STM32Cube_FW_G0_V1.6.1, STM32Cube_FW_G4_V1.5.1, STM32Cube_FW_H5_V0.5.1, STM32Cube_FW_H5_V1.1.1, STM32Cube_FW_H5_V1.2.0RC2, STM32Cube_FW_H7_V1.11.0, STM32Cube_FW_L0_V1.12.2, STM32Cube_FW_L5_V1.5.0, STM32Cube_FW_U5_V1.3.0RC4, STM32Cube_FW_U5_V1.4.0, STM32Cube_FW_WBA_V1.0.0RC1, STM32Cube_FW_WBA_V1.1.0RC1, STM32Cube_FW_WBA_V1.2.0, STM32Cube_FW_WBA_V1.2.0RC2, STM32Cube_FW_WB_V1.15.0RC1, STM32Cube_FW_WB_V1.16.0, STM32Cube_FW_WB_V1.16.0RC2, STM32Cube_FW_WB_V1.18.0, STM32Cube_FW_WL_V1.3.0, X-CUBE-ALGOBUILD_V1.3.0, X-CUBE-ALS_V1.0.1, X-CUBE-AZRTOS-F4_V1.1.0, X-CUBE-AZRTOS-F7_V1.1.0, X-CUBE-AZRTOS-G0_V1.1.0, X-CUBE-AZRTOS-G4_V2.0.0, X-CUBE-AZRTOS-H7_V3.1.0, X-CUBE-AZRTOS-L4_V1.0.0, X-CUBE-AZRTOS-L4_V2.0.0, X-CUBE-AZRTOS-L5_V1.1.0, X-CUBE-AZRTOS-WB_V2.0.0, X-CUBE-AZRTOS-WL_V2.0.0, X-CUBE-BLE1_V7.0.0, X-CUBE-BLE2_V3.3.0, X-CUBE-BLEMGR_V2.0.0, X-CUBE-EEPRMA1_V4.1.0, X-CUBE-EEPRMA1_V4.2.0, X-CUBE-FREERTOS_V1.1.0, X-CUBE-GNSS1_V6.0.0, X-CUBE-MEMS1_V10.0.0, X-CUBE-MEMS1_V9.1.0, X-CUBE-MEMS1_V9.4.0, X-CUBE-MEMS1_V9.6.0, X-CUBE-NFC4_V3.0.0, X-CUBE-NFC7_V1.0.1, X-CUBE-SFXS2LP1_V4.0.0, X-CUBE-SUBG2_V5.0.0, X-CUBE-TOF1_V3.3.1]
2024-02-26 01:33:36,032 [INFO] ApiDb:240 - Found 371 in-development CPN: [B-G473E-ZEST1S, B-WB1M-WPAN1, B-WL5M-SUBG1, NUCLEO-C031C6, NUCLEO-H503RB, NUCLEO-H563ZI, NUCLEO-U545RE-Q, NUCLEO-U5A5ZJ-Q, NUCLEO-WBA52CG, NUCLEO-WBA55CG, STEVAL-MKBOXPRO, STEVAL-PROTEUS1, STEVAL-STWINBX1, STM320518-EVAL, STM32C0116-DK, STM32C011D6Y3TR, STM32C011D6Y6TR, STM32C011F4P3, STM32C011F4P6, STM32C011F4U3, STM32C011F4U6TR, STM32C011F6P3, STM32C011F6P6, STM32C011F6U3, STM32C011F6U6TR, STM32C011J4M3, STM32C011J4M6, STM32C011J6M3, STM32C011J6M6, STM32C0316-DK, STM32C031C4T3, STM32C031C4T6, STM32C031C4U3, STM32C031C4U6, STM32C031C6T3, STM32C031C6T6, STM32C031C6U3, STM32C031C6U6, STM32C031F4P3, STM32C031F4P6, STM32C031F6P3, STM32C031F6P6, STM32C031G4U3, STM32C031G4U6, STM32C031G6U3, STM32C031G6U6, STM32C031K4T3, STM32C031K4T6, STM32C031K4U3, STM32C031K4U6, STM32C031K6T3, STM32C031K6T6, STM32C031K6U3, STM32C031K6U6, STM32G071K8TXN, STM32G071K8UXN, STM32G081GBU6N, STM32G081KBT6N, STM32G081KBUXN, STM32G0B1CCT6N, STM32G0B1KCT6, STM32G0B1NEY6TR, STM32G0B1RCT6N, STM32G0C1CCT6, STM32G0C1CCT6N, STM32G0C1CCU6N, STM32G0C1CET6N, STM32G0C1CEU6N, STM32G0C1KCT6, STM32G0C1NEY6TR, STM32G0C1RCI6N, STM32G0C1RCT6N, STM32G0C1REI6N, STM32G0C1RET6N, STM32G0C1VCI6, STM32G0C1VEI6, STM32G471CCT6, STM32G471CCU6, STM32G471CET3, STM32G471CET6, STM32G471CEU3, STM32G471CEU6, STM32G471MCT6, STM32G471MET3, STM32G471MET6, STM32G471MEY6TR, STM32G471QCT6, STM32G471QET3, STM32G471RCT6, STM32G471RET3, STM32G471RET6, STM32G471VCH6, STM32G471VCI6, STM32G471VCT6, STM32G471VEH3, STM32G471VEH6, STM32G471VEI3, STM32G471VEI6, STM32G471VET3, STM32G471VET6, STM32G474CCT6, STM32H503CBT6, STM32H503CBU6, STM32H503EBY6TR, STM32H503KBU6, STM32H503RBT6, STM32H562AGI6, STM32H562AII6, STM32H562IGK6, STM32H562IGT6, STM32H562IIK6, STM32H562IIT6, STM32H562RGT6, STM32H562RGV6, STM32H562RIT6, STM32H562RIV6, STM32H562VGT6, STM32H562VIT6, STM32H562ZGT6, STM32H562ZIT6, STM32H563AGI6, STM32H563AII3Q, STM32H563AII6, STM32H563IGK6, STM32H563IGT6, STM32H563IIK3Q, STM32H563IIK6, STM32H563IIT3Q, STM32H563IIT6, STM32H563MIY3QTR, STM32H563RGT6, STM32H563RGV6, STM32H563RIT6, STM32H563RIV6, STM32H563VGT6, STM32H563VIT3Q, STM32H563VIT6, STM32H563ZGT6, STM32H563ZIT3Q, STM32H563ZIT6, STM32H573AII3Q, STM32H573AII6, STM32H573I-DK, STM32H573IIK3Q, STM32H573IIK6, STM32H573IIT3Q, STM32H573IIT6, STM32H573MIY3QTR, STM32H573RIT6, STM32H573RIV6, STM32H573VIT3Q, STM32H573VIT6, STM32H573ZIT3Q, STM32H573ZIT6, STM32L4R5QGI6STR, STM32MP131AAE3, STM32MP131AAF3, STM32MP131AAG3, STM32MP131CAE3, STM32MP131CAF3, STM32MP131CAG3, STM32MP131DAE7, STM32MP131DAF7, STM32MP131DAG7, STM32MP131FAE7, STM32MP131FAF7, STM32MP131FAG7, STM32MP133AAE3, STM32MP133AAF3, STM32MP133AAG3, STM32MP133CAE3, STM32MP133CAF3, STM32MP133CAG3, STM32MP133DAE7, STM32MP133DAF7, STM32MP133DAG7, STM32MP133FAE7, STM32MP133FAF7, STM32MP133FAG7, STM32MP135AAE3, STM32MP135AAF3, STM32MP135AAG3, STM32MP135CAE3, STM32MP135CAF3, STM32MP135CAG3, STM32MP135DAE7, STM32MP135DAF7, STM32MP135DAG7, STM32MP135F-DK, STM32MP135FAE7, STM32MP135FAF7, STM32MP135FAF7T, STM32MP135FAF7U, STM32MP135FAG7, STM32U535CBT6, STM32U535CBT6Q, STM32U535CBU6, STM32U535CBU6Q, STM32U535CCT6, STM32U535CCT6Q, STM32U535CCU6, STM32U535CCU6Q, STM32U535CET6, STM32U535CET6Q, STM32U535CEU6, STM32U535CEU6Q, STM32U535JEY6QTR, STM32U535NCY6QTR, STM32U535NEY6QTR, STM32U535RBI6, STM32U535RBI6Q, STM32U535RBT6, STM32U535RBT6Q, STM32U535RCI6, STM32U535RCI6Q, STM32U535RCT6, STM32U535RCT6Q, STM32U535REI6, STM32U535REI6Q, STM32U535RET6, STM32U535RET6Q, STM32U535VCI6, STM32U535VCI6Q, STM32U535VCT6, STM32U535VCT6Q, STM32U535VEI6, STM32U535VEI6Q, STM32U535VET6, STM32U535VET6Q, STM32U545CET6, STM32U545CET6Q, STM32U545CEU6, STM32U545CEU6Q, STM32U545JEY6QTR, STM32U545NEY6QTR, STM32U545REI6, STM32U545REI6Q, STM32U545RET6, STM32U545RET6Q, STM32U545VEI6, STM32U545VEI6Q, STM32U545VET6, STM32U545VET6Q, STM32U595AIH6, STM32U595AIH6Q, STM32U595AJH6, STM32U595AJH6Q, STM32U595QII6, STM32U595QII6Q, STM32U595QJI6, STM32U595QJI6Q, STM32U595RIT6, STM32U595RIT6Q, STM32U595RJT6, STM32U595RJT6Q, STM32U595VIT6, STM32U595VIT6Q, STM32U595VJT6, STM32U595VJT6Q, STM32U595ZIT6, STM32U595ZIT6Q, STM32U595ZIY6QTR, STM32U595ZJT6, STM32U595ZJT6Q, STM32U595ZJY6QTR, STM32U599BJY6QTR, STM32U599NIH6Q, STM32U599NJH6Q, STM32U599VIT6Q, STM32U599VJT6, STM32U599VJT6Q, STM32U599ZIT6Q, STM32U599ZIY6QTR, STM32U599ZJT6Q, STM32U599ZJY6QTR, STM32U5A5AJH6, STM32U5A5AJH6Q, STM32U5A5QJI6, STM32U5A5QJI6Q, STM32U5A5RJT6, STM32U5A5RJT6Q, STM32U5A5VJT6, STM32U5A5VJT6Q, STM32U5A5ZJT6, STM32U5A5ZJT6Q, STM32U5A5ZJY6QTR, STM32U5A9BJY6QTR, STM32U5A9J-DK, STM32U5A9NJH6Q, STM32U5A9VJT6Q, STM32U5A9ZJT6Q, STM32U5A9ZJY6QTR, STM32U5F7VIT6, STM32U5F7VIT6Q, STM32U5F7VJT6, STM32U5F7VJT6Q, STM32U5F9BJY6QTR, STM32U5F9NJH6Q, STM32U5F9VIT6Q, STM32U5F9VJT6Q, STM32U5F9ZIJ6QTR, STM32U5F9ZIT6Q, STM32U5F9ZJJ6QTR, STM32U5F9ZJT6Q, STM32U5G7VJT6, STM32U5G7VJT6Q, STM32U5G9BJY6QTR, STM32U5G9J-DK1, STM32U5G9J-DK2, STM32U5G9NJH6Q, STM32U5G9VJT6Q, STM32U5G9ZJJ6QTR, STM32U5G9ZJT6Q, STM32WB1MMCH6, STM32WBA50KEU6, STM32WBA50KEU6TR, STM32WBA50KGU6, STM32WBA50KGU6TR, STM32WBA52CEU6, STM32WBA52CEU6TR, STM32WBA52CEU7, STM32WBA52CEU7TR, STM32WBA52CGU6, STM32WBA52CGU6TR, STM32WBA52CGU6U, STM32WBA52CGU7, STM32WBA52CGU7TR, STM32WBA52KEU6, STM32WBA52KEU6TR, STM32WBA52KGU6, STM32WBA52KGU6TR, STM32WBA54CEU6, STM32WBA54CEU6TR, STM32WBA54CEU7, STM32WBA54CEU7TR, STM32WBA54CGU6, STM32WBA54CGU6TR, STM32WBA54CGU7, STM32WBA54CGU7TR, STM32WBA54KEU6, STM32WBA54KEU6TR, STM32WBA54KEU7, STM32WBA54KEU7TR, STM32WBA54KGU6, STM32WBA54KGU6TR, STM32WBA54KGU7, STM32WBA54KGU7TR, STM32WBA55CEU6, STM32WBA55CEU6TR, STM32WBA55CEU7, STM32WBA55CEU7TR, STM32WBA55CGU6, STM32WBA55CGU6TR, STM32WBA55CGU6U, STM32WBA55CGU7, STM32WBA55CGU7TR, STM32WBA55G-DK1, STM32WBA55HEF6, STM32WBA55HEF7, STM32WBA55HGF6, STM32WBA55HGF7, STM32WBA55UEI6, STM32WBA55UEI6TR, STM32WBA55UEI7, STM32WBA55UEI7TR, STM32WBA55UGI6, STM32WBA55UGI6TR, STM32WBA55UGI7, STM32WBA55UGI7TR, STM32WL5MOCH6, STM32WL5MOCH6TR]
2024-02-26 01:33:36,038 [INFO] DbMcus:218 - Found 3930 MCUs, 3930 are supported
2024-02-26 01:33:36,039 [INFO] ApiDb:423 - Load user favorites file C:\Users\alstl/.stm32cubeide/favorites.mcus.txt: 0 item(s)
2024-02-26 01:33:36,039 [INFO] ApiDb:427 - User favorites MCUs=[]
2024-02-26 01:33:36,039 [INFO] DbMcus:224 - Set 0 / 0 favorites MCUs
2024-02-26 01:33:36,448 [INFO] MicroXplorer:468 - Change Database Path : 
2024-02-26 01:33:36,449 [INFO] MicroXplorer:498 - Change Database Version : DB.6.0.100
2024-02-26 01:33:36,450 [WARN] ThirdParty:833 - waiting for thirdparty lock release [change project]
2024-02-26 01:33:36,450 [INFO] ThirdParty:835 - entering critical section [change project]
2024-02-26 01:33:36,450 [INFO] ThirdParty:1030 - CMSIS Pack Vendor :STMicroelectronics X-CUBE-ISPU 1.1.0
2024-02-26 01:33:36,450 [INFO] ThirdParty:1030 - CMSIS Pack Vendor :STMicroelectronics USBPD 4.1
2024-02-26 01:33:36,450 [INFO] ThirdParty:1030 - CMSIS Pack Vendor :STMicroelectronics X-CUBE-GNSS1 6.0.0
2024-02-26 01:33:36,450 [INFO] ThirdParty:1030 - CMSIS Pack Vendor :STMicroelectronics USB_HOST 2.0.0
2024-02-26 01:33:36,450 [INFO] ThirdParty:1030 - CMSIS Pack Vendor :STMicroelectronics X-CUBE-AZRTOS-F4 1.1.0
2024-02-26 01:33:36,450 [INFO] ThirdParty:1030 - CMSIS Pack Vendor :STMicroelectronics LIBJPEG 8.0.0
2024-02-26 01:33:36,450 [INFO] ThirdParty:1030 - CMSIS Pack Vendor :wolfSSL I-CUBE-wolfSSL 5.6.4
2024-02-26 01:33:36,450 [INFO] ThirdParty:1030 - CMSIS Pack Vendor :STMicroelectronics X-CUBE-SMBUS 2.1.0
2024-02-26 01:33:36,450 [INFO] ThirdParty:1030 - CMSIS Pack Vendor :STMicroelectronics USB_DEVICE 3.0.0
2024-02-26 01:33:36,450 [INFO] ThirdParty:1030 - CMSIS Pack Vendor :STMicroelectronics X-CUBE-AZRTOS-WB 2.0.0
2024-02-26 01:33:36,450 [INFO] ThirdParty:1030 - CMSIS Pack Vendor :STMicroelectronics X-CUBE-TOUCHGFX 4.23.0
2024-02-26 01:33:36,450 [INFO] ThirdParty:1030 - CMSIS Pack Vendor :STMicroelectronics X-CUBE-AZRTOS-F7 1.1.0
2024-02-26 01:33:36,450 [INFO] ThirdParty:1030 - CMSIS Pack Vendor :STMicroelectronics X-CUBE-AZRTOS-L5 2.0.0
2024-02-26 01:33:36,450 [INFO] ThirdParty:1030 - CMSIS Pack Vendor :STMicroelectronics USB_DEVICE 2.0.0
2024-02-26 01:33:36,450 [INFO] ThirdParty:1030 - CMSIS Pack Vendor :STMicroelectronics X-CUBE-EEPRMA1 4.2.0
2024-02-26 01:33:36,450 [INFO] ThirdParty:1030 - CMSIS Pack Vendor :ITTIA_DB I-CUBE-ITTIADB 8.8.0
2024-02-26 01:33:36,450 [INFO] ThirdParty:1030 - CMSIS Pack Vendor :STMicroelectronics FP-SNS-MOTENV1 4.3.2
2024-02-26 01:33:36,450 [INFO] ThirdParty:1030 - CMSIS Pack Vendor :STMicroelectronics X-CUBE-ALGOBUILD 1.3.0
2024-02-26 01:33:36,450 [INFO] ThirdParty:1030 - CMSIS Pack Vendor :STMicroelectronics FreeRTOS 0.0.1
2024-02-26 01:33:36,450 [INFO] ThirdParty:1030 - CMSIS Pack Vendor :STMicroelectronics X-CUBE-AZRTOS-G0 1.1.0
2024-02-26 01:33:36,450 [INFO] ThirdParty:1030 - CMSIS Pack Vendor :STMicroelectronics X-CUBE-NFC4 3.0.0
2024-02-26 01:33:36,450 [INFO] ThirdParty:1030 - CMSIS Pack Vendor :STMicroelectronics X-CUBE-SUBG2 5.0.0
2024-02-26 01:33:36,450 [INFO] ThirdParty:1030 - CMSIS Pack Vendor :STMicroelectronics STM32_WPAN 1.0.0
2024-02-26 01:33:36,451 [INFO] ThirdParty:1030 - CMSIS Pack Vendor :STMicroelectronics lwIP 2.0.3
2024-02-26 01:33:36,451 [INFO] ThirdParty:1030 - CMSIS Pack Vendor :STMicroelectronics FP-SNS-FLIGHT1 5.0.2
2024-02-26 01:33:36,451 [INFO] ThirdParty:1030 - CMSIS Pack Vendor :STMicroelectronics USB_HOST 1.0.0
2024-02-26 01:33:36,451 [INFO] ThirdParty:1030 - CMSIS Pack Vendor :STMicroelectronics X-CUBE-AZRTOS-G4 2.0.0
2024-02-26 01:33:36,451 [INFO] ThirdParty:1030 - CMSIS Pack Vendor :STMicroelectronics PDM2PCM 3.1.0
2024-02-26 01:33:36,451 [INFO] ThirdParty:1030 - CMSIS Pack Vendor :STMicroelectronics X-CUBE-AZRTOS-H7 3.1.0
2024-02-26 01:33:36,451 [INFO] ThirdParty:1030 - CMSIS Pack Vendor :Infineon AIROC-Wi-Fi-Bluetooth-STM32 1.5.1
2024-02-26 01:33:36,451 [INFO] ThirdParty:1030 - CMSIS Pack Vendor :STMicroelectronics X-CUBE-BLEMGR 3.0.0
2024-02-26 01:33:36,451 [INFO] ThirdParty:1030 - CMSIS Pack Vendor :STMicroelectronics PDM2PCM 3.3.0
2024-02-26 01:33:36,451 [INFO] ThirdParty:1030 - CMSIS Pack Vendor :STMicroelectronics X-CUBE-DISPLAY 3.0.0
2024-02-26 01:33:36,451 [INFO] ThirdParty:1030 - CMSIS Pack Vendor :STMicroelectronics FP-SNS-MOTENVWB1 1.3.0
2024-02-26 01:33:36,451 [INFO] ThirdParty:1030 - CMSIS Pack Vendor :STMicroelectronics FP-SNS-MOTENVWB1 1.3.1
2024-02-26 01:33:36,451 [INFO] ThirdParty:1030 - CMSIS Pack Vendor :STMicroelectronics X-CUBE-BLE1 7.0.0
2024-02-26 01:33:36,451 [INFO] ThirdParty:1030 - CMSIS Pack Vendor :STMicroelectronics FP-ATR-SIGFOX1 3.2.0
2024-02-26 01:33:36,451 [INFO] ThirdParty:1030 - CMSIS Pack Vendor :STMicroelectronics X-CUBE-ISPU 2.0.0
2024-02-26 01:33:36,451 [INFO] ThirdParty:1030 - CMSIS Pack Vendor :STMicroelectronics X-CUBE-EEPRMA1 5.1.0
2024-02-26 01:33:36,451 [INFO] ThirdParty:1030 - CMSIS Pack Vendor :STMicroelectronics HAL Drivers 0.0.0
2024-02-26 01:33:36,451 [INFO] ThirdParty:1030 - CMSIS Pack Vendor :STMicroelectronics MBEDTLS 2.16.2
2024-02-26 01:33:36,451 [INFO] ThirdParty:1030 - CMSIS Pack Vendor :emotas I-CUBE-CANOPEN 1.3.0
2024-02-26 01:33:36,451 [INFO] ThirdParty:1030 - CMSIS Pack Vendor :STMicroelectronics X-CUBE-MEMS1 10.0.0
2024-02-26 01:33:36,451 [INFO] ThirdParty:1030 - CMSIS Pack Vendor :STMicroelectronics X-CUBE-FREERTOS 1.1.0
2024-02-26 01:33:36,451 [INFO] ThirdParty:1030 - CMSIS Pack Vendor :STMicroelectronics X-CUBE-NFC7 1.0.1
2024-02-26 01:33:36,451 [INFO] ThirdParty:1030 - CMSIS Pack Vendor :STMicroelectronics MBEDTLS 2.14.1
2024-02-26 01:33:36,451 [INFO] ThirdParty:1030 - CMSIS Pack Vendor :STMicroelectronics X-CUBE-TOUCHGFX 4.22.1
2024-02-26 01:33:36,451 [INFO] ThirdParty:1030 - CMSIS Pack Vendor :STMicroelectronics X-CUBE-NFC6 3.0.0
2024-02-26 01:33:36,451 [INFO] ThirdParty:1030 - CMSIS Pack Vendor :portGmbH I-Cube-SoM-uGOAL 1.1.0
2024-02-26 01:33:36,451 [INFO] ThirdParty:1030 - CMSIS Pack Vendor :STMicroelectronics X-CUBE-ALS 1.0.1
2024-02-26 01:33:36,451 [INFO] ThirdParty:1030 - CMSIS Pack Vendor :STMicroelectronics ThreadX 1.0.0
2024-02-26 01:33:36,451 [INFO] ThirdParty:1030 - CMSIS Pack Vendor :STMicroelectronics FP-SNS-SMARTAG2 1.2.0
2024-02-26 01:33:36,451 [INFO] ThirdParty:1030 - CMSIS Pack Vendor :STMicroelectronics X-CUBE-AZRTOS-WL 2.0.0
2024-02-26 01:33:36,451 [INFO] ThirdParty:1030 - CMSIS Pack Vendor :SEGGER I-CUBE-embOS 1.3.1
2024-02-26 01:33:36,451 [INFO] ThirdParty:1030 - CMSIS Pack Vendor :STMicroelectronics USB_DEVICE 1.0.0
2024-02-26 01:33:36,452 [INFO] ThirdParty:1030 - CMSIS Pack Vendor :STMicroelectronics X-CUBE-AI 8.1.0
2024-02-26 01:33:36,452 [INFO] ThirdParty:1030 - CMSIS Pack Vendor :STMicroelectronics X-CUBE-AZRTOS-L4 2.0.0
2024-02-26 01:33:36,452 [INFO] ThirdParty:1030 - CMSIS Pack Vendor :STMicroelectronics ThreadX 0.0.2
2024-02-26 01:33:36,452 [INFO] ThirdParty:1030 - CMSIS Pack Vendor :WES I-CUBE-Cesium 1.3.0
2024-02-26 01:33:36,452 [INFO] ThirdParty:1030 - CMSIS Pack Vendor :STMicroelectronics FP-ATR-ASTRA1 2.0.0
2024-02-26 01:33:36,452 [INFO] ThirdParty:1030 - CMSIS Pack Vendor :STMicroelectronics lwIP 2.1.2
2024-02-26 01:33:36,452 [INFO] ThirdParty:1030 - CMSIS Pack Vendor :STMicroelectronics X-CUBE-SFXS2LP1 4.0.0
2024-02-26 01:33:36,452 [INFO] ThirdParty:1030 - CMSIS Pack Vendor :STMicroelectronics X-CUBE-BLE2 3.3.0
2024-02-26 01:33:36,452 [INFO] ThirdParty:1030 - CMSIS Pack Vendor :STMicroelectronics X-CUBE-TOF1 3.4.0
2024-02-26 01:33:36,452 [INFO] ThirdParty:1030 - CMSIS Pack Vendor :STMicroelectronics X-CUBE-AZRTOS-H7 3.2.0
2024-02-26 01:33:36,452 [INFO] ThirdParty:1030 - CMSIS Pack Vendor :STMicroelectronics PDM2PCM 3.2.0
2024-02-26 01:33:36,452 [INFO] ThirdParty:841 - exiting critical section [change project]
2024-02-26 01:33:36,773 [INFO] PinOutPanel:1499 - setPackage(No Configuration,No Configuration)
2024-02-26 01:33:36,778 [INFO] PinOutPanel:1499 - setPackage(STM32F103C8Tx,LQFP48)
2024-02-26 01:33:37,371 [INFO] UtilMem:75 - Before build in PCC Used Memory: 318116864 Bytes (411041792)
2024-02-26 01:33:38,552 [INFO] UtilMem:75 - After build in PCC Used Memory: 328798360 Bytes (601882624)
2024-02-26 01:33:38,591 [INFO] IPUIPlugin:80 - create IPUIPlugin
2024-02-26 01:33:38,591 [INFO] IPUIPlugin:80 - create IPUIPlugin
2024-02-26 01:33:38,591 [INFO] IPUIPlugin:80 - create IPUIPlugin
2024-02-26 01:33:38,591 [INFO] IPUIPlugin:80 - create IPUIPlugin
2024-02-26 01:33:38,591 [INFO] IPUIPlugin:80 - create IPUIPlugin
2024-02-26 01:33:38,592 [INFO] IPUIPlugin:80 - create IPUIPlugin
2024-02-26 01:33:38,592 [INFO] IPUIPlugin:80 - create IPUIPlugin
2024-02-26 01:33:38,592 [INFO] IPUIPlugin:80 - create IPUIPlugin
2024-02-26 01:33:38,592 [INFO] IPUIPlugin:80 - create IPUIPlugin
2024-02-26 01:33:38,592 [INFO] IPUIPlugin:80 - create IPUIPlugin
2024-02-26 01:33:38,592 [INFO] IPUIPlugin:80 - create IPUIPlugin
2024-02-26 01:33:38,593 [INFO] IPUIPlugin:80 - create IPUIPlugin
2024-02-26 01:33:38,593 [INFO] IPUIPlugin:80 - create IPUIPlugin
2024-02-26 01:33:38,593 [INFO] IPUIPlugin:80 - create IPUIPlugin
2024-02-26 01:33:38,593 [INFO] IPUIPlugin:80 - create IPUIPlugin
2024-02-26 01:33:38,595 [INFO] IPUIPlugin:80 - create IPUIPlugin
2024-02-26 01:33:38,595 [INFO] IPUIPlugin:80 - create IPUIPlugin
2024-02-26 01:33:38,596 [INFO] IPUIPlugin:80 - create IPUIPlugin
2024-02-26 01:33:38,596 [INFO] IPUIPlugin:80 - create IPUIPlugin
2024-02-26 01:33:38,596 [INFO] IPUIPlugin:80 - create IPUIPlugin
2024-02-26 01:33:38,596 [INFO] IPUIPlugin:80 - create IPUIPlugin
2024-02-26 01:33:38,596 [INFO] IPUIPlugin:80 - create IPUIPlugin
2024-02-26 01:33:38,596 [INFO] IPUIPlugin:80 - create IPUIPlugin
2024-02-26 01:33:38,597 [INFO] IPUIPlugin:80 - create IPUIPlugin
2024-02-26 01:33:38,597 [INFO] IPUIPlugin:80 - create IPUIPlugin
2024-02-26 01:33:38,600 [INFO] IPUIPlugin:80 - create IPUIPlugin
2024-02-26 01:33:38,601 [INFO] IPUIPlugin:80 - create IPUIPlugin
2024-02-26 01:33:38,829 [INFO] CADModel:165 - CPN selected for project levelSTM32F103C8T6
2024-02-26 01:33:38,829 [INFO] CADModel:114 - Register for checkConnection events
2024-02-26 01:33:38,890 [INFO] OpenFileManager:343 - Restore cursor
2024-02-26 01:41:35,445 [ERROR] LogOutputStream:75 - [STDERR_REDIRECT] 
2024-02-26 01:41:35,447 [ERROR] LogOutputStream:75 - [STDERR_REDIRECT] 
